22:59:57.962 [main                     ] DEBUG Logger               - Configured Logger
22:59:57.981 [main                     ] DEBUG GameApplication      - Logging settings
Title: Hsleiden Kombat
Version: 0.0
Width: 800
Height: 600
Fullscreen: true
Intro: false
Profiling: false
Single step:false
App Mode: DEVELOPER
Menu Key: ESCAPE
Stage Style: DECORATED
Scene Factory: class com.almasb.fxgl.app.scene.SceneFactory

22:59:58.398 [JavaFX Application Thread] DEBUG FXGLApplication      - Initializing FXGL
22:59:58.402 [JavaFX Application Thread] INFO  Engine               - FXGL-17.1 (24.03.2022 17.34) on WINDOWS (J:19.0.1 FX:19-ea)
22:59:58.402 [JavaFX Application Thread] DEBUG Engine               - JRE Vendor Name: Oracle Corporation
22:59:58.402 [JavaFX Application Thread] DEBUG Engine               - Running on OS: Windows 10 version 10.0
22:59:58.402 [JavaFX Application Thread] DEBUG Engine               - Architecture: amd64
22:59:58.403 [JavaFX Application Thread] INFO  Engine               - Source code and latest versions at: https://github.com/AlmasB/FXGL
22:59:58.403 [JavaFX Application Thread] INFO  Engine               -       Ask questions and discuss at: https://github.com/AlmasB/FXGL/discussions
22:59:58.403 [JavaFX Application Thread] INFO  Engine               -              Join the FXGL chat at: https://gitter.im/AlmasB/FXGL
22:59:58.497 [JavaFX Application Thread] DEBUG PrimaryStageWindow   - Creating a JavaFX scene
22:59:58.537 [JavaFX Application Thread] DEBUG PrimaryStageWindow   - Target settings size: 800.0 x 600.0
22:59:58.537 [JavaFX Application Thread] DEBUG PrimaryStageWindow   - Scaled scene size:    800.0 x 600.0
22:59:58.537 [JavaFX Application Thread] DEBUG PrimaryStageWindow   - Scaled ratio: (1.0, 1.0)
22:59:58.538 [JavaFX Application Thread] DEBUG PrimaryStageWindow   - Set initial scene to FXGLStartupScene
22:59:58.545 [JavaFX Application Thread] DEBUG PrimaryStageWindow   - Opening main window
22:59:58.615 [JavaFX Application Thread] DEBUG PrimaryStageWindow   - Window border size: (16.0, 39.0)
22:59:58.615 [JavaFX Application Thread] DEBUG PrimaryStageWindow   - Scaled size: 800.0 x 600.0
22:59:58.615 [JavaFX Application Thread] DEBUG PrimaryStageWindow   - Scaled ratio: (1.0, 1.0)
22:59:58.615 [JavaFX Application Thread] DEBUG PrimaryStageWindow   - Scene size: 800.0 x 600.0
22:59:58.615 [JavaFX Application Thread] DEBUG PrimaryStageWindow   - Stage size: 816.0 x 639.0
22:59:58.654 [JavaFX Application Thread] DEBUG PrimaryStageWindow   - Going fullscreen
22:59:58.663 [FXGL Background Thread 1 ] DEBUG Engine               - Initializing environment variables
22:59:58.704 [FXGL Background Thread 1 ] DEBUG FXGLAssetLoaderServi - User app class for loading assets: class com.hsleidenKombat.Game
22:59:58.705 [FXGL Background Thread 1 ] DEBUG GameApplicationServi - Applying CSS: fxgl_dark.css
22:59:58.705 [FXGL Background Thread 1 ] DEBUG FXGLAssetLoaderServi - Loading from file system: jar:file:/C:/Users/Hicham/.m2/repository/com/github/almasb/fxgl/17.1/fxgl-17.1.jar!/fxglassets/ui/css/fxgl_dark.css
22:59:58.741 [FXGL Background Thread 1 ] DEBUG GameApplicationServi - Initializing application scenes
22:59:58.779 [FXGL Background Thread 1 ] DEBUG GameWorld            - Game world initialized
22:59:58.829 [FXGL Background Thread 1 ] DEBUG PhysicsWorld         - Physics world initialized: appHeight=600, physics.ppm=50,0
22:59:58.829 [FXGL Background Thread 1 ] DEBUG PhysicsWorld         - Using strategy: BRUTE_FORCE
22:59:58.833 [FXGL Background Thread 1 ] DEBUG GameScene            - Game scene initialized: 800x600
22:59:58.842 [FXGL Background Thread 1 ] DEBUG FXGL.DefaultMenu     - createMenuBodyGameMenu()
22:59:58.854 [FXGL Background Thread 1 ] DEBUG FXGL.DefaultMenu     - createOptionsMenu()
22:59:58.862 [FXGL Background Thread 1 ] DEBUG FXGLAssetLoaderServi - Loading from file system: jar:file:/C:/Users/Hicham/.m2/repository/com/github/almasb/fxgl/17.1/fxgl-17.1.jar!/fxglassets/textures/particles/smoke.png
22:59:58.954 [FXGL Background Thread 1 ] DEBUG FXGLAssetLoaderServi - Loading from file system: jar:file:/C:/Users/Hicham/.m2/repository/com/github/almasb/fxgl/17.1/fxgl-17.1.jar!/fxglassets/textures/particles/trace_horizontal.png
22:59:58.991 [FXGL Background Thread 1 ] DEBUG GameApplicationServi - Application scenes initialized
22:59:59.000 [FXGL Background Thread 1 ] DEBUG SystemBundleService  - Loading FXGL system data
22:59:59.003 [FXGL Background Thread 1 ] DEBUG FileSystemAccess     - Reading from: C:\Users\Hicham\IdeaProjects\Challengeweek\system\fxgl.bundle
22:59:59.010 [FXGL Background Thread 1 ] DEBUG SystemBundleService  - Bundle FXGL: {}
22:59:59.010 [FXGL Background Thread 1 ] DEBUG UpdaterService       - Checking for updates
22:59:59.034 [FXGL Background Thread 4 ] DEBUG FXGLApplication      - Loading fonts
22:59:59.034 [FXGL Background Thread 4 ] DEBUG FXGLAssetLoaderServi - Loading from file system: jar:file:/C:/Users/Hicham/.m2/repository/com/github/almasb/fxgl/17.1/fxgl-17.1.jar!/fxglassets/ui/fonts/VarelaRound-Regular.ttf
22:59:59.034 [FXGL Background Thread 1 ] DEBUG FXGLApplication      - Loading default localization
22:59:59.035 [FXGL Background Thread 1 ] DEBUG FXGLAssetLoaderServi - Loading from file system: jar:file:/C:/Users/Hicham/.m2/repository/com/github/almasb/fxgl/17.1/fxgl-17.1.jar!/fxglassets/languages/english.lang
22:59:59.053 [FXGL Background Thread 1 ] INFO  FXGLApplication      - FXGL initialization took: 0,390 sec
22:59:59.055 [JavaFX Application Thread] DEBUG FXGLAssetLoaderServi - Loading from file system: jar:file:/C:/Users/Hicham/.m2/repository/com/github/almasb/fxgl/17.1/fxgl-17.1.jar!/fxglassets/textures/fxgl_icon.png
22:59:59.095 [JavaFX Application Thread] DEBUG FXGLAssetLoaderServi - Loading from file system: jar:file:/C:/Users/Hicham/.m2/repository/com/github/almasb/fxgl/17.1/fxgl-17.1.jar!/fxglassets/textures/fxgl_default_cursor.png
22:59:59.108 [JavaFX Application Thread] DEBUG Input                - Registered new binding: Screenshot - CTRL+8
22:59:59.110 [JavaFX Application Thread] DEBUG Input                - Registered new binding: Dev Options - 1
22:59:59.110 [JavaFX Application Thread] DEBUG Input                - Registered new binding: Dev Console - 2
22:59:59.111 [JavaFX Application Thread] DEBUG Input                - Registered new binding: System info dump - CTRL+9
22:59:59.112 [JavaFX Application Thread] DEBUG Input                - Registered new binding: Restart - CTRL+R
22:59:59.113 [JavaFX Application Thread] DEBUG Input                - Registered new binding: Toggle Debug Camera - CTRL+7
22:59:59.114 [FXGL Background Thread 4 ] DEBUG FXGLAssetLoaderServi - Loading from file system: jar:file:/C:/Users/Hicham/.m2/repository/com/github/almasb/fxgl/17.1/fxgl-17.1.jar!/fxglassets/ui/fonts/Abel-Regular.ttf
22:59:59.117 [JavaFX Application Thread] DEBUG LoopRunner           - Starting loop
22:59:59.119 [FXGL Background Thread 4 ] DEBUG FXGLAssetLoaderServi - Loading from file system: jar:file:/C:/Users/Hicham/.m2/repository/com/github/almasb/fxgl/17.1/fxgl-17.1.jar!/fxglassets/ui/fonts/TerminalLandMono-Regular.otf
22:59:59.135 [JavaFX Application Thread] DEBUG LoopRunner           - Initializing JavaFX AnimationTimerLoop
22:59:59.137 [JavaFX Application Thread] DEBUG GameApplicationServi - Starting new game
22:59:59.138 [JavaFX Application Thread] DEBUG Input                - Clearing active input actions
22:59:59.140 [FXGL Background Thread 4 ] DEBUG FXGLAssetLoaderServi - Loading from file system: jar:file:/C:/Users/Hicham/.m2/repository/com/github/almasb/fxgl/17.1/fxgl-17.1.jar!/fxglassets/ui/fonts/Courier-Prime.ttf
22:59:59.153 [JavaFX Application Thread] DEBUG GameApplicationServi - Removing overlay from FXGLStartupScene and adding to FXGLLoadingScene
22:59:59.157 [JavaFX Application Thread] DEBUG PrimaryStageWindow   - FXGLStartupScene -> FXGLLoadingScene
22:59:59.157 [JavaFX Application Thread] DEBUG GameApplicationServi - Clearing previous game
22:59:59.157 [JavaFX Application Thread] DEBUG GameScene            - Clearing game scene
22:59:59.158 [JavaFX Application Thread] DEBUG GameWorld            - Clearing game world
22:59:59.158 [JavaFX Application Thread] DEBUG PhysicsWorld         - Clearing physics world
22:59:59.160 [FXGL Background Thread 4 ] DEBUG FXGLApplication      - Initializing game
22:59:59.161 [FXGL Background Thread 4 ] DEBUG FXGLAssetLoaderServi - Loading from file system: file:/C:/Users/Hicham/IdeaProjects/Challengeweek/target/classes/assets/textures/map1.png
22:59:59.167 [FXGL Background Thread 4 ] DEBUG FXGLAssetLoaderServi - Loading from file system: file:/C:/Users/Hicham/IdeaProjects/Challengeweek/target/classes/assets/textures/spritesheet.png
22:59:59.197 [FXGL Background Thread 4 ] DEBUG Input                - Registered new binding: Move Left - A
22:59:59.197 [FXGL Background Thread 4 ] DEBUG Input                - Registered new binding: Move Right - D
22:59:59.197 [FXGL Background Thread 4 ] DEBUG Input                - Registered new binding: Move Up - W
22:59:59.197 [FXGL Background Thread 4 ] DEBUG Input                - Registered new binding: Duck - S
22:59:59.197 [FXGL Background Thread 4 ] DEBUG Input                - Registered new binding: Move Left 2 - Left
22:59:59.198 [FXGL Background Thread 4 ] DEBUG Input                - Registered new binding: Move Right 2 - Right
22:59:59.198 [FXGL Background Thread 4 ] DEBUG Input                - Registered new binding: Move Up 2 - Up
22:59:59.198 [FXGL Background Thread 4 ] DEBUG Input                - Registered new binding: punch - F
22:59:59.198 [FXGL Background Thread 4 ] DEBUG Input                - Registered new binding: Duck2 - Down
22:59:59.199 [FXGL Background Thread 4 ] INFO  FXGLApplication      - Game initialization took: 0,038 sec
22:59:59.360 [JavaFX Application Thread] DEBUG FXGLApplication      - Registering font factories with UI factory
22:59:59.365 [FXGL Background Thread 2 ] INFO  UpdaterService       - Your current version:  17.1
22:59:59.365 [FXGL Background Thread 2 ] INFO  UpdaterService       - Latest stable version: 17.3
22:59:59.369 [JavaFX Application Thread] DEBUG Input                - Clearing active input actions
22:59:59.377 [JavaFX Application Thread] DEBUG GameApplicationServi - Removing overlay from FXGLLoadingScene and adding to GameScene
22:59:59.381 [JavaFX Application Thread] DEBUG PrimaryStageWindow   - FXGLLoadingScene -> GameScene
23:00:02.033 [FXGL Background Thread 3 ] DEBUG Engine               - Logging environment variables
23:00:02.039 [FXGL Background Thread 3 ] DEBUG Engine               - achievements: []
23:00:02.039 [FXGL Background Thread 3 ] DEBUG Engine               - actualHeight: 1080.0
23:00:02.039 [FXGL Background Thread 3 ] DEBUG Engine               - actualHeightProperty: ReadOnlyDoubleProperty [value: 1080.0]
23:00:02.039 [FXGL Background Thread 3 ] DEBUG Engine               - actualWidth: 1920.0
23:00:02.039 [FXGL Background Thread 3 ] DEBUG Engine               - actualWidthProperty: ReadOnlyDoubleProperty [value: 1920.0]
23:00:02.039 [FXGL Background Thread 3 ] DEBUG Engine               - appIcon: fxgl_icon.png
23:00:02.039 [FXGL Background Thread 3 ] DEBUG Engine               - applicationMode: DEVELOPER
23:00:02.040 [FXGL Background Thread 3 ] DEBUG Engine               - cSSList: [fxgl_dark.css]
23:00:02.040 [FXGL Background Thread 3 ] DEBUG Engine               - collisionDetectionStrategy: BRUTE_FORCE
23:00:02.040 [FXGL Background Thread 3 ] DEBUG Engine               - configClass: Optional.empty
23:00:02.040 [FXGL Background Thread 3 ] DEBUG Engine               - credits: []
23:00:02.040 [FXGL Background Thread 3 ] DEBUG Engine               - defaultCursor: CursorInfo(imageName=fxgl_default_cursor.png, hotspotX=7.0, hotspotY=6.0)
23:00:02.040 [FXGL Background Thread 3 ] DEBUG Engine               - devBBoxColorProperty: ObjectProperty [value: 0xff0000ff]
23:00:02.040 [FXGL Background Thread 3 ] DEBUG Engine               - devEnableDebugCameraProperty: BooleanProperty [value: false]
23:00:02.040 [FXGL Background Thread 3 ] DEBUG Engine               - devSensorColorProperty: ObjectProperty [value: 0xffff00ff]
23:00:02.040 [FXGL Background Thread 3 ] DEBUG Engine               - devShowBBoxProperty: BooleanProperty [value: false]
23:00:02.040 [FXGL Background Thread 3 ] DEBUG Engine               - devShowPositionProperty: BooleanProperty [value: false]
23:00:02.041 [FXGL Background Thread 3 ] DEBUG Engine               - enabledMenuItems: []
23:00:02.041 [FXGL Background Thread 3 ] DEBUG Engine               - engineServices: [class com.almasb.fxgl.app.services.FXGLAssetLoaderService, class com.almasb.fxgl.app.FXGLApplication$GameApplicationService, class com.almasb.fxgl.app.services.FXGLDialogService, class com.almasb.fxgl.app.services.IOTaskExecutorService, class com.almasb.fxgl.io.FileSystemService, class com.almasb.fxgl.localization.LocalizationService, class com.almasb.fxgl.app.services.SystemBundleService, class com.almasb.fxgl.profile.SaveLoadService, class com.almasb.fxgl.ui.FXGLUIFactoryServiceProvider, class com.almasb.fxgl.ui.FXGLDialogFactoryServiceProvider, class com.almasb.fxgl.audio.AudioPlayer, class com.almasb.fxgl.notification.impl.NotificationServiceProvider, class com.almasb.fxgl.achievement.AchievementService, class com.almasb.fxgl.cutscene.CutsceneService, class com.almasb.fxgl.minigames.MiniGameService, class com.almasb.fxgl.net.NetService, class com.almasb.fxgl.app.services.UpdaterService, class com.almasb.fxgl.dev.DevService]
23:00:02.041 [FXGL Background Thread 3 ] DEBUG Engine               - fontGame: Abel-Regular.ttf
23:00:02.041 [FXGL Background Thread 3 ] DEBUG Engine               - fontMono: TerminalLandMono-Regular.otf
23:00:02.041 [FXGL Background Thread 3 ] DEBUG Engine               - fontText: Courier-Prime.ttf
23:00:02.041 [FXGL Background Thread 3 ] DEBUG Engine               - fontUI: VarelaRound-Regular.ttf
23:00:02.041 [FXGL Background Thread 3 ] DEBUG Engine               - fullScreen: BooleanProperty [value: true]
23:00:02.041 [FXGL Background Thread 3 ] DEBUG Engine               - gameDifficulty: MEDIUM
23:00:02.041 [FXGL Background Thread 3 ] DEBUG Engine               - gameDifficultyProperty: ObjectProperty [value: MEDIUM]
23:00:02.041 [FXGL Background Thread 3 ] DEBUG Engine               - globalMusicVolume: 0.5
23:00:02.041 [FXGL Background Thread 3 ] DEBUG Engine               - globalMusicVolumeProperty: DoubleProperty [value: 0.5]
23:00:02.041 [FXGL Background Thread 3 ] DEBUG Engine               - globalSoundVolume: 0.5
23:00:02.041 [FXGL Background Thread 3 ] DEBUG Engine               - globalSoundVolumeProperty: DoubleProperty [value: 0.5]
23:00:02.041 [FXGL Background Thread 3 ] DEBUG Engine               - height: 600
23:00:02.041 [FXGL Background Thread 3 ] DEBUG Engine               - is3D: false
23:00:02.041 [FXGL Background Thread 3 ] DEBUG Engine               - isAndroid: false
23:00:02.041 [FXGL Background Thread 3 ] DEBUG Engine               - isBrowser: false
23:00:02.041 [FXGL Background Thread 3 ] DEBUG Engine               - isClickFeedbackEnabled: false
23:00:02.041 [FXGL Background Thread 3 ] DEBUG Engine               - isCloseConfirmation: false
23:00:02.041 [FXGL Background Thread 3 ] DEBUG Engine               - isDesktop: true
23:00:02.041 [FXGL Background Thread 3 ] DEBUG Engine               - isDeveloperMenuEnabled: true
23:00:02.041 [FXGL Background Thread 3 ] DEBUG Engine               - isEmbedded: false
23:00:02.041 [FXGL Background Thread 3 ] DEBUG Engine               - isEntityPreloadEnabled: true
23:00:02.042 [FXGL Background Thread 3 ] DEBUG Engine               - isExperimentalTiledLargeMap: false
23:00:02.042 [FXGL Background Thread 3 ] DEBUG Engine               - isFileSystemWriteAllowed: true
23:00:02.042 [FXGL Background Thread 3 ] DEBUG Engine               - isFullScreenAllowed: true
23:00:02.042 [FXGL Background Thread 3 ] DEBUG Engine               - isFullScreenFromStart: true
23:00:02.042 [FXGL Background Thread 3 ] DEBUG Engine               - isGameMenuEnabled: true
23:00:02.042 [FXGL Background Thread 3 ] DEBUG Engine               - isIOS: false
23:00:02.042 [FXGL Background Thread 3 ] DEBUG Engine               - isIntroEnabled: false
23:00:02.042 [FXGL Background Thread 3 ] DEBUG Engine               - isLinux: false
23:00:02.042 [FXGL Background Thread 3 ] DEBUG Engine               - isMac: false
23:00:02.042 [FXGL Background Thread 3 ] DEBUG Engine               - isMainMenuEnabled: false
23:00:02.042 [FXGL Background Thread 3 ] DEBUG Engine               - isManualResizeEnabled: false
23:00:02.042 [FXGL Background Thread 3 ] DEBUG Engine               - isMobile: false
23:00:02.042 [FXGL Background Thread 3 ] DEBUG Engine               - isNative: false
23:00:02.042 [FXGL Background Thread 3 ] DEBUG Engine               - isPauseMusicWhenMinimized: true
23:00:02.042 [FXGL Background Thread 3 ] DEBUG Engine               - isPreserveResizeRatio: false
23:00:02.042 [FXGL Background Thread 3 ] DEBUG Engine               - isProfilingEnabled: false
23:00:02.042 [FXGL Background Thread 3 ] DEBUG Engine               - isScaleAffectedOnResize: true
23:00:02.042 [FXGL Background Thread 3 ] DEBUG Engine               - isSingleStep: false
23:00:02.042 [FXGL Background Thread 3 ] DEBUG Engine               - isUserProfileEnabled: false
23:00:02.042 [FXGL Background Thread 3 ] DEBUG Engine               - isWindows: true
23:00:02.043 [FXGL Background Thread 3 ] DEBUG Engine               - language: ObjectProperty [value: ENGLISH]
23:00:02.043 [FXGL Background Thread 3 ] DEBUG Engine               - menuKey: ESCAPE
23:00:02.043 [FXGL Background Thread 3 ] DEBUG Engine               - mouseSensitivity: 0.2
23:00:02.043 [FXGL Background Thread 3 ] DEBUG Engine               - notificationViewClass: class com.almasb.fxgl.notification.view.XboxNotificationView
23:00:02.043 [FXGL Background Thread 3 ] DEBUG Engine               - pixelsPerMeter: 50.0
23:00:02.043 [FXGL Background Thread 3 ] DEBUG Engine               - platform: WINDOWS
23:00:02.043 [FXGL Background Thread 3 ] DEBUG Engine               - prefHeightProperty: ReadOnlyDoubleProperty [value: 600.0]
23:00:02.043 [FXGL Background Thread 3 ] DEBUG Engine               - prefWidthProperty: ReadOnlyDoubleProperty [value: 800.0]
23:00:02.043 [FXGL Background Thread 3 ] DEBUG Engine               - profileDir: profiles/
23:00:02.043 [FXGL Background Thread 3 ] DEBUG Engine               - profileName: StringProperty [value: DEFAULT]
23:00:02.043 [FXGL Background Thread 3 ] DEBUG Engine               - randomSeed: -1
23:00:02.043 [FXGL Background Thread 3 ] DEBUG Engine               - runtimeInfo: RuntimeInfo(platform=WINDOWS, version=17.1, build=24.03.2022 17.34)
23:00:02.043 [FXGL Background Thread 3 ] DEBUG Engine               - saveFileExt: sav
23:00:02.043 [FXGL Background Thread 3 ] DEBUG Engine               - scaledHeightProp$fxgl: DoubleProperty [bound, value: 1080.0]
23:00:02.043 [FXGL Background Thread 3 ] DEBUG Engine               - scaledWidthProp$fxgl: DoubleProperty [bound, value: 1920.0]
23:00:02.043 [FXGL Background Thread 3 ] DEBUG Engine               - sceneFactory: com.almasb.fxgl.app.scene.SceneFactory@1690a9ec
23:00:02.044 [FXGL Background Thread 3 ] DEBUG Engine               - secondsIn24h: 60
23:00:02.044 [FXGL Background Thread 3 ] DEBUG Engine               - soundMenuBack: menu/back.wav
23:00:02.044 [FXGL Background Thread 3 ] DEBUG Engine               - soundMenuPress: menu/press.wav
23:00:02.044 [FXGL Background Thread 3 ] DEBUG Engine               - soundMenuSelect: menu/select.wav
23:00:02.044 [FXGL Background Thread 3 ] DEBUG Engine               - soundNotification: core/notification.wav
23:00:02.044 [FXGL Background Thread 3 ] DEBUG Engine               - stageStyle: DECORATED
23:00:02.044 [FXGL Background Thread 3 ] DEBUG Engine               - supportedLanguages: [ENGLISH, FRENCH, GERMAN, HUNGARIAN, RUSSIAN]
23:00:02.044 [FXGL Background Thread 3 ] DEBUG Engine               - ticksPerSecond: -1
23:00:02.044 [FXGL Background Thread 3 ] DEBUG Engine               - title: Hsleiden Kombat
23:00:02.044 [FXGL Background Thread 3 ] DEBUG Engine               - urlGithub: https://github.com/AlmasB/FXGL
23:00:02.044 [FXGL Background Thread 3 ] DEBUG Engine               - urlLeaderboard: http://fxgl-top.herokuapp.com/
23:00:02.044 [FXGL Background Thread 3 ] DEBUG Engine               - urlPOM: https://raw.githubusercontent.com/AlmasB/FXGL/release/README.md
23:00:02.044 [FXGL Background Thread 3 ] DEBUG Engine               - userAppClass: class com.hsleidenKombat.Game
23:00:02.044 [FXGL Background Thread 3 ] DEBUG Engine               - version: 0.0
23:00:02.044 [FXGL Background Thread 3 ] DEBUG Engine               - versionCheckDays: 7
23:00:02.044 [FXGL Background Thread 3 ] DEBUG Engine               - width: 800
23:00:02.044 [FXGL Background Thread 3 ] DEBUG Engine               - Logging services
23:00:02.044 [FXGL Background Thread 3 ] DEBUG Engine               - class com.almasb.fxgl.app.services.FXGLAssetLoaderService
23:00:02.044 [FXGL Background Thread 3 ] DEBUG Engine               - class com.almasb.fxgl.app.FXGLApplication$GameApplicationService
23:00:02.044 [FXGL Background Thread 3 ] DEBUG Engine               - class com.almasb.fxgl.app.services.FXGLDialogService
23:00:02.044 [FXGL Background Thread 3 ] DEBUG Engine               - class com.almasb.fxgl.app.services.IOTaskExecutorService
23:00:02.044 [FXGL Background Thread 3 ] DEBUG Engine               - class com.almasb.fxgl.io.FileSystemService
23:00:02.044 [FXGL Background Thread 3 ] DEBUG Engine               - class com.almasb.fxgl.localization.LocalizationService
23:00:02.044 [FXGL Background Thread 3 ] DEBUG Engine               - class com.almasb.fxgl.app.services.SystemBundleService
23:00:02.044 [FXGL Background Thread 3 ] DEBUG Engine               - class com.almasb.fxgl.profile.SaveLoadService
23:00:02.044 [FXGL Background Thread 3 ] DEBUG Engine               - class com.almasb.fxgl.ui.FXGLUIFactoryServiceProvider
23:00:02.044 [FXGL Background Thread 3 ] DEBUG Engine               - class com.almasb.fxgl.ui.FXGLDialogFactoryServiceProvider
23:00:02.045 [FXGL Background Thread 3 ] DEBUG Engine               - class com.almasb.fxgl.audio.AudioPlayer
23:00:02.045 [FXGL Background Thread 3 ] DEBUG Engine               - class com.almasb.fxgl.notification.impl.NotificationServiceProvider
23:00:02.045 [FXGL Background Thread 3 ] DEBUG Engine               - class com.almasb.fxgl.achievement.AchievementService
23:00:02.045 [FXGL Background Thread 3 ] DEBUG Engine               - class com.almasb.fxgl.cutscene.CutsceneService
23:00:02.045 [FXGL Background Thread 3 ] DEBUG Engine               - class com.almasb.fxgl.minigames.MiniGameService
23:00:02.045 [FXGL Background Thread 3 ] DEBUG Engine               - class com.almasb.fxgl.net.NetService
23:00:02.045 [FXGL Background Thread 3 ] DEBUG Engine               - class com.almasb.fxgl.app.services.UpdaterService
23:00:02.045 [FXGL Background Thread 3 ] DEBUG Engine               - class com.almasb.fxgl.dev.DevService
23:00:02.192 [JavaFX Application Thread] DEBUG PrimaryStageWindow   - Push state: FXGLDefaultMenu
23:00:02.193 [JavaFX Application Thread] DEBUG Input                - Clearing active input actions
23:00:02.194 [JavaFX Application Thread] DEBUG GameApplicationServi - Removing overlay from GameScene and adding to FXGLDefaultMenu
23:00:02.196 [JavaFX Application Thread] DEBUG PrimaryStageWindow   - GameScene -> FXGLDefaultMenu
23:00:03.166 [JavaFX Application Thread] DEBUG Menu                 - fireExit()
23:00:03.168 [JavaFX Application Thread] DEBUG PrimaryStageWindow   - Push state: DialogSubScene
23:00:03.168 [JavaFX Application Thread] DEBUG Input                - Clearing active input actions
23:00:03.168 [JavaFX Application Thread] DEBUG GameApplicationServi - Removing overlay from FXGLDefaultMenu and adding to DialogSubScene
23:00:03.169 [JavaFX Application Thread] DEBUG PrimaryStageWindow   - FXGLDefaultMenu -> DialogSubScene
23:00:03.656 [JavaFX Application Thread] DEBUG PrimaryStageWindow   - Pop state: DialogSubScene
23:00:03.657 [JavaFX Application Thread] DEBUG Input                - Clearing active input actions
23:00:03.657 [JavaFX Application Thread] DEBUG GameApplicationServi - Removing overlay from DialogSubScene and adding to FXGLDefaultMenu
23:00:03.658 [JavaFX Application Thread] DEBUG PrimaryStageWindow   - FXGLDefaultMenu <- DialogSubScene
23:00:03.658 [JavaFX Application Thread] DEBUG FXGLApplication      - Exiting FXGL
23:00:03.658 [JavaFX Application Thread] DEBUG LoopRunner           - Stopping loop
23:00:03.658 [JavaFX Application Thread] DEBUG SystemBundleService  - Saving FXGL system data
23:00:03.659 [JavaFX Application Thread] DEBUG FileSystemAccess     - Writing to: C:\Users\Hicham\IdeaProjects\Challengeweek\system\fxgl.bundle
23:00:03.661 [JavaFX Application Thread] DEBUG Async                - Shutting down background threads
23:00:03.661 [JavaFX Application Thread] DEBUG PrimaryStageWindow   - Closing main window
23:00:03.674 [JavaFX Application Thread] DEBUG Logger               - Closing Logger
