23:11:49.960 [main                     ] DEBUG Logger               - Configured Logger
23:11:49.982 [main                     ] DEBUG GameApplication      - Logging settings
Title: Hsleiden Kombat
Version: 0.0
Width: 800
Height: 600
Fullscreen: true
Intro: false
Profiling: false
Single step:false
App Mode: DEVELOPER
Menu Key: ESCAPE
Stage Style: DECORATED
Scene Factory: class com.almasb.fxgl.app.scene.SceneFactory

23:11:50.412 [JavaFX Application Thread] DEBUG FXGLApplication      - Initializing FXGL
23:11:50.415 [JavaFX Application Thread] INFO  Engine               - FXGL-17.1 (24.03.2022 17.34) on WINDOWS (J:19.0.1 FX:19-ea)
23:11:50.416 [JavaFX Application Thread] DEBUG Engine               - JRE Vendor Name: Oracle Corporation
23:11:50.416 [JavaFX Application Thread] DEBUG Engine               - Running on OS: Windows 10 version 10.0
23:11:50.416 [JavaFX Application Thread] DEBUG Engine               - Architecture: amd64
23:11:50.417 [JavaFX Application Thread] INFO  Engine               - Source code and latest versions at: https://github.com/AlmasB/FXGL
23:11:50.417 [JavaFX Application Thread] INFO  Engine               -       Ask questions and discuss at: https://github.com/AlmasB/FXGL/discussions
23:11:50.417 [JavaFX Application Thread] INFO  Engine               -              Join the FXGL chat at: https://gitter.im/AlmasB/FXGL
23:11:50.518 [JavaFX Application Thread] DEBUG PrimaryStageWindow   - Creating a JavaFX scene
23:11:50.565 [JavaFX Application Thread] DEBUG PrimaryStageWindow   - Target settings size: 800.0 x 600.0
23:11:50.566 [JavaFX Application Thread] DEBUG PrimaryStageWindow   - Scaled scene size:    800.0 x 600.0
23:11:50.566 [JavaFX Application Thread] DEBUG PrimaryStageWindow   - Scaled ratio: (1.0, 1.0)
23:11:50.567 [JavaFX Application Thread] DEBUG PrimaryStageWindow   - Set initial scene to FXGLStartupScene
23:11:50.577 [JavaFX Application Thread] DEBUG PrimaryStageWindow   - Opening main window
23:11:50.662 [JavaFX Application Thread] DEBUG PrimaryStageWindow   - Window border size: (16.0, 39.0)
23:11:50.663 [JavaFX Application Thread] DEBUG PrimaryStageWindow   - Scaled size: 800.0 x 600.0
23:11:50.663 [JavaFX Application Thread] DEBUG PrimaryStageWindow   - Scaled ratio: (1.0, 1.0)
23:11:50.663 [JavaFX Application Thread] DEBUG PrimaryStageWindow   - Scene size: 800.0 x 600.0
23:11:50.663 [JavaFX Application Thread] DEBUG PrimaryStageWindow   - Stage size: 816.0 x 639.0
23:11:50.703 [JavaFX Application Thread] DEBUG PrimaryStageWindow   - Going fullscreen
23:11:50.709 [FXGL Background Thread 1 ] DEBUG Engine               - Initializing environment variables
23:11:50.752 [FXGL Background Thread 1 ] DEBUG FXGLAssetLoaderServi - User app class for loading assets: class com.hsleidenKombat.Game
23:11:50.752 [FXGL Background Thread 1 ] DEBUG GameApplicationServi - Applying CSS: fxgl_dark.css
23:11:50.753 [FXGL Background Thread 1 ] DEBUG FXGLAssetLoaderServi - Loading from file system: jar:file:/C:/Users/Hicham/.m2/repository/com/github/almasb/fxgl/17.1/fxgl-17.1.jar!/fxglassets/ui/css/fxgl_dark.css
23:11:50.786 [FXGL Background Thread 1 ] DEBUG GameApplicationServi - Initializing application scenes
23:11:50.819 [FXGL Background Thread 1 ] DEBUG GameWorld            - Game world initialized
23:11:50.875 [FXGL Background Thread 1 ] DEBUG PhysicsWorld         - Physics world initialized: appHeight=600, physics.ppm=50,0
23:11:50.875 [FXGL Background Thread 1 ] DEBUG PhysicsWorld         - Using strategy: BRUTE_FORCE
23:11:50.878 [FXGL Background Thread 1 ] DEBUG GameScene            - Game scene initialized: 800x600
23:11:50.890 [FXGL Background Thread 1 ] DEBUG FXGL.DefaultMenu     - createMenuBodyGameMenu()
23:11:50.902 [FXGL Background Thread 1 ] DEBUG FXGL.DefaultMenu     - createOptionsMenu()
23:11:50.910 [FXGL Background Thread 1 ] DEBUG FXGLAssetLoaderServi - Loading from file system: jar:file:/C:/Users/Hicham/.m2/repository/com/github/almasb/fxgl/17.1/fxgl-17.1.jar!/fxglassets/textures/particles/smoke.png
23:11:50.990 [FXGL Background Thread 1 ] DEBUG FXGLAssetLoaderServi - Loading from file system: jar:file:/C:/Users/Hicham/.m2/repository/com/github/almasb/fxgl/17.1/fxgl-17.1.jar!/fxglassets/textures/particles/trace_horizontal.png
23:11:51.014 [FXGL Background Thread 1 ] DEBUG GameApplicationServi - Application scenes initialized
23:11:51.024 [FXGL Background Thread 1 ] DEBUG SystemBundleService  - Loading FXGL system data
23:11:51.027 [FXGL Background Thread 1 ] DEBUG FileSystemAccess     - Reading from: C:\Users\Hicham\IdeaProjects\Challengeweek\system\fxgl.bundle
23:11:51.034 [FXGL Background Thread 1 ] DEBUG SystemBundleService  - Bundle FXGL: {}
23:11:51.034 [FXGL Background Thread 1 ] DEBUG UpdaterService       - Checking for updates
23:11:51.057 [FXGL Background Thread 4 ] DEBUG FXGLApplication      - Loading fonts
23:11:51.058 [FXGL Background Thread 1 ] DEBUG FXGLApplication      - Loading default localization
23:11:51.058 [FXGL Background Thread 4 ] DEBUG FXGLAssetLoaderServi - Loading from file system: jar:file:/C:/Users/Hicham/.m2/repository/com/github/almasb/fxgl/17.1/fxgl-17.1.jar!/fxglassets/ui/fonts/VarelaRound-Regular.ttf
23:11:51.058 [FXGL Background Thread 1 ] DEBUG FXGLAssetLoaderServi - Loading from file system: jar:file:/C:/Users/Hicham/.m2/repository/com/github/almasb/fxgl/17.1/fxgl-17.1.jar!/fxglassets/languages/english.lang
23:11:51.077 [FXGL Background Thread 1 ] INFO  FXGLApplication      - FXGL initialization took: 0,368 sec
23:11:51.078 [JavaFX Application Thread] DEBUG FXGLAssetLoaderServi - Loading from file system: jar:file:/C:/Users/Hicham/.m2/repository/com/github/almasb/fxgl/17.1/fxgl-17.1.jar!/fxglassets/textures/fxgl_icon.png
23:11:51.100 [JavaFX Application Thread] DEBUG FXGLAssetLoaderServi - Loading from file system: jar:file:/C:/Users/Hicham/.m2/repository/com/github/almasb/fxgl/17.1/fxgl-17.1.jar!/fxglassets/textures/fxgl_default_cursor.png
23:11:51.114 [JavaFX Application Thread] DEBUG Input                - Registered new binding: Screenshot - CTRL+8
23:11:51.114 [JavaFX Application Thread] DEBUG Input                - Registered new binding: Dev Options - 1
23:11:51.114 [FXGL Background Thread 4 ] DEBUG FXGLAssetLoaderServi - Loading from file system: jar:file:/C:/Users/Hicham/.m2/repository/com/github/almasb/fxgl/17.1/fxgl-17.1.jar!/fxglassets/ui/fonts/Abel-Regular.ttf
23:11:51.114 [JavaFX Application Thread] DEBUG Input                - Registered new binding: Dev Console - 2
23:11:51.115 [JavaFX Application Thread] DEBUG Input                - Registered new binding: System info dump - CTRL+9
23:11:51.115 [JavaFX Application Thread] DEBUG Input                - Registered new binding: Restart - CTRL+R
23:11:51.116 [JavaFX Application Thread] DEBUG Input                - Registered new binding: Toggle Debug Camera - CTRL+7
23:11:51.118 [FXGL Background Thread 4 ] DEBUG FXGLAssetLoaderServi - Loading from file system: jar:file:/C:/Users/Hicham/.m2/repository/com/github/almasb/fxgl/17.1/fxgl-17.1.jar!/fxglassets/ui/fonts/TerminalLandMono-Regular.otf
23:11:51.119 [JavaFX Application Thread] DEBUG LoopRunner           - Starting loop
23:11:51.121 [FXGL Background Thread 4 ] DEBUG FXGLAssetLoaderServi - Loading from file system: jar:file:/C:/Users/Hicham/.m2/repository/com/github/almasb/fxgl/17.1/fxgl-17.1.jar!/fxglassets/ui/fonts/Courier-Prime.ttf
23:11:51.133 [JavaFX Application Thread] DEBUG LoopRunner           - Initializing JavaFX AnimationTimerLoop
23:11:51.134 [JavaFX Application Thread] DEBUG GameApplicationServi - Starting new game
23:11:51.135 [JavaFX Application Thread] DEBUG Input                - Clearing active input actions
23:11:51.143 [JavaFX Application Thread] DEBUG GameApplicationServi - Removing overlay from FXGLStartupScene and adding to FXGLLoadingScene
23:11:51.145 [JavaFX Application Thread] DEBUG PrimaryStageWindow   - FXGLStartupScene -> FXGLLoadingScene
23:11:51.146 [JavaFX Application Thread] DEBUG GameApplicationServi - Clearing previous game
23:11:51.146 [JavaFX Application Thread] DEBUG GameScene            - Clearing game scene
23:11:51.146 [JavaFX Application Thread] DEBUG GameWorld            - Clearing game world
23:11:51.146 [JavaFX Application Thread] DEBUG PhysicsWorld         - Clearing physics world
23:11:51.147 [FXGL Background Thread 4 ] DEBUG FXGLApplication      - Initializing game
23:11:51.152 [FXGL Background Thread 4 ] DEBUG FXGLAssetLoaderServi - Loading from file system: file:/C:/Users/Hicham/IdeaProjects/Challengeweek/target/classes/assets/textures/MapTest.png
23:11:51.338 [FXGL Background Thread 4 ] DEBUG FXGLAssetLoaderServi - Loading from file system: file:/C:/Users/Hicham/IdeaProjects/Challengeweek/target/classes/assets/textures/spritesheet.png
23:11:51.347 [JavaFX Application Thread] DEBUG FXGLApplication      - Registering font factories with UI factory
23:11:51.365 [FXGL Background Thread 2 ] INFO  UpdaterService       - Your current version:  17.1
23:11:51.366 [FXGL Background Thread 2 ] INFO  UpdaterService       - Latest stable version: 17.3
23:11:51.375 [FXGL Background Thread 4 ] DEBUG Input                - Registered new binding: Move Left - A
23:11:51.376 [FXGL Background Thread 4 ] DEBUG Input                - Registered new binding: Move Right - D
23:11:51.376 [FXGL Background Thread 4 ] DEBUG Input                - Registered new binding: Move Up - W
23:11:51.376 [FXGL Background Thread 4 ] DEBUG Input                - Registered new binding: Duck - S
23:11:51.376 [FXGL Background Thread 4 ] DEBUG Input                - Registered new binding: Move Left 2 - Left
23:11:51.376 [FXGL Background Thread 4 ] DEBUG Input                - Registered new binding: Move Right 2 - Right
23:11:51.376 [FXGL Background Thread 4 ] DEBUG Input                - Registered new binding: Move Up 2 - Up
23:11:51.376 [FXGL Background Thread 4 ] DEBUG Input                - Registered new binding: punch - F
23:11:51.377 [FXGL Background Thread 4 ] DEBUG Input                - Registered new binding: Duck2 - Down
23:11:51.377 [FXGL Background Thread 4 ] INFO  FXGLApplication      - Game initialization took: 0,230 sec
23:11:51.418 [JavaFX Application Thread] DEBUG Input                - Clearing active input actions
23:11:51.428 [JavaFX Application Thread] DEBUG GameApplicationServi - Removing overlay from FXGLLoadingScene and adding to GameScene
23:11:51.431 [JavaFX Application Thread] DEBUG PrimaryStageWindow   - FXGLLoadingScene -> GameScene
23:11:54.057 [FXGL Background Thread 3 ] DEBUG Engine               - Logging environment variables
23:11:54.057 [FXGL Background Thread 3 ] DEBUG Engine               - achievements: []
23:11:54.057 [FXGL Background Thread 3 ] DEBUG Engine               - actualHeight: 1080.0
23:11:54.057 [FXGL Background Thread 3 ] DEBUG Engine               - actualHeightProperty: ReadOnlyDoubleProperty [value: 1080.0]
23:11:54.057 [FXGL Background Thread 3 ] DEBUG Engine               - actualWidth: 1920.0
23:11:54.058 [FXGL Background Thread 3 ] DEBUG Engine               - actualWidthProperty: ReadOnlyDoubleProperty [value: 1920.0]
23:11:54.058 [FXGL Background Thread 3 ] DEBUG Engine               - appIcon: fxgl_icon.png
23:11:54.058 [FXGL Background Thread 3 ] DEBUG Engine               - applicationMode: DEVELOPER
23:11:54.058 [FXGL Background Thread 3 ] DEBUG Engine               - cSSList: [fxgl_dark.css]
23:11:54.058 [FXGL Background Thread 3 ] DEBUG Engine               - collisionDetectionStrategy: BRUTE_FORCE
23:11:54.058 [FXGL Background Thread 3 ] DEBUG Engine               - configClass: Optional.empty
23:11:54.058 [FXGL Background Thread 3 ] DEBUG Engine               - credits: []
23:11:54.058 [FXGL Background Thread 3 ] DEBUG Engine               - defaultCursor: CursorInfo(imageName=fxgl_default_cursor.png, hotspotX=7.0, hotspotY=6.0)
23:11:54.059 [FXGL Background Thread 3 ] DEBUG Engine               - devBBoxColorProperty: ObjectProperty [value: 0xff0000ff]
23:11:54.059 [FXGL Background Thread 3 ] DEBUG Engine               - devEnableDebugCameraProperty: BooleanProperty [value: false]
23:11:54.059 [FXGL Background Thread 3 ] DEBUG Engine               - devSensorColorProperty: ObjectProperty [value: 0xffff00ff]
23:11:54.059 [FXGL Background Thread 3 ] DEBUG Engine               - devShowBBoxProperty: BooleanProperty [value: false]
23:11:54.059 [FXGL Background Thread 3 ] DEBUG Engine               - devShowPositionProperty: BooleanProperty [value: false]
23:11:54.059 [FXGL Background Thread 3 ] DEBUG Engine               - enabledMenuItems: []
23:11:54.059 [FXGL Background Thread 3 ] DEBUG Engine               - engineServices: [class com.almasb.fxgl.app.services.FXGLAssetLoaderService, class com.almasb.fxgl.app.FXGLApplication$GameApplicationService, class com.almasb.fxgl.app.services.FXGLDialogService, class com.almasb.fxgl.app.services.IOTaskExecutorService, class com.almasb.fxgl.io.FileSystemService, class com.almasb.fxgl.localization.LocalizationService, class com.almasb.fxgl.app.services.SystemBundleService, class com.almasb.fxgl.profile.SaveLoadService, class com.almasb.fxgl.ui.FXGLUIFactoryServiceProvider, class com.almasb.fxgl.ui.FXGLDialogFactoryServiceProvider, class com.almasb.fxgl.audio.AudioPlayer, class com.almasb.fxgl.notification.impl.NotificationServiceProvider, class com.almasb.fxgl.achievement.AchievementService, class com.almasb.fxgl.cutscene.CutsceneService, class com.almasb.fxgl.minigames.MiniGameService, class com.almasb.fxgl.net.NetService, class com.almasb.fxgl.app.services.UpdaterService, class com.almasb.fxgl.dev.DevService]
23:11:54.059 [FXGL Background Thread 3 ] DEBUG Engine               - fontGame: Abel-Regular.ttf
23:11:54.059 [FXGL Background Thread 3 ] DEBUG Engine               - fontMono: TerminalLandMono-Regular.otf
23:11:54.059 [FXGL Background Thread 3 ] DEBUG Engine               - fontText: Courier-Prime.ttf
23:11:54.059 [FXGL Background Thread 3 ] DEBUG Engine               - fontUI: VarelaRound-Regular.ttf
23:11:54.059 [FXGL Background Thread 3 ] DEBUG Engine               - fullScreen: BooleanProperty [value: true]
23:11:54.059 [FXGL Background Thread 3 ] DEBUG Engine               - gameDifficulty: MEDIUM
23:11:54.059 [FXGL Background Thread 3 ] DEBUG Engine               - gameDifficultyProperty: ObjectProperty [value: MEDIUM]
23:11:54.059 [FXGL Background Thread 3 ] DEBUG Engine               - globalMusicVolume: 0.5
23:11:54.060 [FXGL Background Thread 3 ] DEBUG Engine               - globalMusicVolumeProperty: DoubleProperty [value: 0.5]
23:11:54.060 [FXGL Background Thread 3 ] DEBUG Engine               - globalSoundVolume: 0.5
23:11:54.060 [FXGL Background Thread 3 ] DEBUG Engine               - globalSoundVolumeProperty: DoubleProperty [value: 0.5]
23:11:54.060 [FXGL Background Thread 3 ] DEBUG Engine               - height: 600
23:11:54.060 [FXGL Background Thread 3 ] DEBUG Engine               - is3D: false
23:11:54.060 [FXGL Background Thread 3 ] DEBUG Engine               - isAndroid: false
23:11:54.060 [FXGL Background Thread 3 ] DEBUG Engine               - isBrowser: false
23:11:54.060 [FXGL Background Thread 3 ] DEBUG Engine               - isClickFeedbackEnabled: false
23:11:54.060 [FXGL Background Thread 3 ] DEBUG Engine               - isCloseConfirmation: false
23:11:54.060 [FXGL Background Thread 3 ] DEBUG Engine               - isDesktop: true
23:11:54.060 [FXGL Background Thread 3 ] DEBUG Engine               - isDeveloperMenuEnabled: true
23:11:54.060 [FXGL Background Thread 3 ] DEBUG Engine               - isEmbedded: false
23:11:54.060 [FXGL Background Thread 3 ] DEBUG Engine               - isEntityPreloadEnabled: true
23:11:54.060 [FXGL Background Thread 3 ] DEBUG Engine               - isExperimentalTiledLargeMap: false
23:11:54.060 [FXGL Background Thread 3 ] DEBUG Engine               - isFileSystemWriteAllowed: true
23:11:54.060 [FXGL Background Thread 3 ] DEBUG Engine               - isFullScreenAllowed: true
23:11:54.060 [FXGL Background Thread 3 ] DEBUG Engine               - isFullScreenFromStart: true
23:11:54.060 [FXGL Background Thread 3 ] DEBUG Engine               - isGameMenuEnabled: true
23:11:54.060 [FXGL Background Thread 3 ] DEBUG Engine               - isIOS: false
23:11:54.060 [FXGL Background Thread 3 ] DEBUG Engine               - isIntroEnabled: false
23:11:54.060 [FXGL Background Thread 3 ] DEBUG Engine               - isLinux: false
23:11:54.060 [FXGL Background Thread 3 ] DEBUG Engine               - isMac: false
23:11:54.060 [FXGL Background Thread 3 ] DEBUG Engine               - isMainMenuEnabled: false
23:11:54.060 [FXGL Background Thread 3 ] DEBUG Engine               - isManualResizeEnabled: false
23:11:54.060 [FXGL Background Thread 3 ] DEBUG Engine               - isMobile: false
23:11:54.061 [FXGL Background Thread 3 ] DEBUG Engine               - isNative: false
23:11:54.061 [FXGL Background Thread 3 ] DEBUG Engine               - isPauseMusicWhenMinimized: true
23:11:54.061 [FXGL Background Thread 3 ] DEBUG Engine               - isPreserveResizeRatio: false
23:11:54.061 [FXGL Background Thread 3 ] DEBUG Engine               - isProfilingEnabled: false
23:11:54.061 [FXGL Background Thread 3 ] DEBUG Engine               - isScaleAffectedOnResize: true
23:11:54.061 [FXGL Background Thread 3 ] DEBUG Engine               - isSingleStep: false
23:11:54.061 [FXGL Background Thread 3 ] DEBUG Engine               - isUserProfileEnabled: false
23:11:54.061 [FXGL Background Thread 3 ] DEBUG Engine               - isWindows: true
23:11:54.061 [FXGL Background Thread 3 ] DEBUG Engine               - language: ObjectProperty [value: ENGLISH]
23:11:54.061 [FXGL Background Thread 3 ] DEBUG Engine               - menuKey: ESCAPE
23:11:54.061 [FXGL Background Thread 3 ] DEBUG Engine               - mouseSensitivity: 0.2
23:11:54.061 [FXGL Background Thread 3 ] DEBUG Engine               - notificationViewClass: class com.almasb.fxgl.notification.view.XboxNotificationView
23:11:54.061 [FXGL Background Thread 3 ] DEBUG Engine               - pixelsPerMeter: 50.0
23:11:54.061 [FXGL Background Thread 3 ] DEBUG Engine               - platform: WINDOWS
23:11:54.061 [FXGL Background Thread 3 ] DEBUG Engine               - prefHeightProperty: ReadOnlyDoubleProperty [value: 600.0]
23:11:54.061 [FXGL Background Thread 3 ] DEBUG Engine               - prefWidthProperty: ReadOnlyDoubleProperty [value: 800.0]
23:11:54.061 [FXGL Background Thread 3 ] DEBUG Engine               - profileDir: profiles/
23:11:54.062 [FXGL Background Thread 3 ] DEBUG Engine               - profileName: StringProperty [value: DEFAULT]
23:11:54.062 [FXGL Background Thread 3 ] DEBUG Engine               - randomSeed: -1
23:11:54.062 [FXGL Background Thread 3 ] DEBUG Engine               - runtimeInfo: RuntimeInfo(platform=WINDOWS, version=17.1, build=24.03.2022 17.34)
23:11:54.062 [FXGL Background Thread 3 ] DEBUG Engine               - saveFileExt: sav
23:11:54.062 [FXGL Background Thread 3 ] DEBUG Engine               - scaledHeightProp$fxgl: DoubleProperty [bound, value: 1080.0]
23:11:54.062 [FXGL Background Thread 3 ] DEBUG Engine               - scaledWidthProp$fxgl: DoubleProperty [bound, value: 1920.0]
23:11:54.062 [FXGL Background Thread 3 ] DEBUG Engine               - sceneFactory: com.almasb.fxgl.app.scene.SceneFactory@283c6df2
23:11:54.063 [FXGL Background Thread 3 ] DEBUG Engine               - secondsIn24h: 60
23:11:54.063 [FXGL Background Thread 3 ] DEBUG Engine               - soundMenuBack: menu/back.wav
23:11:54.063 [FXGL Background Thread 3 ] DEBUG Engine               - soundMenuPress: menu/press.wav
23:11:54.063 [FXGL Background Thread 3 ] DEBUG Engine               - soundMenuSelect: menu/select.wav
23:11:54.063 [FXGL Background Thread 3 ] DEBUG Engine               - soundNotification: core/notification.wav
23:11:54.063 [FXGL Background Thread 3 ] DEBUG Engine               - stageStyle: DECORATED
23:11:54.063 [FXGL Background Thread 3 ] DEBUG Engine               - supportedLanguages: [ENGLISH, FRENCH, GERMAN, HUNGARIAN, RUSSIAN]
23:11:54.063 [FXGL Background Thread 3 ] DEBUG Engine               - ticksPerSecond: -1
23:11:54.063 [FXGL Background Thread 3 ] DEBUG Engine               - title: Hsleiden Kombat
23:11:54.063 [FXGL Background Thread 3 ] DEBUG Engine               - urlGithub: https://github.com/AlmasB/FXGL
23:11:54.063 [FXGL Background Thread 3 ] DEBUG Engine               - urlLeaderboard: http://fxgl-top.herokuapp.com/
23:11:54.063 [FXGL Background Thread 3 ] DEBUG Engine               - urlPOM: https://raw.githubusercontent.com/AlmasB/FXGL/release/README.md
23:11:54.063 [FXGL Background Thread 3 ] DEBUG Engine               - userAppClass: class com.hsleidenKombat.Game
23:11:54.063 [FXGL Background Thread 3 ] DEBUG Engine               - version: 0.0
23:11:54.063 [FXGL Background Thread 3 ] DEBUG Engine               - versionCheckDays: 7
23:11:54.063 [FXGL Background Thread 3 ] DEBUG Engine               - width: 800
23:11:54.063 [FXGL Background Thread 3 ] DEBUG Engine               - Logging services
23:11:54.063 [FXGL Background Thread 3 ] DEBUG Engine               - class com.almasb.fxgl.app.services.FXGLAssetLoaderService
23:11:54.063 [FXGL Background Thread 3 ] DEBUG Engine               - class com.almasb.fxgl.app.FXGLApplication$GameApplicationService
23:11:54.064 [FXGL Background Thread 3 ] DEBUG Engine               - class com.almasb.fxgl.app.services.FXGLDialogService
23:11:54.064 [FXGL Background Thread 3 ] DEBUG Engine               - class com.almasb.fxgl.app.services.IOTaskExecutorService
23:11:54.064 [FXGL Background Thread 3 ] DEBUG Engine               - class com.almasb.fxgl.io.FileSystemService
23:11:54.064 [FXGL Background Thread 3 ] DEBUG Engine               - class com.almasb.fxgl.localization.LocalizationService
23:11:54.064 [FXGL Background Thread 3 ] DEBUG Engine               - class com.almasb.fxgl.app.services.SystemBundleService
23:11:54.064 [FXGL Background Thread 3 ] DEBUG Engine               - class com.almasb.fxgl.profile.SaveLoadService
23:11:54.064 [FXGL Background Thread 3 ] DEBUG Engine               - class com.almasb.fxgl.ui.FXGLUIFactoryServiceProvider
23:11:54.064 [FXGL Background Thread 3 ] DEBUG Engine               - class com.almasb.fxgl.ui.FXGLDialogFactoryServiceProvider
23:11:54.064 [FXGL Background Thread 3 ] DEBUG Engine               - class com.almasb.fxgl.audio.AudioPlayer
23:11:54.064 [FXGL Background Thread 3 ] DEBUG Engine               - class com.almasb.fxgl.notification.impl.NotificationServiceProvider
23:11:54.064 [FXGL Background Thread 3 ] DEBUG Engine               - class com.almasb.fxgl.achievement.AchievementService
23:11:54.064 [FXGL Background Thread 3 ] DEBUG Engine               - class com.almasb.fxgl.cutscene.CutsceneService
23:11:54.064 [FXGL Background Thread 3 ] DEBUG Engine               - class com.almasb.fxgl.minigames.MiniGameService
23:11:54.064 [FXGL Background Thread 3 ] DEBUG Engine               - class com.almasb.fxgl.net.NetService
23:11:54.064 [FXGL Background Thread 3 ] DEBUG Engine               - class com.almasb.fxgl.app.services.UpdaterService
23:11:54.064 [FXGL Background Thread 3 ] DEBUG Engine               - class com.almasb.fxgl.dev.DevService
23:12:04.820 [JavaFX Application Thread] DEBUG PrimaryStageWindow   - Push state: FXGLDefaultMenu
23:12:04.822 [JavaFX Application Thread] DEBUG Input                - Clearing active input actions
23:12:04.823 [JavaFX Application Thread] DEBUG GameApplicationServi - Removing overlay from GameScene and adding to FXGLDefaultMenu
23:12:04.825 [JavaFX Application Thread] DEBUG PrimaryStageWindow   - GameScene -> FXGLDefaultMenu
23:12:05.773 [JavaFX Application Thread] DEBUG Menu                 - fireExit()
23:12:05.774 [JavaFX Application Thread] DEBUG PrimaryStageWindow   - Push state: DialogSubScene
23:12:05.775 [JavaFX Application Thread] DEBUG Input                - Clearing active input actions
23:12:05.775 [JavaFX Application Thread] DEBUG GameApplicationServi - Removing overlay from FXGLDefaultMenu and adding to DialogSubScene
23:12:05.776 [JavaFX Application Thread] DEBUG PrimaryStageWindow   - FXGLDefaultMenu -> DialogSubScene
23:12:06.206 [JavaFX Application Thread] DEBUG PrimaryStageWindow   - Pop state: DialogSubScene
23:12:06.206 [JavaFX Application Thread] DEBUG Input                - Clearing active input actions
23:12:06.206 [JavaFX Application Thread] DEBUG GameApplicationServi - Removing overlay from DialogSubScene and adding to FXGLDefaultMenu
23:12:06.207 [JavaFX Application Thread] DEBUG PrimaryStageWindow   - FXGLDefaultMenu <- DialogSubScene
23:12:06.207 [JavaFX Application Thread] DEBUG FXGLApplication      - Exiting FXGL
23:12:06.207 [JavaFX Application Thread] DEBUG LoopRunner           - Stopping loop
23:12:06.207 [JavaFX Application Thread] DEBUG SystemBundleService  - Saving FXGL system data
23:12:06.209 [JavaFX Application Thread] DEBUG FileSystemAccess     - Writing to: C:\Users\Hicham\IdeaProjects\Challengeweek\system\fxgl.bundle
23:12:06.211 [JavaFX Application Thread] DEBUG Async                - Shutting down background threads
23:12:06.211 [JavaFX Application Thread] DEBUG PrimaryStageWindow   - Closing main window
23:12:06.225 [JavaFX Application Thread] DEBUG Logger               - Closing Logger
