10:51:18.222 [main                     ] DEBUG Logger               - Configured Logger
10:51:18.248 [main                     ] DEBUG GameApplication      - Logging settings
Title: Hsleiden Kombat
Version: 0.0
Width: 800
Height: 600
Fullscreen: true
Intro: false
Profiling: false
Single step:false
App Mode: DEVELOPER
Menu Key: ESCAPE
Stage Style: DECORATED
Scene Factory: class com.almasb.fxgl.app.scene.SceneFactory

10:51:18.640 [JavaFX Application Thread] DEBUG FXGLApplication      - Initializing FXGL
10:51:18.645 [JavaFX Application Thread] INFO  Engine               - FXGL-17.1 (24.03.2022 17.34) on WINDOWS (J:19.0.1 FX:19-ea)
10:51:18.645 [JavaFX Application Thread] DEBUG Engine               - JRE Vendor Name: Oracle Corporation
10:51:18.645 [JavaFX Application Thread] DEBUG Engine               - Running on OS: Windows 11 version 10.0
10:51:18.645 [JavaFX Application Thread] DEBUG Engine               - Architecture: amd64
10:51:18.645 [JavaFX Application Thread] INFO  Engine               - Source code and latest versions at: https://github.com/AlmasB/FXGL
10:51:18.645 [JavaFX Application Thread] INFO  Engine               -       Ask questions and discuss at: https://github.com/AlmasB/FXGL/discussions
10:51:18.646 [JavaFX Application Thread] INFO  Engine               -              Join the FXGL chat at: https://gitter.im/AlmasB/FXGL
10:51:18.750 [JavaFX Application Thread] DEBUG PrimaryStageWindow   - Creating a JavaFX scene
10:51:18.789 [JavaFX Application Thread] DEBUG PrimaryStageWindow   - Target settings size: 800.0 x 600.0
10:51:18.789 [JavaFX Application Thread] DEBUG PrimaryStageWindow   - Scaled scene size:    800.0 x 600.0
10:51:18.791 [JavaFX Application Thread] DEBUG PrimaryStageWindow   - Scaled ratio: (1.0, 1.0)
10:51:18.791 [JavaFX Application Thread] DEBUG PrimaryStageWindow   - Set initial scene to FXGLStartupScene
10:51:18.798 [JavaFX Application Thread] DEBUG PrimaryStageWindow   - Opening main window
10:51:18.873 [JavaFX Application Thread] DEBUG PrimaryStageWindow   - Window border size: (14.66668701171875, 37.33331298828125)
10:51:18.873 [JavaFX Application Thread] DEBUG PrimaryStageWindow   - Scaled size: 800.0 x 600.0
10:51:18.873 [JavaFX Application Thread] DEBUG PrimaryStageWindow   - Scaled ratio: (1.0, 1.0)
10:51:18.875 [JavaFX Application Thread] DEBUG PrimaryStageWindow   - Scene size: 800.0 x 600.0
10:51:18.875 [JavaFX Application Thread] DEBUG PrimaryStageWindow   - Stage size: 814.6666870117188 x 637.3333129882812
10:51:18.957 [JavaFX Application Thread] DEBUG PrimaryStageWindow   - Going fullscreen
10:51:18.968 [FXGL Background Thread 1 ] DEBUG Engine               - Initializing environment variables
10:51:19.018 [FXGL Background Thread 1 ] DEBUG FXGLAssetLoaderServi - User app class for loading assets: class com.hsleidenKombat.Game
10:51:19.019 [FXGL Background Thread 1 ] DEBUG GameApplicationServi - Applying CSS: fxgl_dark.css
10:51:19.019 [FXGL Background Thread 1 ] DEBUG FXGLAssetLoaderServi - Loading from file system: jar:file:/C:/Users/karos/.m2/repository/com/github/almasb/fxgl/17.1/fxgl-17.1.jar!/fxglassets/ui/css/fxgl_dark.css
10:51:19.054 [FXGL Background Thread 1 ] DEBUG GameApplicationServi - Initializing application scenes
10:51:19.099 [FXGL Background Thread 1 ] DEBUG GameWorld            - Game world initialized
10:51:19.153 [FXGL Background Thread 1 ] DEBUG PhysicsWorld         - Physics world initialized: appHeight=600, physics.ppm=50.0
10:51:19.154 [FXGL Background Thread 1 ] DEBUG PhysicsWorld         - Using strategy: BRUTE_FORCE
10:51:19.158 [FXGL Background Thread 1 ] DEBUG GameScene            - Game scene initialized: 800x600
10:51:19.171 [FXGL Background Thread 1 ] DEBUG FXGL.DefaultMenu     - createMenuBodyGameMenu()
10:51:19.184 [FXGL Background Thread 1 ] DEBUG FXGL.DefaultMenu     - createOptionsMenu()
10:51:19.194 [FXGL Background Thread 1 ] DEBUG FXGLAssetLoaderServi - Loading from file system: jar:file:/C:/Users/karos/.m2/repository/com/github/almasb/fxgl/17.1/fxgl-17.1.jar!/fxglassets/textures/particles/smoke.png
10:51:19.288 [FXGL Background Thread 1 ] DEBUG FXGLAssetLoaderServi - Loading from file system: jar:file:/C:/Users/karos/.m2/repository/com/github/almasb/fxgl/17.1/fxgl-17.1.jar!/fxglassets/textures/particles/trace_horizontal.png
10:51:19.313 [FXGL Background Thread 1 ] DEBUG GameApplicationServi - Application scenes initialized
10:51:19.325 [FXGL Background Thread 1 ] DEBUG SystemBundleService  - Loading FXGL system data
10:51:19.328 [FXGL Background Thread 1 ] DEBUG FileSystemAccess     - Reading from: C:\Users\karos\IdeaProjects\HS-Leiden-Kombat\system\fxgl.bundle
10:51:19.336 [FXGL Background Thread 1 ] DEBUG SystemBundleService  - Bundle FXGL: {}
10:51:19.336 [FXGL Background Thread 1 ] DEBUG UpdaterService       - Checking for updates
10:51:19.359 [FXGL Background Thread 4 ] DEBUG FXGLApplication      - Loading fonts
10:51:19.360 [FXGL Background Thread 1 ] DEBUG FXGLApplication      - Loading default localization
10:51:19.360 [FXGL Background Thread 4 ] DEBUG FXGLAssetLoaderServi - Loading from file system: jar:file:/C:/Users/karos/.m2/repository/com/github/almasb/fxgl/17.1/fxgl-17.1.jar!/fxglassets/ui/fonts/VarelaRound-Regular.ttf
10:51:19.362 [FXGL Background Thread 1 ] DEBUG FXGLAssetLoaderServi - Loading from file system: jar:file:/C:/Users/karos/.m2/repository/com/github/almasb/fxgl/17.1/fxgl-17.1.jar!/fxglassets/languages/english.lang
10:51:19.379 [FXGL Background Thread 1 ] INFO  FXGLApplication      - FXGL initialization took: 0.412 sec
10:51:19.381 [JavaFX Application Thread] DEBUG FXGLAssetLoaderServi - Loading from file system: jar:file:/C:/Users/karos/.m2/repository/com/github/almasb/fxgl/17.1/fxgl-17.1.jar!/fxglassets/textures/fxgl_icon.png
10:51:19.401 [JavaFX Application Thread] DEBUG FXGLAssetLoaderServi - Loading from file system: jar:file:/C:/Users/karos/.m2/repository/com/github/almasb/fxgl/17.1/fxgl-17.1.jar!/fxglassets/textures/fxgl_default_cursor.png
10:51:19.412 [JavaFX Application Thread] DEBUG Input                - Registered new binding: Screenshot - CTRL+8
10:51:19.414 [JavaFX Application Thread] DEBUG Input                - Registered new binding: Dev Options - 1
10:51:19.414 [JavaFX Application Thread] DEBUG Input                - Registered new binding: Dev Console - 2
10:51:19.416 [JavaFX Application Thread] DEBUG Input                - Registered new binding: System info dump - CTRL+9
10:51:19.416 [JavaFX Application Thread] DEBUG Input                - Registered new binding: Restart - CTRL+R
10:51:19.417 [JavaFX Application Thread] DEBUG Input                - Registered new binding: Toggle Debug Camera - CTRL+7
10:51:19.420 [JavaFX Application Thread] DEBUG LoopRunner           - Starting loop
10:51:19.422 [FXGL Background Thread 4 ] DEBUG FXGLAssetLoaderServi - Loading from file system: jar:file:/C:/Users/karos/.m2/repository/com/github/almasb/fxgl/17.1/fxgl-17.1.jar!/fxglassets/ui/fonts/Abel-Regular.ttf
10:51:19.434 [JavaFX Application Thread] DEBUG LoopRunner           - Initializing JavaFX AnimationTimerLoop
10:51:19.436 [JavaFX Application Thread] DEBUG GameApplicationServi - Starting new game
10:51:19.437 [JavaFX Application Thread] DEBUG Input                - Clearing active input actions
10:51:19.439 [FXGL Background Thread 4 ] DEBUG FXGLAssetLoaderServi - Loading from file system: jar:file:/C:/Users/karos/.m2/repository/com/github/almasb/fxgl/17.1/fxgl-17.1.jar!/fxglassets/ui/fonts/TerminalLandMono-Regular.otf
10:51:19.443 [FXGL Background Thread 4 ] DEBUG FXGLAssetLoaderServi - Loading from file system: jar:file:/C:/Users/karos/.m2/repository/com/github/almasb/fxgl/17.1/fxgl-17.1.jar!/fxglassets/ui/fonts/Courier-Prime.ttf
10:51:19.449 [JavaFX Application Thread] DEBUG GameApplicationServi - Removing overlay from FXGLStartupScene and adding to FXGLLoadingScene
10:51:19.453 [JavaFX Application Thread] DEBUG PrimaryStageWindow   - FXGLStartupScene -> FXGLLoadingScene
10:51:19.454 [JavaFX Application Thread] DEBUG GameApplicationServi - Clearing previous game
10:51:19.454 [JavaFX Application Thread] DEBUG GameScene            - Clearing game scene
10:51:19.454 [JavaFX Application Thread] DEBUG GameWorld            - Clearing game world
10:51:19.454 [JavaFX Application Thread] DEBUG PhysicsWorld         - Clearing physics world
10:51:19.456 [FXGL Background Thread 4 ] DEBUG FXGLApplication      - Initializing game
10:51:19.457 [FXGL Background Thread 4 ] DEBUG FXGLAssetLoaderServi - Loading from file system: file:/C:/Users/karos/IdeaProjects/HS-Leiden-Kombat/target/classes/assets/textures/Background7.jpeg
10:51:19.518 [FXGL Background Thread 4 ] DEBUG FXGLAssetLoaderServi - Loading from file system: file:/C:/Users/karos/IdeaProjects/HS-Leiden-Kombat/target/classes/assets/textures/spritesheet.png
10:51:19.550 [FXGL Background Thread 4 ] DEBUG Input                - Registered new binding: Move Left - A
10:51:19.550 [FXGL Background Thread 4 ] DEBUG Input                - Registered new binding: Move Right - D
10:51:19.551 [FXGL Background Thread 4 ] DEBUG Input                - Registered new binding: Move Up - W
10:51:19.551 [FXGL Background Thread 4 ] DEBUG Input                - Registered new binding: Duck - S
10:51:19.551 [FXGL Background Thread 4 ] DEBUG Input                - Registered new binding: Move Left 2 - Left
10:51:19.551 [FXGL Background Thread 4 ] DEBUG Input                - Registered new binding: Move Right 2 - Right
10:51:19.551 [FXGL Background Thread 4 ] DEBUG Input                - Registered new binding: Move Up 2 - Up
10:51:19.551 [FXGL Background Thread 4 ] DEBUG Input                - Registered new binding: punch - F
10:51:19.552 [FXGL Background Thread 4 ] DEBUG Input                - Registered new binding: Duck2 - Down
10:51:19.552 [FXGL Background Thread 4 ] INFO  FXGLApplication      - Game initialization took: 0.097 sec
10:51:19.702 [JavaFX Application Thread] DEBUG FXGLApplication      - Registering font factories with UI factory
10:51:19.714 [JavaFX Application Thread] DEBUG Input                - Clearing active input actions
10:51:19.729 [JavaFX Application Thread] DEBUG GameApplicationServi - Removing overlay from FXGLLoadingScene and adding to GameScene
10:51:19.733 [JavaFX Application Thread] DEBUG PrimaryStageWindow   - FXGLLoadingScene -> GameScene
10:51:19.850 [FXGL Background Thread 2 ] INFO  UpdaterService       - Your current version:  17.1
10:51:19.850 [FXGL Background Thread 2 ] INFO  UpdaterService       - Latest stable version: 17.3
10:51:22.359 [FXGL Background Thread 3 ] DEBUG Engine               - Logging environment variables
10:51:22.360 [FXGL Background Thread 3 ] DEBUG Engine               - achievements: []
10:51:22.361 [FXGL Background Thread 3 ] DEBUG Engine               - actualHeight: 720.0
10:51:22.361 [FXGL Background Thread 3 ] DEBUG Engine               - actualHeightProperty: ReadOnlyDoubleProperty [value: 720.0]
10:51:22.361 [FXGL Background Thread 3 ] DEBUG Engine               - actualWidth: 1280.0
10:51:22.361 [FXGL Background Thread 3 ] DEBUG Engine               - actualWidthProperty: ReadOnlyDoubleProperty [value: 1280.0]
10:51:22.362 [FXGL Background Thread 3 ] DEBUG Engine               - appIcon: fxgl_icon.png
10:51:22.362 [FXGL Background Thread 3 ] DEBUG Engine               - applicationMode: DEVELOPER
10:51:22.362 [FXGL Background Thread 3 ] DEBUG Engine               - cSSList: [fxgl_dark.css]
10:51:22.362 [FXGL Background Thread 3 ] DEBUG Engine               - collisionDetectionStrategy: BRUTE_FORCE
10:51:22.362 [FXGL Background Thread 3 ] DEBUG Engine               - configClass: Optional.empty
10:51:22.362 [FXGL Background Thread 3 ] DEBUG Engine               - credits: []
10:51:22.364 [FXGL Background Thread 3 ] DEBUG Engine               - defaultCursor: CursorInfo(imageName=fxgl_default_cursor.png, hotspotX=7.0, hotspotY=6.0)
10:51:22.365 [FXGL Background Thread 3 ] DEBUG Engine               - devBBoxColorProperty: ObjectProperty [value: 0xff0000ff]
10:51:22.365 [FXGL Background Thread 3 ] DEBUG Engine               - devEnableDebugCameraProperty: BooleanProperty [value: false]
10:51:22.365 [FXGL Background Thread 3 ] DEBUG Engine               - devSensorColorProperty: ObjectProperty [value: 0xffff00ff]
10:51:22.365 [FXGL Background Thread 3 ] DEBUG Engine               - devShowBBoxProperty: BooleanProperty [value: false]
10:51:22.365 [FXGL Background Thread 3 ] DEBUG Engine               - devShowPositionProperty: BooleanProperty [value: false]
10:51:22.365 [FXGL Background Thread 3 ] DEBUG Engine               - enabledMenuItems: []
10:51:22.365 [FXGL Background Thread 3 ] DEBUG Engine               - engineServices: [class com.almasb.fxgl.app.services.FXGLAssetLoaderService, class com.almasb.fxgl.app.FXGLApplication$GameApplicationService, class com.almasb.fxgl.app.services.FXGLDialogService, class com.almasb.fxgl.app.services.IOTaskExecutorService, class com.almasb.fxgl.io.FileSystemService, class com.almasb.fxgl.localization.LocalizationService, class com.almasb.fxgl.app.services.SystemBundleService, class com.almasb.fxgl.profile.SaveLoadService, class com.almasb.fxgl.ui.FXGLUIFactoryServiceProvider, class com.almasb.fxgl.ui.FXGLDialogFactoryServiceProvider, class com.almasb.fxgl.audio.AudioPlayer, class com.almasb.fxgl.notification.impl.NotificationServiceProvider, class com.almasb.fxgl.achievement.AchievementService, class com.almasb.fxgl.cutscene.CutsceneService, class com.almasb.fxgl.minigames.MiniGameService, class com.almasb.fxgl.net.NetService, class com.almasb.fxgl.app.services.UpdaterService, class com.almasb.fxgl.dev.DevService]
10:51:22.365 [FXGL Background Thread 3 ] DEBUG Engine               - fontGame: Abel-Regular.ttf
10:51:22.366 [FXGL Background Thread 3 ] DEBUG Engine               - fontMono: TerminalLandMono-Regular.otf
10:51:22.366 [FXGL Background Thread 3 ] DEBUG Engine               - fontText: Courier-Prime.ttf
10:51:22.366 [FXGL Background Thread 3 ] DEBUG Engine               - fontUI: VarelaRound-Regular.ttf
10:51:22.366 [FXGL Background Thread 3 ] DEBUG Engine               - fullScreen: BooleanProperty [value: true]
10:51:22.366 [FXGL Background Thread 3 ] DEBUG Engine               - gameDifficulty: MEDIUM
10:51:22.366 [FXGL Background Thread 3 ] DEBUG Engine               - gameDifficultyProperty: ObjectProperty [value: MEDIUM]
10:51:22.366 [FXGL Background Thread 3 ] DEBUG Engine               - globalMusicVolume: 0.5
10:51:22.366 [FXGL Background Thread 3 ] DEBUG Engine               - globalMusicVolumeProperty: DoubleProperty [value: 0.5]
10:51:22.366 [FXGL Background Thread 3 ] DEBUG Engine               - globalSoundVolume: 0.5
10:51:22.367 [FXGL Background Thread 3 ] DEBUG Engine               - globalSoundVolumeProperty: DoubleProperty [value: 0.5]
10:51:22.367 [FXGL Background Thread 3 ] DEBUG Engine               - height: 600
10:51:22.367 [FXGL Background Thread 3 ] DEBUG Engine               - is3D: false
10:51:22.367 [FXGL Background Thread 3 ] DEBUG Engine               - isAndroid: false
10:51:22.367 [FXGL Background Thread 3 ] DEBUG Engine               - isBrowser: false
10:51:22.367 [FXGL Background Thread 3 ] DEBUG Engine               - isClickFeedbackEnabled: false
10:51:22.367 [FXGL Background Thread 3 ] DEBUG Engine               - isCloseConfirmation: false
10:51:22.367 [FXGL Background Thread 3 ] DEBUG Engine               - isDesktop: true
10:51:22.367 [FXGL Background Thread 3 ] DEBUG Engine               - isDeveloperMenuEnabled: true
10:51:22.367 [FXGL Background Thread 3 ] DEBUG Engine               - isEmbedded: false
10:51:22.368 [FXGL Background Thread 3 ] DEBUG Engine               - isEntityPreloadEnabled: true
10:51:22.368 [FXGL Background Thread 3 ] DEBUG Engine               - isExperimentalTiledLargeMap: false
10:51:22.368 [FXGL Background Thread 3 ] DEBUG Engine               - isFileSystemWriteAllowed: true
10:51:22.368 [FXGL Background Thread 3 ] DEBUG Engine               - isFullScreenAllowed: true
10:51:22.368 [FXGL Background Thread 3 ] DEBUG Engine               - isFullScreenFromStart: true
10:51:22.368 [FXGL Background Thread 3 ] DEBUG Engine               - isGameMenuEnabled: true
10:51:22.368 [FXGL Background Thread 3 ] DEBUG Engine               - isIOS: false
10:51:22.369 [FXGL Background Thread 3 ] DEBUG Engine               - isIntroEnabled: false
10:51:22.369 [FXGL Background Thread 3 ] DEBUG Engine               - isLinux: false
10:51:22.369 [FXGL Background Thread 3 ] DEBUG Engine               - isMac: false
10:51:22.369 [FXGL Background Thread 3 ] DEBUG Engine               - isMainMenuEnabled: false
10:51:22.369 [FXGL Background Thread 3 ] DEBUG Engine               - isManualResizeEnabled: false
10:51:22.369 [FXGL Background Thread 3 ] DEBUG Engine               - isMobile: false
10:51:22.369 [FXGL Background Thread 3 ] DEBUG Engine               - isNative: false
10:51:22.369 [FXGL Background Thread 3 ] DEBUG Engine               - isPauseMusicWhenMinimized: true
10:51:22.370 [FXGL Background Thread 3 ] DEBUG Engine               - isPreserveResizeRatio: false
10:51:22.370 [FXGL Background Thread 3 ] DEBUG Engine               - isProfilingEnabled: false
10:51:22.370 [FXGL Background Thread 3 ] DEBUG Engine               - isScaleAffectedOnResize: true
10:51:22.370 [FXGL Background Thread 3 ] DEBUG Engine               - isSingleStep: false
10:51:22.370 [FXGL Background Thread 3 ] DEBUG Engine               - isUserProfileEnabled: false
10:51:22.370 [FXGL Background Thread 3 ] DEBUG Engine               - isWindows: true
10:51:22.371 [FXGL Background Thread 3 ] DEBUG Engine               - language: ObjectProperty [value: ENGLISH]
10:51:22.371 [FXGL Background Thread 3 ] DEBUG Engine               - menuKey: ESCAPE
10:51:22.371 [FXGL Background Thread 3 ] DEBUG Engine               - mouseSensitivity: 0.2
10:51:22.371 [FXGL Background Thread 3 ] DEBUG Engine               - notificationViewClass: class com.almasb.fxgl.notification.view.XboxNotificationView
10:51:22.371 [FXGL Background Thread 3 ] DEBUG Engine               - pixelsPerMeter: 50.0
10:51:22.372 [FXGL Background Thread 3 ] DEBUG Engine               - platform: WINDOWS
10:51:22.372 [FXGL Background Thread 3 ] DEBUG Engine               - prefHeightProperty: ReadOnlyDoubleProperty [value: 600.0]
10:51:22.372 [FXGL Background Thread 3 ] DEBUG Engine               - prefWidthProperty: ReadOnlyDoubleProperty [value: 800.0]
10:51:22.372 [FXGL Background Thread 3 ] DEBUG Engine               - profileDir: profiles/
10:51:22.372 [FXGL Background Thread 3 ] DEBUG Engine               - profileName: StringProperty [value: DEFAULT]
10:51:22.372 [FXGL Background Thread 3 ] DEBUG Engine               - randomSeed: -1
10:51:22.373 [FXGL Background Thread 3 ] DEBUG Engine               - runtimeInfo: RuntimeInfo(platform=WINDOWS, version=17.1, build=24.03.2022 17.34)
10:51:22.373 [FXGL Background Thread 3 ] DEBUG Engine               - saveFileExt: sav
10:51:22.373 [FXGL Background Thread 3 ] DEBUG Engine               - scaledHeightProp$fxgl: DoubleProperty [bound, value: 720.0]
10:51:22.373 [FXGL Background Thread 3 ] DEBUG Engine               - scaledWidthProp$fxgl: DoubleProperty [bound, value: 1280.0]
10:51:22.373 [FXGL Background Thread 3 ] DEBUG Engine               - sceneFactory: com.almasb.fxgl.app.scene.SceneFactory@1aa7db8
10:51:22.374 [FXGL Background Thread 3 ] DEBUG Engine               - secondsIn24h: 60
10:51:22.374 [FXGL Background Thread 3 ] DEBUG Engine               - soundMenuBack: menu/back.wav
10:51:22.374 [FXGL Background Thread 3 ] DEBUG Engine               - soundMenuPress: menu/press.wav
10:51:22.374 [FXGL Background Thread 3 ] DEBUG Engine               - soundMenuSelect: menu/select.wav
10:51:22.375 [FXGL Background Thread 3 ] DEBUG Engine               - soundNotification: core/notification.wav
10:51:22.375 [FXGL Background Thread 3 ] DEBUG Engine               - stageStyle: DECORATED
10:51:22.375 [FXGL Background Thread 3 ] DEBUG Engine               - supportedLanguages: [ENGLISH, FRENCH, GERMAN, HUNGARIAN, RUSSIAN]
10:51:22.375 [FXGL Background Thread 3 ] DEBUG Engine               - ticksPerSecond: -1
10:51:22.375 [FXGL Background Thread 3 ] DEBUG Engine               - title: Hsleiden Kombat
10:51:22.375 [FXGL Background Thread 3 ] DEBUG Engine               - urlGithub: https://github.com/AlmasB/FXGL
10:51:22.375 [FXGL Background Thread 3 ] DEBUG Engine               - urlLeaderboard: http://fxgl-top.herokuapp.com/
10:51:22.375 [FXGL Background Thread 3 ] DEBUG Engine               - urlPOM: https://raw.githubusercontent.com/AlmasB/FXGL/release/README.md
10:51:22.375 [FXGL Background Thread 3 ] DEBUG Engine               - userAppClass: class com.hsleidenKombat.Game
10:51:22.376 [FXGL Background Thread 3 ] DEBUG Engine               - version: 0.0
10:51:22.376 [FXGL Background Thread 3 ] DEBUG Engine               - versionCheckDays: 7
10:51:22.376 [FXGL Background Thread 3 ] DEBUG Engine               - width: 800
10:51:22.376 [FXGL Background Thread 3 ] DEBUG Engine               - Logging services
10:51:22.376 [FXGL Background Thread 3 ] DEBUG Engine               - class com.almasb.fxgl.app.services.FXGLAssetLoaderService
10:51:22.376 [FXGL Background Thread 3 ] DEBUG Engine               - class com.almasb.fxgl.app.FXGLApplication$GameApplicationService
10:51:22.376 [FXGL Background Thread 3 ] DEBUG Engine               - class com.almasb.fxgl.app.services.FXGLDialogService
10:51:22.376 [FXGL Background Thread 3 ] DEBUG Engine               - class com.almasb.fxgl.app.services.IOTaskExecutorService
10:51:22.377 [FXGL Background Thread 3 ] DEBUG Engine               - class com.almasb.fxgl.io.FileSystemService
10:51:22.377 [FXGL Background Thread 3 ] DEBUG Engine               - class com.almasb.fxgl.localization.LocalizationService
10:51:22.377 [FXGL Background Thread 3 ] DEBUG Engine               - class com.almasb.fxgl.app.services.SystemBundleService
10:51:22.377 [FXGL Background Thread 3 ] DEBUG Engine               - class com.almasb.fxgl.profile.SaveLoadService
10:51:22.377 [FXGL Background Thread 3 ] DEBUG Engine               - class com.almasb.fxgl.ui.FXGLUIFactoryServiceProvider
10:51:22.377 [FXGL Background Thread 3 ] DEBUG Engine               - class com.almasb.fxgl.ui.FXGLDialogFactoryServiceProvider
10:51:22.377 [FXGL Background Thread 3 ] DEBUG Engine               - class com.almasb.fxgl.audio.AudioPlayer
10:51:22.377 [FXGL Background Thread 3 ] DEBUG Engine               - class com.almasb.fxgl.notification.impl.NotificationServiceProvider
10:51:22.377 [FXGL Background Thread 3 ] DEBUG Engine               - class com.almasb.fxgl.achievement.AchievementService
10:51:22.377 [FXGL Background Thread 3 ] DEBUG Engine               - class com.almasb.fxgl.cutscene.CutsceneService
10:51:22.377 [FXGL Background Thread 3 ] DEBUG Engine               - class com.almasb.fxgl.minigames.MiniGameService
10:51:22.379 [FXGL Background Thread 3 ] DEBUG Engine               - class com.almasb.fxgl.net.NetService
10:51:22.379 [FXGL Background Thread 3 ] DEBUG Engine               - class com.almasb.fxgl.app.services.UpdaterService
10:51:22.379 [FXGL Background Thread 3 ] DEBUG Engine               - class com.almasb.fxgl.dev.DevService
10:51:23.924 [JavaFX Application Thread] DEBUG PrimaryStageWindow   - Push state: FXGLDefaultMenu
10:51:23.927 [JavaFX Application Thread] DEBUG Input                - Clearing active input actions
10:51:23.929 [JavaFX Application Thread] DEBUG GameApplicationServi - Removing overlay from GameScene and adding to FXGLDefaultMenu
10:51:23.932 [JavaFX Application Thread] DEBUG PrimaryStageWindow   - GameScene -> FXGLDefaultMenu
10:51:25.397 [JavaFX Application Thread] DEBUG Menu                 - fireExit()
10:51:25.401 [JavaFX Application Thread] DEBUG PrimaryStageWindow   - Push state: DialogSubScene
10:51:25.401 [JavaFX Application Thread] DEBUG Input                - Clearing active input actions
10:51:25.402 [JavaFX Application Thread] DEBUG GameApplicationServi - Removing overlay from FXGLDefaultMenu and adding to DialogSubScene
10:51:25.405 [JavaFX Application Thread] DEBUG PrimaryStageWindow   - FXGLDefaultMenu -> DialogSubScene
10:51:26.210 [JavaFX Application Thread] DEBUG PrimaryStageWindow   - Pop state: DialogSubScene
10:51:26.210 [JavaFX Application Thread] DEBUG Input                - Clearing active input actions
10:51:26.212 [JavaFX Application Thread] DEBUG GameApplicationServi - Removing overlay from DialogSubScene and adding to FXGLDefaultMenu
10:51:26.214 [JavaFX Application Thread] DEBUG PrimaryStageWindow   - FXGLDefaultMenu <- DialogSubScene
10:51:26.214 [JavaFX Application Thread] DEBUG FXGLApplication      - Exiting FXGL
10:51:26.214 [JavaFX Application Thread] DEBUG LoopRunner           - Stopping loop
10:51:26.214 [JavaFX Application Thread] DEBUG SystemBundleService  - Saving FXGL system data
10:51:26.216 [JavaFX Application Thread] DEBUG FileSystemAccess     - Writing to: C:\Users\karos\IdeaProjects\HS-Leiden-Kombat\system\fxgl.bundle
10:51:26.219 [JavaFX Application Thread] DEBUG Async                - Shutting down background threads
10:51:26.219 [JavaFX Application Thread] DEBUG PrimaryStageWindow   - Closing main window
10:51:26.241 [JavaFX Application Thread] DEBUG Logger               - Closing Logger
