16:13:55.306 [main                     ] DEBUG Logger               - Configured Logger
16:13:55.329 [main                     ] DEBUG GameApplication      - Logging settings
Title: Hsleiden Kombat
Version: 0.0
Width: 800
Height: 600
Fullscreen: false
Intro: false
Profiling: false
Single step:false
App Mode: DEVELOPER
Menu Key: ESCAPE
Stage Style: DECORATED
Scene Factory: class com.almasb.fxgl.app.scene.SceneFactory

16:13:55.669 [JavaFX Application Thread] DEBUG FXGLApplication      - Initializing FXGL
16:13:55.673 [JavaFX Application Thread] INFO  Engine               - FXGL-17.1 (24.03.2022 17.34) on WINDOWS (J:19.0.1 FX:19-ea)
16:13:55.673 [JavaFX Application Thread] DEBUG Engine               - JRE Vendor Name: Oracle Corporation
16:13:55.675 [JavaFX Application Thread] DEBUG Engine               - Running on OS: Windows 11 version 10.0
16:13:55.675 [JavaFX Application Thread] DEBUG Engine               - Architecture: amd64
16:13:55.675 [JavaFX Application Thread] INFO  Engine               - Source code and latest versions at: https://github.com/AlmasB/FXGL
16:13:55.675 [JavaFX Application Thread] INFO  Engine               -       Ask questions and discuss at: https://github.com/AlmasB/FXGL/discussions
16:13:55.675 [JavaFX Application Thread] INFO  Engine               -              Join the FXGL chat at: https://gitter.im/AlmasB/FXGL
16:13:55.775 [JavaFX Application Thread] DEBUG PrimaryStageWindow   - Creating a JavaFX scene
16:13:55.815 [JavaFX Application Thread] DEBUG PrimaryStageWindow   - Target settings size: 800.0 x 600.0
16:13:55.815 [JavaFX Application Thread] DEBUG PrimaryStageWindow   - Scaled scene size:    800.0 x 600.0
16:13:55.815 [JavaFX Application Thread] DEBUG PrimaryStageWindow   - Scaled ratio: (1.0, 1.0)
16:13:55.816 [JavaFX Application Thread] DEBUG PrimaryStageWindow   - Set initial scene to FXGLStartupScene
16:13:55.822 [JavaFX Application Thread] DEBUG PrimaryStageWindow   - Opening main window
16:13:55.892 [JavaFX Application Thread] DEBUG PrimaryStageWindow   - Window border size: (14.66668701171875, 37.33331298828125)
16:13:55.892 [JavaFX Application Thread] DEBUG PrimaryStageWindow   - Scaled size: 800.0 x 600.0
16:13:55.892 [JavaFX Application Thread] DEBUG PrimaryStageWindow   - Scaled ratio: (1.0, 1.0)
16:13:55.892 [JavaFX Application Thread] DEBUG PrimaryStageWindow   - Scene size: 800.0 x 600.0
16:13:55.892 [JavaFX Application Thread] DEBUG PrimaryStageWindow   - Stage size: 814.6666870117188 x 637.3333129882812
16:13:55.899 [FXGL Background Thread 1 ] DEBUG Engine               - Initializing environment variables
16:13:55.954 [FXGL Background Thread 1 ] DEBUG FXGLAssetLoaderServi - User app class for loading assets: class com.hsleidenKombat.Game
16:13:55.954 [FXGL Background Thread 1 ] DEBUG GameApplicationServi - Applying CSS: fxgl_dark.css
16:13:55.955 [FXGL Background Thread 1 ] DEBUG FXGLAssetLoaderServi - Loading from file system: jar:file:/C:/Users/karos/.m2/repository/com/github/almasb/fxgl/17.1/fxgl-17.1.jar!/fxglassets/ui/css/fxgl_dark.css
16:13:55.992 [FXGL Background Thread 1 ] DEBUG GameApplicationServi - Initializing application scenes
16:13:56.023 [FXGL Background Thread 1 ] DEBUG GameWorld            - Game world initialized
16:13:56.070 [FXGL Background Thread 1 ] DEBUG PhysicsWorld         - Physics world initialized: appHeight=600, physics.ppm=50.0
16:13:56.070 [FXGL Background Thread 1 ] DEBUG PhysicsWorld         - Using strategy: BRUTE_FORCE
16:13:56.073 [FXGL Background Thread 1 ] DEBUG GameScene            - Game scene initialized: 800x600
16:13:56.083 [FXGL Background Thread 1 ] DEBUG FXGL.DefaultMenu     - createMenuBodyGameMenu()
16:13:56.095 [FXGL Background Thread 1 ] DEBUG FXGL.DefaultMenu     - createOptionsMenu()
16:13:56.103 [FXGL Background Thread 1 ] DEBUG FXGLAssetLoaderServi - Loading from file system: jar:file:/C:/Users/karos/.m2/repository/com/github/almasb/fxgl/17.1/fxgl-17.1.jar!/fxglassets/textures/particles/smoke.png
16:13:56.215 [FXGL Background Thread 1 ] DEBUG FXGLAssetLoaderServi - Loading from file system: jar:file:/C:/Users/karos/.m2/repository/com/github/almasb/fxgl/17.1/fxgl-17.1.jar!/fxglassets/textures/particles/trace_horizontal.png
16:13:56.247 [FXGL Background Thread 1 ] DEBUG GameApplicationServi - Application scenes initialized
16:13:56.259 [FXGL Background Thread 1 ] DEBUG SystemBundleService  - Loading FXGL system data
16:13:56.263 [FXGL Background Thread 1 ] DEBUG FileSystemAccess     - Reading from: C:\Users\karos\IdeaProjects\HS-Leiden-Kombat\system\fxgl.bundle
16:13:56.272 [FXGL Background Thread 1 ] DEBUG SystemBundleService  - Bundle FXGL: {}
16:13:56.272 [FXGL Background Thread 1 ] DEBUG UpdaterService       - Checking for updates
16:13:56.300 [FXGL Background Thread 4 ] DEBUG FXGLApplication      - Loading fonts
16:13:56.301 [FXGL Background Thread 1 ] DEBUG FXGLApplication      - Loading default localization
16:13:56.301 [FXGL Background Thread 1 ] DEBUG FXGLAssetLoaderServi - Loading from file system: jar:file:/C:/Users/karos/.m2/repository/com/github/almasb/fxgl/17.1/fxgl-17.1.jar!/fxglassets/languages/english.lang
16:13:56.301 [FXGL Background Thread 4 ] DEBUG FXGLAssetLoaderServi - Loading from file system: jar:file:/C:/Users/karos/.m2/repository/com/github/almasb/fxgl/17.1/fxgl-17.1.jar!/fxglassets/ui/fonts/VarelaRound-Regular.ttf
16:13:56.320 [FXGL Background Thread 1 ] INFO  FXGLApplication      - FXGL initialization took: 0.420 sec
16:13:56.321 [JavaFX Application Thread] DEBUG FXGLAssetLoaderServi - Loading from file system: jar:file:/C:/Users/karos/.m2/repository/com/github/almasb/fxgl/17.1/fxgl-17.1.jar!/fxglassets/textures/fxgl_icon.png
16:13:56.344 [JavaFX Application Thread] DEBUG FXGLAssetLoaderServi - Loading from file system: jar:file:/C:/Users/karos/.m2/repository/com/github/almasb/fxgl/17.1/fxgl-17.1.jar!/fxglassets/textures/fxgl_default_cursor.png
16:13:56.355 [FXGL Background Thread 4 ] DEBUG FXGLAssetLoaderServi - Loading from file system: jar:file:/C:/Users/karos/.m2/repository/com/github/almasb/fxgl/17.1/fxgl-17.1.jar!/fxglassets/ui/fonts/Abel-Regular.ttf
16:13:56.355 [JavaFX Application Thread] DEBUG Input                - Registered new binding: Screenshot - CTRL+8
16:13:56.356 [JavaFX Application Thread] DEBUG Input                - Registered new binding: Dev Options - 1
16:13:56.356 [JavaFX Application Thread] DEBUG Input                - Registered new binding: Dev Console - 2
16:13:56.357 [JavaFX Application Thread] DEBUG Input                - Registered new binding: System info dump - CTRL+9
16:13:56.357 [JavaFX Application Thread] DEBUG Input                - Registered new binding: Restart - CTRL+R
16:13:56.358 [JavaFX Application Thread] DEBUG Input                - Registered new binding: Toggle Debug Camera - CTRL+7
16:13:56.359 [FXGL Background Thread 4 ] DEBUG FXGLAssetLoaderServi - Loading from file system: jar:file:/C:/Users/karos/.m2/repository/com/github/almasb/fxgl/17.1/fxgl-17.1.jar!/fxglassets/ui/fonts/TerminalLandMono-Regular.otf
16:13:56.361 [JavaFX Application Thread] DEBUG LoopRunner           - Starting loop
16:13:56.364 [FXGL Background Thread 4 ] DEBUG FXGLAssetLoaderServi - Loading from file system: jar:file:/C:/Users/karos/.m2/repository/com/github/almasb/fxgl/17.1/fxgl-17.1.jar!/fxglassets/ui/fonts/Courier-Prime.ttf
16:13:56.379 [JavaFX Application Thread] DEBUG LoopRunner           - Initializing JavaFX AnimationTimerLoop
16:13:56.382 [JavaFX Application Thread] DEBUG GameApplicationServi - Starting new game
16:13:56.382 [JavaFX Application Thread] DEBUG Input                - Clearing active input actions
16:13:56.392 [JavaFX Application Thread] DEBUG GameApplicationServi - Removing overlay from FXGLStartupScene and adding to FXGLLoadingScene
16:13:56.396 [JavaFX Application Thread] DEBUG PrimaryStageWindow   - FXGLStartupScene -> FXGLLoadingScene
16:13:56.396 [JavaFX Application Thread] DEBUG GameApplicationServi - Clearing previous game
16:13:56.396 [JavaFX Application Thread] DEBUG GameScene            - Clearing game scene
16:13:56.396 [JavaFX Application Thread] DEBUG GameWorld            - Clearing game world
16:13:56.396 [JavaFX Application Thread] DEBUG PhysicsWorld         - Clearing physics world
16:13:56.398 [FXGL Background Thread 4 ] DEBUG FXGLApplication      - Initializing game
16:13:56.401 [JavaFX Application Thread] DEBUG FXGLApplication      - Registering font factories with UI factory
16:13:56.403 [FXGL Background Thread 4 ] DEBUG FXGLAssetLoaderServi - Loading from file system: file:/C:/Users/karos/IdeaProjects/HS-Leiden-Kombat/target/classes/assets/textures/spritesheet.png
16:13:56.431 [FXGL Background Thread 4 ] DEBUG Input                - Registered new binding: Move Left - A
16:13:56.432 [FXGL Background Thread 4 ] DEBUG Input                - Registered new binding: Move Right - D
16:13:56.432 [FXGL Background Thread 4 ] DEBUG Input                - Registered new binding: Move Up - W
16:13:56.432 [FXGL Background Thread 4 ] DEBUG Input                - Registered new binding: Duck - S
16:13:56.432 [FXGL Background Thread 4 ] DEBUG Input                - Registered new binding: Move Left 2 - Left
16:13:56.432 [FXGL Background Thread 4 ] DEBUG Input                - Registered new binding: Move Right 2 - Right
16:13:56.432 [FXGL Background Thread 4 ] DEBUG Input                - Registered new binding: Move Up 2 - Up
16:13:56.432 [FXGL Background Thread 4 ] DEBUG Input                - Registered new binding: Duck2 - Down
16:13:56.433 [FXGL Background Thread 4 ] INFO  FXGLApplication      - Game initialization took: 0.035 sec
16:13:56.618 [JavaFX Application Thread] DEBUG Input                - Clearing active input actions
16:13:56.627 [JavaFX Application Thread] DEBUG GameApplicationServi - Removing overlay from FXGLLoadingScene and adding to GameScene
16:13:56.631 [JavaFX Application Thread] DEBUG PrimaryStageWindow   - FXGLLoadingScene -> GameScene
16:13:56.695 [FXGL Background Thread 2 ] INFO  UpdaterService       - Your current version:  17.1
16:13:56.696 [FXGL Background Thread 2 ] INFO  UpdaterService       - Latest stable version: 17.3
16:13:59.300 [FXGL Background Thread 3 ] DEBUG Engine               - Logging environment variables
16:13:59.300 [FXGL Background Thread 3 ] DEBUG Engine               - achievements: []
16:13:59.300 [FXGL Background Thread 3 ] DEBUG Engine               - actualHeight: 600.0
16:13:59.300 [FXGL Background Thread 3 ] DEBUG Engine               - actualHeightProperty: ReadOnlyDoubleProperty [value: 600.0]
16:13:59.300 [FXGL Background Thread 3 ] DEBUG Engine               - actualWidth: 800.0
16:13:59.300 [FXGL Background Thread 3 ] DEBUG Engine               - actualWidthProperty: ReadOnlyDoubleProperty [value: 800.0]
16:13:59.300 [FXGL Background Thread 3 ] DEBUG Engine               - appIcon: fxgl_icon.png
16:13:59.300 [FXGL Background Thread 3 ] DEBUG Engine               - applicationMode: DEVELOPER
16:13:59.300 [FXGL Background Thread 3 ] DEBUG Engine               - cSSList: [fxgl_dark.css]
16:13:59.300 [FXGL Background Thread 3 ] DEBUG Engine               - collisionDetectionStrategy: BRUTE_FORCE
16:13:59.300 [FXGL Background Thread 3 ] DEBUG Engine               - configClass: Optional.empty
16:13:59.300 [FXGL Background Thread 3 ] DEBUG Engine               - credits: []
16:13:59.301 [FXGL Background Thread 3 ] DEBUG Engine               - defaultCursor: CursorInfo(imageName=fxgl_default_cursor.png, hotspotX=7.0, hotspotY=6.0)
16:13:59.301 [FXGL Background Thread 3 ] DEBUG Engine               - devBBoxColorProperty: ObjectProperty [value: 0xff0000ff]
16:13:59.301 [FXGL Background Thread 3 ] DEBUG Engine               - devEnableDebugCameraProperty: BooleanProperty [value: false]
16:13:59.301 [FXGL Background Thread 3 ] DEBUG Engine               - devSensorColorProperty: ObjectProperty [value: 0xffff00ff]
16:13:59.301 [FXGL Background Thread 3 ] DEBUG Engine               - devShowBBoxProperty: BooleanProperty [value: false]
16:13:59.301 [FXGL Background Thread 3 ] DEBUG Engine               - devShowPositionProperty: BooleanProperty [value: false]
16:13:59.301 [FXGL Background Thread 3 ] DEBUG Engine               - enabledMenuItems: []
16:13:59.301 [FXGL Background Thread 3 ] DEBUG Engine               - engineServices: [class com.almasb.fxgl.app.services.FXGLAssetLoaderService, class com.almasb.fxgl.app.FXGLApplication$GameApplicationService, class com.almasb.fxgl.app.services.FXGLDialogService, class com.almasb.fxgl.app.services.IOTaskExecutorService, class com.almasb.fxgl.io.FileSystemService, class com.almasb.fxgl.localization.LocalizationService, class com.almasb.fxgl.app.services.SystemBundleService, class com.almasb.fxgl.profile.SaveLoadService, class com.almasb.fxgl.ui.FXGLUIFactoryServiceProvider, class com.almasb.fxgl.ui.FXGLDialogFactoryServiceProvider, class com.almasb.fxgl.audio.AudioPlayer, class com.almasb.fxgl.notification.impl.NotificationServiceProvider, class com.almasb.fxgl.achievement.AchievementService, class com.almasb.fxgl.cutscene.CutsceneService, class com.almasb.fxgl.minigames.MiniGameService, class com.almasb.fxgl.net.NetService, class com.almasb.fxgl.app.services.UpdaterService, class com.almasb.fxgl.dev.DevService]
16:13:59.302 [FXGL Background Thread 3 ] DEBUG Engine               - fontGame: Abel-Regular.ttf
16:13:59.302 [FXGL Background Thread 3 ] DEBUG Engine               - fontMono: TerminalLandMono-Regular.otf
16:13:59.302 [FXGL Background Thread 3 ] DEBUG Engine               - fontText: Courier-Prime.ttf
16:13:59.302 [FXGL Background Thread 3 ] DEBUG Engine               - fontUI: VarelaRound-Regular.ttf
16:13:59.302 [FXGL Background Thread 3 ] DEBUG Engine               - fullScreen: BooleanProperty [value: false]
16:13:59.302 [FXGL Background Thread 3 ] DEBUG Engine               - gameDifficulty: MEDIUM
16:13:59.302 [FXGL Background Thread 3 ] DEBUG Engine               - gameDifficultyProperty: ObjectProperty [value: MEDIUM]
16:13:59.302 [FXGL Background Thread 3 ] DEBUG Engine               - globalMusicVolume: 0.5
16:13:59.302 [FXGL Background Thread 3 ] DEBUG Engine               - globalMusicVolumeProperty: DoubleProperty [value: 0.5]
16:13:59.302 [FXGL Background Thread 3 ] DEBUG Engine               - globalSoundVolume: 0.5
16:13:59.302 [FXGL Background Thread 3 ] DEBUG Engine               - globalSoundVolumeProperty: DoubleProperty [value: 0.5]
16:13:59.303 [FXGL Background Thread 3 ] DEBUG Engine               - height: 600
16:13:59.303 [FXGL Background Thread 3 ] DEBUG Engine               - is3D: false
16:13:59.303 [FXGL Background Thread 3 ] DEBUG Engine               - isAndroid: false
16:13:59.303 [FXGL Background Thread 3 ] DEBUG Engine               - isBrowser: false
16:13:59.303 [FXGL Background Thread 3 ] DEBUG Engine               - isClickFeedbackEnabled: false
16:13:59.303 [FXGL Background Thread 3 ] DEBUG Engine               - isCloseConfirmation: false
16:13:59.303 [FXGL Background Thread 3 ] DEBUG Engine               - isDesktop: true
16:13:59.303 [FXGL Background Thread 3 ] DEBUG Engine               - isDeveloperMenuEnabled: true
16:13:59.303 [FXGL Background Thread 3 ] DEBUG Engine               - isEmbedded: false
16:13:59.303 [FXGL Background Thread 3 ] DEBUG Engine               - isEntityPreloadEnabled: true
16:13:59.303 [FXGL Background Thread 3 ] DEBUG Engine               - isExperimentalTiledLargeMap: false
16:13:59.303 [FXGL Background Thread 3 ] DEBUG Engine               - isFileSystemWriteAllowed: true
16:13:59.303 [FXGL Background Thread 3 ] DEBUG Engine               - isFullScreenAllowed: false
16:13:59.303 [FXGL Background Thread 3 ] DEBUG Engine               - isFullScreenFromStart: false
16:13:59.303 [FXGL Background Thread 3 ] DEBUG Engine               - isGameMenuEnabled: true
16:13:59.305 [FXGL Background Thread 3 ] DEBUG Engine               - isIOS: false
16:13:59.305 [FXGL Background Thread 3 ] DEBUG Engine               - isIntroEnabled: false
16:13:59.305 [FXGL Background Thread 3 ] DEBUG Engine               - isLinux: false
16:13:59.305 [FXGL Background Thread 3 ] DEBUG Engine               - isMac: false
16:13:59.305 [FXGL Background Thread 3 ] DEBUG Engine               - isMainMenuEnabled: false
16:13:59.305 [FXGL Background Thread 3 ] DEBUG Engine               - isManualResizeEnabled: false
16:13:59.305 [FXGL Background Thread 3 ] DEBUG Engine               - isMobile: false
16:13:59.305 [FXGL Background Thread 3 ] DEBUG Engine               - isNative: false
16:13:59.305 [FXGL Background Thread 3 ] DEBUG Engine               - isPauseMusicWhenMinimized: true
16:13:59.305 [FXGL Background Thread 3 ] DEBUG Engine               - isPreserveResizeRatio: false
16:13:59.305 [FXGL Background Thread 3 ] DEBUG Engine               - isProfilingEnabled: false
16:13:59.305 [FXGL Background Thread 3 ] DEBUG Engine               - isScaleAffectedOnResize: true
16:13:59.305 [FXGL Background Thread 3 ] DEBUG Engine               - isSingleStep: false
16:13:59.305 [FXGL Background Thread 3 ] DEBUG Engine               - isUserProfileEnabled: false
16:13:59.305 [FXGL Background Thread 3 ] DEBUG Engine               - isWindows: true
16:13:59.305 [FXGL Background Thread 3 ] DEBUG Engine               - language: ObjectProperty [value: ENGLISH]
16:13:59.305 [FXGL Background Thread 3 ] DEBUG Engine               - menuKey: ESCAPE
16:13:59.305 [FXGL Background Thread 3 ] DEBUG Engine               - mouseSensitivity: 0.2
16:13:59.305 [FXGL Background Thread 3 ] DEBUG Engine               - notificationViewClass: class com.almasb.fxgl.notification.view.XboxNotificationView
16:13:59.305 [FXGL Background Thread 3 ] DEBUG Engine               - pixelsPerMeter: 50.0
16:13:59.305 [FXGL Background Thread 3 ] DEBUG Engine               - platform: WINDOWS
16:13:59.305 [FXGL Background Thread 3 ] DEBUG Engine               - prefHeightProperty: ReadOnlyDoubleProperty [value: 600.0]
16:13:59.305 [FXGL Background Thread 3 ] DEBUG Engine               - prefWidthProperty: ReadOnlyDoubleProperty [value: 800.0]
16:13:59.305 [FXGL Background Thread 3 ] DEBUG Engine               - profileDir: profiles/
16:13:59.305 [FXGL Background Thread 3 ] DEBUG Engine               - profileName: StringProperty [value: DEFAULT]
16:13:59.305 [FXGL Background Thread 3 ] DEBUG Engine               - randomSeed: -1
16:13:59.306 [FXGL Background Thread 3 ] DEBUG Engine               - runtimeInfo: RuntimeInfo(platform=WINDOWS, version=17.1, build=24.03.2022 17.34)
16:13:59.306 [FXGL Background Thread 3 ] DEBUG Engine               - saveFileExt: sav
16:13:59.306 [FXGL Background Thread 3 ] DEBUG Engine               - scaledHeightProp$fxgl: DoubleProperty [bound, value: 600.0]
16:13:59.306 [FXGL Background Thread 3 ] DEBUG Engine               - scaledWidthProp$fxgl: DoubleProperty [bound, value: 800.0]
16:13:59.306 [FXGL Background Thread 3 ] DEBUG Engine               - sceneFactory: com.almasb.fxgl.app.scene.SceneFactory@2653e7cf
16:13:59.307 [FXGL Background Thread 3 ] DEBUG Engine               - secondsIn24h: 60
16:13:59.307 [FXGL Background Thread 3 ] DEBUG Engine               - soundMenuBack: menu/back.wav
16:13:59.307 [FXGL Background Thread 3 ] DEBUG Engine               - soundMenuPress: menu/press.wav
16:13:59.307 [FXGL Background Thread 3 ] DEBUG Engine               - soundMenuSelect: menu/select.wav
16:13:59.307 [FXGL Background Thread 3 ] DEBUG Engine               - soundNotification: core/notification.wav
16:13:59.307 [FXGL Background Thread 3 ] DEBUG Engine               - stageStyle: DECORATED
16:13:59.307 [FXGL Background Thread 3 ] DEBUG Engine               - supportedLanguages: [ENGLISH, FRENCH, GERMAN, HUNGARIAN, RUSSIAN]
16:13:59.307 [FXGL Background Thread 3 ] DEBUG Engine               - ticksPerSecond: -1
16:13:59.307 [FXGL Background Thread 3 ] DEBUG Engine               - title: Hsleiden Kombat
16:13:59.307 [FXGL Background Thread 3 ] DEBUG Engine               - urlGithub: https://github.com/AlmasB/FXGL
16:13:59.307 [FXGL Background Thread 3 ] DEBUG Engine               - urlLeaderboard: http://fxgl-top.herokuapp.com/
16:13:59.307 [FXGL Background Thread 3 ] DEBUG Engine               - urlPOM: https://raw.githubusercontent.com/AlmasB/FXGL/release/README.md
16:13:59.307 [FXGL Background Thread 3 ] DEBUG Engine               - userAppClass: class com.hsleidenKombat.Game
16:13:59.307 [FXGL Background Thread 3 ] DEBUG Engine               - version: 0.0
16:13:59.307 [FXGL Background Thread 3 ] DEBUG Engine               - versionCheckDays: 7
16:13:59.307 [FXGL Background Thread 3 ] DEBUG Engine               - width: 800
16:13:59.307 [FXGL Background Thread 3 ] DEBUG Engine               - Logging services
16:13:59.307 [FXGL Background Thread 3 ] DEBUG Engine               - class com.almasb.fxgl.app.services.FXGLAssetLoaderService
16:13:59.307 [FXGL Background Thread 3 ] DEBUG Engine               - class com.almasb.fxgl.app.FXGLApplication$GameApplicationService
16:13:59.307 [FXGL Background Thread 3 ] DEBUG Engine               - class com.almasb.fxgl.app.services.FXGLDialogService
16:13:59.307 [FXGL Background Thread 3 ] DEBUG Engine               - class com.almasb.fxgl.app.services.IOTaskExecutorService
16:13:59.308 [FXGL Background Thread 3 ] DEBUG Engine               - class com.almasb.fxgl.io.FileSystemService
16:13:59.308 [FXGL Background Thread 3 ] DEBUG Engine               - class com.almasb.fxgl.localization.LocalizationService
16:13:59.308 [FXGL Background Thread 3 ] DEBUG Engine               - class com.almasb.fxgl.app.services.SystemBundleService
16:13:59.308 [FXGL Background Thread 3 ] DEBUG Engine               - class com.almasb.fxgl.profile.SaveLoadService
16:13:59.308 [FXGL Background Thread 3 ] DEBUG Engine               - class com.almasb.fxgl.ui.FXGLUIFactoryServiceProvider
16:13:59.308 [FXGL Background Thread 3 ] DEBUG Engine               - class com.almasb.fxgl.ui.FXGLDialogFactoryServiceProvider
16:13:59.308 [FXGL Background Thread 3 ] DEBUG Engine               - class com.almasb.fxgl.audio.AudioPlayer
16:13:59.308 [FXGL Background Thread 3 ] DEBUG Engine               - class com.almasb.fxgl.notification.impl.NotificationServiceProvider
16:13:59.308 [FXGL Background Thread 3 ] DEBUG Engine               - class com.almasb.fxgl.achievement.AchievementService
16:13:59.308 [FXGL Background Thread 3 ] DEBUG Engine               - class com.almasb.fxgl.cutscene.CutsceneService
16:13:59.308 [FXGL Background Thread 3 ] DEBUG Engine               - class com.almasb.fxgl.minigames.MiniGameService
16:13:59.308 [FXGL Background Thread 3 ] DEBUG Engine               - class com.almasb.fxgl.net.NetService
16:13:59.308 [FXGL Background Thread 3 ] DEBUG Engine               - class com.almasb.fxgl.app.services.UpdaterService
16:13:59.308 [FXGL Background Thread 3 ] DEBUG Engine               - class com.almasb.fxgl.dev.DevService
16:13:59.710 [JavaFX Application Thread] DEBUG LoopRunner           - Stopping loop
16:13:59.713 [JavaFX Application Thread] FATAL FXGLApplication      - Uncaught Exception:
java.lang.IllegalArgumentException: Component HealthComponent not found!
	at com.almasb.fxgl.entity.Entity.getComponent(Entity.java:366)
	at com.hsleidenKombat.Game$9.onCollision(Game.java:143)
	at com.almasb.fxgl.physics.CollisionPair.collision(CollisionPair.java:41)
	at com.almasb.fxgl.physics.PhysicsWorld.notifyCollisions(PhysicsWorld.java:486)
	at com.almasb.fxgl.physics.PhysicsWorld.onUpdate(PhysicsWorld.java:180)
	at com.almasb.fxgl.app.scene.GameScene.step(GameScene.kt:225)
	at com.almasb.fxgl.app.scene.GameScene.onUpdate(GameScene.kt:220)
	at com.almasb.fxgl.scene.Scene.update(Scene.kt:105)
	at com.almasb.fxgl.app.MainWindow$update$1.invoke(MainWindow.kt:115)
	at com.almasb.fxgl.app.MainWindow$update$1.invoke(MainWindow.kt:115)
	at com.almasb.fxgl.core.fsm.StateMachine.runOnActiveStates(StateMachine.kt:69)
	at com.almasb.fxgl.app.MainWindow.update(MainWindow.kt:115)
	at com.almasb.fxgl.app.FXGLApplication$GameApplicationService.onUpdate(FXGLApplication.kt:426)
	at com.almasb.fxgl.app.Engine.loop(Engine.kt:134)
	at com.almasb.fxgl.app.Engine.access$loop(Engine.kt:24)
	at com.almasb.fxgl.app.Engine$loop$1.invoke(Engine.kt:28)
	at com.almasb.fxgl.app.Engine$loop$1.invoke(Engine.kt:28)
	at com.almasb.fxgl.app.LoopRunner.frame(LoopRunner.kt:103)
	at com.almasb.fxgl.app.LoopRunner.access$frame(LoopRunner.kt:23)
	at com.almasb.fxgl.app.LoopRunner$impl$2$1.onTick(LoopRunner.kt:57)
	at com.almasb.fxgl.app.AnimationTimerLoop$timer$1.handle(LoopRunner.kt:137)
	at javafx.animation.AnimationTimer$AnimationTimerReceiver.lambda$handle$0(AnimationTimer.java:58)
	at java.base/java.security.AccessController.doPrivileged(AccessController.java:399)
	at javafx.animation.AnimationTimer$AnimationTimerReceiver.handle(AnimationTimer.java:57)
	at com.sun.scenario.animation.AbstractPrimaryTimer.timePulseImpl(AbstractPrimaryTimer.java:356)
	at com.sun.scenario.animation.AbstractPrimaryTimer$MainLoop.run(AbstractPrimaryTimer.java:266)
	at com.sun.javafx.tk.quantum.QuantumToolkit.pulse(QuantumToolkit.java:571)
	at com.sun.javafx.tk.quantum.QuantumToolkit.pulse(QuantumToolkit.java:555)
	at com.sun.javafx.tk.quantum.QuantumToolkit.pulseFromQueue(QuantumToolkit.java:548)
	at com.sun.javafx.tk.quantum.QuantumToolkit.lambda$runToolkit$11(QuantumToolkit.java:352)
	at com.sun.glass.ui.InvokeLaterDispatcher$Future.run(InvokeLaterDispatcher.java:96)
	at com.sun.glass.ui.win.WinApplication._runLoop(Native Method)
	at com.sun.glass.ui.win.WinApplication.lambda$runLoop$3(WinApplication.java:184)
	at java.base/java.lang.Thread.run(Thread.java:1589)

16:13:59.714 [JavaFX Application Thread] FATAL FXGLApplication      - Application will now exit
16:13:59.725 [JavaFX Application Thread] DEBUG PrimaryStageWindow   - Push state: ErrorSubScene
16:13:59.725 [JavaFX Application Thread] DEBUG Input                - Clearing active input actions
16:13:59.727 [JavaFX Application Thread] DEBUG GameApplicationServi - Removing overlay from GameScene and adding to ErrorSubScene
16:13:59.729 [JavaFX Application Thread] DEBUG PrimaryStageWindow   - GameScene -> ErrorSubScene
16:14:08.237 [JavaFX Application Thread] DEBUG FXGLApplication      - Exiting FXGL
16:14:08.237 [JavaFX Application Thread] DEBUG Async                - Shutting down background threads
16:14:08.239 [JavaFX Application Thread] DEBUG PrimaryStageWindow   - Closing main window
16:14:08.266 [JavaFX Application Thread] DEBUG Logger               - Closing Logger
