18:06:29.842 [main                     ] DEBUG Logger               - Configured Logger
18:06:30.073 [main                     ] DEBUG GameApplication      - Logging settings
Title: Hsleiden Kombat
Version: 0.0
Width: 800
Height: 600
Fullscreen: true
Intro: false
Profiling: false
Single step:false
App Mode: DEVELOPER
Menu Key: ESCAPE
Stage Style: DECORATED
Scene Factory: class com.almasb.fxgl.app.scene.SceneFactory

18:06:30.993 [JavaFX Application Thread] DEBUG FXGLApplication      - Initializing FXGL
18:06:31.000 [JavaFX Application Thread] INFO  Engine               - FXGL-17.1 (24.03.2022 17.34) on WINDOWS (J:19.0.1 FX:19-ea)
18:06:31.001 [JavaFX Application Thread] DEBUG Engine               - JRE Vendor Name: Oracle Corporation
18:06:31.001 [JavaFX Application Thread] DEBUG Engine               - Running on OS: Windows 11 version 10.0
18:06:31.002 [JavaFX Application Thread] DEBUG Engine               - Architecture: amd64
18:06:31.002 [JavaFX Application Thread] INFO  Engine               - Source code and latest versions at: https://github.com/AlmasB/FXGL
18:06:31.002 [JavaFX Application Thread] INFO  Engine               -       Ask questions and discuss at: https://github.com/AlmasB/FXGL/discussions
18:06:31.002 [JavaFX Application Thread] INFO  Engine               -              Join the FXGL chat at: https://gitter.im/AlmasB/FXGL
18:06:31.174 [JavaFX Application Thread] DEBUG PrimaryStageWindow   - Creating a JavaFX scene
18:06:31.249 [JavaFX Application Thread] DEBUG PrimaryStageWindow   - Target settings size: 800.0 x 600.0
18:06:31.250 [JavaFX Application Thread] DEBUG PrimaryStageWindow   - Scaled scene size:    800.0 x 600.0
18:06:31.250 [JavaFX Application Thread] DEBUG PrimaryStageWindow   - Scaled ratio: (1.0, 1.0)
18:06:31.251 [JavaFX Application Thread] DEBUG PrimaryStageWindow   - Set initial scene to FXGLStartupScene
18:06:31.264 [JavaFX Application Thread] DEBUG PrimaryStageWindow   - Opening main window
18:06:31.384 [JavaFX Application Thread] DEBUG PrimaryStageWindow   - Window border size: (14.66668701171875, 37.33331298828125)
18:06:31.385 [JavaFX Application Thread] DEBUG PrimaryStageWindow   - Scaled size: 800.0 x 600.0
18:06:31.385 [JavaFX Application Thread] DEBUG PrimaryStageWindow   - Scaled ratio: (1.0, 1.0)
18:06:31.385 [JavaFX Application Thread] DEBUG PrimaryStageWindow   - Scene size: 800.0 x 600.0
18:06:31.385 [JavaFX Application Thread] DEBUG PrimaryStageWindow   - Stage size: 814.6666870117188 x 637.3333129882812
18:06:31.502 [JavaFX Application Thread] DEBUG PrimaryStageWindow   - Going fullscreen
18:06:31.516 [FXGL Background Thread 1 ] DEBUG Engine               - Initializing environment variables
18:06:31.589 [FXGL Background Thread 1 ] DEBUG FXGLAssetLoaderServi - User app class for loading assets: class com.hsleidenKombat.Game
18:06:31.590 [FXGL Background Thread 1 ] DEBUG GameApplicationServi - Applying CSS: fxgl_dark.css
18:06:31.591 [FXGL Background Thread 1 ] DEBUG FXGLAssetLoaderServi - Loading from file system: jar:file:/C:/Users/karos/.m2/repository/com/github/almasb/fxgl/17.1/fxgl-17.1.jar!/fxglassets/ui/css/fxgl_dark.css
18:06:31.655 [FXGL Background Thread 1 ] DEBUG GameApplicationServi - Initializing application scenes
18:06:31.759 [FXGL Background Thread 1 ] DEBUG GameWorld            - Game world initialized
18:06:31.846 [FXGL Background Thread 1 ] DEBUG PhysicsWorld         - Physics world initialized: appHeight=600, physics.ppm=50.0
18:06:31.846 [FXGL Background Thread 1 ] DEBUG PhysicsWorld         - Using strategy: BRUTE_FORCE
18:06:31.851 [FXGL Background Thread 1 ] DEBUG GameScene            - Game scene initialized: 800x600
18:06:31.863 [FXGL Background Thread 1 ] DEBUG FXGL.DefaultMenu     - createMenuBodyGameMenu()
18:06:31.884 [FXGL Background Thread 1 ] DEBUG FXGL.DefaultMenu     - createOptionsMenu()
18:06:31.899 [FXGL Background Thread 1 ] DEBUG FXGLAssetLoaderServi - Loading from file system: jar:file:/C:/Users/karos/.m2/repository/com/github/almasb/fxgl/17.1/fxgl-17.1.jar!/fxglassets/textures/particles/smoke.png
18:06:32.041 [FXGL Background Thread 1 ] DEBUG FXGLAssetLoaderServi - Loading from file system: jar:file:/C:/Users/karos/.m2/repository/com/github/almasb/fxgl/17.1/fxgl-17.1.jar!/fxglassets/textures/particles/trace_horizontal.png
18:06:32.089 [FXGL Background Thread 1 ] DEBUG GameApplicationServi - Application scenes initialized
18:06:32.110 [FXGL Background Thread 1 ] DEBUG SystemBundleService  - Loading FXGL system data
18:06:32.117 [FXGL Background Thread 1 ] DEBUG FileSystemAccess     - Reading from: C:\Users\karos\IdeaProjects\HS-Leiden-Kombat\system\fxgl.bundle
18:06:32.132 [FXGL Background Thread 1 ] DEBUG SystemBundleService  - Bundle FXGL: {}
18:06:32.132 [FXGL Background Thread 1 ] DEBUG UpdaterService       - Checking for updates
18:06:32.171 [FXGL Background Thread 1 ] DEBUG FXGLApplication      - Loading default localization
18:06:32.172 [FXGL Background Thread 1 ] DEBUG FXGLAssetLoaderServi - Loading from file system: jar:file:/C:/Users/karos/.m2/repository/com/github/almasb/fxgl/17.1/fxgl-17.1.jar!/fxglassets/languages/english.lang
18:06:32.177 [FXGL Background Thread 4 ] DEBUG FXGLApplication      - Loading fonts
18:06:32.178 [FXGL Background Thread 4 ] DEBUG FXGLAssetLoaderServi - Loading from file system: jar:file:/C:/Users/karos/.m2/repository/com/github/almasb/fxgl/17.1/fxgl-17.1.jar!/fxglassets/ui/fonts/VarelaRound-Regular.ttf
18:06:32.199 [FXGL Background Thread 1 ] INFO  FXGLApplication      - FXGL initialization took: 0.683 sec
18:06:32.200 [JavaFX Application Thread] DEBUG FXGLAssetLoaderServi - Loading from file system: jar:file:/C:/Users/karos/.m2/repository/com/github/almasb/fxgl/17.1/fxgl-17.1.jar!/fxglassets/textures/fxgl_icon.png
18:06:32.227 [JavaFX Application Thread] DEBUG FXGLAssetLoaderServi - Loading from file system: jar:file:/C:/Users/karos/.m2/repository/com/github/almasb/fxgl/17.1/fxgl-17.1.jar!/fxglassets/textures/fxgl_default_cursor.png
18:06:32.242 [JavaFX Application Thread] DEBUG Input                - Registered new binding: Screenshot - CTRL+8
18:06:32.243 [JavaFX Application Thread] DEBUG Input                - Registered new binding: Dev Options - 1
18:06:32.243 [JavaFX Application Thread] DEBUG Input                - Registered new binding: Dev Console - 2
18:06:32.244 [JavaFX Application Thread] DEBUG Input                - Registered new binding: System info dump - CTRL+9
18:06:32.245 [JavaFX Application Thread] DEBUG Input                - Registered new binding: Restart - CTRL+R
18:06:32.246 [JavaFX Application Thread] DEBUG Input                - Registered new binding: Toggle Debug Camera - CTRL+7
18:06:32.249 [JavaFX Application Thread] DEBUG LoopRunner           - Starting loop
18:06:32.256 [FXGL Background Thread 4 ] DEBUG FXGLAssetLoaderServi - Loading from file system: jar:file:/C:/Users/karos/.m2/repository/com/github/almasb/fxgl/17.1/fxgl-17.1.jar!/fxglassets/ui/fonts/Abel-Regular.ttf
18:06:32.269 [JavaFX Application Thread] DEBUG LoopRunner           - Initializing JavaFX AnimationTimerLoop
18:06:32.272 [JavaFX Application Thread] DEBUG GameApplicationServi - Starting new game
18:06:32.273 [JavaFX Application Thread] DEBUG Input                - Clearing active input actions
18:06:32.281 [FXGL Background Thread 4 ] DEBUG FXGLAssetLoaderServi - Loading from file system: jar:file:/C:/Users/karos/.m2/repository/com/github/almasb/fxgl/17.1/fxgl-17.1.jar!/fxglassets/ui/fonts/TerminalLandMono-Regular.otf
18:06:32.286 [JavaFX Application Thread] DEBUG GameApplicationServi - Removing overlay from FXGLStartupScene and adding to FXGLLoadingScene
18:06:32.288 [FXGL Background Thread 4 ] DEBUG FXGLAssetLoaderServi - Loading from file system: jar:file:/C:/Users/karos/.m2/repository/com/github/almasb/fxgl/17.1/fxgl-17.1.jar!/fxglassets/ui/fonts/Courier-Prime.ttf
18:06:32.292 [JavaFX Application Thread] DEBUG PrimaryStageWindow   - FXGLStartupScene -> FXGLLoadingScene
18:06:32.292 [JavaFX Application Thread] DEBUG GameApplicationServi - Clearing previous game
18:06:32.292 [JavaFX Application Thread] DEBUG GameScene            - Clearing game scene
18:06:32.292 [JavaFX Application Thread] DEBUG GameWorld            - Clearing game world
18:06:32.292 [JavaFX Application Thread] DEBUG PhysicsWorld         - Clearing physics world
18:06:32.294 [FXGL Background Thread 1 ] DEBUG FXGLApplication      - Initializing game
18:06:32.296 [FXGL Background Thread 1 ] DEBUG FXGLAssetLoaderServi - Loading from file system: file:/C:/Users/karos/IdeaProjects/HS-Leiden-Kombat/target/classes/assets/textures/login.jpeg
18:06:32.397 [FXGL Background Thread 1 ] DEBUG Input                - Registered new binding: Move Left - A
18:06:32.397 [FXGL Background Thread 1 ] DEBUG Input                - Registered new binding: Move Right - D
18:06:32.398 [FXGL Background Thread 1 ] DEBUG Input                - Registered new binding: Move Up - W
18:06:32.398 [FXGL Background Thread 1 ] DEBUG Input                - Registered new binding: Duck - S
18:06:32.398 [FXGL Background Thread 1 ] DEBUG Input                - Registered new binding: Move Left 2 - Left
18:06:32.398 [FXGL Background Thread 1 ] DEBUG Input                - Registered new binding: Move Right 2 - Right
18:06:32.399 [FXGL Background Thread 1 ] DEBUG Input                - Registered new binding: Move Up 2 - Up
18:06:32.399 [FXGL Background Thread 1 ] DEBUG Input                - Registered new binding: Duck2 - Down
18:06:32.399 [FXGL Background Thread 1 ] DEBUG Input                - Registered new binding: Punch - F
18:06:32.399 [FXGL Background Thread 1 ] DEBUG Input                - Registered new binding: Punch2 - L
18:06:32.402 [FXGL Background Thread 1 ] INFO  FXGLApplication      - Game initialization took: 0.107 sec
18:06:32.465 [FXGL Background Thread 2 ] WARN  UpdaterService       - Failed to find updates: java.net.UnknownHostException: raw.githubusercontent.com
18:06:32.581 [JavaFX Application Thread] DEBUG FXGLApplication      - Registering font factories with UI factory
18:06:32.590 [JavaFX Application Thread] DEBUG Input                - Clearing active input actions
18:06:32.602 [JavaFX Application Thread] DEBUG GameApplicationServi - Removing overlay from FXGLLoadingScene and adding to GameScene
18:06:32.607 [JavaFX Application Thread] DEBUG PrimaryStageWindow   - FXGLLoadingScene -> GameScene
18:06:35.169 [FXGL Background Thread 3 ] DEBUG Engine               - Logging environment variables
18:06:35.170 [FXGL Background Thread 3 ] DEBUG Engine               - achievements: []
18:06:35.170 [FXGL Background Thread 3 ] DEBUG Engine               - actualHeight: 720.0
18:06:35.170 [FXGL Background Thread 3 ] DEBUG Engine               - actualHeightProperty: ReadOnlyDoubleProperty [value: 720.0]
18:06:35.170 [FXGL Background Thread 3 ] DEBUG Engine               - actualWidth: 1280.0
18:06:35.170 [FXGL Background Thread 3 ] DEBUG Engine               - actualWidthProperty: ReadOnlyDoubleProperty [value: 1280.0]
18:06:35.170 [FXGL Background Thread 3 ] DEBUG Engine               - appIcon: fxgl_icon.png
18:06:35.170 [FXGL Background Thread 3 ] DEBUG Engine               - applicationMode: DEVELOPER
18:06:35.170 [FXGL Background Thread 3 ] DEBUG Engine               - cSSList: [fxgl_dark.css]
18:06:35.170 [FXGL Background Thread 3 ] DEBUG Engine               - collisionDetectionStrategy: BRUTE_FORCE
18:06:35.171 [FXGL Background Thread 3 ] DEBUG Engine               - configClass: Optional.empty
18:06:35.171 [FXGL Background Thread 3 ] DEBUG Engine               - credits: []
18:06:35.171 [FXGL Background Thread 3 ] DEBUG Engine               - defaultCursor: CursorInfo(imageName=fxgl_default_cursor.png, hotspotX=7.0, hotspotY=6.0)
18:06:35.171 [FXGL Background Thread 3 ] DEBUG Engine               - devBBoxColorProperty: ObjectProperty [value: 0xff0000ff]
18:06:35.171 [FXGL Background Thread 3 ] DEBUG Engine               - devEnableDebugCameraProperty: BooleanProperty [value: false]
18:06:35.172 [FXGL Background Thread 3 ] DEBUG Engine               - devSensorColorProperty: ObjectProperty [value: 0xffff00ff]
18:06:35.172 [FXGL Background Thread 3 ] DEBUG Engine               - devShowBBoxProperty: BooleanProperty [value: false]
18:06:35.172 [FXGL Background Thread 3 ] DEBUG Engine               - devShowPositionProperty: BooleanProperty [value: false]
18:06:35.172 [FXGL Background Thread 3 ] DEBUG Engine               - enabledMenuItems: []
18:06:35.172 [FXGL Background Thread 3 ] DEBUG Engine               - engineServices: [class com.almasb.fxgl.app.services.FXGLAssetLoaderService, class com.almasb.fxgl.app.FXGLApplication$GameApplicationService, class com.almasb.fxgl.app.services.FXGLDialogService, class com.almasb.fxgl.app.services.IOTaskExecutorService, class com.almasb.fxgl.io.FileSystemService, class com.almasb.fxgl.localization.LocalizationService, class com.almasb.fxgl.app.services.SystemBundleService, class com.almasb.fxgl.profile.SaveLoadService, class com.almasb.fxgl.ui.FXGLUIFactoryServiceProvider, class com.almasb.fxgl.ui.FXGLDialogFactoryServiceProvider, class com.almasb.fxgl.audio.AudioPlayer, class com.almasb.fxgl.notification.impl.NotificationServiceProvider, class com.almasb.fxgl.achievement.AchievementService, class com.almasb.fxgl.cutscene.CutsceneService, class com.almasb.fxgl.minigames.MiniGameService, class com.almasb.fxgl.net.NetService, class com.almasb.fxgl.app.services.UpdaterService, class com.almasb.fxgl.dev.DevService]
18:06:35.172 [FXGL Background Thread 3 ] DEBUG Engine               - fontGame: Abel-Regular.ttf
18:06:35.172 [FXGL Background Thread 3 ] DEBUG Engine               - fontMono: TerminalLandMono-Regular.otf
18:06:35.173 [FXGL Background Thread 3 ] DEBUG Engine               - fontText: Courier-Prime.ttf
18:06:35.173 [FXGL Background Thread 3 ] DEBUG Engine               - fontUI: VarelaRound-Regular.ttf
18:06:35.173 [FXGL Background Thread 3 ] DEBUG Engine               - fullScreen: BooleanProperty [value: true]
18:06:35.173 [FXGL Background Thread 3 ] DEBUG Engine               - gameDifficulty: MEDIUM
18:06:35.173 [FXGL Background Thread 3 ] DEBUG Engine               - gameDifficultyProperty: ObjectProperty [value: MEDIUM]
18:06:35.173 [FXGL Background Thread 3 ] DEBUG Engine               - globalMusicVolume: 0.5
18:06:35.173 [FXGL Background Thread 3 ] DEBUG Engine               - globalMusicVolumeProperty: DoubleProperty [value: 0.5]
18:06:35.173 [FXGL Background Thread 3 ] DEBUG Engine               - globalSoundVolume: 0.5
18:06:35.173 [FXGL Background Thread 3 ] DEBUG Engine               - globalSoundVolumeProperty: DoubleProperty [value: 0.5]
18:06:35.173 [FXGL Background Thread 3 ] DEBUG Engine               - height: 600
18:06:35.173 [FXGL Background Thread 3 ] DEBUG Engine               - is3D: false
18:06:35.174 [FXGL Background Thread 3 ] DEBUG Engine               - isAndroid: false
18:06:35.174 [FXGL Background Thread 3 ] DEBUG Engine               - isBrowser: false
18:06:35.174 [FXGL Background Thread 3 ] DEBUG Engine               - isClickFeedbackEnabled: false
18:06:35.174 [FXGL Background Thread 3 ] DEBUG Engine               - isCloseConfirmation: false
18:06:35.174 [FXGL Background Thread 3 ] DEBUG Engine               - isDesktop: true
18:06:35.174 [FXGL Background Thread 3 ] DEBUG Engine               - isDeveloperMenuEnabled: true
18:06:35.174 [FXGL Background Thread 3 ] DEBUG Engine               - isEmbedded: false
18:06:35.174 [FXGL Background Thread 3 ] DEBUG Engine               - isEntityPreloadEnabled: true
18:06:35.174 [FXGL Background Thread 3 ] DEBUG Engine               - isExperimentalTiledLargeMap: false
18:06:35.174 [FXGL Background Thread 3 ] DEBUG Engine               - isFileSystemWriteAllowed: true
18:06:35.175 [FXGL Background Thread 3 ] DEBUG Engine               - isFullScreenAllowed: true
18:06:35.175 [FXGL Background Thread 3 ] DEBUG Engine               - isFullScreenFromStart: true
18:06:35.175 [FXGL Background Thread 3 ] DEBUG Engine               - isGameMenuEnabled: true
18:06:35.175 [FXGL Background Thread 3 ] DEBUG Engine               - isIOS: false
18:06:35.175 [FXGL Background Thread 3 ] DEBUG Engine               - isIntroEnabled: false
18:06:35.175 [FXGL Background Thread 3 ] DEBUG Engine               - isLinux: false
18:06:35.175 [FXGL Background Thread 3 ] DEBUG Engine               - isMac: false
18:06:35.175 [FXGL Background Thread 3 ] DEBUG Engine               - isMainMenuEnabled: false
18:06:35.175 [FXGL Background Thread 3 ] DEBUG Engine               - isManualResizeEnabled: false
18:06:35.175 [FXGL Background Thread 3 ] DEBUG Engine               - isMobile: false
18:06:35.175 [FXGL Background Thread 3 ] DEBUG Engine               - isNative: false
18:06:35.176 [FXGL Background Thread 3 ] DEBUG Engine               - isPauseMusicWhenMinimized: true
18:06:35.176 [FXGL Background Thread 3 ] DEBUG Engine               - isPreserveResizeRatio: false
18:06:35.176 [FXGL Background Thread 3 ] DEBUG Engine               - isProfilingEnabled: false
18:06:35.176 [FXGL Background Thread 3 ] DEBUG Engine               - isScaleAffectedOnResize: true
18:06:35.176 [FXGL Background Thread 3 ] DEBUG Engine               - isSingleStep: false
18:06:35.176 [FXGL Background Thread 3 ] DEBUG Engine               - isUserProfileEnabled: false
18:06:35.176 [FXGL Background Thread 3 ] DEBUG Engine               - isWindows: true
18:06:35.176 [FXGL Background Thread 3 ] DEBUG Engine               - language: ObjectProperty [value: ENGLISH]
18:06:35.176 [FXGL Background Thread 3 ] DEBUG Engine               - menuKey: ESCAPE
18:06:35.176 [FXGL Background Thread 3 ] DEBUG Engine               - mouseSensitivity: 0.2
18:06:35.177 [FXGL Background Thread 3 ] DEBUG Engine               - notificationViewClass: class com.almasb.fxgl.notification.view.XboxNotificationView
18:06:35.177 [FXGL Background Thread 3 ] DEBUG Engine               - pixelsPerMeter: 50.0
18:06:35.177 [FXGL Background Thread 3 ] DEBUG Engine               - platform: WINDOWS
18:06:35.177 [FXGL Background Thread 3 ] DEBUG Engine               - prefHeightProperty: ReadOnlyDoubleProperty [value: 600.0]
18:06:35.177 [FXGL Background Thread 3 ] DEBUG Engine               - prefWidthProperty: ReadOnlyDoubleProperty [value: 800.0]
18:06:35.177 [FXGL Background Thread 3 ] DEBUG Engine               - profileDir: profiles/
18:06:35.177 [FXGL Background Thread 3 ] DEBUG Engine               - profileName: StringProperty [value: DEFAULT]
18:06:35.177 [FXGL Background Thread 3 ] DEBUG Engine               - randomSeed: -1
18:06:35.178 [FXGL Background Thread 3 ] DEBUG Engine               - runtimeInfo: RuntimeInfo(platform=WINDOWS, version=17.1, build=24.03.2022 17.34)
18:06:35.178 [FXGL Background Thread 3 ] DEBUG Engine               - saveFileExt: sav
18:06:35.178 [FXGL Background Thread 3 ] DEBUG Engine               - scaledHeightProp$fxgl: DoubleProperty [bound, value: 720.0]
18:06:35.178 [FXGL Background Thread 3 ] DEBUG Engine               - scaledWidthProp$fxgl: DoubleProperty [bound, value: 1280.0]
18:06:35.178 [FXGL Background Thread 3 ] DEBUG Engine               - sceneFactory: com.almasb.fxgl.app.scene.SceneFactory@4b212902
18:06:35.178 [FXGL Background Thread 3 ] DEBUG Engine               - secondsIn24h: 60
18:06:35.178 [FXGL Background Thread 3 ] DEBUG Engine               - soundMenuBack: menu/back.wav
18:06:35.178 [FXGL Background Thread 3 ] DEBUG Engine               - soundMenuPress: menu/press.wav
18:06:35.178 [FXGL Background Thread 3 ] DEBUG Engine               - soundMenuSelect: menu/select.wav
18:06:35.179 [FXGL Background Thread 3 ] DEBUG Engine               - soundNotification: core/notification.wav
18:06:35.179 [FXGL Background Thread 3 ] DEBUG Engine               - stageStyle: DECORATED
18:06:35.179 [FXGL Background Thread 3 ] DEBUG Engine               - supportedLanguages: [ENGLISH, FRENCH, GERMAN, HUNGARIAN, RUSSIAN]
18:06:35.179 [FXGL Background Thread 3 ] DEBUG Engine               - ticksPerSecond: -1
18:06:35.179 [FXGL Background Thread 3 ] DEBUG Engine               - title: Hsleiden Kombat
18:06:35.179 [FXGL Background Thread 3 ] DEBUG Engine               - urlGithub: https://github.com/AlmasB/FXGL
18:06:35.179 [FXGL Background Thread 3 ] DEBUG Engine               - urlLeaderboard: http://fxgl-top.herokuapp.com/
18:06:35.179 [FXGL Background Thread 3 ] DEBUG Engine               - urlPOM: https://raw.githubusercontent.com/AlmasB/FXGL/release/README.md
18:06:35.179 [FXGL Background Thread 3 ] DEBUG Engine               - userAppClass: class com.hsleidenKombat.Game
18:06:35.179 [FXGL Background Thread 3 ] DEBUG Engine               - version: 0.0
18:06:35.179 [FXGL Background Thread 3 ] DEBUG Engine               - versionCheckDays: 7
18:06:35.179 [FXGL Background Thread 3 ] DEBUG Engine               - width: 800
18:06:35.179 [FXGL Background Thread 3 ] DEBUG Engine               - Logging services
18:06:35.179 [FXGL Background Thread 3 ] DEBUG Engine               - class com.almasb.fxgl.app.services.FXGLAssetLoaderService
18:06:35.179 [FXGL Background Thread 3 ] DEBUG Engine               - class com.almasb.fxgl.app.FXGLApplication$GameApplicationService
18:06:35.180 [FXGL Background Thread 3 ] DEBUG Engine               - class com.almasb.fxgl.app.services.FXGLDialogService
18:06:35.180 [FXGL Background Thread 3 ] DEBUG Engine               - class com.almasb.fxgl.app.services.IOTaskExecutorService
18:06:35.180 [FXGL Background Thread 3 ] DEBUG Engine               - class com.almasb.fxgl.io.FileSystemService
18:06:35.180 [FXGL Background Thread 3 ] DEBUG Engine               - class com.almasb.fxgl.localization.LocalizationService
18:06:35.180 [FXGL Background Thread 3 ] DEBUG Engine               - class com.almasb.fxgl.app.services.SystemBundleService
18:06:35.180 [FXGL Background Thread 3 ] DEBUG Engine               - class com.almasb.fxgl.profile.SaveLoadService
18:06:35.180 [FXGL Background Thread 3 ] DEBUG Engine               - class com.almasb.fxgl.ui.FXGLUIFactoryServiceProvider
18:06:35.180 [FXGL Background Thread 3 ] DEBUG Engine               - class com.almasb.fxgl.ui.FXGLDialogFactoryServiceProvider
18:06:35.180 [FXGL Background Thread 3 ] DEBUG Engine               - class com.almasb.fxgl.audio.AudioPlayer
18:06:35.180 [FXGL Background Thread 3 ] DEBUG Engine               - class com.almasb.fxgl.notification.impl.NotificationServiceProvider
18:06:35.180 [FXGL Background Thread 3 ] DEBUG Engine               - class com.almasb.fxgl.achievement.AchievementService
18:06:35.180 [FXGL Background Thread 3 ] DEBUG Engine               - class com.almasb.fxgl.cutscene.CutsceneService
18:06:35.180 [FXGL Background Thread 3 ] DEBUG Engine               - class com.almasb.fxgl.minigames.MiniGameService
18:06:35.181 [FXGL Background Thread 3 ] DEBUG Engine               - class com.almasb.fxgl.net.NetService
18:06:35.181 [FXGL Background Thread 3 ] DEBUG Engine               - class com.almasb.fxgl.app.services.UpdaterService
18:06:35.181 [FXGL Background Thread 3 ] DEBUG Engine               - class com.almasb.fxgl.dev.DevService
18:06:42.676 [JavaFX Application Thread] DEBUG FXGLAssetLoaderServi - Loading from file system: file:/C:/Users/karos/IdeaProjects/HS-Leiden-Kombat/target/classes/assets/textures/spritesheet.png
18:06:42.683 [JavaFX Application Thread] DEBUG FXGLAssetLoaderServi - Loading from file system: file:/C:/Users/karos/IdeaProjects/HS-Leiden-Kombat/target/classes/assets/textures/spritesheet-lopen.png
18:06:42.688 [JavaFX Application Thread] DEBUG FXGLAssetLoaderServi - Loading from file system: file:/C:/Users/karos/IdeaProjects/HS-Leiden-Kombat/target/classes/assets/textures/punch.png
18:06:42.716 [JavaFX Application Thread] DEBUG FXGLAssetLoaderServi - Loading from file system: file:/C:/Users/karos/IdeaProjects/HS-Leiden-Kombat/target/classes/assets/textures/background7.jpeg
18:07:03.232 [JavaFX Application Thread] DEBUG PrimaryStageWindow   - Push state: FXGLDefaultMenu
18:07:03.235 [JavaFX Application Thread] DEBUG Input                - Clearing active input actions
18:07:03.237 [JavaFX Application Thread] DEBUG GameApplicationServi - Removing overlay from GameScene and adding to FXGLDefaultMenu
18:07:03.239 [JavaFX Application Thread] DEBUG PrimaryStageWindow   - GameScene -> FXGLDefaultMenu
18:07:04.852 [JavaFX Application Thread] DEBUG Menu                 - fireExit()
18:07:04.854 [JavaFX Application Thread] DEBUG PrimaryStageWindow   - Push state: DialogSubScene
18:07:04.854 [JavaFX Application Thread] DEBUG Input                - Clearing active input actions
18:07:04.855 [JavaFX Application Thread] DEBUG GameApplicationServi - Removing overlay from FXGLDefaultMenu and adding to DialogSubScene
18:07:04.855 [JavaFX Application Thread] DEBUG PrimaryStageWindow   - FXGLDefaultMenu -> DialogSubScene
18:07:05.637 [JavaFX Application Thread] DEBUG PrimaryStageWindow   - Pop state: DialogSubScene
18:07:05.637 [JavaFX Application Thread] DEBUG Input                - Clearing active input actions
18:07:05.638 [JavaFX Application Thread] DEBUG GameApplicationServi - Removing overlay from DialogSubScene and adding to FXGLDefaultMenu
18:07:05.639 [JavaFX Application Thread] DEBUG PrimaryStageWindow   - FXGLDefaultMenu <- DialogSubScene
18:07:05.639 [JavaFX Application Thread] DEBUG FXGLApplication      - Exiting FXGL
18:07:05.639 [JavaFX Application Thread] DEBUG LoopRunner           - Stopping loop
18:07:05.639 [JavaFX Application Thread] DEBUG SystemBundleService  - Saving FXGL system data
18:07:05.641 [JavaFX Application Thread] DEBUG FileSystemAccess     - Writing to: C:\Users\karos\IdeaProjects\HS-Leiden-Kombat\system\fxgl.bundle
18:07:05.644 [JavaFX Application Thread] DEBUG Async                - Shutting down background threads
18:07:05.644 [JavaFX Application Thread] DEBUG PrimaryStageWindow   - Closing main window
18:07:05.666 [JavaFX Application Thread] DEBUG Logger               - Closing Logger
