09:26:03.798 [main                     ] DEBUG Logger               - Configured Logger
09:26:03.824 [main                     ] DEBUG GameApplication      - Logging settings
Title: Hsleiden Kombat
Version: 0.0
Width: 800
Height: 600
Fullscreen: true
Intro: false
Profiling: false
Single step:false
App Mode: DEVELOPER
Menu Key: ESCAPE
Stage Style: DECORATED
Scene Factory: class com.almasb.fxgl.app.scene.SceneFactory

09:26:04.178 [JavaFX Application Thread] DEBUG FXGLApplication      - Initializing FXGL
09:26:04.182 [JavaFX Application Thread] INFO  Engine               - FXGL-17.1 (24.03.2022 17.34) on WINDOWS (J:19.0.1 FX:19-ea)
09:26:04.182 [JavaFX Application Thread] DEBUG Engine               - JRE Vendor Name: Oracle Corporation
09:26:04.184 [JavaFX Application Thread] DEBUG Engine               - Running on OS: Windows 11 version 10.0
09:26:04.184 [JavaFX Application Thread] DEBUG Engine               - Architecture: amd64
09:26:04.184 [JavaFX Application Thread] INFO  Engine               - Source code and latest versions at: https://github.com/AlmasB/FXGL
09:26:04.184 [JavaFX Application Thread] INFO  Engine               -       Ask questions and discuss at: https://github.com/AlmasB/FXGL/discussions
09:26:04.184 [JavaFX Application Thread] INFO  Engine               -              Join the FXGL chat at: https://gitter.im/AlmasB/FXGL
09:26:04.280 [JavaFX Application Thread] DEBUG PrimaryStageWindow   - Creating a JavaFX scene
09:26:04.317 [JavaFX Application Thread] DEBUG PrimaryStageWindow   - Target settings size: 800.0 x 600.0
09:26:04.317 [JavaFX Application Thread] DEBUG PrimaryStageWindow   - Scaled scene size:    800.0 x 600.0
09:26:04.317 [JavaFX Application Thread] DEBUG PrimaryStageWindow   - Scaled ratio: (1.0, 1.0)
09:26:04.318 [JavaFX Application Thread] DEBUG PrimaryStageWindow   - Set initial scene to FXGLStartupScene
09:26:04.326 [JavaFX Application Thread] DEBUG PrimaryStageWindow   - Opening main window
09:26:04.395 [JavaFX Application Thread] DEBUG PrimaryStageWindow   - Window border size: (14.66668701171875, 37.33331298828125)
09:26:04.395 [JavaFX Application Thread] DEBUG PrimaryStageWindow   - Scaled size: 800.0 x 600.0
09:26:04.396 [JavaFX Application Thread] DEBUG PrimaryStageWindow   - Scaled ratio: (1.0, 1.0)
09:26:04.396 [JavaFX Application Thread] DEBUG PrimaryStageWindow   - Scene size: 800.0 x 600.0
09:26:04.396 [JavaFX Application Thread] DEBUG PrimaryStageWindow   - Stage size: 814.6666870117188 x 637.3333129882812
09:26:04.465 [JavaFX Application Thread] DEBUG PrimaryStageWindow   - Going fullscreen
09:26:04.475 [FXGL Background Thread 1 ] DEBUG Engine               - Initializing environment variables
09:26:04.521 [FXGL Background Thread 1 ] DEBUG FXGLAssetLoaderServi - User app class for loading assets: class com.hsleidenKombat.Game
09:26:04.521 [FXGL Background Thread 1 ] DEBUG GameApplicationServi - Applying CSS: fxgl_dark.css
09:26:04.523 [FXGL Background Thread 1 ] DEBUG FXGLAssetLoaderServi - Loading from file system: jar:file:/C:/Users/karos/.m2/repository/com/github/almasb/fxgl/17.1/fxgl-17.1.jar!/fxglassets/ui/css/fxgl_dark.css
09:26:04.553 [FXGL Background Thread 1 ] DEBUG GameApplicationServi - Initializing application scenes
09:26:04.579 [FXGL Background Thread 1 ] DEBUG GameWorld            - Game world initialized
09:26:04.629 [FXGL Background Thread 1 ] DEBUG PhysicsWorld         - Physics world initialized: appHeight=600, physics.ppm=50.0
09:26:04.629 [FXGL Background Thread 1 ] DEBUG PhysicsWorld         - Using strategy: BRUTE_FORCE
09:26:04.632 [FXGL Background Thread 1 ] DEBUG GameScene            - Game scene initialized: 800x600
09:26:04.643 [FXGL Background Thread 1 ] DEBUG FXGL.DefaultMenu     - createMenuBodyGameMenu()
09:26:04.655 [FXGL Background Thread 1 ] DEBUG FXGL.DefaultMenu     - createOptionsMenu()
09:26:04.665 [FXGL Background Thread 1 ] DEBUG FXGLAssetLoaderServi - Loading from file system: jar:file:/C:/Users/karos/.m2/repository/com/github/almasb/fxgl/17.1/fxgl-17.1.jar!/fxglassets/textures/particles/smoke.png
09:26:04.771 [FXGL Background Thread 1 ] DEBUG FXGLAssetLoaderServi - Loading from file system: jar:file:/C:/Users/karos/.m2/repository/com/github/almasb/fxgl/17.1/fxgl-17.1.jar!/fxglassets/textures/particles/trace_horizontal.png
09:26:04.804 [FXGL Background Thread 1 ] DEBUG GameApplicationServi - Application scenes initialized
09:26:04.816 [FXGL Background Thread 1 ] DEBUG SystemBundleService  - Loading FXGL system data
09:26:04.821 [FXGL Background Thread 1 ] DEBUG FileSystemAccess     - Reading from: C:\Users\karos\IdeaProjects\HS-Leiden-Kombat\system\fxgl.bundle
09:26:04.830 [FXGL Background Thread 1 ] DEBUG SystemBundleService  - Bundle FXGL: {}
09:26:04.831 [FXGL Background Thread 1 ] DEBUG UpdaterService       - Checking for updates
09:26:04.858 [FXGL Background Thread 4 ] DEBUG FXGLApplication      - Loading fonts
09:26:04.859 [FXGL Background Thread 1 ] DEBUG FXGLApplication      - Loading default localization
09:26:04.859 [FXGL Background Thread 4 ] DEBUG FXGLAssetLoaderServi - Loading from file system: jar:file:/C:/Users/karos/.m2/repository/com/github/almasb/fxgl/17.1/fxgl-17.1.jar!/fxglassets/ui/fonts/VarelaRound-Regular.ttf
09:26:04.859 [FXGL Background Thread 1 ] DEBUG FXGLAssetLoaderServi - Loading from file system: jar:file:/C:/Users/karos/.m2/repository/com/github/almasb/fxgl/17.1/fxgl-17.1.jar!/fxglassets/languages/english.lang
09:26:04.877 [FXGL Background Thread 1 ] INFO  FXGLApplication      - FXGL initialization took: 0.403 sec
09:26:04.879 [JavaFX Application Thread] DEBUG FXGLAssetLoaderServi - Loading from file system: jar:file:/C:/Users/karos/.m2/repository/com/github/almasb/fxgl/17.1/fxgl-17.1.jar!/fxglassets/textures/fxgl_icon.png
09:26:04.898 [JavaFX Application Thread] DEBUG FXGLAssetLoaderServi - Loading from file system: jar:file:/C:/Users/karos/.m2/repository/com/github/almasb/fxgl/17.1/fxgl-17.1.jar!/fxglassets/textures/fxgl_default_cursor.png
09:26:04.911 [JavaFX Application Thread] DEBUG Input                - Registered new binding: Screenshot - CTRL+8
09:26:04.911 [JavaFX Application Thread] DEBUG Input                - Registered new binding: Dev Options - 1
09:26:04.912 [JavaFX Application Thread] DEBUG Input                - Registered new binding: Dev Console - 2
09:26:04.912 [JavaFX Application Thread] DEBUG Input                - Registered new binding: System info dump - CTRL+9
09:26:04.913 [JavaFX Application Thread] DEBUG Input                - Registered new binding: Restart - CTRL+R
09:26:04.914 [JavaFX Application Thread] DEBUG Input                - Registered new binding: Toggle Debug Camera - CTRL+7
09:26:04.917 [JavaFX Application Thread] DEBUG LoopRunner           - Starting loop
09:26:04.934 [JavaFX Application Thread] DEBUG LoopRunner           - Initializing JavaFX AnimationTimerLoop
09:26:04.934 [FXGL Background Thread 4 ] DEBUG FXGLAssetLoaderServi - Loading from file system: jar:file:/C:/Users/karos/.m2/repository/com/github/almasb/fxgl/17.1/fxgl-17.1.jar!/fxglassets/ui/fonts/Abel-Regular.ttf
09:26:04.935 [JavaFX Application Thread] DEBUG GameApplicationServi - Starting new game
09:26:04.936 [JavaFX Application Thread] DEBUG Input                - Clearing active input actions
09:26:04.938 [FXGL Background Thread 4 ] DEBUG FXGLAssetLoaderServi - Loading from file system: jar:file:/C:/Users/karos/.m2/repository/com/github/almasb/fxgl/17.1/fxgl-17.1.jar!/fxglassets/ui/fonts/TerminalLandMono-Regular.otf
09:26:04.943 [FXGL Background Thread 4 ] DEBUG FXGLAssetLoaderServi - Loading from file system: jar:file:/C:/Users/karos/.m2/repository/com/github/almasb/fxgl/17.1/fxgl-17.1.jar!/fxglassets/ui/fonts/Courier-Prime.ttf
09:26:04.947 [JavaFX Application Thread] DEBUG GameApplicationServi - Removing overlay from FXGLStartupScene and adding to FXGLLoadingScene
09:26:04.951 [JavaFX Application Thread] DEBUG PrimaryStageWindow   - FXGLStartupScene -> FXGLLoadingScene
09:26:04.951 [JavaFX Application Thread] DEBUG GameApplicationServi - Clearing previous game
09:26:04.951 [JavaFX Application Thread] DEBUG GameScene            - Clearing game scene
09:26:04.952 [JavaFX Application Thread] DEBUG GameWorld            - Clearing game world
09:26:04.952 [JavaFX Application Thread] DEBUG PhysicsWorld         - Clearing physics world
09:26:04.953 [FXGL Background Thread 4 ] DEBUG FXGLApplication      - Initializing game
09:26:04.960 [FXGL Background Thread 4 ] DEBUG FXGLAssetLoaderServi - Loading from file system: file:/C:/Users/karos/IdeaProjects/HS-Leiden-Kombat/target/classes/assets/textures/login.jpeg
09:26:05.032 [FXGL Background Thread 4 ] DEBUG Input                - Registered new binding: Move Left - A
09:26:05.032 [FXGL Background Thread 4 ] DEBUG Input                - Registered new binding: Move Right - D
09:26:05.032 [FXGL Background Thread 4 ] DEBUG Input                - Registered new binding: Move Up - W
09:26:05.033 [FXGL Background Thread 4 ] DEBUG Input                - Registered new binding: Duck - S
09:26:05.033 [FXGL Background Thread 4 ] DEBUG Input                - Registered new binding: Move Left 2 - Left
09:26:05.033 [FXGL Background Thread 4 ] DEBUG Input                - Registered new binding: Move Right 2 - Right
09:26:05.033 [FXGL Background Thread 4 ] DEBUG Input                - Registered new binding: Move Up 2 - Up
09:26:05.033 [FXGL Background Thread 4 ] DEBUG Input                - Registered new binding: Duck2 - Down
09:26:05.034 [FXGL Background Thread 4 ] DEBUG Input                - Registered new binding: Punch - F
09:26:05.034 [FXGL Background Thread 4 ] DEBUG Input                - Registered new binding: Punch2 - L
09:26:05.035 [FXGL Background Thread 4 ] INFO  FXGLApplication      - Game initialization took: 0.081 sec
09:26:05.162 [JavaFX Application Thread] DEBUG FXGLApplication      - Registering font factories with UI factory
09:26:05.175 [JavaFX Application Thread] DEBUG Input                - Clearing active input actions
09:26:05.187 [JavaFX Application Thread] DEBUG GameApplicationServi - Removing overlay from FXGLLoadingScene and adding to GameScene
09:26:05.190 [JavaFX Application Thread] DEBUG PrimaryStageWindow   - FXGLLoadingScene -> GameScene
09:26:05.344 [FXGL Background Thread 2 ] INFO  UpdaterService       - Your current version:  17.1
09:26:05.345 [FXGL Background Thread 2 ] INFO  UpdaterService       - Latest stable version: 17.3
09:26:07.319 [JavaFX Application Thread] DEBUG FXGLAssetLoaderServi - Loading from file system: file:/C:/Users/karos/IdeaProjects/HS-Leiden-Kombat/target/classes/assets/textures/spritesheet.png
09:26:07.335 [JavaFX Application Thread] DEBUG FXGLAssetLoaderServi - Loading from file system: file:/C:/Users/karos/IdeaProjects/HS-Leiden-Kombat/target/classes/assets/textures/spritesheet-lopen.png
09:26:07.341 [JavaFX Application Thread] DEBUG FXGLAssetLoaderServi - Loading from file system: file:/C:/Users/karos/IdeaProjects/HS-Leiden-Kombat/target/classes/assets/textures/punch.png
09:26:07.384 [JavaFX Application Thread] DEBUG FXGLAssetLoaderServi - Loading from file system: file:/C:/Users/karos/IdeaProjects/HS-Leiden-Kombat/target/classes/assets/textures/background7.jpeg
09:26:07.858 [FXGL Background Thread 3 ] DEBUG Engine               - Logging environment variables
09:26:07.858 [FXGL Background Thread 3 ] DEBUG Engine               - achievements: []
09:26:07.859 [FXGL Background Thread 3 ] DEBUG Engine               - actualHeight: 720.0
09:26:07.859 [FXGL Background Thread 3 ] DEBUG Engine               - actualHeightProperty: ReadOnlyDoubleProperty [value: 720.0]
09:26:07.859 [FXGL Background Thread 3 ] DEBUG Engine               - actualWidth: 1280.0
09:26:07.859 [FXGL Background Thread 3 ] DEBUG Engine               - actualWidthProperty: ReadOnlyDoubleProperty [value: 1280.0]
09:26:07.859 [FXGL Background Thread 3 ] DEBUG Engine               - appIcon: fxgl_icon.png
09:26:07.860 [FXGL Background Thread 3 ] DEBUG Engine               - applicationMode: DEVELOPER
09:26:07.860 [FXGL Background Thread 3 ] DEBUG Engine               - cSSList: [fxgl_dark.css]
09:26:07.860 [FXGL Background Thread 3 ] DEBUG Engine               - collisionDetectionStrategy: BRUTE_FORCE
09:26:07.860 [FXGL Background Thread 3 ] DEBUG Engine               - configClass: Optional.empty
09:26:07.860 [FXGL Background Thread 3 ] DEBUG Engine               - credits: []
09:26:07.861 [FXGL Background Thread 3 ] DEBUG Engine               - defaultCursor: CursorInfo(imageName=fxgl_default_cursor.png, hotspotX=7.0, hotspotY=6.0)
09:26:07.861 [FXGL Background Thread 3 ] DEBUG Engine               - devBBoxColorProperty: ObjectProperty [value: 0xff0000ff]
09:26:07.861 [FXGL Background Thread 3 ] DEBUG Engine               - devEnableDebugCameraProperty: BooleanProperty [value: false]
09:26:07.862 [FXGL Background Thread 3 ] DEBUG Engine               - devSensorColorProperty: ObjectProperty [value: 0xffff00ff]
09:26:07.862 [FXGL Background Thread 3 ] DEBUG Engine               - devShowBBoxProperty: BooleanProperty [value: false]
09:26:07.862 [FXGL Background Thread 3 ] DEBUG Engine               - devShowPositionProperty: BooleanProperty [value: false]
09:26:07.862 [FXGL Background Thread 3 ] DEBUG Engine               - enabledMenuItems: []
09:26:07.862 [FXGL Background Thread 3 ] DEBUG Engine               - engineServices: [class com.almasb.fxgl.app.services.FXGLAssetLoaderService, class com.almasb.fxgl.app.FXGLApplication$GameApplicationService, class com.almasb.fxgl.app.services.FXGLDialogService, class com.almasb.fxgl.app.services.IOTaskExecutorService, class com.almasb.fxgl.io.FileSystemService, class com.almasb.fxgl.localization.LocalizationService, class com.almasb.fxgl.app.services.SystemBundleService, class com.almasb.fxgl.profile.SaveLoadService, class com.almasb.fxgl.ui.FXGLUIFactoryServiceProvider, class com.almasb.fxgl.ui.FXGLDialogFactoryServiceProvider, class com.almasb.fxgl.audio.AudioPlayer, class com.almasb.fxgl.notification.impl.NotificationServiceProvider, class com.almasb.fxgl.achievement.AchievementService, class com.almasb.fxgl.cutscene.CutsceneService, class com.almasb.fxgl.minigames.MiniGameService, class com.almasb.fxgl.net.NetService, class com.almasb.fxgl.app.services.UpdaterService, class com.almasb.fxgl.dev.DevService]
09:26:07.862 [FXGL Background Thread 3 ] DEBUG Engine               - fontGame: Abel-Regular.ttf
09:26:07.863 [FXGL Background Thread 3 ] DEBUG Engine               - fontMono: TerminalLandMono-Regular.otf
09:26:07.863 [FXGL Background Thread 3 ] DEBUG Engine               - fontText: Courier-Prime.ttf
09:26:07.863 [FXGL Background Thread 3 ] DEBUG Engine               - fontUI: VarelaRound-Regular.ttf
09:26:07.863 [FXGL Background Thread 3 ] DEBUG Engine               - fullScreen: BooleanProperty [value: true]
09:26:07.863 [FXGL Background Thread 3 ] DEBUG Engine               - gameDifficulty: MEDIUM
09:26:07.863 [FXGL Background Thread 3 ] DEBUG Engine               - gameDifficultyProperty: ObjectProperty [value: MEDIUM]
09:26:07.863 [FXGL Background Thread 3 ] DEBUG Engine               - globalMusicVolume: 0.5
09:26:07.864 [FXGL Background Thread 3 ] DEBUG Engine               - globalMusicVolumeProperty: DoubleProperty [value: 0.5]
09:26:07.864 [FXGL Background Thread 3 ] DEBUG Engine               - globalSoundVolume: 0.5
09:26:07.864 [FXGL Background Thread 3 ] DEBUG Engine               - globalSoundVolumeProperty: DoubleProperty [value: 0.5]
09:26:07.864 [FXGL Background Thread 3 ] DEBUG Engine               - height: 600
09:26:07.864 [FXGL Background Thread 3 ] DEBUG Engine               - is3D: false
09:26:07.865 [FXGL Background Thread 3 ] DEBUG Engine               - isAndroid: false
09:26:07.865 [FXGL Background Thread 3 ] DEBUG Engine               - isBrowser: false
09:26:07.865 [FXGL Background Thread 3 ] DEBUG Engine               - isClickFeedbackEnabled: false
09:26:07.865 [FXGL Background Thread 3 ] DEBUG Engine               - isCloseConfirmation: false
09:26:07.865 [FXGL Background Thread 3 ] DEBUG Engine               - isDesktop: true
09:26:07.865 [FXGL Background Thread 3 ] DEBUG Engine               - isDeveloperMenuEnabled: true
09:26:07.865 [FXGL Background Thread 3 ] DEBUG Engine               - isEmbedded: false
09:26:07.866 [FXGL Background Thread 3 ] DEBUG Engine               - isEntityPreloadEnabled: true
09:26:07.866 [FXGL Background Thread 3 ] DEBUG Engine               - isExperimentalTiledLargeMap: false
09:26:07.866 [FXGL Background Thread 3 ] DEBUG Engine               - isFileSystemWriteAllowed: true
09:26:07.866 [FXGL Background Thread 3 ] DEBUG Engine               - isFullScreenAllowed: true
09:26:07.866 [FXGL Background Thread 3 ] DEBUG Engine               - isFullScreenFromStart: true
09:26:07.866 [FXGL Background Thread 3 ] DEBUG Engine               - isGameMenuEnabled: true
09:26:07.866 [FXGL Background Thread 3 ] DEBUG Engine               - isIOS: false
09:26:07.866 [FXGL Background Thread 3 ] DEBUG Engine               - isIntroEnabled: false
09:26:07.867 [FXGL Background Thread 3 ] DEBUG Engine               - isLinux: false
09:26:07.867 [FXGL Background Thread 3 ] DEBUG Engine               - isMac: false
09:26:07.867 [FXGL Background Thread 3 ] DEBUG Engine               - isMainMenuEnabled: false
09:26:07.867 [FXGL Background Thread 3 ] DEBUG Engine               - isManualResizeEnabled: false
09:26:07.867 [FXGL Background Thread 3 ] DEBUG Engine               - isMobile: false
09:26:07.867 [FXGL Background Thread 3 ] DEBUG Engine               - isNative: false
09:26:07.867 [FXGL Background Thread 3 ] DEBUG Engine               - isPauseMusicWhenMinimized: true
09:26:07.867 [FXGL Background Thread 3 ] DEBUG Engine               - isPreserveResizeRatio: false
09:26:07.867 [FXGL Background Thread 3 ] DEBUG Engine               - isProfilingEnabled: false
09:26:07.868 [FXGL Background Thread 3 ] DEBUG Engine               - isScaleAffectedOnResize: true
09:26:07.868 [FXGL Background Thread 3 ] DEBUG Engine               - isSingleStep: false
09:26:07.868 [FXGL Background Thread 3 ] DEBUG Engine               - isUserProfileEnabled: false
09:26:07.868 [FXGL Background Thread 3 ] DEBUG Engine               - isWindows: true
09:26:07.868 [FXGL Background Thread 3 ] DEBUG Engine               - language: ObjectProperty [value: ENGLISH]
09:26:07.868 [FXGL Background Thread 3 ] DEBUG Engine               - menuKey: ESCAPE
09:26:07.868 [FXGL Background Thread 3 ] DEBUG Engine               - mouseSensitivity: 0.2
09:26:07.869 [FXGL Background Thread 3 ] DEBUG Engine               - notificationViewClass: class com.almasb.fxgl.notification.view.XboxNotificationView
09:26:07.869 [FXGL Background Thread 3 ] DEBUG Engine               - pixelsPerMeter: 50.0
09:26:07.869 [FXGL Background Thread 3 ] DEBUG Engine               - platform: WINDOWS
09:26:07.869 [FXGL Background Thread 3 ] DEBUG Engine               - prefHeightProperty: ReadOnlyDoubleProperty [value: 600.0]
09:26:07.870 [FXGL Background Thread 3 ] DEBUG Engine               - prefWidthProperty: ReadOnlyDoubleProperty [value: 800.0]
09:26:07.870 [FXGL Background Thread 3 ] DEBUG Engine               - profileDir: profiles/
09:26:07.870 [FXGL Background Thread 3 ] DEBUG Engine               - profileName: StringProperty [value: DEFAULT]
09:26:07.870 [FXGL Background Thread 3 ] DEBUG Engine               - randomSeed: -1
09:26:07.871 [FXGL Background Thread 3 ] DEBUG Engine               - runtimeInfo: RuntimeInfo(platform=WINDOWS, version=17.1, build=24.03.2022 17.34)
09:26:07.871 [FXGL Background Thread 3 ] DEBUG Engine               - saveFileExt: sav
09:26:07.871 [FXGL Background Thread 3 ] DEBUG Engine               - scaledHeightProp$fxgl: DoubleProperty [bound, value: 720.0]
09:26:07.871 [FXGL Background Thread 3 ] DEBUG Engine               - scaledWidthProp$fxgl: DoubleProperty [bound, value: 1280.0]
09:26:07.871 [FXGL Background Thread 3 ] DEBUG Engine               - sceneFactory: com.almasb.fxgl.app.scene.SceneFactory@21adf2c
09:26:07.871 [FXGL Background Thread 3 ] DEBUG Engine               - secondsIn24h: 60
09:26:07.872 [FXGL Background Thread 3 ] DEBUG Engine               - soundMenuBack: menu/back.wav
09:26:07.872 [FXGL Background Thread 3 ] DEBUG Engine               - soundMenuPress: menu/press.wav
09:26:07.872 [FXGL Background Thread 3 ] DEBUG Engine               - soundMenuSelect: menu/select.wav
09:26:07.872 [FXGL Background Thread 3 ] DEBUG Engine               - soundNotification: core/notification.wav
09:26:07.872 [FXGL Background Thread 3 ] DEBUG Engine               - stageStyle: DECORATED
09:26:07.872 [FXGL Background Thread 3 ] DEBUG Engine               - supportedLanguages: [ENGLISH, FRENCH, GERMAN, HUNGARIAN, RUSSIAN]
09:26:07.872 [FXGL Background Thread 3 ] DEBUG Engine               - ticksPerSecond: -1
09:26:07.872 [FXGL Background Thread 3 ] DEBUG Engine               - title: Hsleiden Kombat
09:26:07.872 [FXGL Background Thread 3 ] DEBUG Engine               - urlGithub: https://github.com/AlmasB/FXGL
09:26:07.873 [FXGL Background Thread 3 ] DEBUG Engine               - urlLeaderboard: http://fxgl-top.herokuapp.com/
09:26:07.873 [FXGL Background Thread 3 ] DEBUG Engine               - urlPOM: https://raw.githubusercontent.com/AlmasB/FXGL/release/README.md
09:26:07.873 [FXGL Background Thread 3 ] DEBUG Engine               - userAppClass: class com.hsleidenKombat.Game
09:26:07.873 [FXGL Background Thread 3 ] DEBUG Engine               - version: 0.0
09:26:07.873 [FXGL Background Thread 3 ] DEBUG Engine               - versionCheckDays: 7
09:26:07.873 [FXGL Background Thread 3 ] DEBUG Engine               - width: 800
09:26:07.873 [FXGL Background Thread 3 ] DEBUG Engine               - Logging services
09:26:07.874 [FXGL Background Thread 3 ] DEBUG Engine               - class com.almasb.fxgl.app.services.FXGLAssetLoaderService
09:26:07.874 [FXGL Background Thread 3 ] DEBUG Engine               - class com.almasb.fxgl.app.FXGLApplication$GameApplicationService
09:26:07.874 [FXGL Background Thread 3 ] DEBUG Engine               - class com.almasb.fxgl.app.services.FXGLDialogService
09:26:07.874 [FXGL Background Thread 3 ] DEBUG Engine               - class com.almasb.fxgl.app.services.IOTaskExecutorService
09:26:07.874 [FXGL Background Thread 3 ] DEBUG Engine               - class com.almasb.fxgl.io.FileSystemService
09:26:07.874 [FXGL Background Thread 3 ] DEBUG Engine               - class com.almasb.fxgl.localization.LocalizationService
09:26:07.874 [FXGL Background Thread 3 ] DEBUG Engine               - class com.almasb.fxgl.app.services.SystemBundleService
09:26:07.875 [FXGL Background Thread 3 ] DEBUG Engine               - class com.almasb.fxgl.profile.SaveLoadService
09:26:07.875 [FXGL Background Thread 3 ] DEBUG Engine               - class com.almasb.fxgl.ui.FXGLUIFactoryServiceProvider
09:26:07.875 [FXGL Background Thread 3 ] DEBUG Engine               - class com.almasb.fxgl.ui.FXGLDialogFactoryServiceProvider
09:26:07.875 [FXGL Background Thread 3 ] DEBUG Engine               - class com.almasb.fxgl.audio.AudioPlayer
09:26:07.875 [FXGL Background Thread 3 ] DEBUG Engine               - class com.almasb.fxgl.notification.impl.NotificationServiceProvider
09:26:07.875 [FXGL Background Thread 3 ] DEBUG Engine               - class com.almasb.fxgl.achievement.AchievementService
09:26:07.875 [FXGL Background Thread 3 ] DEBUG Engine               - class com.almasb.fxgl.cutscene.CutsceneService
09:26:07.875 [FXGL Background Thread 3 ] DEBUG Engine               - class com.almasb.fxgl.minigames.MiniGameService
09:26:07.875 [FXGL Background Thread 3 ] DEBUG Engine               - class com.almasb.fxgl.net.NetService
09:26:07.876 [FXGL Background Thread 3 ] DEBUG Engine               - class com.almasb.fxgl.app.services.UpdaterService
09:26:07.876 [FXGL Background Thread 3 ] DEBUG Engine               - class com.almasb.fxgl.dev.DevService
09:26:13.652 [JavaFX Application Thread] DEBUG LoopRunner           - Stopping loop
09:26:13.656 [JavaFX Application Thread] FATAL FXGLApplication      - Uncaught Exception:
java.lang.IllegalArgumentException: Component PlayerComponent not found!
	at com.almasb.fxgl.entity.Entity.getComponent(Entity.java:366)
	at com.hsleidenKombat.Game$5.onAction(Game.java:229)
	at com.almasb.fxgl.input.UserAction.action$fxgl_core(UserAction.kt:38)
	at com.almasb.fxgl.input.Input.update(Input.kt:271)
	at com.almasb.fxgl.scene.Scene.update(Scene.kt:103)
	at com.almasb.fxgl.app.MainWindow$update$1.invoke(MainWindow.kt:115)
	at com.almasb.fxgl.app.MainWindow$update$1.invoke(MainWindow.kt:115)
	at com.almasb.fxgl.core.fsm.StateMachine.runOnActiveStates(StateMachine.kt:69)
	at com.almasb.fxgl.app.MainWindow.update(MainWindow.kt:115)
	at com.almasb.fxgl.app.FXGLApplication$GameApplicationService.onUpdate(FXGLApplication.kt:426)
	at com.almasb.fxgl.app.Engine.loop(Engine.kt:134)
	at com.almasb.fxgl.app.Engine.access$loop(Engine.kt:24)
	at com.almasb.fxgl.app.Engine$loop$1.invoke(Engine.kt:28)
	at com.almasb.fxgl.app.Engine$loop$1.invoke(Engine.kt:28)
	at com.almasb.fxgl.app.LoopRunner.frame(LoopRunner.kt:103)
	at com.almasb.fxgl.app.LoopRunner.access$frame(LoopRunner.kt:23)
	at com.almasb.fxgl.app.LoopRunner$impl$2$1.onTick(LoopRunner.kt:57)
	at com.almasb.fxgl.app.AnimationTimerLoop$timer$1.handle(LoopRunner.kt:137)
	at javafx.animation.AnimationTimer$AnimationTimerReceiver.lambda$handle$0(AnimationTimer.java:58)
	at java.base/java.security.AccessController.doPrivileged(AccessController.java:399)
	at javafx.animation.AnimationTimer$AnimationTimerReceiver.handle(AnimationTimer.java:57)
	at com.sun.scenario.animation.AbstractPrimaryTimer.timePulseImpl(AbstractPrimaryTimer.java:356)
	at com.sun.scenario.animation.AbstractPrimaryTimer$MainLoop.run(AbstractPrimaryTimer.java:266)
	at com.sun.javafx.tk.quantum.QuantumToolkit.pulse(QuantumToolkit.java:571)
	at com.sun.javafx.tk.quantum.QuantumToolkit.pulse(QuantumToolkit.java:555)
	at com.sun.javafx.tk.quantum.QuantumToolkit.pulseFromQueue(QuantumToolkit.java:548)
	at com.sun.javafx.tk.quantum.QuantumToolkit.lambda$runToolkit$11(QuantumToolkit.java:352)
	at com.sun.glass.ui.InvokeLaterDispatcher$Future.run(InvokeLaterDispatcher.java:96)
	at com.sun.glass.ui.win.WinApplication._runLoop(Native Method)
	at com.sun.glass.ui.win.WinApplication.lambda$runLoop$3(WinApplication.java:184)
	at java.base/java.lang.Thread.run(Thread.java:1589)

09:26:13.656 [JavaFX Application Thread] FATAL FXGLApplication      - Application will now exit
09:26:13.668 [JavaFX Application Thread] DEBUG PrimaryStageWindow   - Push state: ErrorSubScene
09:26:13.668 [JavaFX Application Thread] DEBUG Input                - Clearing active input actions
09:26:20.179 [JavaFX Application Thread] DEBUG FXGLApplication      - Exiting FXGL
09:26:20.179 [JavaFX Application Thread] DEBUG Async                - Shutting down background threads
09:26:20.179 [JavaFX Application Thread] DEBUG PrimaryStageWindow   - Closing main window
09:26:20.203 [JavaFX Application Thread] DEBUG Logger               - Closing Logger
