13:49:01.625 [main                     ] DEBUG Logger               - Configured Logger
13:49:01.647 [main                     ] DEBUG GameApplication      - Logging settings
Title: Simple Fighting Game
Version: 0.0
Width: 800
Height: 600
Fullscreen: false
Intro: false
Profiling: false
Single step:false
App Mode: DEVELOPER
Menu Key: ESCAPE
Stage Style: DECORATED
Scene Factory: class com.almasb.fxgl.app.scene.SceneFactory

13:49:01.998 [JavaFX Application Thread] DEBUG FXGLApplication      - Initializing FXGL
13:49:02.001 [JavaFX Application Thread] INFO  Engine               - FXGL-17.1 (24.03.2022 17.34) on WINDOWS (J:19.0.1 FX:19-ea)
13:49:02.001 [JavaFX Application Thread] DEBUG Engine               - JRE Vendor Name: Oracle Corporation
13:49:02.001 [JavaFX Application Thread] DEBUG Engine               - Running on OS: Windows 11 version 10.0
13:49:02.001 [JavaFX Application Thread] DEBUG Engine               - Architecture: amd64
13:49:02.001 [JavaFX Application Thread] INFO  Engine               - Source code and latest versions at: https://github.com/AlmasB/FXGL
13:49:02.001 [JavaFX Application Thread] INFO  Engine               -       Ask questions and discuss at: https://github.com/AlmasB/FXGL/discussions
13:49:02.003 [JavaFX Application Thread] INFO  Engine               -              Join the FXGL chat at: https://gitter.im/AlmasB/FXGL
13:49:02.110 [JavaFX Application Thread] DEBUG PrimaryStageWindow   - Creating a JavaFX scene
13:49:02.150 [JavaFX Application Thread] DEBUG PrimaryStageWindow   - Target settings size: 800.0 x 600.0
13:49:02.150 [JavaFX Application Thread] DEBUG PrimaryStageWindow   - Scaled scene size:    800.0 x 600.0
13:49:02.150 [JavaFX Application Thread] DEBUG PrimaryStageWindow   - Scaled ratio: (1.0, 1.0)
13:49:02.151 [JavaFX Application Thread] DEBUG PrimaryStageWindow   - Set initial scene to FXGLStartupScene
13:49:02.158 [JavaFX Application Thread] DEBUG PrimaryStageWindow   - Opening main window
13:49:02.235 [JavaFX Application Thread] DEBUG PrimaryStageWindow   - Window border size: (14.66668701171875, 37.33331298828125)
13:49:02.235 [JavaFX Application Thread] DEBUG PrimaryStageWindow   - Scaled size: 800.0 x 600.0
13:49:02.235 [JavaFX Application Thread] DEBUG PrimaryStageWindow   - Scaled ratio: (1.0, 1.0)
13:49:02.236 [JavaFX Application Thread] DEBUG PrimaryStageWindow   - Scene size: 800.0 x 600.0
13:49:02.236 [JavaFX Application Thread] DEBUG PrimaryStageWindow   - Stage size: 814.6666870117188 x 637.3333129882812
13:49:02.245 [FXGL Background Thread 1 ] DEBUG Engine               - Initializing environment variables
13:49:02.311 [FXGL Background Thread 1 ] DEBUG FXGLAssetLoaderServi - User app class for loading assets: class Game
13:49:02.311 [FXGL Background Thread 1 ] DEBUG GameApplicationServi - Applying CSS: fxgl_dark.css
13:49:02.312 [FXGL Background Thread 1 ] DEBUG FXGLAssetLoaderServi - Loading from file system: jar:file:/C:/Users/karos/.m2/repository/com/github/almasb/fxgl/17.1/fxgl-17.1.jar!/fxglassets/ui/css/fxgl_dark.css
13:49:02.352 [FXGL Background Thread 1 ] DEBUG GameApplicationServi - Initializing application scenes
13:49:02.396 [FXGL Background Thread 1 ] DEBUG GameWorld            - Game world initialized
13:49:02.454 [FXGL Background Thread 1 ] DEBUG PhysicsWorld         - Physics world initialized: appHeight=600, physics.ppm=50.0
13:49:02.454 [FXGL Background Thread 1 ] DEBUG PhysicsWorld         - Using strategy: BRUTE_FORCE
13:49:02.458 [FXGL Background Thread 1 ] DEBUG GameScene            - Game scene initialized: 800x600
13:49:02.468 [FXGL Background Thread 1 ] DEBUG FXGL.DefaultMenu     - createMenuBodyGameMenu()
13:49:02.480 [FXGL Background Thread 1 ] DEBUG FXGL.DefaultMenu     - createOptionsMenu()
13:49:02.490 [FXGL Background Thread 1 ] DEBUG FXGLAssetLoaderServi - Loading from file system: jar:file:/C:/Users/karos/.m2/repository/com/github/almasb/fxgl/17.1/fxgl-17.1.jar!/fxglassets/textures/particles/smoke.png
13:49:02.579 [FXGL Background Thread 1 ] DEBUG FXGLAssetLoaderServi - Loading from file system: jar:file:/C:/Users/karos/.m2/repository/com/github/almasb/fxgl/17.1/fxgl-17.1.jar!/fxglassets/textures/particles/trace_horizontal.png
13:49:02.606 [FXGL Background Thread 1 ] DEBUG GameApplicationServi - Application scenes initialized
13:49:02.617 [FXGL Background Thread 1 ] DEBUG SystemBundleService  - Loading FXGL system data
13:49:02.621 [FXGL Background Thread 1 ] DEBUG FileSystemAccess     - Reading from: C:\Users\karos\IdeaProjects\HS-Leiden-Kombat\system\fxgl.bundle
13:49:02.629 [FXGL Background Thread 1 ] DEBUG SystemBundleService  - Bundle FXGL: {}
13:49:02.629 [FXGL Background Thread 1 ] DEBUG UpdaterService       - Checking for updates
13:49:02.633 [FXGL Background Thread 4 ] DEBUG FXGLApplication      - Loading fonts
13:49:02.633 [FXGL Background Thread 4 ] DEBUG FXGLAssetLoaderServi - Loading from file system: jar:file:/C:/Users/karos/.m2/repository/com/github/almasb/fxgl/17.1/fxgl-17.1.jar!/fxglassets/ui/fonts/VarelaRound-Regular.ttf
13:49:02.634 [FXGL Background Thread 1 ] DEBUG FXGLAssetLoaderServi - Loading from file system: jar:file:/C:/Users/karos/.m2/repository/com/github/almasb/fxgl/17.1/fxgl-17.1.jar!/fxglassets/languages/english.lang
13:49:02.653 [FXGL Background Thread 1 ] INFO  FXGLApplication      - FXGL initialization took: 0.407 sec
13:49:02.665 [JavaFX Application Thread] DEBUG Input                - Registered new binding: Player 1 Move Left - A
13:49:02.665 [JavaFX Application Thread] DEBUG Input                - Registered new binding: Player 1 Move Right - D
13:49:02.665 [JavaFX Application Thread] DEBUG Input                - Registered new binding: Player 1 Jump - W
13:49:02.665 [JavaFX Application Thread] DEBUG Input                - Registered new binding: Player 1 Duck - S
13:49:02.665 [JavaFX Application Thread] DEBUG Input                - Registered new binding: Player 2 Move Left - Left
13:49:02.665 [JavaFX Application Thread] DEBUG Input                - Registered new binding: Player 2 Move Right - Right
13:49:02.665 [JavaFX Application Thread] DEBUG Input                - Registered new binding: Player 2 Jump - Up
13:49:02.665 [JavaFX Application Thread] DEBUG Input                - Registered new binding: Player 2 Duck - Down
13:49:02.666 [JavaFX Application Thread] DEBUG FXGLAssetLoaderServi - Loading from file system: jar:file:/C:/Users/karos/.m2/repository/com/github/almasb/fxgl/17.1/fxgl-17.1.jar!/fxglassets/textures/fxgl_icon.png
13:49:02.682 [FXGL Background Thread 4 ] DEBUG FXGLAssetLoaderServi - Loading from file system: jar:file:/C:/Users/karos/.m2/repository/com/github/almasb/fxgl/17.1/fxgl-17.1.jar!/fxglassets/ui/fonts/Abel-Regular.ttf
13:49:02.686 [JavaFX Application Thread] DEBUG FXGLAssetLoaderServi - Loading from file system: jar:file:/C:/Users/karos/.m2/repository/com/github/almasb/fxgl/17.1/fxgl-17.1.jar!/fxglassets/textures/fxgl_default_cursor.png
13:49:02.687 [FXGL Background Thread 4 ] DEBUG FXGLAssetLoaderServi - Loading from file system: jar:file:/C:/Users/karos/.m2/repository/com/github/almasb/fxgl/17.1/fxgl-17.1.jar!/fxglassets/ui/fonts/TerminalLandMono-Regular.otf
13:49:02.688 [JavaFX Application Thread] DEBUG Input                - Registered new binding: Screenshot - CTRL+8
13:49:02.689 [JavaFX Application Thread] DEBUG Input                - Registered new binding: System info dump - CTRL+9
13:49:02.690 [JavaFX Application Thread] DEBUG Input                - Registered new binding: Restart - CTRL+R
13:49:02.691 [JavaFX Application Thread] DEBUG Input                - Registered new binding: Toggle Debug Camera - CTRL+7
13:49:02.694 [JavaFX Application Thread] DEBUG LoopRunner           - Starting loop
13:49:02.694 [JavaFX Application Thread] DEBUG LoopRunner           - Initializing JavaFX AnimationTimerLoop
13:49:02.694 [FXGL Background Thread 4 ] DEBUG FXGLAssetLoaderServi - Loading from file system: jar:file:/C:/Users/karos/.m2/repository/com/github/almasb/fxgl/17.1/fxgl-17.1.jar!/fxglassets/ui/fonts/Courier-Prime.ttf
13:49:02.695 [JavaFX Application Thread] DEBUG GameApplicationServi - Starting new game
13:49:02.696 [JavaFX Application Thread] DEBUG Input                - Clearing active input actions
13:49:02.706 [JavaFX Application Thread] DEBUG GameApplicationServi - Removing overlay from FXGLStartupScene and adding to FXGLLoadingScene
13:49:02.706 [JavaFX Application Thread] DEBUG PrimaryStageWindow   - FXGLStartupScene -> FXGLLoadingScene
13:49:02.706 [JavaFX Application Thread] DEBUG GameApplicationServi - Clearing previous game
13:49:02.706 [JavaFX Application Thread] DEBUG GameScene            - Clearing game scene
13:49:02.706 [JavaFX Application Thread] DEBUG GameWorld            - Clearing game world
13:49:02.706 [JavaFX Application Thread] DEBUG PhysicsWorld         - Clearing physics world
13:49:02.708 [FXGL Background Thread 4 ] DEBUG FXGLApplication      - Initializing game
13:49:02.708 [JavaFX Application Thread] DEBUG FXGLApplication      - Registering font factories with UI factory
13:49:02.710 [FXGL Background Thread 4 ] WARN  FXGLAssetLoaderServi - Asset "/assets/textures/player1.png" was not found!
13:49:02.711 [FXGL Background Thread 4 ] WARN  FXGLAssetLoaderServi - Failed to load IMAGE
13:49:02.863 [FXGL Background Thread 4 ] WARN  FXGLAssetLoaderServi - Asset "/assets/textures/player2.png" was not found!
13:49:02.863 [FXGL Background Thread 4 ] WARN  FXGLAssetLoaderServi - Failed to load IMAGE
13:49:02.864 [FXGL Background Thread 4 ] INFO  FXGLApplication      - Game initialization took: 0.156 sec
13:49:02.914 [JavaFX Application Thread] DEBUG Input                - Clearing active input actions
13:49:02.925 [JavaFX Application Thread] DEBUG GameApplicationServi - Removing overlay from FXGLLoadingScene and adding to GameScene
13:49:02.927 [JavaFX Application Thread] DEBUG PrimaryStageWindow   - FXGLLoadingScene -> GameScene
13:49:03.072 [FXGL Background Thread 2 ] INFO  UpdaterService       - Your current version:  17.1
13:49:03.072 [FXGL Background Thread 2 ] INFO  UpdaterService       - Latest stable version: 17.3
13:49:05.632 [FXGL Background Thread 3 ] DEBUG Engine               - Logging environment variables
13:49:05.633 [FXGL Background Thread 3 ] DEBUG Engine               - achievements: []
13:49:05.633 [FXGL Background Thread 3 ] DEBUG Engine               - actualHeight: 600.0
13:49:05.633 [FXGL Background Thread 3 ] DEBUG Engine               - actualHeightProperty: ReadOnlyDoubleProperty [value: 600.0]
13:49:05.634 [FXGL Background Thread 3 ] DEBUG Engine               - actualWidth: 800.0
13:49:05.634 [FXGL Background Thread 3 ] DEBUG Engine               - actualWidthProperty: ReadOnlyDoubleProperty [value: 800.0]
13:49:05.634 [FXGL Background Thread 3 ] DEBUG Engine               - appIcon: fxgl_icon.png
13:49:05.634 [FXGL Background Thread 3 ] DEBUG Engine               - applicationMode: DEVELOPER
13:49:05.634 [FXGL Background Thread 3 ] DEBUG Engine               - cSSList: [fxgl_dark.css]
13:49:05.634 [FXGL Background Thread 3 ] DEBUG Engine               - collisionDetectionStrategy: BRUTE_FORCE
13:49:05.634 [FXGL Background Thread 3 ] DEBUG Engine               - configClass: Optional.empty
13:49:05.634 [FXGL Background Thread 3 ] DEBUG Engine               - credits: []
13:49:05.634 [FXGL Background Thread 3 ] DEBUG Engine               - defaultCursor: CursorInfo(imageName=fxgl_default_cursor.png, hotspotX=7.0, hotspotY=6.0)
13:49:05.635 [FXGL Background Thread 3 ] DEBUG Engine               - devBBoxColorProperty: ObjectProperty [value: 0xff0000ff]
13:49:05.635 [FXGL Background Thread 3 ] DEBUG Engine               - devEnableDebugCameraProperty: BooleanProperty [value: false]
13:49:05.635 [FXGL Background Thread 3 ] DEBUG Engine               - devSensorColorProperty: ObjectProperty [value: 0xffff00ff]
13:49:05.635 [FXGL Background Thread 3 ] DEBUG Engine               - devShowBBoxProperty: BooleanProperty [value: false]
13:49:05.636 [FXGL Background Thread 3 ] DEBUG Engine               - devShowPositionProperty: BooleanProperty [value: false]
13:49:05.636 [FXGL Background Thread 3 ] DEBUG Engine               - enabledMenuItems: []
13:49:05.638 [FXGL Background Thread 3 ] DEBUG Engine               - engineServices: [class com.almasb.fxgl.app.services.FXGLAssetLoaderService, class com.almasb.fxgl.app.FXGLApplication$GameApplicationService, class com.almasb.fxgl.app.services.FXGLDialogService, class com.almasb.fxgl.app.services.IOTaskExecutorService, class com.almasb.fxgl.io.FileSystemService, class com.almasb.fxgl.localization.LocalizationService, class com.almasb.fxgl.app.services.SystemBundleService, class com.almasb.fxgl.profile.SaveLoadService, class com.almasb.fxgl.ui.FXGLUIFactoryServiceProvider, class com.almasb.fxgl.ui.FXGLDialogFactoryServiceProvider, class com.almasb.fxgl.audio.AudioPlayer, class com.almasb.fxgl.notification.impl.NotificationServiceProvider, class com.almasb.fxgl.achievement.AchievementService, class com.almasb.fxgl.cutscene.CutsceneService, class com.almasb.fxgl.minigames.MiniGameService, class com.almasb.fxgl.net.NetService, class com.almasb.fxgl.app.services.UpdaterService, class com.almasb.fxgl.dev.DevService]
13:49:05.638 [FXGL Background Thread 3 ] DEBUG Engine               - fontGame: Abel-Regular.ttf
13:49:05.638 [FXGL Background Thread 3 ] DEBUG Engine               - fontMono: TerminalLandMono-Regular.otf
13:49:05.638 [FXGL Background Thread 3 ] DEBUG Engine               - fontText: Courier-Prime.ttf
13:49:05.639 [FXGL Background Thread 3 ] DEBUG Engine               - fontUI: VarelaRound-Regular.ttf
13:49:05.639 [FXGL Background Thread 3 ] DEBUG Engine               - fullScreen: BooleanProperty [value: false]
13:49:05.639 [FXGL Background Thread 3 ] DEBUG Engine               - gameDifficulty: MEDIUM
13:49:05.639 [FXGL Background Thread 3 ] DEBUG Engine               - gameDifficultyProperty: ObjectProperty [value: MEDIUM]
13:49:05.639 [FXGL Background Thread 3 ] DEBUG Engine               - globalMusicVolume: 0.5
13:49:05.639 [FXGL Background Thread 3 ] DEBUG Engine               - globalMusicVolumeProperty: DoubleProperty [value: 0.5]
13:49:05.639 [FXGL Background Thread 3 ] DEBUG Engine               - globalSoundVolume: 0.5
13:49:05.639 [FXGL Background Thread 3 ] DEBUG Engine               - globalSoundVolumeProperty: DoubleProperty [value: 0.5]
13:49:05.639 [FXGL Background Thread 3 ] DEBUG Engine               - height: 600
13:49:05.640 [FXGL Background Thread 3 ] DEBUG Engine               - is3D: false
13:49:05.640 [FXGL Background Thread 3 ] DEBUG Engine               - isAndroid: false
13:49:05.640 [FXGL Background Thread 3 ] DEBUG Engine               - isBrowser: false
13:49:05.640 [FXGL Background Thread 3 ] DEBUG Engine               - isClickFeedbackEnabled: false
13:49:05.640 [FXGL Background Thread 3 ] DEBUG Engine               - isCloseConfirmation: false
13:49:05.640 [FXGL Background Thread 3 ] DEBUG Engine               - isDesktop: true
13:49:05.640 [FXGL Background Thread 3 ] DEBUG Engine               - isDeveloperMenuEnabled: false
13:49:05.640 [FXGL Background Thread 3 ] DEBUG Engine               - isEmbedded: false
13:49:05.640 [FXGL Background Thread 3 ] DEBUG Engine               - isEntityPreloadEnabled: true
13:49:05.640 [FXGL Background Thread 3 ] DEBUG Engine               - isExperimentalTiledLargeMap: false
13:49:05.640 [FXGL Background Thread 3 ] DEBUG Engine               - isFileSystemWriteAllowed: true
13:49:05.640 [FXGL Background Thread 3 ] DEBUG Engine               - isFullScreenAllowed: false
13:49:05.641 [FXGL Background Thread 3 ] DEBUG Engine               - isFullScreenFromStart: false
13:49:05.641 [FXGL Background Thread 3 ] DEBUG Engine               - isGameMenuEnabled: true
13:49:05.641 [FXGL Background Thread 3 ] DEBUG Engine               - isIOS: false
13:49:05.641 [FXGL Background Thread 3 ] DEBUG Engine               - isIntroEnabled: false
13:49:05.641 [FXGL Background Thread 3 ] DEBUG Engine               - isLinux: false
13:49:05.641 [FXGL Background Thread 3 ] DEBUG Engine               - isMac: false
13:49:05.641 [FXGL Background Thread 3 ] DEBUG Engine               - isMainMenuEnabled: false
13:49:05.641 [FXGL Background Thread 3 ] DEBUG Engine               - isManualResizeEnabled: false
13:49:05.641 [FXGL Background Thread 3 ] DEBUG Engine               - isMobile: false
13:49:05.641 [FXGL Background Thread 3 ] DEBUG Engine               - isNative: false
13:49:05.641 [FXGL Background Thread 3 ] DEBUG Engine               - isPauseMusicWhenMinimized: true
13:49:05.641 [FXGL Background Thread 3 ] DEBUG Engine               - isPreserveResizeRatio: false
13:49:05.643 [FXGL Background Thread 3 ] DEBUG Engine               - isProfilingEnabled: false
13:49:05.643 [FXGL Background Thread 3 ] DEBUG Engine               - isScaleAffectedOnResize: true
13:49:05.643 [FXGL Background Thread 3 ] DEBUG Engine               - isSingleStep: false
13:49:05.643 [FXGL Background Thread 3 ] DEBUG Engine               - isUserProfileEnabled: false
13:49:05.643 [FXGL Background Thread 3 ] DEBUG Engine               - isWindows: true
13:49:05.643 [FXGL Background Thread 3 ] DEBUG Engine               - language: ObjectProperty [value: ENGLISH]
13:49:05.643 [FXGL Background Thread 3 ] DEBUG Engine               - menuKey: ESCAPE
13:49:05.643 [FXGL Background Thread 3 ] DEBUG Engine               - mouseSensitivity: 0.2
13:49:05.643 [FXGL Background Thread 3 ] DEBUG Engine               - notificationViewClass: class com.almasb.fxgl.notification.view.XboxNotificationView
13:49:05.643 [FXGL Background Thread 3 ] DEBUG Engine               - pixelsPerMeter: 50.0
13:49:05.643 [FXGL Background Thread 3 ] DEBUG Engine               - platform: WINDOWS
13:49:05.643 [FXGL Background Thread 3 ] DEBUG Engine               - prefHeightProperty: ReadOnlyDoubleProperty [value: 600.0]
13:49:05.643 [FXGL Background Thread 3 ] DEBUG Engine               - prefWidthProperty: ReadOnlyDoubleProperty [value: 800.0]
13:49:05.643 [FXGL Background Thread 3 ] DEBUG Engine               - profileDir: profiles/
13:49:05.643 [FXGL Background Thread 3 ] DEBUG Engine               - profileName: StringProperty [value: DEFAULT]
13:49:05.643 [FXGL Background Thread 3 ] DEBUG Engine               - randomSeed: -1
13:49:05.644 [FXGL Background Thread 3 ] DEBUG Engine               - runtimeInfo: RuntimeInfo(platform=WINDOWS, version=17.1, build=24.03.2022 17.34)
13:49:05.644 [FXGL Background Thread 3 ] DEBUG Engine               - saveFileExt: sav
13:49:05.644 [FXGL Background Thread 3 ] DEBUG Engine               - scaledHeightProp$fxgl: DoubleProperty [bound, value: 600.0]
13:49:05.644 [FXGL Background Thread 3 ] DEBUG Engine               - scaledWidthProp$fxgl: DoubleProperty [bound, value: 800.0]
13:49:05.644 [FXGL Background Thread 3 ] DEBUG Engine               - sceneFactory: com.almasb.fxgl.app.scene.SceneFactory@212396c8
13:49:05.644 [FXGL Background Thread 3 ] DEBUG Engine               - secondsIn24h: 60
13:49:05.644 [FXGL Background Thread 3 ] DEBUG Engine               - soundMenuBack: menu/back.wav
13:49:05.644 [FXGL Background Thread 3 ] DEBUG Engine               - soundMenuPress: menu/press.wav
13:49:05.644 [FXGL Background Thread 3 ] DEBUG Engine               - soundMenuSelect: menu/select.wav
13:49:05.644 [FXGL Background Thread 3 ] DEBUG Engine               - soundNotification: core/notification.wav
13:49:05.644 [FXGL Background Thread 3 ] DEBUG Engine               - stageStyle: DECORATED
13:49:05.644 [FXGL Background Thread 3 ] DEBUG Engine               - supportedLanguages: [ENGLISH, FRENCH, GERMAN, HUNGARIAN, RUSSIAN]
13:49:05.644 [FXGL Background Thread 3 ] DEBUG Engine               - ticksPerSecond: -1
13:49:05.644 [FXGL Background Thread 3 ] DEBUG Engine               - title: Simple Fighting Game
13:49:05.644 [FXGL Background Thread 3 ] DEBUG Engine               - urlGithub: https://github.com/AlmasB/FXGL
13:49:05.644 [FXGL Background Thread 3 ] DEBUG Engine               - urlLeaderboard: http://fxgl-top.herokuapp.com/
13:49:05.644 [FXGL Background Thread 3 ] DEBUG Engine               - urlPOM: https://raw.githubusercontent.com/AlmasB/FXGL/release/README.md
13:49:05.644 [FXGL Background Thread 3 ] DEBUG Engine               - userAppClass: class Game
13:49:05.644 [FXGL Background Thread 3 ] DEBUG Engine               - version: 0.0
13:49:05.644 [FXGL Background Thread 3 ] DEBUG Engine               - versionCheckDays: 7
13:49:05.644 [FXGL Background Thread 3 ] DEBUG Engine               - width: 800
13:49:05.644 [FXGL Background Thread 3 ] DEBUG Engine               - Logging services
13:49:05.644 [FXGL Background Thread 3 ] DEBUG Engine               - class com.almasb.fxgl.app.services.FXGLAssetLoaderService
13:49:05.644 [FXGL Background Thread 3 ] DEBUG Engine               - class com.almasb.fxgl.app.FXGLApplication$GameApplicationService
13:49:05.644 [FXGL Background Thread 3 ] DEBUG Engine               - class com.almasb.fxgl.app.services.FXGLDialogService
13:49:05.645 [FXGL Background Thread 3 ] DEBUG Engine               - class com.almasb.fxgl.app.services.IOTaskExecutorService
13:49:05.645 [FXGL Background Thread 3 ] DEBUG Engine               - class com.almasb.fxgl.io.FileSystemService
13:49:05.645 [FXGL Background Thread 3 ] DEBUG Engine               - class com.almasb.fxgl.localization.LocalizationService
13:49:05.645 [FXGL Background Thread 3 ] DEBUG Engine               - class com.almasb.fxgl.app.services.SystemBundleService
13:49:05.645 [FXGL Background Thread 3 ] DEBUG Engine               - class com.almasb.fxgl.profile.SaveLoadService
13:49:05.645 [FXGL Background Thread 3 ] DEBUG Engine               - class com.almasb.fxgl.ui.FXGLUIFactoryServiceProvider
13:49:05.645 [FXGL Background Thread 3 ] DEBUG Engine               - class com.almasb.fxgl.ui.FXGLDialogFactoryServiceProvider
13:49:05.645 [FXGL Background Thread 3 ] DEBUG Engine               - class com.almasb.fxgl.audio.AudioPlayer
13:49:05.645 [FXGL Background Thread 3 ] DEBUG Engine               - class com.almasb.fxgl.notification.impl.NotificationServiceProvider
13:49:05.645 [FXGL Background Thread 3 ] DEBUG Engine               - class com.almasb.fxgl.achievement.AchievementService
13:49:05.645 [FXGL Background Thread 3 ] DEBUG Engine               - class com.almasb.fxgl.cutscene.CutsceneService
13:49:05.645 [FXGL Background Thread 3 ] DEBUG Engine               - class com.almasb.fxgl.minigames.MiniGameService
13:49:05.645 [FXGL Background Thread 3 ] DEBUG Engine               - class com.almasb.fxgl.net.NetService
13:49:05.645 [FXGL Background Thread 3 ] DEBUG Engine               - class com.almasb.fxgl.app.services.UpdaterService
13:49:05.645 [FXGL Background Thread 3 ] DEBUG Engine               - class com.almasb.fxgl.dev.DevService
13:49:11.847 [JavaFX Application Thread] DEBUG LoopRunner           - Stopping loop
13:49:11.850 [JavaFX Application Thread] FATAL FXGLApplication      - Uncaught Exception:
java.lang.IllegalArgumentException: Property isJumping does not exist
	at com.almasb.fxgl.core.collection.PropertyMap.get(PropertyMap.kt:251)
	at com.almasb.fxgl.core.collection.PropertyMap.booleanProperty(PropertyMap.kt:160)
	at com.almasb.fxgl.core.collection.PropertyMap.getBoolean(PropertyMap.kt:150)
	at Game.jump(Game.java:151)
	at Game$3.onActionBegin(Game.java:96)
	at com.almasb.fxgl.input.UserAction.begin$fxgl_core(UserAction.kt:37)
	at com.almasb.fxgl.input.Input.handlePressed(Input.kt:350)
	at com.almasb.fxgl.input.Input.onKeyEvent(Input.kt:291)
	at com.almasb.fxgl.app.PrimaryStageWindow$1$1.invoke(MainWindow.kt:308)
	at com.almasb.fxgl.app.PrimaryStageWindow$1$1.invoke(MainWindow.kt:308)
	at com.almasb.fxgl.core.fsm.StateMachine.runOnActiveStates(StateMachine.kt:69)
	at com.almasb.fxgl.app.PrimaryStageWindow$1.invoke(MainWindow.kt:308)
	at com.almasb.fxgl.app.PrimaryStageWindow$1.invoke(MainWindow.kt:306)
	at com.almasb.fxgl.app.MainWindow.addKeyHandler$lambda-1(MainWindow.kt:221)
	at com.sun.javafx.event.CompositeEventHandler$NormalEventHandlerRecord.handleBubblingEvent(CompositeEventHandler.java:247)
	at com.sun.javafx.event.CompositeEventHandler.dispatchBubblingEvent(CompositeEventHandler.java:80)
	at com.sun.javafx.event.EventHandlerManager.dispatchBubblingEvent(EventHandlerManager.java:234)
	at com.sun.javafx.event.EventHandlerManager.dispatchBubblingEvent(EventHandlerManager.java:191)
	at com.sun.javafx.event.CompositeEventDispatcher.dispatchBubblingEvent(CompositeEventDispatcher.java:59)
	at com.sun.javafx.event.BasicEventDispatcher.dispatchEvent(BasicEventDispatcher.java:58)
	at com.sun.javafx.event.EventDispatchChainImpl.dispatchEvent(EventDispatchChainImpl.java:114)
	at com.sun.javafx.event.BasicEventDispatcher.dispatchEvent(BasicEventDispatcher.java:56)
	at com.sun.javafx.event.EventDispatchChainImpl.dispatchEvent(EventDispatchChainImpl.java:114)
	at com.sun.javafx.event.EventUtil.fireEventImpl(EventUtil.java:74)
	at com.sun.javafx.event.EventUtil.fireEvent(EventUtil.java:54)
	at javafx.event.Event.fireEvent(Event.java:198)
	at javafx.scene.Scene$KeyHandler.process(Scene.java:4089)
	at javafx.scene.Scene.processKeyEvent(Scene.java:2146)
	at javafx.scene.Scene$ScenePeerListener.keyEvent(Scene.java:2614)
	at com.sun.javafx.tk.quantum.GlassViewEventHandler$KeyEventNotification.run(GlassViewEventHandler.java:218)
	at com.sun.javafx.tk.quantum.GlassViewEventHandler$KeyEventNotification.run(GlassViewEventHandler.java:150)
	at java.base/java.security.AccessController.doPrivileged(AccessController.java:399)
	at com.sun.javafx.tk.quantum.GlassViewEventHandler.lambda$handleKeyEvent$1(GlassViewEventHandler.java:250)
	at com.sun.javafx.tk.quantum.QuantumToolkit.runWithoutRenderLock(QuantumToolkit.java:424)
	at com.sun.javafx.tk.quantum.GlassViewEventHandler.handleKeyEvent(GlassViewEventHandler.java:249)
	at com.sun.glass.ui.View.handleKeyEvent(View.java:542)
	at com.sun.glass.ui.View.notifyKey(View.java:966)
	at com.sun.glass.ui.win.WinApplication._runLoop(Native Method)
	at com.sun.glass.ui.win.WinApplication.lambda$runLoop$3(WinApplication.java:184)
	at java.base/java.lang.Thread.run(Thread.java:1589)

13:49:11.851 [JavaFX Application Thread] FATAL FXGLApplication      - Application will now exit
13:49:11.873 [JavaFX Application Thread] DEBUG PrimaryStageWindow   - Push state: ErrorSubScene
13:49:11.874 [JavaFX Application Thread] DEBUG Input                - Clearing active input actions
13:49:11.881 [JavaFX Application Thread] DEBUG GameApplicationServi - Removing overlay from GameScene and adding to ErrorSubScene
13:49:11.881 [JavaFX Application Thread] DEBUG PrimaryStageWindow   - GameScene -> ErrorSubScene
13:49:18.458 [JavaFX Application Thread] DEBUG FXGLApplication      - Exiting FXGL
13:49:18.458 [JavaFX Application Thread] DEBUG Async                - Shutting down background threads
13:49:18.458 [JavaFX Application Thread] DEBUG PrimaryStageWindow   - Closing main window
13:49:18.479 [JavaFX Application Thread] DEBUG Logger               - Closing Logger
