22:58:25.937 [main                     ] DEBUG Logger               - Configured Logger
22:58:25.958 [main                     ] DEBUG GameApplication      - Logging settings
Title: Hsleiden Kombat
Version: 0.0
Width: 800
Height: 600
Fullscreen: true
Intro: false
Profiling: false
Single step:false
App Mode: DEVELOPER
Menu Key: ESCAPE
Stage Style: DECORATED
Scene Factory: class com.almasb.fxgl.app.scene.SceneFactory

22:58:26.391 [JavaFX Application Thread] DEBUG FXGLApplication      - Initializing FXGL
22:58:26.394 [JavaFX Application Thread] INFO  Engine               - FXGL-17.1 (24.03.2022 17.34) on WINDOWS (J:19.0.1 FX:19-ea)
22:58:26.395 [JavaFX Application Thread] DEBUG Engine               - JRE Vendor Name: Oracle Corporation
22:58:26.395 [JavaFX Application Thread] DEBUG Engine               - Running on OS: Windows 10 version 10.0
22:58:26.395 [JavaFX Application Thread] DEBUG Engine               - Architecture: amd64
22:58:26.395 [JavaFX Application Thread] INFO  Engine               - Source code and latest versions at: https://github.com/AlmasB/FXGL
22:58:26.395 [JavaFX Application Thread] INFO  Engine               -       Ask questions and discuss at: https://github.com/AlmasB/FXGL/discussions
22:58:26.395 [JavaFX Application Thread] INFO  Engine               -              Join the FXGL chat at: https://gitter.im/AlmasB/FXGL
22:58:26.493 [JavaFX Application Thread] DEBUG PrimaryStageWindow   - Creating a JavaFX scene
22:58:26.534 [JavaFX Application Thread] DEBUG PrimaryStageWindow   - Target settings size: 800.0 x 600.0
22:58:26.534 [JavaFX Application Thread] DEBUG PrimaryStageWindow   - Scaled scene size:    800.0 x 600.0
22:58:26.534 [JavaFX Application Thread] DEBUG PrimaryStageWindow   - Scaled ratio: (1.0, 1.0)
22:58:26.535 [JavaFX Application Thread] DEBUG PrimaryStageWindow   - Set initial scene to FXGLStartupScene
22:58:26.543 [JavaFX Application Thread] DEBUG PrimaryStageWindow   - Opening main window
22:58:26.625 [JavaFX Application Thread] DEBUG PrimaryStageWindow   - Window border size: (16.0, 39.0)
22:58:26.626 [JavaFX Application Thread] DEBUG PrimaryStageWindow   - Scaled size: 800.0 x 600.0
22:58:26.626 [JavaFX Application Thread] DEBUG PrimaryStageWindow   - Scaled ratio: (1.0, 1.0)
22:58:26.626 [JavaFX Application Thread] DEBUG PrimaryStageWindow   - Scene size: 800.0 x 600.0
22:58:26.626 [JavaFX Application Thread] DEBUG PrimaryStageWindow   - Stage size: 816.0 x 639.0
22:58:26.666 [JavaFX Application Thread] DEBUG PrimaryStageWindow   - Going fullscreen
22:58:26.673 [FXGL Background Thread 1 ] DEBUG Engine               - Initializing environment variables
22:58:26.711 [FXGL Background Thread 1 ] DEBUG FXGLAssetLoaderServi - User app class for loading assets: class com.hsleidenKombat.Game
22:58:26.711 [FXGL Background Thread 1 ] DEBUG GameApplicationServi - Applying CSS: fxgl_dark.css
22:58:26.712 [FXGL Background Thread 1 ] DEBUG FXGLAssetLoaderServi - Loading from file system: jar:file:/C:/Users/Hicham/.m2/repository/com/github/almasb/fxgl/17.1/fxgl-17.1.jar!/fxglassets/ui/css/fxgl_dark.css
22:58:26.746 [FXGL Background Thread 1 ] DEBUG GameApplicationServi - Initializing application scenes
22:58:26.780 [FXGL Background Thread 1 ] DEBUG GameWorld            - Game world initialized
22:58:26.830 [FXGL Background Thread 1 ] DEBUG PhysicsWorld         - Physics world initialized: appHeight=600, physics.ppm=50,0
22:58:26.830 [FXGL Background Thread 1 ] DEBUG PhysicsWorld         - Using strategy: BRUTE_FORCE
22:58:26.834 [FXGL Background Thread 1 ] DEBUG GameScene            - Game scene initialized: 800x600
22:58:26.845 [FXGL Background Thread 1 ] DEBUG FXGL.DefaultMenu     - createMenuBodyGameMenu()
22:58:26.857 [FXGL Background Thread 1 ] DEBUG FXGL.DefaultMenu     - createOptionsMenu()
22:58:26.864 [FXGL Background Thread 1 ] DEBUG FXGLAssetLoaderServi - Loading from file system: jar:file:/C:/Users/Hicham/.m2/repository/com/github/almasb/fxgl/17.1/fxgl-17.1.jar!/fxglassets/textures/particles/smoke.png
22:58:26.945 [FXGL Background Thread 1 ] DEBUG FXGLAssetLoaderServi - Loading from file system: jar:file:/C:/Users/Hicham/.m2/repository/com/github/almasb/fxgl/17.1/fxgl-17.1.jar!/fxglassets/textures/particles/trace_horizontal.png
22:58:26.970 [FXGL Background Thread 1 ] DEBUG GameApplicationServi - Application scenes initialized
22:58:26.980 [FXGL Background Thread 1 ] DEBUG SystemBundleService  - Loading FXGL system data
22:58:26.983 [FXGL Background Thread 1 ] DEBUG FileSystemAccess     - Reading from: C:\Users\Hicham\IdeaProjects\Challengeweek\system\fxgl.bundle
22:58:26.990 [FXGL Background Thread 1 ] DEBUG SystemBundleService  - Bundle FXGL: {}
22:58:26.990 [FXGL Background Thread 1 ] DEBUG UpdaterService       - Checking for updates
22:58:27.015 [FXGL Background Thread 4 ] DEBUG FXGLApplication      - Loading fonts
22:58:27.015 [FXGL Background Thread 4 ] DEBUG FXGLAssetLoaderServi - Loading from file system: jar:file:/C:/Users/Hicham/.m2/repository/com/github/almasb/fxgl/17.1/fxgl-17.1.jar!/fxglassets/ui/fonts/VarelaRound-Regular.ttf
22:58:27.016 [FXGL Background Thread 1 ] DEBUG FXGLApplication      - Loading default localization
22:58:27.016 [FXGL Background Thread 1 ] DEBUG FXGLAssetLoaderServi - Loading from file system: jar:file:/C:/Users/Hicham/.m2/repository/com/github/almasb/fxgl/17.1/fxgl-17.1.jar!/fxglassets/languages/english.lang
22:58:27.037 [FXGL Background Thread 1 ] INFO  FXGLApplication      - FXGL initialization took: 0,364 sec
22:58:27.038 [JavaFX Application Thread] DEBUG FXGLAssetLoaderServi - Loading from file system: jar:file:/C:/Users/Hicham/.m2/repository/com/github/almasb/fxgl/17.1/fxgl-17.1.jar!/fxglassets/textures/fxgl_icon.png
22:58:27.058 [JavaFX Application Thread] DEBUG FXGLAssetLoaderServi - Loading from file system: jar:file:/C:/Users/Hicham/.m2/repository/com/github/almasb/fxgl/17.1/fxgl-17.1.jar!/fxglassets/textures/fxgl_default_cursor.png
22:58:27.072 [JavaFX Application Thread] DEBUG Input                - Registered new binding: Screenshot - CTRL+8
22:58:27.073 [JavaFX Application Thread] DEBUG Input                - Registered new binding: Dev Options - 1
22:58:27.074 [JavaFX Application Thread] DEBUG Input                - Registered new binding: Dev Console - 2
22:58:27.074 [JavaFX Application Thread] DEBUG Input                - Registered new binding: System info dump - CTRL+9
22:58:27.075 [JavaFX Application Thread] DEBUG Input                - Registered new binding: Restart - CTRL+R
22:58:27.076 [JavaFX Application Thread] DEBUG Input                - Registered new binding: Toggle Debug Camera - CTRL+7
22:58:27.079 [FXGL Background Thread 4 ] DEBUG FXGLAssetLoaderServi - Loading from file system: jar:file:/C:/Users/Hicham/.m2/repository/com/github/almasb/fxgl/17.1/fxgl-17.1.jar!/fxglassets/ui/fonts/Abel-Regular.ttf
22:58:27.080 [JavaFX Application Thread] DEBUG LoopRunner           - Starting loop
22:58:27.080 [FXGL Background Thread 4 ] WARN  FXGLAssetLoaderServi - Failed to load jar:file:/C:/Users/Hicham/.m2/repository/com/github/almasb/fxgl/17.1/fxgl-17.1.jar!/fxglassets/ui/fonts/Abel-Regular.ttf
java.util.ConcurrentModificationException
	at java.base/java.util.ArrayList$Itr.checkForComodification(ArrayList.java:1013)
	at java.base/java.util.ArrayList$Itr.next(ArrayList.java:967)
	at com.almasb.fxgl.logging.Logger$Companion.doLog(Logger.kt:281)
	at com.almasb.fxgl.logging.Logger$Companion.access$doLog(Logger.kt:22)
	at com.almasb.fxgl.logging.Logger.debug(Logger.kt:200)
	at com.almasb.fxgl.app.services.FXGLAssetLoaderService.load(FXGLAssetLoaderService.kt:528)
	at com.almasb.fxgl.app.services.FXGLAssetLoaderService.load(FXGLAssetLoaderService.kt:507)
	at com.almasb.fxgl.app.services.FXGLAssetLoaderService.load(FXGLAssetLoaderService.kt:496)
	at com.almasb.fxgl.app.services.FXGLAssetLoaderService.loadFont(FXGLAssetLoaderService.kt:394)
	at com.almasb.fxgl.app.FXGLApplication.postServicesInit$lambda-6(FXGLApplication.kt:162)
	at com.almasb.fxgl.core.concurrent.Async.startAsync$lambda-0(Concurrent.kt:40)
	at com.almasb.fxgl.core.concurrent.Coroutine._init_$lambda-1(Concurrent.kt:83)
	at java.base/java.util.concurrent.Executors$RunnableAdapter.call(Executors.java:577)
	at java.base/java.util.concurrent.FutureTask.run(FutureTask.java:317)
	at java.base/java.util.concurrent.ThreadPoolExecutor.runWorker(ThreadPoolExecutor.java:1144)
	at java.base/java.util.concurrent.ThreadPoolExecutor$Worker.run(ThreadPoolExecutor.java:642)
	at java.base/java.lang.Thread.run(Thread.java:1589)

22:58:27.094 [JavaFX Application Thread] DEBUG LoopRunner           - Initializing JavaFX AnimationTimerLoop
22:58:27.095 [FXGL Background Thread 4 ] DEBUG FXGLAssetLoaderServi - Loading from file system: jar:file:/C:/Users/Hicham/.m2/repository/com/github/almasb/fxgl/17.1/fxgl-17.1.jar!/fxglassets/ui/fonts/TerminalLandMono-Regular.otf
22:58:27.096 [JavaFX Application Thread] DEBUG GameApplicationServi - Starting new game
22:58:27.097 [JavaFX Application Thread] DEBUG Input                - Clearing active input actions
22:58:27.098 [FXGL Background Thread 4 ] DEBUG FXGLAssetLoaderServi - Loading from file system: jar:file:/C:/Users/Hicham/.m2/repository/com/github/almasb/fxgl/17.1/fxgl-17.1.jar!/fxglassets/ui/fonts/Courier-Prime.ttf
22:58:27.109 [JavaFX Application Thread] DEBUG GameApplicationServi - Removing overlay from FXGLStartupScene and adding to FXGLLoadingScene
22:58:27.113 [JavaFX Application Thread] DEBUG PrimaryStageWindow   - FXGLStartupScene -> FXGLLoadingScene
22:58:27.114 [JavaFX Application Thread] DEBUG GameApplicationServi - Clearing previous game
22:58:27.114 [JavaFX Application Thread] DEBUG GameScene            - Clearing game scene
22:58:27.114 [JavaFX Application Thread] DEBUG GameWorld            - Clearing game world
22:58:27.114 [JavaFX Application Thread] DEBUG PhysicsWorld         - Clearing physics world
22:58:27.115 [FXGL Background Thread 4 ] DEBUG FXGLApplication      - Initializing game
22:58:27.116 [FXGL Background Thread 4 ] DEBUG FXGLAssetLoaderServi - Loading from file system: file:/C:/Users/Hicham/IdeaProjects/Challengeweek/target/classes/assets/textures/background7.jpeg
22:58:27.161 [FXGL Background Thread 4 ] DEBUG FXGLAssetLoaderServi - Loading from file system: file:/C:/Users/Hicham/IdeaProjects/Challengeweek/target/classes/assets/textures/spritesheet.png
22:58:27.188 [FXGL Background Thread 4 ] DEBUG Input                - Registered new binding: Move Left - A
22:58:27.188 [FXGL Background Thread 4 ] DEBUG Input                - Registered new binding: Move Right - D
22:58:27.189 [FXGL Background Thread 4 ] DEBUG Input                - Registered new binding: Move Up - W
22:58:27.189 [FXGL Background Thread 4 ] DEBUG Input                - Registered new binding: Duck - S
22:58:27.189 [FXGL Background Thread 4 ] DEBUG Input                - Registered new binding: Move Left 2 - Left
22:58:27.189 [FXGL Background Thread 4 ] DEBUG Input                - Registered new binding: Move Right 2 - Right
22:58:27.189 [FXGL Background Thread 4 ] DEBUG Input                - Registered new binding: Move Up 2 - Up
22:58:27.189 [FXGL Background Thread 4 ] DEBUG Input                - Registered new binding: punch - F
22:58:27.189 [FXGL Background Thread 4 ] DEBUG Input                - Registered new binding: Duck2 - Down
22:58:27.190 [FXGL Background Thread 4 ] INFO  FXGLApplication      - Game initialization took: 0,075 sec
22:58:27.354 [JavaFX Application Thread] DEBUG FXGLApplication      - Registering font factories with UI factory
22:58:27.364 [JavaFX Application Thread] DEBUG Input                - Clearing active input actions
22:58:27.366 [FXGL Background Thread 2 ] INFO  UpdaterService       - Your current version:  17.1
22:58:27.366 [FXGL Background Thread 2 ] INFO  UpdaterService       - Latest stable version: 17.3
22:58:27.377 [JavaFX Application Thread] DEBUG GameApplicationServi - Removing overlay from FXGLLoadingScene and adding to GameScene
22:58:27.381 [JavaFX Application Thread] DEBUG PrimaryStageWindow   - FXGLLoadingScene -> GameScene
22:58:30.014 [FXGL Background Thread 3 ] DEBUG Engine               - Logging environment variables
22:58:30.014 [FXGL Background Thread 3 ] DEBUG Engine               - achievements: []
22:58:30.014 [FXGL Background Thread 3 ] DEBUG Engine               - actualHeight: 1080.0
22:58:30.014 [FXGL Background Thread 3 ] DEBUG Engine               - actualHeightProperty: ReadOnlyDoubleProperty [value: 1080.0]
22:58:30.014 [FXGL Background Thread 3 ] DEBUG Engine               - actualWidth: 1920.0
22:58:30.014 [FXGL Background Thread 3 ] DEBUG Engine               - actualWidthProperty: ReadOnlyDoubleProperty [value: 1920.0]
22:58:30.014 [FXGL Background Thread 3 ] DEBUG Engine               - appIcon: fxgl_icon.png
22:58:30.014 [FXGL Background Thread 3 ] DEBUG Engine               - applicationMode: DEVELOPER
22:58:30.014 [FXGL Background Thread 3 ] DEBUG Engine               - cSSList: [fxgl_dark.css]
22:58:30.014 [FXGL Background Thread 3 ] DEBUG Engine               - collisionDetectionStrategy: BRUTE_FORCE
22:58:30.014 [FXGL Background Thread 3 ] DEBUG Engine               - configClass: Optional.empty
22:58:30.014 [FXGL Background Thread 3 ] DEBUG Engine               - credits: []
22:58:30.015 [FXGL Background Thread 3 ] DEBUG Engine               - defaultCursor: CursorInfo(imageName=fxgl_default_cursor.png, hotspotX=7.0, hotspotY=6.0)
22:58:30.015 [FXGL Background Thread 3 ] DEBUG Engine               - devBBoxColorProperty: ObjectProperty [value: 0xff0000ff]
22:58:30.015 [FXGL Background Thread 3 ] DEBUG Engine               - devEnableDebugCameraProperty: BooleanProperty [value: false]
22:58:30.015 [FXGL Background Thread 3 ] DEBUG Engine               - devSensorColorProperty: ObjectProperty [value: 0xffff00ff]
22:58:30.015 [FXGL Background Thread 3 ] DEBUG Engine               - devShowBBoxProperty: BooleanProperty [value: false]
22:58:30.015 [FXGL Background Thread 3 ] DEBUG Engine               - devShowPositionProperty: BooleanProperty [value: false]
22:58:30.015 [FXGL Background Thread 3 ] DEBUG Engine               - enabledMenuItems: []
22:58:30.015 [FXGL Background Thread 3 ] DEBUG Engine               - engineServices: [class com.almasb.fxgl.app.services.FXGLAssetLoaderService, class com.almasb.fxgl.app.FXGLApplication$GameApplicationService, class com.almasb.fxgl.app.services.FXGLDialogService, class com.almasb.fxgl.app.services.IOTaskExecutorService, class com.almasb.fxgl.io.FileSystemService, class com.almasb.fxgl.localization.LocalizationService, class com.almasb.fxgl.app.services.SystemBundleService, class com.almasb.fxgl.profile.SaveLoadService, class com.almasb.fxgl.ui.FXGLUIFactoryServiceProvider, class com.almasb.fxgl.ui.FXGLDialogFactoryServiceProvider, class com.almasb.fxgl.audio.AudioPlayer, class com.almasb.fxgl.notification.impl.NotificationServiceProvider, class com.almasb.fxgl.achievement.AchievementService, class com.almasb.fxgl.cutscene.CutsceneService, class com.almasb.fxgl.minigames.MiniGameService, class com.almasb.fxgl.net.NetService, class com.almasb.fxgl.app.services.UpdaterService, class com.almasb.fxgl.dev.DevService]
22:58:30.015 [FXGL Background Thread 3 ] DEBUG Engine               - fontGame: Abel-Regular.ttf
22:58:30.015 [FXGL Background Thread 3 ] DEBUG Engine               - fontMono: TerminalLandMono-Regular.otf
22:58:30.015 [FXGL Background Thread 3 ] DEBUG Engine               - fontText: Courier-Prime.ttf
22:58:30.015 [FXGL Background Thread 3 ] DEBUG Engine               - fontUI: VarelaRound-Regular.ttf
22:58:30.016 [FXGL Background Thread 3 ] DEBUG Engine               - fullScreen: BooleanProperty [value: true]
22:58:30.016 [FXGL Background Thread 3 ] DEBUG Engine               - gameDifficulty: MEDIUM
22:58:30.016 [FXGL Background Thread 3 ] DEBUG Engine               - gameDifficultyProperty: ObjectProperty [value: MEDIUM]
22:58:30.016 [FXGL Background Thread 3 ] DEBUG Engine               - globalMusicVolume: 0.5
22:58:30.016 [FXGL Background Thread 3 ] DEBUG Engine               - globalMusicVolumeProperty: DoubleProperty [value: 0.5]
22:58:30.016 [FXGL Background Thread 3 ] DEBUG Engine               - globalSoundVolume: 0.5
22:58:30.016 [FXGL Background Thread 3 ] DEBUG Engine               - globalSoundVolumeProperty: DoubleProperty [value: 0.5]
22:58:30.016 [FXGL Background Thread 3 ] DEBUG Engine               - height: 600
22:58:30.016 [FXGL Background Thread 3 ] DEBUG Engine               - is3D: false
22:58:30.016 [FXGL Background Thread 3 ] DEBUG Engine               - isAndroid: false
22:58:30.016 [FXGL Background Thread 3 ] DEBUG Engine               - isBrowser: false
22:58:30.016 [FXGL Background Thread 3 ] DEBUG Engine               - isClickFeedbackEnabled: false
22:58:30.016 [FXGL Background Thread 3 ] DEBUG Engine               - isCloseConfirmation: false
22:58:30.016 [FXGL Background Thread 3 ] DEBUG Engine               - isDesktop: true
22:58:30.016 [FXGL Background Thread 3 ] DEBUG Engine               - isDeveloperMenuEnabled: true
22:58:30.016 [FXGL Background Thread 3 ] DEBUG Engine               - isEmbedded: false
22:58:30.016 [FXGL Background Thread 3 ] DEBUG Engine               - isEntityPreloadEnabled: true
22:58:30.016 [FXGL Background Thread 3 ] DEBUG Engine               - isExperimentalTiledLargeMap: false
22:58:30.016 [FXGL Background Thread 3 ] DEBUG Engine               - isFileSystemWriteAllowed: true
22:58:30.016 [FXGL Background Thread 3 ] DEBUG Engine               - isFullScreenAllowed: true
22:58:30.017 [FXGL Background Thread 3 ] DEBUG Engine               - isFullScreenFromStart: true
22:58:30.017 [FXGL Background Thread 3 ] DEBUG Engine               - isGameMenuEnabled: true
22:58:30.017 [FXGL Background Thread 3 ] DEBUG Engine               - isIOS: false
22:58:30.017 [FXGL Background Thread 3 ] DEBUG Engine               - isIntroEnabled: false
22:58:30.017 [FXGL Background Thread 3 ] DEBUG Engine               - isLinux: false
22:58:30.017 [FXGL Background Thread 3 ] DEBUG Engine               - isMac: false
22:58:30.017 [FXGL Background Thread 3 ] DEBUG Engine               - isMainMenuEnabled: false
22:58:30.017 [FXGL Background Thread 3 ] DEBUG Engine               - isManualResizeEnabled: false
22:58:30.017 [FXGL Background Thread 3 ] DEBUG Engine               - isMobile: false
22:58:30.017 [FXGL Background Thread 3 ] DEBUG Engine               - isNative: false
22:58:30.017 [FXGL Background Thread 3 ] DEBUG Engine               - isPauseMusicWhenMinimized: true
22:58:30.017 [FXGL Background Thread 3 ] DEBUG Engine               - isPreserveResizeRatio: false
22:58:30.017 [FXGL Background Thread 3 ] DEBUG Engine               - isProfilingEnabled: false
22:58:30.017 [FXGL Background Thread 3 ] DEBUG Engine               - isScaleAffectedOnResize: true
22:58:30.017 [FXGL Background Thread 3 ] DEBUG Engine               - isSingleStep: false
22:58:30.017 [FXGL Background Thread 3 ] DEBUG Engine               - isUserProfileEnabled: false
22:58:30.017 [FXGL Background Thread 3 ] DEBUG Engine               - isWindows: true
22:58:30.017 [FXGL Background Thread 3 ] DEBUG Engine               - language: ObjectProperty [value: ENGLISH]
22:58:30.017 [FXGL Background Thread 3 ] DEBUG Engine               - menuKey: ESCAPE
22:58:30.017 [FXGL Background Thread 3 ] DEBUG Engine               - mouseSensitivity: 0.2
22:58:30.017 [FXGL Background Thread 3 ] DEBUG Engine               - notificationViewClass: class com.almasb.fxgl.notification.view.XboxNotificationView
22:58:30.018 [FXGL Background Thread 3 ] DEBUG Engine               - pixelsPerMeter: 50.0
22:58:30.018 [FXGL Background Thread 3 ] DEBUG Engine               - platform: WINDOWS
22:58:30.018 [FXGL Background Thread 3 ] DEBUG Engine               - prefHeightProperty: ReadOnlyDoubleProperty [value: 600.0]
22:58:30.018 [FXGL Background Thread 3 ] DEBUG Engine               - prefWidthProperty: ReadOnlyDoubleProperty [value: 800.0]
22:58:30.018 [FXGL Background Thread 3 ] DEBUG Engine               - profileDir: profiles/
22:58:30.018 [FXGL Background Thread 3 ] DEBUG Engine               - profileName: StringProperty [value: DEFAULT]
22:58:30.018 [FXGL Background Thread 3 ] DEBUG Engine               - randomSeed: -1
22:58:30.018 [FXGL Background Thread 3 ] DEBUG Engine               - runtimeInfo: RuntimeInfo(platform=WINDOWS, version=17.1, build=24.03.2022 17.34)
22:58:30.018 [FXGL Background Thread 3 ] DEBUG Engine               - saveFileExt: sav
22:58:30.018 [FXGL Background Thread 3 ] DEBUG Engine               - scaledHeightProp$fxgl: DoubleProperty [bound, value: 1080.0]
22:58:30.018 [FXGL Background Thread 3 ] DEBUG Engine               - scaledWidthProp$fxgl: DoubleProperty [bound, value: 1920.0]
22:58:30.018 [FXGL Background Thread 3 ] DEBUG Engine               - sceneFactory: com.almasb.fxgl.app.scene.SceneFactory@6dc73863
22:58:30.018 [FXGL Background Thread 3 ] DEBUG Engine               - secondsIn24h: 60
22:58:30.019 [FXGL Background Thread 3 ] DEBUG Engine               - soundMenuBack: menu/back.wav
22:58:30.019 [FXGL Background Thread 3 ] DEBUG Engine               - soundMenuPress: menu/press.wav
22:58:30.019 [FXGL Background Thread 3 ] DEBUG Engine               - soundMenuSelect: menu/select.wav
22:58:30.019 [FXGL Background Thread 3 ] DEBUG Engine               - soundNotification: core/notification.wav
22:58:30.019 [FXGL Background Thread 3 ] DEBUG Engine               - stageStyle: DECORATED
22:58:30.019 [FXGL Background Thread 3 ] DEBUG Engine               - supportedLanguages: [ENGLISH, FRENCH, GERMAN, HUNGARIAN, RUSSIAN]
22:58:30.019 [FXGL Background Thread 3 ] DEBUG Engine               - ticksPerSecond: -1
22:58:30.019 [FXGL Background Thread 3 ] DEBUG Engine               - title: Hsleiden Kombat
22:58:30.019 [FXGL Background Thread 3 ] DEBUG Engine               - urlGithub: https://github.com/AlmasB/FXGL
22:58:30.019 [FXGL Background Thread 3 ] DEBUG Engine               - urlLeaderboard: http://fxgl-top.herokuapp.com/
22:58:30.019 [FXGL Background Thread 3 ] DEBUG Engine               - urlPOM: https://raw.githubusercontent.com/AlmasB/FXGL/release/README.md
22:58:30.019 [FXGL Background Thread 3 ] DEBUG Engine               - userAppClass: class com.hsleidenKombat.Game
22:58:30.019 [FXGL Background Thread 3 ] DEBUG Engine               - version: 0.0
22:58:30.019 [FXGL Background Thread 3 ] DEBUG Engine               - versionCheckDays: 7
22:58:30.019 [FXGL Background Thread 3 ] DEBUG Engine               - width: 800
22:58:30.019 [FXGL Background Thread 3 ] DEBUG Engine               - Logging services
22:58:30.019 [FXGL Background Thread 3 ] DEBUG Engine               - class com.almasb.fxgl.app.services.FXGLAssetLoaderService
22:58:30.019 [FXGL Background Thread 3 ] DEBUG Engine               - class com.almasb.fxgl.app.FXGLApplication$GameApplicationService
22:58:30.019 [FXGL Background Thread 3 ] DEBUG Engine               - class com.almasb.fxgl.app.services.FXGLDialogService
22:58:30.019 [FXGL Background Thread 3 ] DEBUG Engine               - class com.almasb.fxgl.app.services.IOTaskExecutorService
22:58:30.019 [FXGL Background Thread 3 ] DEBUG Engine               - class com.almasb.fxgl.io.FileSystemService
22:58:30.019 [FXGL Background Thread 3 ] DEBUG Engine               - class com.almasb.fxgl.localization.LocalizationService
22:58:30.019 [FXGL Background Thread 3 ] DEBUG Engine               - class com.almasb.fxgl.app.services.SystemBundleService
22:58:30.019 [FXGL Background Thread 3 ] DEBUG Engine               - class com.almasb.fxgl.profile.SaveLoadService
22:58:30.019 [FXGL Background Thread 3 ] DEBUG Engine               - class com.almasb.fxgl.ui.FXGLUIFactoryServiceProvider
22:58:30.020 [FXGL Background Thread 3 ] DEBUG Engine               - class com.almasb.fxgl.ui.FXGLDialogFactoryServiceProvider
22:58:30.020 [FXGL Background Thread 3 ] DEBUG Engine               - class com.almasb.fxgl.audio.AudioPlayer
22:58:30.020 [FXGL Background Thread 3 ] DEBUG Engine               - class com.almasb.fxgl.notification.impl.NotificationServiceProvider
22:58:30.020 [FXGL Background Thread 3 ] DEBUG Engine               - class com.almasb.fxgl.achievement.AchievementService
22:58:30.020 [FXGL Background Thread 3 ] DEBUG Engine               - class com.almasb.fxgl.cutscene.CutsceneService
22:58:30.020 [FXGL Background Thread 3 ] DEBUG Engine               - class com.almasb.fxgl.minigames.MiniGameService
22:58:30.020 [FXGL Background Thread 3 ] DEBUG Engine               - class com.almasb.fxgl.net.NetService
22:58:30.020 [FXGL Background Thread 3 ] DEBUG Engine               - class com.almasb.fxgl.app.services.UpdaterService
22:58:30.020 [FXGL Background Thread 3 ] DEBUG Engine               - class com.almasb.fxgl.dev.DevService
22:58:31.788 [JavaFX Application Thread] DEBUG PrimaryStageWindow   - Push state: FXGLDefaultMenu
22:58:31.790 [JavaFX Application Thread] DEBUG Input                - Clearing active input actions
22:58:31.792 [JavaFX Application Thread] DEBUG GameApplicationServi - Removing overlay from GameScene and adding to FXGLDefaultMenu
22:58:31.794 [JavaFX Application Thread] DEBUG PrimaryStageWindow   - GameScene -> FXGLDefaultMenu
22:58:32.533 [JavaFX Application Thread] DEBUG Menu                 - fireExit()
22:58:32.535 [JavaFX Application Thread] DEBUG PrimaryStageWindow   - Push state: DialogSubScene
22:58:32.535 [JavaFX Application Thread] DEBUG Input                - Clearing active input actions
22:58:32.535 [JavaFX Application Thread] DEBUG GameApplicationServi - Removing overlay from FXGLDefaultMenu and adding to DialogSubScene
22:58:32.536 [JavaFX Application Thread] DEBUG PrimaryStageWindow   - FXGLDefaultMenu -> DialogSubScene
22:58:33.071 [JavaFX Application Thread] DEBUG PrimaryStageWindow   - Pop state: DialogSubScene
22:58:33.071 [JavaFX Application Thread] DEBUG Input                - Clearing active input actions
22:58:33.071 [JavaFX Application Thread] DEBUG GameApplicationServi - Removing overlay from DialogSubScene and adding to FXGLDefaultMenu
22:58:33.072 [JavaFX Application Thread] DEBUG PrimaryStageWindow   - FXGLDefaultMenu <- DialogSubScene
22:58:33.072 [JavaFX Application Thread] DEBUG FXGLApplication      - Exiting FXGL
22:58:33.073 [JavaFX Application Thread] DEBUG LoopRunner           - Stopping loop
22:58:33.073 [JavaFX Application Thread] DEBUG SystemBundleService  - Saving FXGL system data
22:58:33.075 [JavaFX Application Thread] DEBUG FileSystemAccess     - Writing to: C:\Users\Hicham\IdeaProjects\Challengeweek\system\fxgl.bundle
22:58:33.076 [JavaFX Application Thread] DEBUG Async                - Shutting down background threads
22:58:33.077 [JavaFX Application Thread] DEBUG PrimaryStageWindow   - Closing main window
22:58:33.092 [JavaFX Application Thread] DEBUG Logger               - Closing Logger
