18:00:33.736 [main                     ] DEBUG Logger               - Configured Logger
18:00:33.758 [main                     ] DEBUG GameApplication      - Logging settings
Title: Hsleiden Kombat
Version: 0.0
Width: 800
Height: 600
Fullscreen: true
Intro: false
Profiling: false
Single step:false
App Mode: DEVELOPER
Menu Key: ESCAPE
Stage Style: DECORATED
Scene Factory: class com.almasb.fxgl.app.scene.SceneFactory

18:00:34.087 [JavaFX Application Thread] DEBUG FXGLApplication      - Initializing FXGL
18:00:34.090 [JavaFX Application Thread] INFO  Engine               - FXGL-17.1 (24.03.2022 17.34) on WINDOWS (J:19.0.1 FX:19-ea)
18:00:34.091 [JavaFX Application Thread] DEBUG Engine               - JRE Vendor Name: Oracle Corporation
18:00:34.091 [JavaFX Application Thread] DEBUG Engine               - Running on OS: Windows 11 version 10.0
18:00:34.091 [JavaFX Application Thread] DEBUG Engine               - Architecture: amd64
18:00:34.091 [JavaFX Application Thread] INFO  Engine               - Source code and latest versions at: https://github.com/AlmasB/FXGL
18:00:34.091 [JavaFX Application Thread] INFO  Engine               -       Ask questions and discuss at: https://github.com/AlmasB/FXGL/discussions
18:00:34.091 [JavaFX Application Thread] INFO  Engine               -              Join the FXGL chat at: https://gitter.im/AlmasB/FXGL
18:00:34.185 [JavaFX Application Thread] DEBUG PrimaryStageWindow   - Creating a JavaFX scene
18:00:34.226 [JavaFX Application Thread] DEBUG PrimaryStageWindow   - Target settings size: 800.0 x 600.0
18:00:34.226 [JavaFX Application Thread] DEBUG PrimaryStageWindow   - Scaled scene size:    800.0 x 600.0
18:00:34.226 [JavaFX Application Thread] DEBUG PrimaryStageWindow   - Scaled ratio: (1.0, 1.0)
18:00:34.227 [JavaFX Application Thread] DEBUG PrimaryStageWindow   - Set initial scene to FXGLStartupScene
18:00:34.234 [JavaFX Application Thread] DEBUG PrimaryStageWindow   - Opening main window
18:00:34.300 [JavaFX Application Thread] DEBUG PrimaryStageWindow   - Window border size: (14.66668701171875, 37.33331298828125)
18:00:34.300 [JavaFX Application Thread] DEBUG PrimaryStageWindow   - Scaled size: 800.0 x 600.0
18:00:34.301 [JavaFX Application Thread] DEBUG PrimaryStageWindow   - Scaled ratio: (1.0, 1.0)
18:00:34.301 [JavaFX Application Thread] DEBUG PrimaryStageWindow   - Scene size: 800.0 x 600.0
18:00:34.301 [JavaFX Application Thread] DEBUG PrimaryStageWindow   - Stage size: 814.6666870117188 x 637.3333129882812
18:00:34.367 [JavaFX Application Thread] DEBUG PrimaryStageWindow   - Going fullscreen
18:00:34.374 [FXGL Background Thread 1 ] DEBUG Engine               - Initializing environment variables
18:00:34.418 [FXGL Background Thread 1 ] DEBUG FXGLAssetLoaderServi - User app class for loading assets: class com.hsleidenKombat.Game
18:00:34.418 [FXGL Background Thread 1 ] DEBUG GameApplicationServi - Applying CSS: fxgl_dark.css
18:00:34.419 [FXGL Background Thread 1 ] DEBUG FXGLAssetLoaderServi - Loading from file system: jar:file:/C:/Users/karos/.m2/repository/com/github/almasb/fxgl/17.1/fxgl-17.1.jar!/fxglassets/ui/css/fxgl_dark.css
18:00:34.450 [FXGL Background Thread 1 ] DEBUG GameApplicationServi - Initializing application scenes
18:00:34.477 [FXGL Background Thread 1 ] DEBUG GameWorld            - Game world initialized
18:00:34.522 [FXGL Background Thread 1 ] DEBUG PhysicsWorld         - Physics world initialized: appHeight=600, physics.ppm=50.0
18:00:34.522 [FXGL Background Thread 1 ] DEBUG PhysicsWorld         - Using strategy: BRUTE_FORCE
18:00:34.526 [FXGL Background Thread 1 ] DEBUG GameScene            - Game scene initialized: 800x600
18:00:34.537 [FXGL Background Thread 1 ] DEBUG FXGL.DefaultMenu     - createMenuBodyGameMenu()
18:00:34.550 [FXGL Background Thread 1 ] DEBUG FXGL.DefaultMenu     - createOptionsMenu()
18:00:34.558 [FXGL Background Thread 1 ] DEBUG FXGLAssetLoaderServi - Loading from file system: jar:file:/C:/Users/karos/.m2/repository/com/github/almasb/fxgl/17.1/fxgl-17.1.jar!/fxglassets/textures/particles/smoke.png
18:00:34.650 [FXGL Background Thread 1 ] DEBUG FXGLAssetLoaderServi - Loading from file system: jar:file:/C:/Users/karos/.m2/repository/com/github/almasb/fxgl/17.1/fxgl-17.1.jar!/fxglassets/textures/particles/trace_horizontal.png
18:00:34.677 [FXGL Background Thread 1 ] DEBUG GameApplicationServi - Application scenes initialized
18:00:34.686 [FXGL Background Thread 1 ] DEBUG SystemBundleService  - Loading FXGL system data
18:00:34.689 [FXGL Background Thread 1 ] DEBUG FileSystemAccess     - Reading from: C:\Users\karos\IdeaProjects\HS-Leiden-Kombat\system\fxgl.bundle
18:00:34.697 [FXGL Background Thread 1 ] DEBUG SystemBundleService  - Bundle FXGL: {}
18:00:34.697 [FXGL Background Thread 1 ] DEBUG UpdaterService       - Checking for updates
18:00:34.719 [FXGL Background Thread 4 ] DEBUG FXGLApplication      - Loading fonts
18:00:34.719 [FXGL Background Thread 4 ] DEBUG FXGLAssetLoaderServi - Loading from file system: jar:file:/C:/Users/karos/.m2/repository/com/github/almasb/fxgl/17.1/fxgl-17.1.jar!/fxglassets/ui/fonts/VarelaRound-Regular.ttf
18:00:34.719 [FXGL Background Thread 1 ] DEBUG FXGLApplication      - Loading default localization
18:00:34.720 [FXGL Background Thread 1 ] DEBUG FXGLAssetLoaderServi - Loading from file system: jar:file:/C:/Users/karos/.m2/repository/com/github/almasb/fxgl/17.1/fxgl-17.1.jar!/fxglassets/languages/english.lang
18:00:34.735 [FXGL Background Thread 1 ] INFO  FXGLApplication      - FXGL initialization took: 0.362 sec
18:00:34.737 [JavaFX Application Thread] DEBUG FXGLAssetLoaderServi - Loading from file system: jar:file:/C:/Users/karos/.m2/repository/com/github/almasb/fxgl/17.1/fxgl-17.1.jar!/fxglassets/textures/fxgl_icon.png
18:00:34.757 [JavaFX Application Thread] DEBUG FXGLAssetLoaderServi - Loading from file system: jar:file:/C:/Users/karos/.m2/repository/com/github/almasb/fxgl/17.1/fxgl-17.1.jar!/fxglassets/textures/fxgl_default_cursor.png
18:00:34.769 [FXGL Background Thread 4 ] DEBUG FXGLAssetLoaderServi - Loading from file system: jar:file:/C:/Users/karos/.m2/repository/com/github/almasb/fxgl/17.1/fxgl-17.1.jar!/fxglassets/ui/fonts/Abel-Regular.ttf
18:00:34.772 [JavaFX Application Thread] DEBUG Input                - Registered new binding: Screenshot - CTRL+8
18:00:34.772 [JavaFX Application Thread] DEBUG Input                - Registered new binding: Dev Options - 1
18:00:34.773 [JavaFX Application Thread] DEBUG Input                - Registered new binding: Dev Console - 2
18:00:34.773 [FXGL Background Thread 4 ] DEBUG FXGLAssetLoaderServi - Loading from file system: jar:file:/C:/Users/karos/.m2/repository/com/github/almasb/fxgl/17.1/fxgl-17.1.jar!/fxglassets/ui/fonts/TerminalLandMono-Regular.otf
18:00:34.774 [JavaFX Application Thread] DEBUG Input                - Registered new binding: System info dump - CTRL+9
18:00:34.774 [JavaFX Application Thread] DEBUG Input                - Registered new binding: Restart - CTRL+R
18:00:34.775 [JavaFX Application Thread] DEBUG Input                - Registered new binding: Toggle Debug Camera - CTRL+7
18:00:34.778 [FXGL Background Thread 4 ] DEBUG FXGLAssetLoaderServi - Loading from file system: jar:file:/C:/Users/karos/.m2/repository/com/github/almasb/fxgl/17.1/fxgl-17.1.jar!/fxglassets/ui/fonts/Courier-Prime.ttf
18:00:34.778 [JavaFX Application Thread] DEBUG LoopRunner           - Starting loop
18:00:34.792 [JavaFX Application Thread] DEBUG LoopRunner           - Initializing JavaFX AnimationTimerLoop
18:00:34.793 [JavaFX Application Thread] DEBUG GameApplicationServi - Starting new game
18:00:34.794 [JavaFX Application Thread] DEBUG Input                - Clearing active input actions
18:00:34.804 [JavaFX Application Thread] DEBUG GameApplicationServi - Removing overlay from FXGLStartupScene and adding to FXGLLoadingScene
18:00:34.809 [JavaFX Application Thread] DEBUG PrimaryStageWindow   - FXGLStartupScene -> FXGLLoadingScene
18:00:34.809 [JavaFX Application Thread] DEBUG GameApplicationServi - Clearing previous game
18:00:34.809 [JavaFX Application Thread] DEBUG GameScene            - Clearing game scene
18:00:34.809 [JavaFX Application Thread] DEBUG GameWorld            - Clearing game world
18:00:34.809 [JavaFX Application Thread] DEBUG PhysicsWorld         - Clearing physics world
18:00:34.811 [FXGL Background Thread 4 ] DEBUG FXGLApplication      - Initializing game
18:00:34.812 [FXGL Background Thread 4 ] DEBUG FXGLAssetLoaderServi - Loading from file system: file:/C:/Users/karos/IdeaProjects/HS-Leiden-Kombat/target/classes/assets/textures/login.jpeg
18:00:34.879 [FXGL Background Thread 4 ] DEBUG Input                - Registered new binding: Move Left - A
18:00:34.879 [FXGL Background Thread 4 ] DEBUG Input                - Registered new binding: Move Right - D
18:00:34.879 [FXGL Background Thread 4 ] DEBUG Input                - Registered new binding: Move Up - W
18:00:34.879 [FXGL Background Thread 4 ] DEBUG Input                - Registered new binding: Duck - S
18:00:34.879 [FXGL Background Thread 4 ] DEBUG Input                - Registered new binding: Move Left 2 - Left
18:00:34.879 [FXGL Background Thread 4 ] DEBUG Input                - Registered new binding: Move Right 2 - Right
18:00:34.879 [FXGL Background Thread 4 ] DEBUG Input                - Registered new binding: Move Up 2 - Up
18:00:34.881 [FXGL Background Thread 4 ] DEBUG Input                - Registered new binding: Duck2 - Down
18:00:34.881 [FXGL Background Thread 4 ] DEBUG Input                - Registered new binding: Punch - F
18:00:34.881 [FXGL Background Thread 4 ] DEBUG Input                - Registered new binding: Punch2 - L
18:00:34.883 [FXGL Background Thread 4 ] INFO  FXGLApplication      - Game initialization took: 0.071 sec
18:00:35.032 [JavaFX Application Thread] DEBUG FXGLApplication      - Registering font factories with UI factory
18:00:35.043 [JavaFX Application Thread] DEBUG Input                - Clearing active input actions
18:00:35.055 [JavaFX Application Thread] DEBUG GameApplicationServi - Removing overlay from FXGLLoadingScene and adding to GameScene
18:00:35.059 [JavaFX Application Thread] DEBUG PrimaryStageWindow   - FXGLLoadingScene -> GameScene
18:00:35.341 [FXGL Background Thread 2 ] INFO  UpdaterService       - Your current version:  17.1
18:00:35.341 [FXGL Background Thread 2 ] INFO  UpdaterService       - Latest stable version: 17.3
18:00:37.719 [FXGL Background Thread 3 ] DEBUG Engine               - Logging environment variables
18:00:37.719 [FXGL Background Thread 3 ] DEBUG Engine               - achievements: []
18:00:37.720 [FXGL Background Thread 3 ] DEBUG Engine               - actualHeight: 720.0
18:00:37.720 [FXGL Background Thread 3 ] DEBUG Engine               - actualHeightProperty: ReadOnlyDoubleProperty [value: 720.0]
18:00:37.720 [FXGL Background Thread 3 ] DEBUG Engine               - actualWidth: 1280.0
18:00:37.720 [FXGL Background Thread 3 ] DEBUG Engine               - actualWidthProperty: ReadOnlyDoubleProperty [value: 1280.0]
18:00:37.720 [FXGL Background Thread 3 ] DEBUG Engine               - appIcon: fxgl_icon.png
18:00:37.720 [FXGL Background Thread 3 ] DEBUG Engine               - applicationMode: DEVELOPER
18:00:37.720 [FXGL Background Thread 3 ] DEBUG Engine               - cSSList: [fxgl_dark.css]
18:00:37.720 [FXGL Background Thread 3 ] DEBUG Engine               - collisionDetectionStrategy: BRUTE_FORCE
18:00:37.720 [FXGL Background Thread 3 ] DEBUG Engine               - configClass: Optional.empty
18:00:37.720 [FXGL Background Thread 3 ] DEBUG Engine               - credits: []
18:00:37.721 [FXGL Background Thread 3 ] DEBUG Engine               - defaultCursor: CursorInfo(imageName=fxgl_default_cursor.png, hotspotX=7.0, hotspotY=6.0)
18:00:37.721 [FXGL Background Thread 3 ] DEBUG Engine               - devBBoxColorProperty: ObjectProperty [value: 0xff0000ff]
18:00:37.721 [FXGL Background Thread 3 ] DEBUG Engine               - devEnableDebugCameraProperty: BooleanProperty [value: false]
18:00:37.721 [FXGL Background Thread 3 ] DEBUG Engine               - devSensorColorProperty: ObjectProperty [value: 0xffff00ff]
18:00:37.721 [FXGL Background Thread 3 ] DEBUG Engine               - devShowBBoxProperty: BooleanProperty [value: false]
18:00:37.721 [FXGL Background Thread 3 ] DEBUG Engine               - devShowPositionProperty: BooleanProperty [value: false]
18:00:37.721 [FXGL Background Thread 3 ] DEBUG Engine               - enabledMenuItems: []
18:00:37.721 [FXGL Background Thread 3 ] DEBUG Engine               - engineServices: [class com.almasb.fxgl.app.services.FXGLAssetLoaderService, class com.almasb.fxgl.app.FXGLApplication$GameApplicationService, class com.almasb.fxgl.app.services.FXGLDialogService, class com.almasb.fxgl.app.services.IOTaskExecutorService, class com.almasb.fxgl.io.FileSystemService, class com.almasb.fxgl.localization.LocalizationService, class com.almasb.fxgl.app.services.SystemBundleService, class com.almasb.fxgl.profile.SaveLoadService, class com.almasb.fxgl.ui.FXGLUIFactoryServiceProvider, class com.almasb.fxgl.ui.FXGLDialogFactoryServiceProvider, class com.almasb.fxgl.audio.AudioPlayer, class com.almasb.fxgl.notification.impl.NotificationServiceProvider, class com.almasb.fxgl.achievement.AchievementService, class com.almasb.fxgl.cutscene.CutsceneService, class com.almasb.fxgl.minigames.MiniGameService, class com.almasb.fxgl.net.NetService, class com.almasb.fxgl.app.services.UpdaterService, class com.almasb.fxgl.dev.DevService]
18:00:37.722 [FXGL Background Thread 3 ] DEBUG Engine               - fontGame: Abel-Regular.ttf
18:00:37.722 [FXGL Background Thread 3 ] DEBUG Engine               - fontMono: TerminalLandMono-Regular.otf
18:00:37.722 [FXGL Background Thread 3 ] DEBUG Engine               - fontText: Courier-Prime.ttf
18:00:37.722 [FXGL Background Thread 3 ] DEBUG Engine               - fontUI: VarelaRound-Regular.ttf
18:00:37.722 [FXGL Background Thread 3 ] DEBUG Engine               - fullScreen: BooleanProperty [value: true]
18:00:37.722 [FXGL Background Thread 3 ] DEBUG Engine               - gameDifficulty: MEDIUM
18:00:37.722 [FXGL Background Thread 3 ] DEBUG Engine               - gameDifficultyProperty: ObjectProperty [value: MEDIUM]
18:00:37.722 [FXGL Background Thread 3 ] DEBUG Engine               - globalMusicVolume: 0.5
18:00:37.722 [FXGL Background Thread 3 ] DEBUG Engine               - globalMusicVolumeProperty: DoubleProperty [value: 0.5]
18:00:37.722 [FXGL Background Thread 3 ] DEBUG Engine               - globalSoundVolume: 0.5
18:00:37.722 [FXGL Background Thread 3 ] DEBUG Engine               - globalSoundVolumeProperty: DoubleProperty [value: 0.5]
18:00:37.722 [FXGL Background Thread 3 ] DEBUG Engine               - height: 600
18:00:37.723 [FXGL Background Thread 3 ] DEBUG Engine               - is3D: false
18:00:37.723 [FXGL Background Thread 3 ] DEBUG Engine               - isAndroid: false
18:00:37.723 [FXGL Background Thread 3 ] DEBUG Engine               - isBrowser: false
18:00:37.723 [FXGL Background Thread 3 ] DEBUG Engine               - isClickFeedbackEnabled: false
18:00:37.723 [FXGL Background Thread 3 ] DEBUG Engine               - isCloseConfirmation: false
18:00:37.723 [FXGL Background Thread 3 ] DEBUG Engine               - isDesktop: true
18:00:37.723 [FXGL Background Thread 3 ] DEBUG Engine               - isDeveloperMenuEnabled: true
18:00:37.723 [FXGL Background Thread 3 ] DEBUG Engine               - isEmbedded: false
18:00:37.723 [FXGL Background Thread 3 ] DEBUG Engine               - isEntityPreloadEnabled: true
18:00:37.723 [FXGL Background Thread 3 ] DEBUG Engine               - isExperimentalTiledLargeMap: false
18:00:37.723 [FXGL Background Thread 3 ] DEBUG Engine               - isFileSystemWriteAllowed: true
18:00:37.723 [FXGL Background Thread 3 ] DEBUG Engine               - isFullScreenAllowed: true
18:00:37.723 [FXGL Background Thread 3 ] DEBUG Engine               - isFullScreenFromStart: true
18:00:37.723 [FXGL Background Thread 3 ] DEBUG Engine               - isGameMenuEnabled: true
18:00:37.723 [FXGL Background Thread 3 ] DEBUG Engine               - isIOS: false
18:00:37.723 [FXGL Background Thread 3 ] DEBUG Engine               - isIntroEnabled: false
18:00:37.724 [FXGL Background Thread 3 ] DEBUG Engine               - isLinux: false
18:00:37.724 [FXGL Background Thread 3 ] DEBUG Engine               - isMac: false
18:00:37.724 [FXGL Background Thread 3 ] DEBUG Engine               - isMainMenuEnabled: false
18:00:37.724 [FXGL Background Thread 3 ] DEBUG Engine               - isManualResizeEnabled: false
18:00:37.724 [FXGL Background Thread 3 ] DEBUG Engine               - isMobile: false
18:00:37.724 [FXGL Background Thread 3 ] DEBUG Engine               - isNative: false
18:00:37.724 [FXGL Background Thread 3 ] DEBUG Engine               - isPauseMusicWhenMinimized: true
18:00:37.724 [FXGL Background Thread 3 ] DEBUG Engine               - isPreserveResizeRatio: false
18:00:37.724 [FXGL Background Thread 3 ] DEBUG Engine               - isProfilingEnabled: false
18:00:37.724 [FXGL Background Thread 3 ] DEBUG Engine               - isScaleAffectedOnResize: true
18:00:37.724 [FXGL Background Thread 3 ] DEBUG Engine               - isSingleStep: false
18:00:37.724 [FXGL Background Thread 3 ] DEBUG Engine               - isUserProfileEnabled: false
18:00:37.726 [FXGL Background Thread 3 ] DEBUG Engine               - isWindows: true
18:00:37.726 [FXGL Background Thread 3 ] DEBUG Engine               - language: ObjectProperty [value: ENGLISH]
18:00:37.726 [FXGL Background Thread 3 ] DEBUG Engine               - menuKey: ESCAPE
18:00:37.726 [FXGL Background Thread 3 ] DEBUG Engine               - mouseSensitivity: 0.2
18:00:37.726 [FXGL Background Thread 3 ] DEBUG Engine               - notificationViewClass: class com.almasb.fxgl.notification.view.XboxNotificationView
18:00:37.726 [FXGL Background Thread 3 ] DEBUG Engine               - pixelsPerMeter: 50.0
18:00:37.726 [FXGL Background Thread 3 ] DEBUG Engine               - platform: WINDOWS
18:00:37.726 [FXGL Background Thread 3 ] DEBUG Engine               - prefHeightProperty: ReadOnlyDoubleProperty [value: 600.0]
18:00:37.726 [FXGL Background Thread 3 ] DEBUG Engine               - prefWidthProperty: ReadOnlyDoubleProperty [value: 800.0]
18:00:37.726 [FXGL Background Thread 3 ] DEBUG Engine               - profileDir: profiles/
18:00:37.726 [FXGL Background Thread 3 ] DEBUG Engine               - profileName: StringProperty [value: DEFAULT]
18:00:37.726 [FXGL Background Thread 3 ] DEBUG Engine               - randomSeed: -1
18:00:37.727 [FXGL Background Thread 3 ] DEBUG Engine               - runtimeInfo: RuntimeInfo(platform=WINDOWS, version=17.1, build=24.03.2022 17.34)
18:00:37.727 [FXGL Background Thread 3 ] DEBUG Engine               - saveFileExt: sav
18:00:37.727 [FXGL Background Thread 3 ] DEBUG Engine               - scaledHeightProp$fxgl: DoubleProperty [bound, value: 720.0]
18:00:37.727 [FXGL Background Thread 3 ] DEBUG Engine               - scaledWidthProp$fxgl: DoubleProperty [bound, value: 1280.0]
18:00:37.727 [FXGL Background Thread 3 ] DEBUG Engine               - sceneFactory: com.almasb.fxgl.app.scene.SceneFactory@e76f43b
18:00:37.727 [FXGL Background Thread 3 ] DEBUG Engine               - secondsIn24h: 60
18:00:37.727 [FXGL Background Thread 3 ] DEBUG Engine               - soundMenuBack: menu/back.wav
18:00:37.727 [FXGL Background Thread 3 ] DEBUG Engine               - soundMenuPress: menu/press.wav
18:00:37.727 [FXGL Background Thread 3 ] DEBUG Engine               - soundMenuSelect: menu/select.wav
18:00:37.727 [FXGL Background Thread 3 ] DEBUG Engine               - soundNotification: core/notification.wav
18:00:37.728 [FXGL Background Thread 3 ] DEBUG Engine               - stageStyle: DECORATED
18:00:37.728 [FXGL Background Thread 3 ] DEBUG Engine               - supportedLanguages: [ENGLISH, FRENCH, GERMAN, HUNGARIAN, RUSSIAN]
18:00:37.728 [FXGL Background Thread 3 ] DEBUG Engine               - ticksPerSecond: -1
18:00:37.728 [FXGL Background Thread 3 ] DEBUG Engine               - title: Hsleiden Kombat
18:00:37.728 [FXGL Background Thread 3 ] DEBUG Engine               - urlGithub: https://github.com/AlmasB/FXGL
18:00:37.728 [FXGL Background Thread 3 ] DEBUG Engine               - urlLeaderboard: http://fxgl-top.herokuapp.com/
18:00:37.728 [FXGL Background Thread 3 ] DEBUG Engine               - urlPOM: https://raw.githubusercontent.com/AlmasB/FXGL/release/README.md
18:00:37.728 [FXGL Background Thread 3 ] DEBUG Engine               - userAppClass: class com.hsleidenKombat.Game
18:00:37.728 [FXGL Background Thread 3 ] DEBUG Engine               - version: 0.0
18:00:37.728 [FXGL Background Thread 3 ] DEBUG Engine               - versionCheckDays: 7
18:00:37.728 [FXGL Background Thread 3 ] DEBUG Engine               - width: 800
18:00:37.728 [FXGL Background Thread 3 ] DEBUG Engine               - Logging services
18:00:37.728 [FXGL Background Thread 3 ] DEBUG Engine               - class com.almasb.fxgl.app.services.FXGLAssetLoaderService
18:00:37.728 [FXGL Background Thread 3 ] DEBUG Engine               - class com.almasb.fxgl.app.FXGLApplication$GameApplicationService
18:00:37.728 [FXGL Background Thread 3 ] DEBUG Engine               - class com.almasb.fxgl.app.services.FXGLDialogService
18:00:37.728 [FXGL Background Thread 3 ] DEBUG Engine               - class com.almasb.fxgl.app.services.IOTaskExecutorService
18:00:37.728 [FXGL Background Thread 3 ] DEBUG Engine               - class com.almasb.fxgl.io.FileSystemService
18:00:37.728 [FXGL Background Thread 3 ] DEBUG Engine               - class com.almasb.fxgl.localization.LocalizationService
18:00:37.728 [FXGL Background Thread 3 ] DEBUG Engine               - class com.almasb.fxgl.app.services.SystemBundleService
18:00:37.731 [FXGL Background Thread 3 ] DEBUG Engine               - class com.almasb.fxgl.profile.SaveLoadService
18:00:37.731 [FXGL Background Thread 3 ] DEBUG Engine               - class com.almasb.fxgl.ui.FXGLUIFactoryServiceProvider
18:00:37.731 [FXGL Background Thread 3 ] DEBUG Engine               - class com.almasb.fxgl.ui.FXGLDialogFactoryServiceProvider
18:00:37.731 [FXGL Background Thread 3 ] DEBUG Engine               - class com.almasb.fxgl.audio.AudioPlayer
18:00:37.731 [FXGL Background Thread 3 ] DEBUG Engine               - class com.almasb.fxgl.notification.impl.NotificationServiceProvider
18:00:37.731 [FXGL Background Thread 3 ] DEBUG Engine               - class com.almasb.fxgl.achievement.AchievementService
18:00:37.731 [FXGL Background Thread 3 ] DEBUG Engine               - class com.almasb.fxgl.cutscene.CutsceneService
18:00:37.731 [FXGL Background Thread 3 ] DEBUG Engine               - class com.almasb.fxgl.minigames.MiniGameService
18:00:37.731 [FXGL Background Thread 3 ] DEBUG Engine               - class com.almasb.fxgl.net.NetService
18:00:37.731 [FXGL Background Thread 3 ] DEBUG Engine               - class com.almasb.fxgl.app.services.UpdaterService
18:00:37.731 [FXGL Background Thread 3 ] DEBUG Engine               - class com.almasb.fxgl.dev.DevService
18:00:38.938 [JavaFX Application Thread] DEBUG FXGLAssetLoaderServi - Loading from file system: file:/C:/Users/karos/IdeaProjects/HS-Leiden-Kombat/target/classes/assets/textures/spritesheet.png
18:00:38.944 [JavaFX Application Thread] DEBUG FXGLAssetLoaderServi - Loading from file system: file:/C:/Users/karos/IdeaProjects/HS-Leiden-Kombat/target/classes/assets/textures/spritesheet-lopen.png
18:00:38.948 [JavaFX Application Thread] DEBUG FXGLAssetLoaderServi - Loading from file system: file:/C:/Users/karos/IdeaProjects/HS-Leiden-Kombat/target/classes/assets/textures/punch.png
18:00:38.978 [JavaFX Application Thread] DEBUG FXGLAssetLoaderServi - Loading from file system: file:/C:/Users/karos/IdeaProjects/HS-Leiden-Kombat/target/classes/assets/textures/background7.jpeg
18:00:41.130 [JavaFX Application Thread] DEBUG PrimaryStageWindow   - Push state: FXGLDefaultMenu
18:00:41.135 [JavaFX Application Thread] DEBUG Input                - Clearing active input actions
18:00:41.137 [JavaFX Application Thread] DEBUG GameApplicationServi - Removing overlay from GameScene and adding to FXGLDefaultMenu
18:00:41.141 [JavaFX Application Thread] DEBUG PrimaryStageWindow   - GameScene -> FXGLDefaultMenu
18:00:42.026 [JavaFX Application Thread] DEBUG Menu                 - fireExit()
18:00:42.028 [JavaFX Application Thread] DEBUG PrimaryStageWindow   - Push state: DialogSubScene
18:00:42.028 [JavaFX Application Thread] DEBUG Input                - Clearing active input actions
18:00:42.030 [JavaFX Application Thread] DEBUG GameApplicationServi - Removing overlay from FXGLDefaultMenu and adding to DialogSubScene
18:00:42.031 [JavaFX Application Thread] DEBUG PrimaryStageWindow   - FXGLDefaultMenu -> DialogSubScene
18:00:43.215 [JavaFX Application Thread] DEBUG PrimaryStageWindow   - Pop state: DialogSubScene
18:00:43.217 [JavaFX Application Thread] DEBUG Input                - Clearing active input actions
18:00:43.217 [JavaFX Application Thread] DEBUG GameApplicationServi - Removing overlay from DialogSubScene and adding to FXGLDefaultMenu
18:00:43.217 [JavaFX Application Thread] DEBUG PrimaryStageWindow   - FXGLDefaultMenu <- DialogSubScene
18:00:43.218 [JavaFX Application Thread] DEBUG FXGLApplication      - Exiting FXGL
18:00:43.218 [JavaFX Application Thread] DEBUG LoopRunner           - Stopping loop
18:00:43.218 [JavaFX Application Thread] DEBUG SystemBundleService  - Saving FXGL system data
18:00:43.222 [JavaFX Application Thread] DEBUG FileSystemAccess     - Writing to: C:\Users\karos\IdeaProjects\HS-Leiden-Kombat\system\fxgl.bundle
18:00:43.223 [JavaFX Application Thread] DEBUG Async                - Shutting down background threads
18:00:43.224 [JavaFX Application Thread] DEBUG PrimaryStageWindow   - Closing main window
18:00:43.236 [JavaFX Application Thread] DEBUG Logger               - Closing Logger
