14:00:28.557 [main                     ] DEBUG Logger               - Configured Logger
14:00:28.577 [main                     ] DEBUG GameApplication      - Logging settings
Title: Simple Fighting Game
Version: 0.0
Width: 800
Height: 600
Fullscreen: false
Intro: false
Profiling: false
Single step:false
App Mode: DEVELOPER
Menu Key: ESCAPE
Stage Style: DECORATED
Scene Factory: class com.almasb.fxgl.app.scene.SceneFactory

14:00:28.945 [JavaFX Application Thread] DEBUG FXGLApplication      - Initializing FXGL
14:00:28.950 [JavaFX Application Thread] INFO  Engine               - FXGL-17.1 (24.03.2022 17.34) on WINDOWS (J:19.0.1 FX:19-ea)
14:00:28.951 [JavaFX Application Thread] DEBUG Engine               - JRE Vendor Name: Oracle Corporation
14:00:28.951 [JavaFX Application Thread] DEBUG Engine               - Running on OS: Windows 11 version 10.0
14:00:28.951 [JavaFX Application Thread] DEBUG Engine               - Architecture: amd64
14:00:28.951 [JavaFX Application Thread] INFO  Engine               - Source code and latest versions at: https://github.com/AlmasB/FXGL
14:00:28.951 [JavaFX Application Thread] INFO  Engine               -       Ask questions and discuss at: https://github.com/AlmasB/FXGL/discussions
14:00:28.951 [JavaFX Application Thread] INFO  Engine               -              Join the FXGL chat at: https://gitter.im/AlmasB/FXGL
14:00:29.057 [JavaFX Application Thread] DEBUG PrimaryStageWindow   - Creating a JavaFX scene
14:00:29.100 [JavaFX Application Thread] DEBUG PrimaryStageWindow   - Target settings size: 800.0 x 600.0
14:00:29.101 [JavaFX Application Thread] DEBUG PrimaryStageWindow   - Scaled scene size:    800.0 x 600.0
14:00:29.101 [JavaFX Application Thread] DEBUG PrimaryStageWindow   - Scaled ratio: (1.0, 1.0)
14:00:29.102 [JavaFX Application Thread] DEBUG PrimaryStageWindow   - Set initial scene to FXGLStartupScene
14:00:29.109 [JavaFX Application Thread] DEBUG PrimaryStageWindow   - Opening main window
14:00:29.185 [JavaFX Application Thread] DEBUG PrimaryStageWindow   - Window border size: (14.66668701171875, 37.33331298828125)
14:00:29.185 [JavaFX Application Thread] DEBUG PrimaryStageWindow   - Scaled size: 800.0 x 600.0
14:00:29.187 [JavaFX Application Thread] DEBUG PrimaryStageWindow   - Scaled ratio: (1.0, 1.0)
14:00:29.187 [JavaFX Application Thread] DEBUG PrimaryStageWindow   - Scene size: 800.0 x 600.0
14:00:29.187 [JavaFX Application Thread] DEBUG PrimaryStageWindow   - Stage size: 814.6666870117188 x 637.3333129882812
14:00:29.194 [FXGL Background Thread 1 ] DEBUG Engine               - Initializing environment variables
14:00:29.256 [FXGL Background Thread 1 ] DEBUG FXGLAssetLoaderServi - User app class for loading assets: class Game
14:00:29.256 [FXGL Background Thread 1 ] DEBUG GameApplicationServi - Applying CSS: fxgl_dark.css
14:00:29.258 [FXGL Background Thread 1 ] DEBUG FXGLAssetLoaderServi - Loading from file system: jar:file:/C:/Users/karos/.m2/repository/com/github/almasb/fxgl/17.1/fxgl-17.1.jar!/fxglassets/ui/css/fxgl_dark.css
14:00:29.306 [FXGL Background Thread 1 ] DEBUG GameApplicationServi - Initializing application scenes
14:00:29.346 [FXGL Background Thread 1 ] DEBUG GameWorld            - Game world initialized
14:00:29.410 [FXGL Background Thread 1 ] DEBUG PhysicsWorld         - Physics world initialized: appHeight=600, physics.ppm=50.0
14:00:29.410 [FXGL Background Thread 1 ] DEBUG PhysicsWorld         - Using strategy: BRUTE_FORCE
14:00:29.414 [FXGL Background Thread 1 ] DEBUG GameScene            - Game scene initialized: 800x600
14:00:29.428 [FXGL Background Thread 1 ] DEBUG FXGL.DefaultMenu     - createMenuBodyGameMenu()
14:00:29.443 [FXGL Background Thread 1 ] DEBUG FXGL.DefaultMenu     - createOptionsMenu()
14:00:29.453 [FXGL Background Thread 1 ] DEBUG FXGLAssetLoaderServi - Loading from file system: jar:file:/C:/Users/karos/.m2/repository/com/github/almasb/fxgl/17.1/fxgl-17.1.jar!/fxglassets/textures/particles/smoke.png
14:00:29.563 [FXGL Background Thread 1 ] DEBUG FXGLAssetLoaderServi - Loading from file system: jar:file:/C:/Users/karos/.m2/repository/com/github/almasb/fxgl/17.1/fxgl-17.1.jar!/fxglassets/textures/particles/trace_horizontal.png
14:00:29.596 [FXGL Background Thread 1 ] DEBUG GameApplicationServi - Application scenes initialized
14:00:29.611 [FXGL Background Thread 1 ] DEBUG SystemBundleService  - Loading FXGL system data
14:00:29.615 [FXGL Background Thread 1 ] DEBUG FileSystemAccess     - Reading from: C:\Users\karos\IdeaProjects\HS-Leiden-Kombat\system\fxgl.bundle
14:00:29.625 [FXGL Background Thread 1 ] DEBUG SystemBundleService  - Bundle FXGL: {}
14:00:29.625 [FXGL Background Thread 1 ] DEBUG UpdaterService       - Checking for updates
14:00:29.629 [FXGL Background Thread 4 ] DEBUG FXGLApplication      - Loading fonts
14:00:29.629 [FXGL Background Thread 1 ] DEBUG FXGLApplication      - Loading default localization
14:00:29.630 [FXGL Background Thread 4 ] DEBUG FXGLAssetLoaderServi - Loading from file system: jar:file:/C:/Users/karos/.m2/repository/com/github/almasb/fxgl/17.1/fxgl-17.1.jar!/fxglassets/ui/fonts/VarelaRound-Regular.ttf
14:00:29.630 [FXGL Background Thread 1 ] DEBUG FXGLAssetLoaderServi - Loading from file system: jar:file:/C:/Users/karos/.m2/repository/com/github/almasb/fxgl/17.1/fxgl-17.1.jar!/fxglassets/languages/english.lang
14:00:29.651 [FXGL Background Thread 1 ] INFO  FXGLApplication      - FXGL initialization took: 0.457 sec
14:00:29.662 [JavaFX Application Thread] DEBUG Input                - Registered new binding: Player 1 Move Left - A
14:00:29.662 [JavaFX Application Thread] DEBUG Input                - Registered new binding: Player 1 Move Right - D
14:00:29.662 [JavaFX Application Thread] DEBUG Input                - Registered new binding: Player 1 Jump - W
14:00:29.662 [JavaFX Application Thread] DEBUG Input                - Registered new binding: Player 1 Duck - S
14:00:29.663 [JavaFX Application Thread] DEBUG Input                - Registered new binding: Player 2 Move Left - Left
14:00:29.663 [JavaFX Application Thread] DEBUG Input                - Registered new binding: Player 2 Move Right - Right
14:00:29.663 [JavaFX Application Thread] DEBUG Input                - Registered new binding: Player 2 Jump - Up
14:00:29.663 [JavaFX Application Thread] DEBUG Input                - Registered new binding: Player 2 Duck - Down
14:00:29.663 [JavaFX Application Thread] DEBUG FXGLAssetLoaderServi - Loading from file system: jar:file:/C:/Users/karos/.m2/repository/com/github/almasb/fxgl/17.1/fxgl-17.1.jar!/fxglassets/textures/fxgl_icon.png
14:00:29.685 [JavaFX Application Thread] DEBUG FXGLAssetLoaderServi - Loading from file system: jar:file:/C:/Users/karos/.m2/repository/com/github/almasb/fxgl/17.1/fxgl-17.1.jar!/fxglassets/textures/fxgl_default_cursor.png
14:00:29.689 [JavaFX Application Thread] DEBUG Input                - Registered new binding: Screenshot - CTRL+8
14:00:29.689 [JavaFX Application Thread] DEBUG Input                - Registered new binding: System info dump - CTRL+9
14:00:29.690 [JavaFX Application Thread] DEBUG Input                - Registered new binding: Restart - CTRL+R
14:00:29.690 [JavaFX Application Thread] DEBUG Input                - Registered new binding: Toggle Debug Camera - CTRL+7
14:00:29.692 [JavaFX Application Thread] DEBUG LoopRunner           - Starting loop
14:00:29.692 [JavaFX Application Thread] DEBUG LoopRunner           - Initializing JavaFX AnimationTimerLoop
14:00:29.694 [JavaFX Application Thread] DEBUG GameApplicationServi - Starting new game
14:00:29.694 [JavaFX Application Thread] DEBUG Input                - Clearing active input actions
14:00:29.707 [JavaFX Application Thread] DEBUG GameApplicationServi - Removing overlay from FXGLStartupScene and adding to FXGLLoadingScene
14:00:29.707 [JavaFX Application Thread] DEBUG PrimaryStageWindow   - FXGLStartupScene -> FXGLLoadingScene
14:00:29.707 [JavaFX Application Thread] DEBUG GameApplicationServi - Clearing previous game
14:00:29.707 [JavaFX Application Thread] DEBUG GameScene            - Clearing game scene
14:00:29.707 [JavaFX Application Thread] DEBUG GameWorld            - Clearing game world
14:00:29.707 [JavaFX Application Thread] DEBUG PhysicsWorld         - Clearing physics world
14:00:29.709 [FXGL Background Thread 1 ] DEBUG FXGLApplication      - Initializing game
14:00:29.712 [FXGL Background Thread 1 ] WARN  FXGLAssetLoaderServi - Asset "/assets/textures/player1.png" was not found!
14:00:29.712 [FXGL Background Thread 1 ] WARN  FXGLAssetLoaderServi - Failed to load IMAGE
14:00:29.719 [FXGL Background Thread 4 ] DEBUG FXGLAssetLoaderServi - Loading from file system: jar:file:/C:/Users/karos/.m2/repository/com/github/almasb/fxgl/17.1/fxgl-17.1.jar!/fxglassets/ui/fonts/Abel-Regular.ttf
14:00:29.723 [FXGL Background Thread 4 ] DEBUG FXGLAssetLoaderServi - Loading from file system: jar:file:/C:/Users/karos/.m2/repository/com/github/almasb/fxgl/17.1/fxgl-17.1.jar!/fxglassets/ui/fonts/TerminalLandMono-Regular.otf
14:00:29.729 [FXGL Background Thread 4 ] DEBUG FXGLAssetLoaderServi - Loading from file system: jar:file:/C:/Users/karos/.m2/repository/com/github/almasb/fxgl/17.1/fxgl-17.1.jar!/fxglassets/ui/fonts/Courier-Prime.ttf
14:00:29.931 [JavaFX Application Thread] DEBUG FXGLApplication      - Registering font factories with UI factory
14:00:29.951 [FXGL Background Thread 1 ] WARN  FXGLAssetLoaderServi - Asset "/assets/textures/player2.png" was not found!
14:00:29.952 [FXGL Background Thread 1 ] WARN  FXGLAssetLoaderServi - Failed to load IMAGE
14:00:29.953 [FXGL Background Thread 1 ] INFO  FXGLApplication      - Game initialization took: 0.245 sec
14:00:29.986 [JavaFX Application Thread] DEBUG Input                - Clearing active input actions
14:00:29.995 [JavaFX Application Thread] DEBUG GameApplicationServi - Removing overlay from FXGLLoadingScene and adding to GameScene
14:00:29.996 [JavaFX Application Thread] DEBUG PrimaryStageWindow   - FXGLLoadingScene -> GameScene
14:00:32.628 [FXGL Background Thread 3 ] DEBUG Engine               - Logging environment variables
14:00:32.629 [FXGL Background Thread 3 ] DEBUG Engine               - achievements: []
14:00:32.630 [FXGL Background Thread 3 ] DEBUG Engine               - actualHeight: 600.0
14:00:32.630 [FXGL Background Thread 3 ] DEBUG Engine               - actualHeightProperty: ReadOnlyDoubleProperty [value: 600.0]
14:00:32.630 [FXGL Background Thread 3 ] DEBUG Engine               - actualWidth: 800.0
14:00:32.630 [FXGL Background Thread 3 ] DEBUG Engine               - actualWidthProperty: ReadOnlyDoubleProperty [value: 800.0]
14:00:32.630 [FXGL Background Thread 3 ] DEBUG Engine               - appIcon: fxgl_icon.png
14:00:32.630 [FXGL Background Thread 3 ] DEBUG Engine               - applicationMode: DEVELOPER
14:00:32.631 [FXGL Background Thread 3 ] DEBUG Engine               - cSSList: [fxgl_dark.css]
14:00:32.631 [FXGL Background Thread 3 ] DEBUG Engine               - collisionDetectionStrategy: BRUTE_FORCE
14:00:32.631 [FXGL Background Thread 3 ] DEBUG Engine               - configClass: Optional.empty
14:00:32.631 [FXGL Background Thread 3 ] DEBUG Engine               - credits: []
14:00:32.632 [FXGL Background Thread 3 ] DEBUG Engine               - defaultCursor: CursorInfo(imageName=fxgl_default_cursor.png, hotspotX=7.0, hotspotY=6.0)
14:00:32.632 [FXGL Background Thread 3 ] DEBUG Engine               - devBBoxColorProperty: ObjectProperty [value: 0xff0000ff]
14:00:32.633 [FXGL Background Thread 3 ] DEBUG Engine               - devEnableDebugCameraProperty: BooleanProperty [value: false]
14:00:32.633 [FXGL Background Thread 3 ] DEBUG Engine               - devSensorColorProperty: ObjectProperty [value: 0xffff00ff]
14:00:32.634 [FXGL Background Thread 3 ] DEBUG Engine               - devShowBBoxProperty: BooleanProperty [value: false]
14:00:32.634 [FXGL Background Thread 3 ] DEBUG Engine               - devShowPositionProperty: BooleanProperty [value: false]
14:00:32.635 [FXGL Background Thread 3 ] DEBUG Engine               - enabledMenuItems: []
14:00:32.635 [FXGL Background Thread 3 ] DEBUG Engine               - engineServices: [class com.almasb.fxgl.app.services.FXGLAssetLoaderService, class com.almasb.fxgl.app.FXGLApplication$GameApplicationService, class com.almasb.fxgl.app.services.FXGLDialogService, class com.almasb.fxgl.app.services.IOTaskExecutorService, class com.almasb.fxgl.io.FileSystemService, class com.almasb.fxgl.localization.LocalizationService, class com.almasb.fxgl.app.services.SystemBundleService, class com.almasb.fxgl.profile.SaveLoadService, class com.almasb.fxgl.ui.FXGLUIFactoryServiceProvider, class com.almasb.fxgl.ui.FXGLDialogFactoryServiceProvider, class com.almasb.fxgl.audio.AudioPlayer, class com.almasb.fxgl.notification.impl.NotificationServiceProvider, class com.almasb.fxgl.achievement.AchievementService, class com.almasb.fxgl.cutscene.CutsceneService, class com.almasb.fxgl.minigames.MiniGameService, class com.almasb.fxgl.net.NetService, class com.almasb.fxgl.app.services.UpdaterService, class com.almasb.fxgl.dev.DevService]
14:00:32.635 [FXGL Background Thread 3 ] DEBUG Engine               - fontGame: Abel-Regular.ttf
14:00:32.635 [FXGL Background Thread 3 ] DEBUG Engine               - fontMono: TerminalLandMono-Regular.otf
14:00:32.635 [FXGL Background Thread 3 ] DEBUG Engine               - fontText: Courier-Prime.ttf
14:00:32.635 [FXGL Background Thread 3 ] DEBUG Engine               - fontUI: VarelaRound-Regular.ttf
14:00:32.636 [FXGL Background Thread 3 ] DEBUG Engine               - fullScreen: BooleanProperty [value: false]
14:00:32.636 [FXGL Background Thread 3 ] DEBUG Engine               - gameDifficulty: MEDIUM
14:00:32.636 [FXGL Background Thread 3 ] DEBUG Engine               - gameDifficultyProperty: ObjectProperty [value: MEDIUM]
14:00:32.636 [FXGL Background Thread 3 ] DEBUG Engine               - globalMusicVolume: 0.5
14:00:32.636 [FXGL Background Thread 3 ] DEBUG Engine               - globalMusicVolumeProperty: DoubleProperty [value: 0.5]
14:00:32.636 [FXGL Background Thread 3 ] DEBUG Engine               - globalSoundVolume: 0.5
14:00:32.637 [FXGL Background Thread 3 ] DEBUG Engine               - globalSoundVolumeProperty: DoubleProperty [value: 0.5]
14:00:32.637 [FXGL Background Thread 3 ] DEBUG Engine               - height: 600
14:00:32.637 [FXGL Background Thread 3 ] DEBUG Engine               - is3D: false
14:00:32.637 [FXGL Background Thread 3 ] DEBUG Engine               - isAndroid: false
14:00:32.637 [FXGL Background Thread 3 ] DEBUG Engine               - isBrowser: false
14:00:32.637 [FXGL Background Thread 3 ] DEBUG Engine               - isClickFeedbackEnabled: false
14:00:32.637 [FXGL Background Thread 3 ] DEBUG Engine               - isCloseConfirmation: false
14:00:32.638 [FXGL Background Thread 3 ] DEBUG Engine               - isDesktop: true
14:00:32.638 [FXGL Background Thread 3 ] DEBUG Engine               - isDeveloperMenuEnabled: false
14:00:32.638 [FXGL Background Thread 3 ] DEBUG Engine               - isEmbedded: false
14:00:32.638 [FXGL Background Thread 3 ] DEBUG Engine               - isEntityPreloadEnabled: true
14:00:32.638 [FXGL Background Thread 3 ] DEBUG Engine               - isExperimentalTiledLargeMap: false
14:00:32.638 [FXGL Background Thread 3 ] DEBUG Engine               - isFileSystemWriteAllowed: true
14:00:32.638 [FXGL Background Thread 3 ] DEBUG Engine               - isFullScreenAllowed: false
14:00:32.638 [FXGL Background Thread 3 ] DEBUG Engine               - isFullScreenFromStart: false
14:00:32.639 [FXGL Background Thread 3 ] DEBUG Engine               - isGameMenuEnabled: true
14:00:32.639 [FXGL Background Thread 3 ] DEBUG Engine               - isIOS: false
14:00:32.639 [FXGL Background Thread 3 ] DEBUG Engine               - isIntroEnabled: false
14:00:32.639 [FXGL Background Thread 3 ] DEBUG Engine               - isLinux: false
14:00:32.639 [FXGL Background Thread 3 ] DEBUG Engine               - isMac: false
14:00:32.639 [FXGL Background Thread 3 ] DEBUG Engine               - isMainMenuEnabled: false
14:00:32.640 [FXGL Background Thread 3 ] DEBUG Engine               - isManualResizeEnabled: false
14:00:32.640 [FXGL Background Thread 3 ] DEBUG Engine               - isMobile: false
14:00:32.640 [FXGL Background Thread 3 ] DEBUG Engine               - isNative: false
14:00:32.640 [FXGL Background Thread 3 ] DEBUG Engine               - isPauseMusicWhenMinimized: true
14:00:32.640 [FXGL Background Thread 3 ] DEBUG Engine               - isPreserveResizeRatio: false
14:00:32.640 [FXGL Background Thread 3 ] DEBUG Engine               - isProfilingEnabled: false
14:00:32.640 [FXGL Background Thread 3 ] DEBUG Engine               - isScaleAffectedOnResize: true
14:00:32.640 [FXGL Background Thread 3 ] DEBUG Engine               - isSingleStep: false
14:00:32.640 [FXGL Background Thread 3 ] DEBUG Engine               - isUserProfileEnabled: false
14:00:32.641 [FXGL Background Thread 3 ] DEBUG Engine               - isWindows: true
14:00:32.641 [FXGL Background Thread 3 ] DEBUG Engine               - language: ObjectProperty [value: ENGLISH]
14:00:32.641 [FXGL Background Thread 3 ] DEBUG Engine               - menuKey: ESCAPE
14:00:32.641 [FXGL Background Thread 3 ] DEBUG Engine               - mouseSensitivity: 0.2
14:00:32.641 [FXGL Background Thread 3 ] DEBUG Engine               - notificationViewClass: class com.almasb.fxgl.notification.view.XboxNotificationView
14:00:32.641 [FXGL Background Thread 3 ] DEBUG Engine               - pixelsPerMeter: 50.0
14:00:32.641 [FXGL Background Thread 3 ] DEBUG Engine               - platform: WINDOWS
14:00:32.641 [FXGL Background Thread 3 ] DEBUG Engine               - prefHeightProperty: ReadOnlyDoubleProperty [value: 600.0]
14:00:32.642 [FXGL Background Thread 3 ] DEBUG Engine               - prefWidthProperty: ReadOnlyDoubleProperty [value: 800.0]
14:00:32.642 [FXGL Background Thread 3 ] DEBUG Engine               - profileDir: profiles/
14:00:32.642 [FXGL Background Thread 3 ] DEBUG Engine               - profileName: StringProperty [value: DEFAULT]
14:00:32.642 [FXGL Background Thread 3 ] DEBUG Engine               - randomSeed: -1
14:00:32.643 [FXGL Background Thread 3 ] DEBUG Engine               - runtimeInfo: RuntimeInfo(platform=WINDOWS, version=17.1, build=24.03.2022 17.34)
14:00:32.643 [FXGL Background Thread 3 ] DEBUG Engine               - saveFileExt: sav
14:00:32.643 [FXGL Background Thread 3 ] DEBUG Engine               - scaledHeightProp$fxgl: DoubleProperty [bound, value: 600.0]
14:00:32.643 [FXGL Background Thread 3 ] DEBUG Engine               - scaledWidthProp$fxgl: DoubleProperty [bound, value: 800.0]
14:00:32.643 [FXGL Background Thread 3 ] DEBUG Engine               - sceneFactory: com.almasb.fxgl.app.scene.SceneFactory@23b87f07
14:00:32.643 [FXGL Background Thread 3 ] DEBUG Engine               - secondsIn24h: 60
14:00:32.643 [FXGL Background Thread 3 ] DEBUG Engine               - soundMenuBack: menu/back.wav
14:00:32.644 [FXGL Background Thread 3 ] DEBUG Engine               - soundMenuPress: menu/press.wav
14:00:32.644 [FXGL Background Thread 3 ] DEBUG Engine               - soundMenuSelect: menu/select.wav
14:00:32.644 [FXGL Background Thread 3 ] DEBUG Engine               - soundNotification: core/notification.wav
14:00:32.644 [FXGL Background Thread 3 ] DEBUG Engine               - stageStyle: DECORATED
14:00:32.644 [FXGL Background Thread 3 ] DEBUG Engine               - supportedLanguages: [ENGLISH, FRENCH, GERMAN, HUNGARIAN, RUSSIAN]
14:00:32.644 [FXGL Background Thread 3 ] DEBUG Engine               - ticksPerSecond: -1
14:00:32.644 [FXGL Background Thread 3 ] DEBUG Engine               - title: Simple Fighting Game
14:00:32.645 [FXGL Background Thread 3 ] DEBUG Engine               - urlGithub: https://github.com/AlmasB/FXGL
14:00:32.645 [FXGL Background Thread 3 ] DEBUG Engine               - urlLeaderboard: http://fxgl-top.herokuapp.com/
14:00:32.645 [FXGL Background Thread 3 ] DEBUG Engine               - urlPOM: https://raw.githubusercontent.com/AlmasB/FXGL/release/README.md
14:00:32.645 [FXGL Background Thread 3 ] DEBUG Engine               - userAppClass: class Game
14:00:32.645 [FXGL Background Thread 3 ] DEBUG Engine               - version: 0.0
14:00:32.645 [FXGL Background Thread 3 ] DEBUG Engine               - versionCheckDays: 7
14:00:32.646 [FXGL Background Thread 3 ] DEBUG Engine               - width: 800
14:00:32.646 [FXGL Background Thread 3 ] DEBUG Engine               - Logging services
14:00:32.646 [FXGL Background Thread 3 ] DEBUG Engine               - class com.almasb.fxgl.app.services.FXGLAssetLoaderService
14:00:32.646 [FXGL Background Thread 3 ] DEBUG Engine               - class com.almasb.fxgl.app.FXGLApplication$GameApplicationService
14:00:32.646 [FXGL Background Thread 3 ] DEBUG Engine               - class com.almasb.fxgl.app.services.FXGLDialogService
14:00:32.646 [FXGL Background Thread 3 ] DEBUG Engine               - class com.almasb.fxgl.app.services.IOTaskExecutorService
14:00:32.646 [FXGL Background Thread 3 ] DEBUG Engine               - class com.almasb.fxgl.io.FileSystemService
14:00:32.646 [FXGL Background Thread 3 ] DEBUG Engine               - class com.almasb.fxgl.localization.LocalizationService
14:00:32.646 [FXGL Background Thread 3 ] DEBUG Engine               - class com.almasb.fxgl.app.services.SystemBundleService
14:00:32.646 [FXGL Background Thread 3 ] DEBUG Engine               - class com.almasb.fxgl.profile.SaveLoadService
14:00:32.647 [FXGL Background Thread 3 ] DEBUG Engine               - class com.almasb.fxgl.ui.FXGLUIFactoryServiceProvider
14:00:32.647 [FXGL Background Thread 3 ] DEBUG Engine               - class com.almasb.fxgl.ui.FXGLDialogFactoryServiceProvider
14:00:32.647 [FXGL Background Thread 3 ] DEBUG Engine               - class com.almasb.fxgl.audio.AudioPlayer
14:00:32.647 [FXGL Background Thread 3 ] DEBUG Engine               - class com.almasb.fxgl.notification.impl.NotificationServiceProvider
14:00:32.647 [FXGL Background Thread 3 ] DEBUG Engine               - class com.almasb.fxgl.achievement.AchievementService
14:00:32.647 [FXGL Background Thread 3 ] DEBUG Engine               - class com.almasb.fxgl.cutscene.CutsceneService
14:00:32.647 [FXGL Background Thread 3 ] DEBUG Engine               - class com.almasb.fxgl.minigames.MiniGameService
14:00:32.647 [FXGL Background Thread 3 ] DEBUG Engine               - class com.almasb.fxgl.net.NetService
14:00:32.647 [FXGL Background Thread 3 ] DEBUG Engine               - class com.almasb.fxgl.app.services.UpdaterService
14:00:32.647 [FXGL Background Thread 3 ] DEBUG Engine               - class com.almasb.fxgl.dev.DevService
14:00:34.285 [JavaFX Application Thread] DEBUG LoopRunner           - Stopping loop
14:00:34.288 [JavaFX Application Thread] FATAL FXGLApplication      - Uncaught Exception:
java.lang.IllegalArgumentException: Property isJumping does not exist
	at com.almasb.fxgl.core.collection.PropertyMap.get(PropertyMap.kt:251)
	at com.almasb.fxgl.core.collection.PropertyMap.booleanProperty(PropertyMap.kt:160)
	at com.almasb.fxgl.core.collection.PropertyMap.getBoolean(PropertyMap.kt:150)
	at Game.jump(Game.java:151)
	at Game$3.onActionBegin(Game.java:96)
	at com.almasb.fxgl.input.UserAction.begin$fxgl_core(UserAction.kt:37)
	at com.almasb.fxgl.input.Input.handlePressed(Input.kt:350)
	at com.almasb.fxgl.input.Input.onKeyEvent(Input.kt:291)
	at com.almasb.fxgl.app.PrimaryStageWindow$1$1.invoke(MainWindow.kt:308)
	at com.almasb.fxgl.app.PrimaryStageWindow$1$1.invoke(MainWindow.kt:308)
	at com.almasb.fxgl.core.fsm.StateMachine.runOnActiveStates(StateMachine.kt:69)
	at com.almasb.fxgl.app.PrimaryStageWindow$1.invoke(MainWindow.kt:308)
	at com.almasb.fxgl.app.PrimaryStageWindow$1.invoke(MainWindow.kt:306)
	at com.almasb.fxgl.app.MainWindow.addKeyHandler$lambda-1(MainWindow.kt:221)
	at com.sun.javafx.event.CompositeEventHandler$NormalEventHandlerRecord.handleBubblingEvent(CompositeEventHandler.java:247)
	at com.sun.javafx.event.CompositeEventHandler.dispatchBubblingEvent(CompositeEventHandler.java:80)
	at com.sun.javafx.event.EventHandlerManager.dispatchBubblingEvent(EventHandlerManager.java:234)
	at com.sun.javafx.event.EventHandlerManager.dispatchBubblingEvent(EventHandlerManager.java:191)
	at com.sun.javafx.event.CompositeEventDispatcher.dispatchBubblingEvent(CompositeEventDispatcher.java:59)
	at com.sun.javafx.event.BasicEventDispatcher.dispatchEvent(BasicEventDispatcher.java:58)
	at com.sun.javafx.event.EventDispatchChainImpl.dispatchEvent(EventDispatchChainImpl.java:114)
	at com.sun.javafx.event.BasicEventDispatcher.dispatchEvent(BasicEventDispatcher.java:56)
	at com.sun.javafx.event.EventDispatchChainImpl.dispatchEvent(EventDispatchChainImpl.java:114)
	at com.sun.javafx.event.EventUtil.fireEventImpl(EventUtil.java:74)
	at com.sun.javafx.event.EventUtil.fireEvent(EventUtil.java:54)
	at javafx.event.Event.fireEvent(Event.java:198)
	at javafx.scene.Scene$KeyHandler.process(Scene.java:4089)
	at javafx.scene.Scene.processKeyEvent(Scene.java:2146)
	at javafx.scene.Scene$ScenePeerListener.keyEvent(Scene.java:2614)
	at com.sun.javafx.tk.quantum.GlassViewEventHandler$KeyEventNotification.run(GlassViewEventHandler.java:218)
	at com.sun.javafx.tk.quantum.GlassViewEventHandler$KeyEventNotification.run(GlassViewEventHandler.java:150)
	at java.base/java.security.AccessController.doPrivileged(AccessController.java:399)
	at com.sun.javafx.tk.quantum.GlassViewEventHandler.lambda$handleKeyEvent$1(GlassViewEventHandler.java:250)
	at com.sun.javafx.tk.quantum.QuantumToolkit.runWithoutRenderLock(QuantumToolkit.java:424)
	at com.sun.javafx.tk.quantum.GlassViewEventHandler.handleKeyEvent(GlassViewEventHandler.java:249)
	at com.sun.glass.ui.View.handleKeyEvent(View.java:542)
	at com.sun.glass.ui.View.notifyKey(View.java:966)
	at com.sun.glass.ui.win.WinApplication._runLoop(Native Method)
	at com.sun.glass.ui.win.WinApplication.lambda$runLoop$3(WinApplication.java:184)
	at java.base/java.lang.Thread.run(Thread.java:1589)

14:00:34.289 [JavaFX Application Thread] FATAL FXGLApplication      - Application will now exit
14:00:34.329 [JavaFX Application Thread] DEBUG PrimaryStageWindow   - Push state: ErrorSubScene
14:00:34.329 [JavaFX Application Thread] DEBUG Input                - Clearing active input actions
14:00:34.343 [JavaFX Application Thread] DEBUG GameApplicationServi - Removing overlay from GameScene and adding to ErrorSubScene
14:00:34.344 [JavaFX Application Thread] DEBUG PrimaryStageWindow   - GameScene -> ErrorSubScene
14:00:35.689 [FXGL Background Thread 2 ] INFO  UpdaterService       - Your current version:  17.1
14:00:35.690 [FXGL Background Thread 2 ] INFO  UpdaterService       - Latest stable version: 17.3
14:01:07.169 [JavaFX Application Thread] DEBUG FXGLApplication      - Exiting FXGL
14:01:07.170 [JavaFX Application Thread] DEBUG Async                - Shutting down background threads
14:01:07.170 [JavaFX Application Thread] DEBUG PrimaryStageWindow   - Closing main window
14:01:07.198 [JavaFX Application Thread] DEBUG Logger               - Closing Logger
