23:10:20.868 [main                     ] DEBUG Logger               - Configured Logger
23:10:20.889 [main                     ] DEBUG GameApplication      - Logging settings
Title: Hsleiden Kombat
Version: 0.0
Width: 800
Height: 600
Fullscreen: true
Intro: false
Profiling: false
Single step:false
App Mode: DEVELOPER
Menu Key: ESCAPE
Stage Style: DECORATED
Scene Factory: class com.almasb.fxgl.app.scene.SceneFactory

23:10:21.323 [JavaFX Application Thread] DEBUG FXGLApplication      - Initializing FXGL
23:10:21.327 [JavaFX Application Thread] INFO  Engine               - FXGL-17.1 (24.03.2022 17.34) on WINDOWS (J:19.0.1 FX:19-ea)
23:10:21.327 [JavaFX Application Thread] DEBUG Engine               - JRE Vendor Name: Oracle Corporation
23:10:21.328 [JavaFX Application Thread] DEBUG Engine               - Running on OS: Windows 10 version 10.0
23:10:21.328 [JavaFX Application Thread] DEBUG Engine               - Architecture: amd64
23:10:21.328 [JavaFX Application Thread] INFO  Engine               - Source code and latest versions at: https://github.com/AlmasB/FXGL
23:10:21.328 [JavaFX Application Thread] INFO  Engine               -       Ask questions and discuss at: https://github.com/AlmasB/FXGL/discussions
23:10:21.328 [JavaFX Application Thread] INFO  Engine               -              Join the FXGL chat at: https://gitter.im/AlmasB/FXGL
23:10:21.428 [JavaFX Application Thread] DEBUG PrimaryStageWindow   - Creating a JavaFX scene
23:10:21.471 [JavaFX Application Thread] DEBUG PrimaryStageWindow   - Target settings size: 800.0 x 600.0
23:10:21.472 [JavaFX Application Thread] DEBUG PrimaryStageWindow   - Scaled scene size:    800.0 x 600.0
23:10:21.472 [JavaFX Application Thread] DEBUG PrimaryStageWindow   - Scaled ratio: (1.0, 1.0)
23:10:21.473 [JavaFX Application Thread] DEBUG PrimaryStageWindow   - Set initial scene to FXGLStartupScene
23:10:21.480 [JavaFX Application Thread] DEBUG PrimaryStageWindow   - Opening main window
23:10:21.557 [JavaFX Application Thread] DEBUG PrimaryStageWindow   - Window border size: (16.0, 39.0)
23:10:21.557 [JavaFX Application Thread] DEBUG PrimaryStageWindow   - Scaled size: 800.0 x 600.0
23:10:21.558 [JavaFX Application Thread] DEBUG PrimaryStageWindow   - Scaled ratio: (1.0, 1.0)
23:10:21.558 [JavaFX Application Thread] DEBUG PrimaryStageWindow   - Scene size: 800.0 x 600.0
23:10:21.558 [JavaFX Application Thread] DEBUG PrimaryStageWindow   - Stage size: 816.0 x 639.0
23:10:21.599 [JavaFX Application Thread] DEBUG PrimaryStageWindow   - Going fullscreen
23:10:21.608 [FXGL Background Thread 1 ] DEBUG Engine               - Initializing environment variables
23:10:21.648 [FXGL Background Thread 1 ] DEBUG FXGLAssetLoaderServi - User app class for loading assets: class com.hsleidenKombat.Game
23:10:21.648 [FXGL Background Thread 1 ] DEBUG GameApplicationServi - Applying CSS: fxgl_dark.css
23:10:21.649 [FXGL Background Thread 1 ] DEBUG FXGLAssetLoaderServi - Loading from file system: jar:file:/C:/Users/Hicham/.m2/repository/com/github/almasb/fxgl/17.1/fxgl-17.1.jar!/fxglassets/ui/css/fxgl_dark.css
23:10:21.687 [FXGL Background Thread 1 ] DEBUG GameApplicationServi - Initializing application scenes
23:10:21.723 [FXGL Background Thread 1 ] DEBUG GameWorld            - Game world initialized
23:10:21.767 [FXGL Background Thread 1 ] DEBUG PhysicsWorld         - Physics world initialized: appHeight=600, physics.ppm=50,0
23:10:21.767 [FXGL Background Thread 1 ] DEBUG PhysicsWorld         - Using strategy: BRUTE_FORCE
23:10:21.771 [FXGL Background Thread 1 ] DEBUG GameScene            - Game scene initialized: 800x600
23:10:21.780 [FXGL Background Thread 1 ] DEBUG FXGL.DefaultMenu     - createMenuBodyGameMenu()
23:10:21.792 [FXGL Background Thread 1 ] DEBUG FXGL.DefaultMenu     - createOptionsMenu()
23:10:21.800 [FXGL Background Thread 1 ] DEBUG FXGLAssetLoaderServi - Loading from file system: jar:file:/C:/Users/Hicham/.m2/repository/com/github/almasb/fxgl/17.1/fxgl-17.1.jar!/fxglassets/textures/particles/smoke.png
23:10:21.885 [FXGL Background Thread 1 ] DEBUG FXGLAssetLoaderServi - Loading from file system: jar:file:/C:/Users/Hicham/.m2/repository/com/github/almasb/fxgl/17.1/fxgl-17.1.jar!/fxglassets/textures/particles/trace_horizontal.png
23:10:21.912 [FXGL Background Thread 1 ] DEBUG GameApplicationServi - Application scenes initialized
23:10:21.923 [FXGL Background Thread 1 ] DEBUG SystemBundleService  - Loading FXGL system data
23:10:21.926 [FXGL Background Thread 1 ] DEBUG FileSystemAccess     - Reading from: C:\Users\Hicham\IdeaProjects\Challengeweek\system\fxgl.bundle
23:10:21.931 [FXGL Background Thread 1 ] DEBUG SystemBundleService  - Bundle FXGL: {}
23:10:21.932 [FXGL Background Thread 1 ] DEBUG UpdaterService       - Checking for updates
23:10:21.957 [FXGL Background Thread 4 ] DEBUG FXGLApplication      - Loading fonts
23:10:21.957 [FXGL Background Thread 1 ] DEBUG FXGLApplication      - Loading default localization
23:10:21.957 [FXGL Background Thread 4 ] DEBUG FXGLAssetLoaderServi - Loading from file system: jar:file:/C:/Users/Hicham/.m2/repository/com/github/almasb/fxgl/17.1/fxgl-17.1.jar!/fxglassets/ui/fonts/VarelaRound-Regular.ttf
23:10:21.958 [FXGL Background Thread 1 ] DEBUG FXGLAssetLoaderServi - Loading from file system: jar:file:/C:/Users/Hicham/.m2/repository/com/github/almasb/fxgl/17.1/fxgl-17.1.jar!/fxglassets/languages/english.lang
23:10:21.978 [FXGL Background Thread 1 ] INFO  FXGLApplication      - FXGL initialization took: 0,370 sec
23:10:21.979 [JavaFX Application Thread] DEBUG FXGLAssetLoaderServi - Loading from file system: jar:file:/C:/Users/Hicham/.m2/repository/com/github/almasb/fxgl/17.1/fxgl-17.1.jar!/fxglassets/textures/fxgl_icon.png
23:10:22.003 [JavaFX Application Thread] DEBUG FXGLAssetLoaderServi - Loading from file system: jar:file:/C:/Users/Hicham/.m2/repository/com/github/almasb/fxgl/17.1/fxgl-17.1.jar!/fxglassets/textures/fxgl_default_cursor.png
23:10:22.016 [JavaFX Application Thread] DEBUG Input                - Registered new binding: Screenshot - CTRL+8
23:10:22.016 [JavaFX Application Thread] DEBUG Input                - Registered new binding: Dev Options - 1
23:10:22.017 [JavaFX Application Thread] DEBUG Input                - Registered new binding: Dev Console - 2
23:10:22.017 [JavaFX Application Thread] DEBUG Input                - Registered new binding: System info dump - CTRL+9
23:10:22.018 [JavaFX Application Thread] DEBUG Input                - Registered new binding: Restart - CTRL+R
23:10:22.018 [FXGL Background Thread 4 ] DEBUG FXGLAssetLoaderServi - Loading from file system: jar:file:/C:/Users/Hicham/.m2/repository/com/github/almasb/fxgl/17.1/fxgl-17.1.jar!/fxglassets/ui/fonts/Abel-Regular.ttf
23:10:22.019 [JavaFX Application Thread] DEBUG Input                - Registered new binding: Toggle Debug Camera - CTRL+7
23:10:22.022 [JavaFX Application Thread] DEBUG LoopRunner           - Starting loop
23:10:22.022 [FXGL Background Thread 4 ] DEBUG FXGLAssetLoaderServi - Loading from file system: jar:file:/C:/Users/Hicham/.m2/repository/com/github/almasb/fxgl/17.1/fxgl-17.1.jar!/fxglassets/ui/fonts/TerminalLandMono-Regular.otf
23:10:22.039 [JavaFX Application Thread] DEBUG LoopRunner           - Initializing JavaFX AnimationTimerLoop
23:10:22.042 [JavaFX Application Thread] DEBUG GameApplicationServi - Starting new game
23:10:22.042 [JavaFX Application Thread] DEBUG Input                - Clearing active input actions
23:10:22.043 [FXGL Background Thread 4 ] DEBUG FXGLAssetLoaderServi - Loading from file system: jar:file:/C:/Users/Hicham/.m2/repository/com/github/almasb/fxgl/17.1/fxgl-17.1.jar!/fxglassets/ui/fonts/Courier-Prime.ttf
23:10:22.053 [JavaFX Application Thread] DEBUG GameApplicationServi - Removing overlay from FXGLStartupScene and adding to FXGLLoadingScene
23:10:22.056 [JavaFX Application Thread] DEBUG PrimaryStageWindow   - FXGLStartupScene -> FXGLLoadingScene
23:10:22.057 [JavaFX Application Thread] DEBUG GameApplicationServi - Clearing previous game
23:10:22.057 [JavaFX Application Thread] DEBUG GameScene            - Clearing game scene
23:10:22.057 [JavaFX Application Thread] DEBUG GameWorld            - Clearing game world
23:10:22.057 [JavaFX Application Thread] DEBUG PhysicsWorld         - Clearing physics world
23:10:22.063 [FXGL Background Thread 4 ] DEBUG FXGLApplication      - Initializing game
23:10:22.064 [FXGL Background Thread 4 ] DEBUG FXGLAssetLoaderServi - Loading from file system: file:/C:/Users/Hicham/IdeaProjects/Challengeweek/target/classes/assets/textures/MapTest.png
23:10:22.263 [JavaFX Application Thread] DEBUG FXGLApplication      - Registering font factories with UI factory
23:10:22.283 [FXGL Background Thread 2 ] INFO  UpdaterService       - Your current version:  17.1
23:10:22.284 [FXGL Background Thread 2 ] INFO  UpdaterService       - Latest stable version: 17.3
23:10:22.306 [FXGL Background Thread 4 ] DEBUG FXGLAssetLoaderServi - Loading from file system: file:/C:/Users/Hicham/IdeaProjects/Challengeweek/target/classes/assets/textures/spritesheet.png
23:10:22.335 [FXGL Background Thread 4 ] DEBUG Input                - Registered new binding: Move Left - A
23:10:22.335 [FXGL Background Thread 4 ] DEBUG Input                - Registered new binding: Move Right - D
23:10:22.335 [FXGL Background Thread 4 ] DEBUG Input                - Registered new binding: Move Up - W
23:10:22.336 [FXGL Background Thread 4 ] DEBUG Input                - Registered new binding: Duck - S
23:10:22.336 [FXGL Background Thread 4 ] DEBUG Input                - Registered new binding: Move Left 2 - Left
23:10:22.336 [FXGL Background Thread 4 ] DEBUG Input                - Registered new binding: Move Right 2 - Right
23:10:22.336 [FXGL Background Thread 4 ] DEBUG Input                - Registered new binding: Move Up 2 - Up
23:10:22.336 [FXGL Background Thread 4 ] DEBUG Input                - Registered new binding: punch - F
23:10:22.336 [FXGL Background Thread 4 ] DEBUG Input                - Registered new binding: Duck2 - Down
23:10:22.338 [FXGL Background Thread 4 ] INFO  FXGLApplication      - Game initialization took: 0,275 sec
23:10:22.353 [JavaFX Application Thread] DEBUG Input                - Clearing active input actions
23:10:22.361 [JavaFX Application Thread] DEBUG GameApplicationServi - Removing overlay from FXGLLoadingScene and adding to GameScene
23:10:22.365 [JavaFX Application Thread] DEBUG PrimaryStageWindow   - FXGLLoadingScene -> GameScene
23:10:24.957 [FXGL Background Thread 3 ] DEBUG Engine               - Logging environment variables
23:10:24.957 [FXGL Background Thread 3 ] DEBUG Engine               - achievements: []
23:10:24.957 [FXGL Background Thread 3 ] DEBUG Engine               - actualHeight: 1080.0
23:10:24.957 [FXGL Background Thread 3 ] DEBUG Engine               - actualHeightProperty: ReadOnlyDoubleProperty [value: 1080.0]
23:10:24.957 [FXGL Background Thread 3 ] DEBUG Engine               - actualWidth: 1920.0
23:10:24.957 [FXGL Background Thread 3 ] DEBUG Engine               - actualWidthProperty: ReadOnlyDoubleProperty [value: 1920.0]
23:10:24.957 [FXGL Background Thread 3 ] DEBUG Engine               - appIcon: fxgl_icon.png
23:10:24.958 [FXGL Background Thread 3 ] DEBUG Engine               - applicationMode: DEVELOPER
23:10:24.958 [FXGL Background Thread 3 ] DEBUG Engine               - cSSList: [fxgl_dark.css]
23:10:24.958 [FXGL Background Thread 3 ] DEBUG Engine               - collisionDetectionStrategy: BRUTE_FORCE
23:10:24.958 [FXGL Background Thread 3 ] DEBUG Engine               - configClass: Optional.empty
23:10:24.958 [FXGL Background Thread 3 ] DEBUG Engine               - credits: []
23:10:24.958 [FXGL Background Thread 3 ] DEBUG Engine               - defaultCursor: CursorInfo(imageName=fxgl_default_cursor.png, hotspotX=7.0, hotspotY=6.0)
23:10:24.958 [FXGL Background Thread 3 ] DEBUG Engine               - devBBoxColorProperty: ObjectProperty [value: 0xff0000ff]
23:10:24.958 [FXGL Background Thread 3 ] DEBUG Engine               - devEnableDebugCameraProperty: BooleanProperty [value: false]
23:10:24.958 [FXGL Background Thread 3 ] DEBUG Engine               - devSensorColorProperty: ObjectProperty [value: 0xffff00ff]
23:10:24.958 [FXGL Background Thread 3 ] DEBUG Engine               - devShowBBoxProperty: BooleanProperty [value: false]
23:10:24.958 [FXGL Background Thread 3 ] DEBUG Engine               - devShowPositionProperty: BooleanProperty [value: false]
23:10:24.958 [FXGL Background Thread 3 ] DEBUG Engine               - enabledMenuItems: []
23:10:24.958 [FXGL Background Thread 3 ] DEBUG Engine               - engineServices: [class com.almasb.fxgl.app.services.FXGLAssetLoaderService, class com.almasb.fxgl.app.FXGLApplication$GameApplicationService, class com.almasb.fxgl.app.services.FXGLDialogService, class com.almasb.fxgl.app.services.IOTaskExecutorService, class com.almasb.fxgl.io.FileSystemService, class com.almasb.fxgl.localization.LocalizationService, class com.almasb.fxgl.app.services.SystemBundleService, class com.almasb.fxgl.profile.SaveLoadService, class com.almasb.fxgl.ui.FXGLUIFactoryServiceProvider, class com.almasb.fxgl.ui.FXGLDialogFactoryServiceProvider, class com.almasb.fxgl.audio.AudioPlayer, class com.almasb.fxgl.notification.impl.NotificationServiceProvider, class com.almasb.fxgl.achievement.AchievementService, class com.almasb.fxgl.cutscene.CutsceneService, class com.almasb.fxgl.minigames.MiniGameService, class com.almasb.fxgl.net.NetService, class com.almasb.fxgl.app.services.UpdaterService, class com.almasb.fxgl.dev.DevService]
23:10:24.958 [FXGL Background Thread 3 ] DEBUG Engine               - fontGame: Abel-Regular.ttf
23:10:24.958 [FXGL Background Thread 3 ] DEBUG Engine               - fontMono: TerminalLandMono-Regular.otf
23:10:24.958 [FXGL Background Thread 3 ] DEBUG Engine               - fontText: Courier-Prime.ttf
23:10:24.959 [FXGL Background Thread 3 ] DEBUG Engine               - fontUI: VarelaRound-Regular.ttf
23:10:24.959 [FXGL Background Thread 3 ] DEBUG Engine               - fullScreen: BooleanProperty [value: true]
23:10:24.959 [FXGL Background Thread 3 ] DEBUG Engine               - gameDifficulty: MEDIUM
23:10:24.959 [FXGL Background Thread 3 ] DEBUG Engine               - gameDifficultyProperty: ObjectProperty [value: MEDIUM]
23:10:24.959 [FXGL Background Thread 3 ] DEBUG Engine               - globalMusicVolume: 0.5
23:10:24.959 [FXGL Background Thread 3 ] DEBUG Engine               - globalMusicVolumeProperty: DoubleProperty [value: 0.5]
23:10:24.959 [FXGL Background Thread 3 ] DEBUG Engine               - globalSoundVolume: 0.5
23:10:24.959 [FXGL Background Thread 3 ] DEBUG Engine               - globalSoundVolumeProperty: DoubleProperty [value: 0.5]
23:10:24.959 [FXGL Background Thread 3 ] DEBUG Engine               - height: 600
23:10:24.959 [FXGL Background Thread 3 ] DEBUG Engine               - is3D: false
23:10:24.959 [FXGL Background Thread 3 ] DEBUG Engine               - isAndroid: false
23:10:24.959 [FXGL Background Thread 3 ] DEBUG Engine               - isBrowser: false
23:10:24.959 [FXGL Background Thread 3 ] DEBUG Engine               - isClickFeedbackEnabled: false
23:10:24.959 [FXGL Background Thread 3 ] DEBUG Engine               - isCloseConfirmation: false
23:10:24.959 [FXGL Background Thread 3 ] DEBUG Engine               - isDesktop: true
23:10:24.959 [FXGL Background Thread 3 ] DEBUG Engine               - isDeveloperMenuEnabled: true
23:10:24.959 [FXGL Background Thread 3 ] DEBUG Engine               - isEmbedded: false
23:10:24.959 [FXGL Background Thread 3 ] DEBUG Engine               - isEntityPreloadEnabled: true
23:10:24.959 [FXGL Background Thread 3 ] DEBUG Engine               - isExperimentalTiledLargeMap: false
23:10:24.959 [FXGL Background Thread 3 ] DEBUG Engine               - isFileSystemWriteAllowed: true
23:10:24.960 [FXGL Background Thread 3 ] DEBUG Engine               - isFullScreenAllowed: true
23:10:24.960 [FXGL Background Thread 3 ] DEBUG Engine               - isFullScreenFromStart: true
23:10:24.960 [FXGL Background Thread 3 ] DEBUG Engine               - isGameMenuEnabled: true
23:10:24.960 [FXGL Background Thread 3 ] DEBUG Engine               - isIOS: false
23:10:24.960 [FXGL Background Thread 3 ] DEBUG Engine               - isIntroEnabled: false
23:10:24.960 [FXGL Background Thread 3 ] DEBUG Engine               - isLinux: false
23:10:24.960 [FXGL Background Thread 3 ] DEBUG Engine               - isMac: false
23:10:24.960 [FXGL Background Thread 3 ] DEBUG Engine               - isMainMenuEnabled: false
23:10:24.960 [FXGL Background Thread 3 ] DEBUG Engine               - isManualResizeEnabled: false
23:10:24.960 [FXGL Background Thread 3 ] DEBUG Engine               - isMobile: false
23:10:24.960 [FXGL Background Thread 3 ] DEBUG Engine               - isNative: false
23:10:24.960 [FXGL Background Thread 3 ] DEBUG Engine               - isPauseMusicWhenMinimized: true
23:10:24.960 [FXGL Background Thread 3 ] DEBUG Engine               - isPreserveResizeRatio: false
23:10:24.960 [FXGL Background Thread 3 ] DEBUG Engine               - isProfilingEnabled: false
23:10:24.960 [FXGL Background Thread 3 ] DEBUG Engine               - isScaleAffectedOnResize: true
23:10:24.960 [FXGL Background Thread 3 ] DEBUG Engine               - isSingleStep: false
23:10:24.960 [FXGL Background Thread 3 ] DEBUG Engine               - isUserProfileEnabled: false
23:10:24.960 [FXGL Background Thread 3 ] DEBUG Engine               - isWindows: true
23:10:24.960 [FXGL Background Thread 3 ] DEBUG Engine               - language: ObjectProperty [value: ENGLISH]
23:10:24.960 [FXGL Background Thread 3 ] DEBUG Engine               - menuKey: ESCAPE
23:10:24.960 [FXGL Background Thread 3 ] DEBUG Engine               - mouseSensitivity: 0.2
23:10:24.960 [FXGL Background Thread 3 ] DEBUG Engine               - notificationViewClass: class com.almasb.fxgl.notification.view.XboxNotificationView
23:10:24.960 [FXGL Background Thread 3 ] DEBUG Engine               - pixelsPerMeter: 50.0
23:10:24.961 [FXGL Background Thread 3 ] DEBUG Engine               - platform: WINDOWS
23:10:24.961 [FXGL Background Thread 3 ] DEBUG Engine               - prefHeightProperty: ReadOnlyDoubleProperty [value: 600.0]
23:10:24.961 [FXGL Background Thread 3 ] DEBUG Engine               - prefWidthProperty: ReadOnlyDoubleProperty [value: 800.0]
23:10:24.961 [FXGL Background Thread 3 ] DEBUG Engine               - profileDir: profiles/
23:10:24.961 [FXGL Background Thread 3 ] DEBUG Engine               - profileName: StringProperty [value: DEFAULT]
23:10:24.961 [FXGL Background Thread 3 ] DEBUG Engine               - randomSeed: -1
23:10:24.961 [FXGL Background Thread 3 ] DEBUG Engine               - runtimeInfo: RuntimeInfo(platform=WINDOWS, version=17.1, build=24.03.2022 17.34)
23:10:24.961 [FXGL Background Thread 3 ] DEBUG Engine               - saveFileExt: sav
23:10:24.961 [FXGL Background Thread 3 ] DEBUG Engine               - scaledHeightProp$fxgl: DoubleProperty [bound, value: 1080.0]
23:10:24.961 [FXGL Background Thread 3 ] DEBUG Engine               - scaledWidthProp$fxgl: DoubleProperty [bound, value: 1920.0]
23:10:24.962 [FXGL Background Thread 3 ] DEBUG Engine               - sceneFactory: com.almasb.fxgl.app.scene.SceneFactory@35891c58
23:10:24.962 [FXGL Background Thread 3 ] DEBUG Engine               - secondsIn24h: 60
23:10:24.962 [FXGL Background Thread 3 ] DEBUG Engine               - soundMenuBack: menu/back.wav
23:10:24.962 [FXGL Background Thread 3 ] DEBUG Engine               - soundMenuPress: menu/press.wav
23:10:24.962 [FXGL Background Thread 3 ] DEBUG Engine               - soundMenuSelect: menu/select.wav
23:10:24.962 [FXGL Background Thread 3 ] DEBUG Engine               - soundNotification: core/notification.wav
23:10:24.962 [FXGL Background Thread 3 ] DEBUG Engine               - stageStyle: DECORATED
23:10:24.962 [FXGL Background Thread 3 ] DEBUG Engine               - supportedLanguages: [ENGLISH, FRENCH, GERMAN, HUNGARIAN, RUSSIAN]
23:10:24.962 [FXGL Background Thread 3 ] DEBUG Engine               - ticksPerSecond: -1
23:10:24.962 [FXGL Background Thread 3 ] DEBUG Engine               - title: Hsleiden Kombat
23:10:24.962 [FXGL Background Thread 3 ] DEBUG Engine               - urlGithub: https://github.com/AlmasB/FXGL
23:10:24.962 [FXGL Background Thread 3 ] DEBUG Engine               - urlLeaderboard: http://fxgl-top.herokuapp.com/
23:10:24.962 [FXGL Background Thread 3 ] DEBUG Engine               - urlPOM: https://raw.githubusercontent.com/AlmasB/FXGL/release/README.md
23:10:24.962 [FXGL Background Thread 3 ] DEBUG Engine               - userAppClass: class com.hsleidenKombat.Game
23:10:24.962 [FXGL Background Thread 3 ] DEBUG Engine               - version: 0.0
23:10:24.962 [FXGL Background Thread 3 ] DEBUG Engine               - versionCheckDays: 7
23:10:24.962 [FXGL Background Thread 3 ] DEBUG Engine               - width: 800
23:10:24.962 [FXGL Background Thread 3 ] DEBUG Engine               - Logging services
23:10:24.962 [FXGL Background Thread 3 ] DEBUG Engine               - class com.almasb.fxgl.app.services.FXGLAssetLoaderService
23:10:24.962 [FXGL Background Thread 3 ] DEBUG Engine               - class com.almasb.fxgl.app.FXGLApplication$GameApplicationService
23:10:24.962 [FXGL Background Thread 3 ] DEBUG Engine               - class com.almasb.fxgl.app.services.FXGLDialogService
23:10:24.962 [FXGL Background Thread 3 ] DEBUG Engine               - class com.almasb.fxgl.app.services.IOTaskExecutorService
23:10:24.962 [FXGL Background Thread 3 ] DEBUG Engine               - class com.almasb.fxgl.io.FileSystemService
23:10:24.962 [FXGL Background Thread 3 ] DEBUG Engine               - class com.almasb.fxgl.localization.LocalizationService
23:10:24.962 [FXGL Background Thread 3 ] DEBUG Engine               - class com.almasb.fxgl.app.services.SystemBundleService
23:10:24.963 [FXGL Background Thread 3 ] DEBUG Engine               - class com.almasb.fxgl.profile.SaveLoadService
23:10:24.963 [FXGL Background Thread 3 ] DEBUG Engine               - class com.almasb.fxgl.ui.FXGLUIFactoryServiceProvider
23:10:24.963 [FXGL Background Thread 3 ] DEBUG Engine               - class com.almasb.fxgl.ui.FXGLDialogFactoryServiceProvider
23:10:24.963 [FXGL Background Thread 3 ] DEBUG Engine               - class com.almasb.fxgl.audio.AudioPlayer
23:10:24.963 [FXGL Background Thread 3 ] DEBUG Engine               - class com.almasb.fxgl.notification.impl.NotificationServiceProvider
23:10:24.963 [FXGL Background Thread 3 ] DEBUG Engine               - class com.almasb.fxgl.achievement.AchievementService
23:10:24.963 [FXGL Background Thread 3 ] DEBUG Engine               - class com.almasb.fxgl.cutscene.CutsceneService
23:10:24.963 [FXGL Background Thread 3 ] DEBUG Engine               - class com.almasb.fxgl.minigames.MiniGameService
23:10:24.963 [FXGL Background Thread 3 ] DEBUG Engine               - class com.almasb.fxgl.net.NetService
23:10:24.963 [FXGL Background Thread 3 ] DEBUG Engine               - class com.almasb.fxgl.app.services.UpdaterService
23:10:24.963 [FXGL Background Thread 3 ] DEBUG Engine               - class com.almasb.fxgl.dev.DevService
23:10:25.827 [JavaFX Application Thread] DEBUG PrimaryStageWindow   - Push state: FXGLDefaultMenu
23:10:25.829 [JavaFX Application Thread] DEBUG Input                - Clearing active input actions
23:10:25.830 [JavaFX Application Thread] DEBUG GameApplicationServi - Removing overlay from GameScene and adding to FXGLDefaultMenu
23:10:25.833 [JavaFX Application Thread] DEBUG PrimaryStageWindow   - GameScene -> FXGLDefaultMenu
23:10:26.651 [JavaFX Application Thread] DEBUG Menu                 - fireExit()
23:10:26.652 [JavaFX Application Thread] DEBUG PrimaryStageWindow   - Push state: DialogSubScene
23:10:26.652 [JavaFX Application Thread] DEBUG Input                - Clearing active input actions
23:10:26.653 [JavaFX Application Thread] DEBUG GameApplicationServi - Removing overlay from FXGLDefaultMenu and adding to DialogSubScene
23:10:26.653 [JavaFX Application Thread] DEBUG PrimaryStageWindow   - FXGLDefaultMenu -> DialogSubScene
23:10:27.185 [JavaFX Application Thread] DEBUG PrimaryStageWindow   - Pop state: DialogSubScene
23:10:27.185 [JavaFX Application Thread] DEBUG Input                - Clearing active input actions
23:10:27.186 [JavaFX Application Thread] DEBUG GameApplicationServi - Removing overlay from DialogSubScene and adding to FXGLDefaultMenu
23:10:27.186 [JavaFX Application Thread] DEBUG PrimaryStageWindow   - FXGLDefaultMenu <- DialogSubScene
23:10:27.186 [JavaFX Application Thread] DEBUG FXGLApplication      - Exiting FXGL
23:10:27.186 [JavaFX Application Thread] DEBUG LoopRunner           - Stopping loop
23:10:27.186 [JavaFX Application Thread] DEBUG SystemBundleService  - Saving FXGL system data
23:10:27.188 [JavaFX Application Thread] DEBUG FileSystemAccess     - Writing to: C:\Users\Hicham\IdeaProjects\Challengeweek\system\fxgl.bundle
23:10:27.189 [JavaFX Application Thread] DEBUG Async                - Shutting down background threads
23:10:27.189 [JavaFX Application Thread] DEBUG PrimaryStageWindow   - Closing main window
23:10:27.204 [JavaFX Application Thread] DEBUG Logger               - Closing Logger
