14:20:06.396 [main                     ] DEBUG Logger               - Configured Logger
14:20:06.418 [main                     ] DEBUG GameApplication      - Logging settings
Title: Simple Fighting Game
Version: 0.0
Width: 800
Height: 600
Fullscreen: false
Intro: false
Profiling: false
Single step:false
App Mode: DEVELOPER
Menu Key: ESCAPE
Stage Style: DECORATED
Scene Factory: class com.almasb.fxgl.app.scene.SceneFactory

14:20:06.777 [JavaFX Application Thread] DEBUG FXGLApplication      - Initializing FXGL
14:20:06.782 [JavaFX Application Thread] INFO  Engine               - FXGL-17.1 (24.03.2022 17.34) on WINDOWS (J:19.0.1 FX:19-ea)
14:20:06.782 [JavaFX Application Thread] DEBUG Engine               - JRE Vendor Name: Oracle Corporation
14:20:06.782 [JavaFX Application Thread] DEBUG Engine               - Running on OS: Windows 11 version 10.0
14:20:06.782 [JavaFX Application Thread] DEBUG Engine               - Architecture: amd64
14:20:06.782 [JavaFX Application Thread] INFO  Engine               - Source code and latest versions at: https://github.com/AlmasB/FXGL
14:20:06.783 [JavaFX Application Thread] INFO  Engine               -       Ask questions and discuss at: https://github.com/AlmasB/FXGL/discussions
14:20:06.783 [JavaFX Application Thread] INFO  Engine               -              Join the FXGL chat at: https://gitter.im/AlmasB/FXGL
14:20:06.892 [JavaFX Application Thread] DEBUG PrimaryStageWindow   - Creating a JavaFX scene
14:20:06.934 [JavaFX Application Thread] DEBUG PrimaryStageWindow   - Target settings size: 800.0 x 600.0
14:20:06.935 [JavaFX Application Thread] DEBUG PrimaryStageWindow   - Scaled scene size:    800.0 x 600.0
14:20:06.935 [JavaFX Application Thread] DEBUG PrimaryStageWindow   - Scaled ratio: (1.0, 1.0)
14:20:06.936 [JavaFX Application Thread] DEBUG PrimaryStageWindow   - Set initial scene to FXGLStartupScene
14:20:06.942 [JavaFX Application Thread] DEBUG PrimaryStageWindow   - Opening main window
14:20:07.011 [JavaFX Application Thread] DEBUG PrimaryStageWindow   - Window border size: (14.66668701171875, 37.33331298828125)
14:20:07.011 [JavaFX Application Thread] DEBUG PrimaryStageWindow   - Scaled size: 800.0 x 600.0
14:20:07.011 [JavaFX Application Thread] DEBUG PrimaryStageWindow   - Scaled ratio: (1.0, 1.0)
14:20:07.011 [JavaFX Application Thread] DEBUG PrimaryStageWindow   - Scene size: 800.0 x 600.0
14:20:07.011 [JavaFX Application Thread] DEBUG PrimaryStageWindow   - Stage size: 814.6666870117188 x 637.3333129882812
14:20:07.020 [FXGL Background Thread 1 ] DEBUG Engine               - Initializing environment variables
14:20:07.075 [FXGL Background Thread 1 ] DEBUG FXGLAssetLoaderServi - User app class for loading assets: class Game
14:20:07.076 [FXGL Background Thread 1 ] DEBUG GameApplicationServi - Applying CSS: fxgl_dark.css
14:20:07.076 [FXGL Background Thread 1 ] DEBUG FXGLAssetLoaderServi - Loading from file system: jar:file:/C:/Users/karos/.m2/repository/com/github/almasb/fxgl/17.1/fxgl-17.1.jar!/fxglassets/ui/css/fxgl_dark.css
14:20:07.120 [FXGL Background Thread 1 ] DEBUG GameApplicationServi - Initializing application scenes
14:20:07.152 [FXGL Background Thread 1 ] DEBUG GameWorld            - Game world initialized
14:20:07.202 [FXGL Background Thread 1 ] DEBUG PhysicsWorld         - Physics world initialized: appHeight=600, physics.ppm=50.0
14:20:07.202 [FXGL Background Thread 1 ] DEBUG PhysicsWorld         - Using strategy: BRUTE_FORCE
14:20:07.206 [FXGL Background Thread 1 ] DEBUG GameScene            - Game scene initialized: 800x600
14:20:07.219 [FXGL Background Thread 1 ] DEBUG FXGL.DefaultMenu     - createMenuBodyGameMenu()
14:20:07.231 [FXGL Background Thread 1 ] DEBUG FXGL.DefaultMenu     - createOptionsMenu()
14:20:07.240 [FXGL Background Thread 1 ] DEBUG FXGLAssetLoaderServi - Loading from file system: jar:file:/C:/Users/karos/.m2/repository/com/github/almasb/fxgl/17.1/fxgl-17.1.jar!/fxglassets/textures/particles/smoke.png
14:20:07.340 [FXGL Background Thread 1 ] DEBUG FXGLAssetLoaderServi - Loading from file system: jar:file:/C:/Users/karos/.m2/repository/com/github/almasb/fxgl/17.1/fxgl-17.1.jar!/fxglassets/textures/particles/trace_horizontal.png
14:20:07.368 [FXGL Background Thread 1 ] DEBUG GameApplicationServi - Application scenes initialized
14:20:07.378 [FXGL Background Thread 1 ] DEBUG SystemBundleService  - Loading FXGL system data
14:20:07.384 [FXGL Background Thread 1 ] DEBUG FileSystemAccess     - Reading from: C:\Users\karos\IdeaProjects\HS-Leiden-Kombat\system\fxgl.bundle
14:20:07.392 [FXGL Background Thread 1 ] DEBUG SystemBundleService  - Bundle FXGL: {}
14:20:07.392 [FXGL Background Thread 1 ] DEBUG UpdaterService       - Checking for updates
14:20:07.395 [FXGL Background Thread 4 ] DEBUG FXGLApplication      - Loading fonts
14:20:07.395 [FXGL Background Thread 1 ] DEBUG FXGLApplication      - Loading default localization
14:20:07.395 [FXGL Background Thread 4 ] DEBUG FXGLAssetLoaderServi - Loading from file system: jar:file:/C:/Users/karos/.m2/repository/com/github/almasb/fxgl/17.1/fxgl-17.1.jar!/fxglassets/ui/fonts/VarelaRound-Regular.ttf
14:20:07.396 [FXGL Background Thread 1 ] DEBUG FXGLAssetLoaderServi - Loading from file system: jar:file:/C:/Users/karos/.m2/repository/com/github/almasb/fxgl/17.1/fxgl-17.1.jar!/fxglassets/languages/english.lang
14:20:07.416 [FXGL Background Thread 1 ] INFO  FXGLApplication      - FXGL initialization took: 0.395 sec
14:20:07.426 [JavaFX Application Thread] DEBUG Input                - Registered new binding: Player 1 Move Left - A
14:20:07.426 [JavaFX Application Thread] DEBUG Input                - Registered new binding: Player 1 Move Right - D
14:20:07.427 [JavaFX Application Thread] DEBUG Input                - Registered new binding: Player 2 Move Left - Left
14:20:07.427 [JavaFX Application Thread] DEBUG Input                - Registered new binding: Player 2 Move Right - Right
14:20:07.427 [JavaFX Application Thread] DEBUG Input                - Registered new binding: Bend - S
14:20:07.427 [JavaFX Application Thread] DEBUG FXGLAssetLoaderServi - Loading from file system: jar:file:/C:/Users/karos/.m2/repository/com/github/almasb/fxgl/17.1/fxgl-17.1.jar!/fxglassets/textures/fxgl_icon.png
14:20:07.447 [FXGL Background Thread 4 ] DEBUG FXGLAssetLoaderServi - Loading from file system: jar:file:/C:/Users/karos/.m2/repository/com/github/almasb/fxgl/17.1/fxgl-17.1.jar!/fxglassets/ui/fonts/Abel-Regular.ttf
14:20:07.448 [JavaFX Application Thread] DEBUG FXGLAssetLoaderServi - Loading from file system: jar:file:/C:/Users/karos/.m2/repository/com/github/almasb/fxgl/17.1/fxgl-17.1.jar!/fxglassets/textures/fxgl_default_cursor.png
14:20:07.450 [JavaFX Application Thread] DEBUG Input                - Registered new binding: Screenshot - CTRL+8
14:20:07.451 [JavaFX Application Thread] DEBUG Input                - Registered new binding: System info dump - CTRL+9
14:20:07.451 [JavaFX Application Thread] DEBUG Input                - Registered new binding: Restart - CTRL+R
14:20:07.452 [JavaFX Application Thread] DEBUG Input                - Registered new binding: Toggle Debug Camera - CTRL+7
14:20:07.454 [FXGL Background Thread 4 ] DEBUG FXGLAssetLoaderServi - Loading from file system: jar:file:/C:/Users/karos/.m2/repository/com/github/almasb/fxgl/17.1/fxgl-17.1.jar!/fxglassets/ui/fonts/TerminalLandMono-Regular.otf
14:20:07.454 [JavaFX Application Thread] DEBUG LoopRunner           - Starting loop
14:20:07.454 [JavaFX Application Thread] DEBUG LoopRunner           - Initializing JavaFX AnimationTimerLoop
14:20:07.456 [JavaFX Application Thread] DEBUG GameApplicationServi - Starting new game
14:20:07.456 [JavaFX Application Thread] DEBUG Input                - Clearing active input actions
14:20:07.458 [FXGL Background Thread 4 ] DEBUG FXGLAssetLoaderServi - Loading from file system: jar:file:/C:/Users/karos/.m2/repository/com/github/almasb/fxgl/17.1/fxgl-17.1.jar!/fxglassets/ui/fonts/Courier-Prime.ttf
14:20:07.467 [JavaFX Application Thread] DEBUG GameApplicationServi - Removing overlay from FXGLStartupScene and adding to FXGLLoadingScene
14:20:07.467 [JavaFX Application Thread] DEBUG PrimaryStageWindow   - FXGLStartupScene -> FXGLLoadingScene
14:20:07.467 [JavaFX Application Thread] DEBUG GameApplicationServi - Clearing previous game
14:20:07.467 [JavaFX Application Thread] DEBUG GameScene            - Clearing game scene
14:20:07.467 [JavaFX Application Thread] DEBUG GameWorld            - Clearing game world
14:20:07.467 [JavaFX Application Thread] DEBUG PhysicsWorld         - Clearing physics world
14:20:07.468 [FXGL Background Thread 4 ] DEBUG FXGLApplication      - Initializing game
14:20:07.471 [FXGL Background Thread 4 ] WARN  FXGLAssetLoaderServi - Asset "/assets/textures/player1.png" was not found!
14:20:07.472 [FXGL Background Thread 4 ] WARN  FXGLAssetLoaderServi - Failed to load IMAGE
14:20:07.600 [FXGL Background Thread 4 ] WARN  FXGLAssetLoaderServi - Asset "/assets/textures/player2.png" was not found!
14:20:07.601 [FXGL Background Thread 4 ] WARN  FXGLAssetLoaderServi - Failed to load IMAGE
14:20:07.601 [FXGL Background Thread 4 ] INFO  FXGLApplication      - Game initialization took: 0.132 sec
14:20:07.645 [JavaFX Application Thread] DEBUG Input                - Clearing active input actions
14:20:07.656 [JavaFX Application Thread] DEBUG GameApplicationServi - Removing overlay from FXGLLoadingScene and adding to GameScene
14:20:07.656 [JavaFX Application Thread] DEBUG PrimaryStageWindow   - FXGLLoadingScene -> GameScene
14:20:07.767 [FXGL Background Thread 2 ] INFO  UpdaterService       - Your current version:  17.1
14:20:07.767 [FXGL Background Thread 2 ] INFO  UpdaterService       - Latest stable version: 17.3
14:20:10.225 [JavaFX Application Thread] DEBUG FXGLApplication      - Exiting FXGL
14:20:10.225 [JavaFX Application Thread] DEBUG LoopRunner           - Stopping loop
14:20:10.226 [JavaFX Application Thread] DEBUG SystemBundleService  - Saving FXGL system data
14:20:10.231 [JavaFX Application Thread] DEBUG FileSystemAccess     - Writing to: C:\Users\karos\IdeaProjects\HS-Leiden-Kombat\system\fxgl.bundle
14:20:10.237 [JavaFX Application Thread] DEBUG Async                - Shutting down background threads
14:20:10.237 [JavaFX Application Thread] DEBUG PrimaryStageWindow   - Closing main window
14:20:10.259 [JavaFX Application Thread] DEBUG Logger               - Closing Logger
