15:45:14.465 [main                     ] DEBUG Logger               - Configured Logger
15:45:14.492 [main                     ] DEBUG GameApplication      - Logging settings
Title: Hsleiden Kombat
Version: 0.0
Width: 800
Height: 600
Fullscreen: true
Intro: false
Profiling: false
Single step:false
App Mode: DEVELOPER
Menu Key: ESCAPE
Stage Style: DECORATED
Scene Factory: class com.almasb.fxgl.app.scene.SceneFactory

15:45:14.894 [JavaFX Application Thread] DEBUG FXGLApplication      - Initializing FXGL
15:45:14.903 [JavaFX Application Thread] INFO  Engine               - FXGL-17.1 (24.03.2022 17.34) on WINDOWS (J:19.0.1 FX:19-ea)
15:45:14.904 [JavaFX Application Thread] DEBUG Engine               - JRE Vendor Name: Oracle Corporation
15:45:14.904 [JavaFX Application Thread] DEBUG Engine               - Running on OS: Windows 11 version 10.0
15:45:14.904 [JavaFX Application Thread] DEBUG Engine               - Architecture: amd64
15:45:14.904 [JavaFX Application Thread] INFO  Engine               - Source code and latest versions at: https://github.com/AlmasB/FXGL
15:45:14.904 [JavaFX Application Thread] INFO  Engine               -       Ask questions and discuss at: https://github.com/AlmasB/FXGL/discussions
15:45:14.904 [JavaFX Application Thread] INFO  Engine               -              Join the FXGL chat at: https://gitter.im/AlmasB/FXGL
15:45:15.007 [JavaFX Application Thread] DEBUG PrimaryStageWindow   - Creating a JavaFX scene
15:45:15.049 [JavaFX Application Thread] DEBUG PrimaryStageWindow   - Target settings size: 800.0 x 600.0
15:45:15.049 [JavaFX Application Thread] DEBUG PrimaryStageWindow   - Scaled scene size:    800.0 x 600.0
15:45:15.049 [JavaFX Application Thread] DEBUG PrimaryStageWindow   - Scaled ratio: (1.0, 1.0)
15:45:15.050 [JavaFX Application Thread] DEBUG PrimaryStageWindow   - Set initial scene to FXGLStartupScene
15:45:15.060 [JavaFX Application Thread] DEBUG PrimaryStageWindow   - Opening main window
15:45:15.142 [JavaFX Application Thread] DEBUG PrimaryStageWindow   - Window border size: (14.66668701171875, 37.33331298828125)
15:45:15.143 [JavaFX Application Thread] DEBUG PrimaryStageWindow   - Scaled size: 800.0 x 600.0
15:45:15.143 [JavaFX Application Thread] DEBUG PrimaryStageWindow   - Scaled ratio: (1.0, 1.0)
15:45:15.143 [JavaFX Application Thread] DEBUG PrimaryStageWindow   - Scene size: 800.0 x 600.0
15:45:15.143 [JavaFX Application Thread] DEBUG PrimaryStageWindow   - Stage size: 814.6666870117188 x 637.3333129882812
15:45:15.224 [JavaFX Application Thread] DEBUG PrimaryStageWindow   - Going fullscreen
15:45:15.233 [FXGL Background Thread 1 ] DEBUG Engine               - Initializing environment variables
15:45:15.292 [FXGL Background Thread 1 ] DEBUG FXGLAssetLoaderServi - User app class for loading assets: class com.hsleidenKombat.Game
15:45:15.292 [FXGL Background Thread 1 ] DEBUG GameApplicationServi - Applying CSS: fxgl_dark.css
15:45:15.293 [FXGL Background Thread 1 ] DEBUG FXGLAssetLoaderServi - Loading from file system: jar:file:/C:/Users/karos/.m2/repository/com/github/almasb/fxgl/17.1/fxgl-17.1.jar!/fxglassets/ui/css/fxgl_dark.css
15:45:15.328 [FXGL Background Thread 1 ] DEBUG GameApplicationServi - Initializing application scenes
15:45:15.366 [FXGL Background Thread 1 ] DEBUG GameWorld            - Game world initialized
15:45:15.430 [FXGL Background Thread 1 ] DEBUG PhysicsWorld         - Physics world initialized: appHeight=600, physics.ppm=50.0
15:45:15.431 [FXGL Background Thread 1 ] DEBUG PhysicsWorld         - Using strategy: BRUTE_FORCE
15:45:15.437 [FXGL Background Thread 1 ] DEBUG GameScene            - Game scene initialized: 800x600
15:45:15.453 [FXGL Background Thread 1 ] DEBUG FXGL.DefaultMenu     - createMenuBodyGameMenu()
15:45:15.464 [FXGL Background Thread 1 ] DEBUG FXGL.DefaultMenu     - createOptionsMenu()
15:45:15.475 [FXGL Background Thread 1 ] DEBUG FXGLAssetLoaderServi - Loading from file system: jar:file:/C:/Users/karos/.m2/repository/com/github/almasb/fxgl/17.1/fxgl-17.1.jar!/fxglassets/textures/particles/smoke.png
15:45:15.577 [FXGL Background Thread 1 ] DEBUG FXGLAssetLoaderServi - Loading from file system: jar:file:/C:/Users/karos/.m2/repository/com/github/almasb/fxgl/17.1/fxgl-17.1.jar!/fxglassets/textures/particles/trace_horizontal.png
15:45:15.611 [FXGL Background Thread 1 ] DEBUG GameApplicationServi - Application scenes initialized
15:45:15.623 [FXGL Background Thread 1 ] DEBUG SystemBundleService  - Loading FXGL system data
15:45:15.627 [FXGL Background Thread 1 ] DEBUG FileSystemAccess     - Reading from: C:\Users\karos\IdeaProjects\HS-Leiden-Kombat\system\fxgl.bundle
15:45:15.634 [FXGL Background Thread 1 ] DEBUG SystemBundleService  - Bundle FXGL: {}
15:45:15.635 [FXGL Background Thread 1 ] DEBUG UpdaterService       - Checking for updates
15:45:15.663 [FXGL Background Thread 4 ] DEBUG FXGLApplication      - Loading fonts
15:45:15.663 [FXGL Background Thread 4 ] DEBUG FXGLAssetLoaderServi - Loading from file system: jar:file:/C:/Users/karos/.m2/repository/com/github/almasb/fxgl/17.1/fxgl-17.1.jar!/fxglassets/ui/fonts/VarelaRound-Regular.ttf
15:45:15.664 [FXGL Background Thread 1 ] DEBUG FXGLApplication      - Loading default localization
15:45:15.664 [FXGL Background Thread 1 ] DEBUG FXGLAssetLoaderServi - Loading from file system: jar:file:/C:/Users/karos/.m2/repository/com/github/almasb/fxgl/17.1/fxgl-17.1.jar!/fxglassets/languages/english.lang
15:45:15.685 [FXGL Background Thread 1 ] INFO  FXGLApplication      - FXGL initialization took: 0.450 sec
15:45:15.686 [JavaFX Application Thread] DEBUG FXGLAssetLoaderServi - Loading from file system: jar:file:/C:/Users/karos/.m2/repository/com/github/almasb/fxgl/17.1/fxgl-17.1.jar!/fxglassets/textures/fxgl_icon.png
15:45:15.707 [JavaFX Application Thread] DEBUG FXGLAssetLoaderServi - Loading from file system: jar:file:/C:/Users/karos/.m2/repository/com/github/almasb/fxgl/17.1/fxgl-17.1.jar!/fxglassets/textures/fxgl_default_cursor.png
15:45:15.720 [JavaFX Application Thread] DEBUG Input                - Registered new binding: Screenshot - CTRL+8
15:45:15.720 [JavaFX Application Thread] DEBUG Input                - Registered new binding: Dev Options - 1
15:45:15.721 [FXGL Background Thread 4 ] DEBUG FXGLAssetLoaderServi - Loading from file system: jar:file:/C:/Users/karos/.m2/repository/com/github/almasb/fxgl/17.1/fxgl-17.1.jar!/fxglassets/ui/fonts/Abel-Regular.ttf
15:45:15.721 [JavaFX Application Thread] DEBUG Input                - Registered new binding: Dev Console - 2
15:45:15.721 [JavaFX Application Thread] DEBUG Input                - Registered new binding: System info dump - CTRL+9
15:45:15.722 [JavaFX Application Thread] DEBUG Input                - Registered new binding: Restart - CTRL+R
15:45:15.724 [JavaFX Application Thread] DEBUG Input                - Registered new binding: Toggle Debug Camera - CTRL+7
15:45:15.726 [FXGL Background Thread 4 ] DEBUG FXGLAssetLoaderServi - Loading from file system: jar:file:/C:/Users/karos/.m2/repository/com/github/almasb/fxgl/17.1/fxgl-17.1.jar!/fxglassets/ui/fonts/TerminalLandMono-Regular.otf
15:45:15.728 [JavaFX Application Thread] DEBUG LoopRunner           - Starting loop
15:45:15.745 [JavaFX Application Thread] DEBUG LoopRunner           - Initializing JavaFX AnimationTimerLoop
15:45:15.746 [JavaFX Application Thread] DEBUG GameApplicationServi - Starting new game
15:45:15.747 [JavaFX Application Thread] DEBUG Input                - Clearing active input actions
15:45:15.754 [FXGL Background Thread 4 ] DEBUG FXGLAssetLoaderServi - Loading from file system: jar:file:/C:/Users/karos/.m2/repository/com/github/almasb/fxgl/17.1/fxgl-17.1.jar!/fxglassets/ui/fonts/Courier-Prime.ttf
15:45:15.757 [JavaFX Application Thread] DEBUG GameApplicationServi - Removing overlay from FXGLStartupScene and adding to FXGLLoadingScene
15:45:15.763 [JavaFX Application Thread] DEBUG PrimaryStageWindow   - FXGLStartupScene -> FXGLLoadingScene
15:45:15.763 [JavaFX Application Thread] DEBUG GameApplicationServi - Clearing previous game
15:45:15.763 [JavaFX Application Thread] DEBUG GameScene            - Clearing game scene
15:45:15.763 [JavaFX Application Thread] DEBUG GameWorld            - Clearing game world
15:45:15.763 [JavaFX Application Thread] DEBUG PhysicsWorld         - Clearing physics world
15:45:15.765 [FXGL Background Thread 4 ] DEBUG FXGLApplication      - Initializing game
15:45:15.772 [FXGL Background Thread 4 ] DEBUG FXGLAssetLoaderServi - Loading from file system: file:/C:/Users/karos/IdeaProjects/HS-Leiden-Kombat/target/classes/assets/textures/Background7.jpeg
15:45:15.839 [FXGL Background Thread 4 ] DEBUG FXGLAssetLoaderServi - Loading from file system: file:/C:/Users/karos/IdeaProjects/HS-Leiden-Kombat/target/classes/assets/textures/spritesheet.png
15:45:15.847 [FXGL Background Thread 4 ] DEBUG FXGLAssetLoaderServi - Loading from file system: file:/C:/Users/karos/IdeaProjects/HS-Leiden-Kombat/target/classes/assets/textures/spritesheet-lopen.png
15:45:15.852 [FXGL Background Thread 4 ] DEBUG FXGLAssetLoaderServi - Loading from file system: file:/C:/Users/karos/IdeaProjects/HS-Leiden-Kombat/target/classes/assets/textures/punch.png
15:45:15.885 [FXGL Background Thread 4 ] DEBUG Input                - Registered new binding: Move Left - A
15:45:15.885 [FXGL Background Thread 4 ] DEBUG Input                - Registered new binding: Move Right - D
15:45:15.885 [FXGL Background Thread 4 ] DEBUG Input                - Registered new binding: Move Up - W
15:45:15.885 [FXGL Background Thread 4 ] DEBUG Input                - Registered new binding: Duck - S
15:45:15.885 [FXGL Background Thread 4 ] DEBUG Input                - Registered new binding: Move Left 2 - Left
15:45:15.886 [FXGL Background Thread 4 ] DEBUG Input                - Registered new binding: Move Right 2 - Right
15:45:15.886 [FXGL Background Thread 4 ] DEBUG Input                - Registered new binding: Move Up 2 - Up
15:45:15.886 [FXGL Background Thread 4 ] DEBUG Input                - Registered new binding: Duck2 - Down
15:45:15.886 [FXGL Background Thread 4 ] DEBUG Input                - Registered new binding: Punch - F
15:45:15.887 [FXGL Background Thread 4 ] INFO  FXGLApplication      - Game initialization took: 0.121 sec
15:45:15.984 [JavaFX Application Thread] DEBUG FXGLApplication      - Registering font factories with UI factory
15:45:15.993 [FXGL Background Thread 2 ] INFO  UpdaterService       - Your current version:  17.1
15:45:15.993 [FXGL Background Thread 2 ] INFO  UpdaterService       - Latest stable version: 17.3
15:45:16.001 [JavaFX Application Thread] DEBUG Input                - Clearing active input actions
15:45:16.017 [JavaFX Application Thread] DEBUG GameApplicationServi - Removing overlay from FXGLLoadingScene and adding to GameScene
15:45:16.021 [JavaFX Application Thread] DEBUG PrimaryStageWindow   - FXGLLoadingScene -> GameScene
15:45:18.661 [FXGL Background Thread 3 ] DEBUG Engine               - Logging environment variables
15:45:18.663 [FXGL Background Thread 3 ] DEBUG Engine               - achievements: []
15:45:18.664 [FXGL Background Thread 3 ] DEBUG Engine               - actualHeight: 720.0
15:45:18.665 [FXGL Background Thread 3 ] DEBUG Engine               - actualHeightProperty: ReadOnlyDoubleProperty [value: 720.0]
15:45:18.666 [FXGL Background Thread 3 ] DEBUG Engine               - actualWidth: 1280.0
15:45:18.667 [FXGL Background Thread 3 ] DEBUG Engine               - actualWidthProperty: ReadOnlyDoubleProperty [value: 1280.0]
15:45:18.667 [FXGL Background Thread 3 ] DEBUG Engine               - appIcon: fxgl_icon.png
15:45:18.667 [FXGL Background Thread 3 ] DEBUG Engine               - applicationMode: DEVELOPER
15:45:18.669 [FXGL Background Thread 3 ] DEBUG Engine               - cSSList: [fxgl_dark.css]
15:45:18.670 [FXGL Background Thread 3 ] DEBUG Engine               - collisionDetectionStrategy: BRUTE_FORCE
15:45:18.670 [FXGL Background Thread 3 ] DEBUG Engine               - configClass: Optional.empty
15:45:18.670 [FXGL Background Thread 3 ] DEBUG Engine               - credits: []
15:45:18.671 [FXGL Background Thread 3 ] DEBUG Engine               - defaultCursor: CursorInfo(imageName=fxgl_default_cursor.png, hotspotX=7.0, hotspotY=6.0)
15:45:18.672 [FXGL Background Thread 3 ] DEBUG Engine               - devBBoxColorProperty: ObjectProperty [value: 0xff0000ff]
15:45:18.673 [FXGL Background Thread 3 ] DEBUG Engine               - devEnableDebugCameraProperty: BooleanProperty [value: false]
15:45:18.673 [FXGL Background Thread 3 ] DEBUG Engine               - devSensorColorProperty: ObjectProperty [value: 0xffff00ff]
15:45:18.673 [FXGL Background Thread 3 ] DEBUG Engine               - devShowBBoxProperty: BooleanProperty [value: false]
15:45:18.674 [FXGL Background Thread 3 ] DEBUG Engine               - devShowPositionProperty: BooleanProperty [value: false]
15:45:18.674 [FXGL Background Thread 3 ] DEBUG Engine               - enabledMenuItems: []
15:45:18.674 [FXGL Background Thread 3 ] DEBUG Engine               - engineServices: [class com.almasb.fxgl.app.services.FXGLAssetLoaderService, class com.almasb.fxgl.app.FXGLApplication$GameApplicationService, class com.almasb.fxgl.app.services.FXGLDialogService, class com.almasb.fxgl.app.services.IOTaskExecutorService, class com.almasb.fxgl.io.FileSystemService, class com.almasb.fxgl.localization.LocalizationService, class com.almasb.fxgl.app.services.SystemBundleService, class com.almasb.fxgl.profile.SaveLoadService, class com.almasb.fxgl.ui.FXGLUIFactoryServiceProvider, class com.almasb.fxgl.ui.FXGLDialogFactoryServiceProvider, class com.almasb.fxgl.audio.AudioPlayer, class com.almasb.fxgl.notification.impl.NotificationServiceProvider, class com.almasb.fxgl.achievement.AchievementService, class com.almasb.fxgl.cutscene.CutsceneService, class com.almasb.fxgl.minigames.MiniGameService, class com.almasb.fxgl.net.NetService, class com.almasb.fxgl.app.services.UpdaterService, class com.almasb.fxgl.dev.DevService]
15:45:18.674 [FXGL Background Thread 3 ] DEBUG Engine               - fontGame: Abel-Regular.ttf
15:45:18.674 [FXGL Background Thread 3 ] DEBUG Engine               - fontMono: TerminalLandMono-Regular.otf
15:45:18.674 [FXGL Background Thread 3 ] DEBUG Engine               - fontText: Courier-Prime.ttf
15:45:18.674 [FXGL Background Thread 3 ] DEBUG Engine               - fontUI: VarelaRound-Regular.ttf
15:45:18.674 [FXGL Background Thread 3 ] DEBUG Engine               - fullScreen: BooleanProperty [value: true]
15:45:18.676 [FXGL Background Thread 3 ] DEBUG Engine               - gameDifficulty: MEDIUM
15:45:18.676 [FXGL Background Thread 3 ] DEBUG Engine               - gameDifficultyProperty: ObjectProperty [value: MEDIUM]
15:45:18.676 [FXGL Background Thread 3 ] DEBUG Engine               - globalMusicVolume: 0.5
15:45:18.676 [FXGL Background Thread 3 ] DEBUG Engine               - globalMusicVolumeProperty: DoubleProperty [value: 0.5]
15:45:18.677 [FXGL Background Thread 3 ] DEBUG Engine               - globalSoundVolume: 0.5
15:45:18.677 [FXGL Background Thread 3 ] DEBUG Engine               - globalSoundVolumeProperty: DoubleProperty [value: 0.5]
15:45:18.677 [FXGL Background Thread 3 ] DEBUG Engine               - height: 600
15:45:18.677 [FXGL Background Thread 3 ] DEBUG Engine               - is3D: false
15:45:18.677 [FXGL Background Thread 3 ] DEBUG Engine               - isAndroid: false
15:45:18.677 [FXGL Background Thread 3 ] DEBUG Engine               - isBrowser: false
15:45:18.678 [FXGL Background Thread 3 ] DEBUG Engine               - isClickFeedbackEnabled: false
15:45:18.678 [FXGL Background Thread 3 ] DEBUG Engine               - isCloseConfirmation: false
15:45:18.678 [FXGL Background Thread 3 ] DEBUG Engine               - isDesktop: true
15:45:18.678 [FXGL Background Thread 3 ] DEBUG Engine               - isDeveloperMenuEnabled: true
15:45:18.678 [FXGL Background Thread 3 ] DEBUG Engine               - isEmbedded: false
15:45:18.678 [FXGL Background Thread 3 ] DEBUG Engine               - isEntityPreloadEnabled: true
15:45:18.678 [FXGL Background Thread 3 ] DEBUG Engine               - isExperimentalTiledLargeMap: false
15:45:18.678 [FXGL Background Thread 3 ] DEBUG Engine               - isFileSystemWriteAllowed: true
15:45:18.678 [FXGL Background Thread 3 ] DEBUG Engine               - isFullScreenAllowed: true
15:45:18.679 [FXGL Background Thread 3 ] DEBUG Engine               - isFullScreenFromStart: true
15:45:18.679 [FXGL Background Thread 3 ] DEBUG Engine               - isGameMenuEnabled: true
15:45:18.679 [FXGL Background Thread 3 ] DEBUG Engine               - isIOS: false
15:45:18.679 [FXGL Background Thread 3 ] DEBUG Engine               - isIntroEnabled: false
15:45:18.679 [FXGL Background Thread 3 ] DEBUG Engine               - isLinux: false
15:45:18.679 [FXGL Background Thread 3 ] DEBUG Engine               - isMac: false
15:45:18.679 [FXGL Background Thread 3 ] DEBUG Engine               - isMainMenuEnabled: false
15:45:18.680 [FXGL Background Thread 3 ] DEBUG Engine               - isManualResizeEnabled: false
15:45:18.680 [FXGL Background Thread 3 ] DEBUG Engine               - isMobile: false
15:45:18.680 [FXGL Background Thread 3 ] DEBUG Engine               - isNative: false
15:45:18.680 [FXGL Background Thread 3 ] DEBUG Engine               - isPauseMusicWhenMinimized: true
15:45:18.680 [FXGL Background Thread 3 ] DEBUG Engine               - isPreserveResizeRatio: false
15:45:18.680 [FXGL Background Thread 3 ] DEBUG Engine               - isProfilingEnabled: false
15:45:18.681 [FXGL Background Thread 3 ] DEBUG Engine               - isScaleAffectedOnResize: true
15:45:18.681 [FXGL Background Thread 3 ] DEBUG Engine               - isSingleStep: false
15:45:18.681 [FXGL Background Thread 3 ] DEBUG Engine               - isUserProfileEnabled: false
15:45:18.681 [FXGL Background Thread 3 ] DEBUG Engine               - isWindows: true
15:45:18.681 [FXGL Background Thread 3 ] DEBUG Engine               - language: ObjectProperty [value: ENGLISH]
15:45:18.682 [FXGL Background Thread 3 ] DEBUG Engine               - menuKey: ESCAPE
15:45:18.682 [FXGL Background Thread 3 ] DEBUG Engine               - mouseSensitivity: 0.2
15:45:18.682 [FXGL Background Thread 3 ] DEBUG Engine               - notificationViewClass: class com.almasb.fxgl.notification.view.XboxNotificationView
15:45:18.682 [FXGL Background Thread 3 ] DEBUG Engine               - pixelsPerMeter: 50.0
15:45:18.682 [FXGL Background Thread 3 ] DEBUG Engine               - platform: WINDOWS
15:45:18.683 [FXGL Background Thread 3 ] DEBUG Engine               - prefHeightProperty: ReadOnlyDoubleProperty [value: 600.0]
15:45:18.683 [FXGL Background Thread 3 ] DEBUG Engine               - prefWidthProperty: ReadOnlyDoubleProperty [value: 800.0]
15:45:18.683 [FXGL Background Thread 3 ] DEBUG Engine               - profileDir: profiles/
15:45:18.683 [FXGL Background Thread 3 ] DEBUG Engine               - profileName: StringProperty [value: DEFAULT]
15:45:18.683 [FXGL Background Thread 3 ] DEBUG Engine               - randomSeed: -1
15:45:18.684 [FXGL Background Thread 3 ] DEBUG Engine               - runtimeInfo: RuntimeInfo(platform=WINDOWS, version=17.1, build=24.03.2022 17.34)
15:45:18.684 [FXGL Background Thread 3 ] DEBUG Engine               - saveFileExt: sav
15:45:18.684 [FXGL Background Thread 3 ] DEBUG Engine               - scaledHeightProp$fxgl: DoubleProperty [bound, value: 720.0]
15:45:18.684 [FXGL Background Thread 3 ] DEBUG Engine               - scaledWidthProp$fxgl: DoubleProperty [bound, value: 1280.0]
15:45:18.686 [FXGL Background Thread 3 ] DEBUG Engine               - sceneFactory: com.almasb.fxgl.app.scene.SceneFactory@4a247dbd
15:45:18.686 [FXGL Background Thread 3 ] DEBUG Engine               - secondsIn24h: 60
15:45:18.686 [FXGL Background Thread 3 ] DEBUG Engine               - soundMenuBack: menu/back.wav
15:45:18.686 [FXGL Background Thread 3 ] DEBUG Engine               - soundMenuPress: menu/press.wav
15:45:18.687 [FXGL Background Thread 3 ] DEBUG Engine               - soundMenuSelect: menu/select.wav
15:45:18.687 [FXGL Background Thread 3 ] DEBUG Engine               - soundNotification: core/notification.wav
15:45:18.687 [FXGL Background Thread 3 ] DEBUG Engine               - stageStyle: DECORATED
15:45:18.687 [FXGL Background Thread 3 ] DEBUG Engine               - supportedLanguages: [ENGLISH, FRENCH, GERMAN, HUNGARIAN, RUSSIAN]
15:45:18.687 [FXGL Background Thread 3 ] DEBUG Engine               - ticksPerSecond: -1
15:45:18.688 [FXGL Background Thread 3 ] DEBUG Engine               - title: Hsleiden Kombat
15:45:18.688 [FXGL Background Thread 3 ] DEBUG Engine               - urlGithub: https://github.com/AlmasB/FXGL
15:45:18.688 [FXGL Background Thread 3 ] DEBUG Engine               - urlLeaderboard: http://fxgl-top.herokuapp.com/
15:45:18.688 [FXGL Background Thread 3 ] DEBUG Engine               - urlPOM: https://raw.githubusercontent.com/AlmasB/FXGL/release/README.md
15:45:18.688 [FXGL Background Thread 3 ] DEBUG Engine               - userAppClass: class com.hsleidenKombat.Game
15:45:18.688 [FXGL Background Thread 3 ] DEBUG Engine               - version: 0.0
15:45:18.689 [FXGL Background Thread 3 ] DEBUG Engine               - versionCheckDays: 7
15:45:18.689 [FXGL Background Thread 3 ] DEBUG Engine               - width: 800
15:45:18.689 [FXGL Background Thread 3 ] DEBUG Engine               - Logging services
15:45:18.689 [FXGL Background Thread 3 ] DEBUG Engine               - class com.almasb.fxgl.app.services.FXGLAssetLoaderService
15:45:18.689 [FXGL Background Thread 3 ] DEBUG Engine               - class com.almasb.fxgl.app.FXGLApplication$GameApplicationService
15:45:18.689 [FXGL Background Thread 3 ] DEBUG Engine               - class com.almasb.fxgl.app.services.FXGLDialogService
15:45:18.690 [FXGL Background Thread 3 ] DEBUG Engine               - class com.almasb.fxgl.app.services.IOTaskExecutorService
15:45:18.690 [FXGL Background Thread 3 ] DEBUG Engine               - class com.almasb.fxgl.io.FileSystemService
15:45:18.690 [FXGL Background Thread 3 ] DEBUG Engine               - class com.almasb.fxgl.localization.LocalizationService
15:45:18.690 [FXGL Background Thread 3 ] DEBUG Engine               - class com.almasb.fxgl.app.services.SystemBundleService
15:45:18.690 [FXGL Background Thread 3 ] DEBUG Engine               - class com.almasb.fxgl.profile.SaveLoadService
15:45:18.690 [FXGL Background Thread 3 ] DEBUG Engine               - class com.almasb.fxgl.ui.FXGLUIFactoryServiceProvider
15:45:18.690 [FXGL Background Thread 3 ] DEBUG Engine               - class com.almasb.fxgl.ui.FXGLDialogFactoryServiceProvider
15:45:18.690 [FXGL Background Thread 3 ] DEBUG Engine               - class com.almasb.fxgl.audio.AudioPlayer
15:45:18.690 [FXGL Background Thread 3 ] DEBUG Engine               - class com.almasb.fxgl.notification.impl.NotificationServiceProvider
15:45:18.691 [FXGL Background Thread 3 ] DEBUG Engine               - class com.almasb.fxgl.achievement.AchievementService
15:45:18.691 [FXGL Background Thread 3 ] DEBUG Engine               - class com.almasb.fxgl.cutscene.CutsceneService
15:45:18.691 [FXGL Background Thread 3 ] DEBUG Engine               - class com.almasb.fxgl.minigames.MiniGameService
15:45:18.691 [FXGL Background Thread 3 ] DEBUG Engine               - class com.almasb.fxgl.net.NetService
15:45:18.691 [FXGL Background Thread 3 ] DEBUG Engine               - class com.almasb.fxgl.app.services.UpdaterService
15:45:18.691 [FXGL Background Thread 3 ] DEBUG Engine               - class com.almasb.fxgl.dev.DevService
15:45:44.024 [JavaFX Application Thread] DEBUG PrimaryStageWindow   - Push state: FXGLDefaultMenu
15:45:44.029 [JavaFX Application Thread] DEBUG Input                - Clearing active input actions
15:45:44.032 [JavaFX Application Thread] DEBUG GameApplicationServi - Removing overlay from GameScene and adding to FXGLDefaultMenu
15:45:44.038 [JavaFX Application Thread] DEBUG PrimaryStageWindow   - GameScene -> FXGLDefaultMenu
15:45:45.116 [JavaFX Application Thread] DEBUG Menu                 - fireExit()
15:45:45.119 [JavaFX Application Thread] DEBUG PrimaryStageWindow   - Push state: DialogSubScene
15:45:45.119 [JavaFX Application Thread] DEBUG Input                - Clearing active input actions
15:45:45.120 [JavaFX Application Thread] DEBUG GameApplicationServi - Removing overlay from FXGLDefaultMenu and adding to DialogSubScene
15:45:45.121 [JavaFX Application Thread] DEBUG PrimaryStageWindow   - FXGLDefaultMenu -> DialogSubScene
15:45:45.832 [JavaFX Application Thread] DEBUG PrimaryStageWindow   - Pop state: DialogSubScene
15:45:45.832 [JavaFX Application Thread] DEBUG Input                - Clearing active input actions
15:45:45.834 [JavaFX Application Thread] DEBUG GameApplicationServi - Removing overlay from DialogSubScene and adding to FXGLDefaultMenu
15:45:45.836 [JavaFX Application Thread] DEBUG PrimaryStageWindow   - FXGLDefaultMenu <- DialogSubScene
15:45:45.836 [JavaFX Application Thread] DEBUG FXGLApplication      - Exiting FXGL
15:45:45.836 [JavaFX Application Thread] DEBUG LoopRunner           - Stopping loop
15:45:45.837 [JavaFX Application Thread] DEBUG SystemBundleService  - Saving FXGL system data
15:45:45.842 [JavaFX Application Thread] DEBUG FileSystemAccess     - Writing to: C:\Users\karos\IdeaProjects\HS-Leiden-Kombat\system\fxgl.bundle
15:45:45.846 [JavaFX Application Thread] DEBUG Async                - Shutting down background threads
15:45:45.846 [JavaFX Application Thread] DEBUG PrimaryStageWindow   - Closing main window
15:45:45.886 [JavaFX Application Thread] DEBUG Logger               - Closing Logger
