14:22:33.891 [main                     ] DEBUG Logger               - Configured Logger
14:22:33.906 [main                     ] DEBUG GameApplication      - Logging settings
Title: Hsleiden Kombat
Version: 0.0
Width: 800
Height: 600
Fullscreen: true
Intro: false
Profiling: false
Single step:false
App Mode: DEVELOPER
Menu Key: ESCAPE
Stage Style: DECORATED
Scene Factory: class com.almasb.fxgl.app.scene.SceneFactory

14:22:34.057 [JavaFX Application Thread] DEBUG FXGLApplication      - Initializing FXGL
14:22:34.061 [JavaFX Application Thread] INFO  Engine               - FXGL-17.1 (24.03.2022 17.34) on WINDOWS (J:19.0.1 FX:19-ea)
14:22:34.061 [JavaFX Application Thread] DEBUG Engine               - JRE Vendor Name: Oracle Corporation
14:22:34.061 [JavaFX Application Thread] DEBUG Engine               - Running on OS: Windows 10 version 10.0
14:22:34.062 [JavaFX Application Thread] DEBUG Engine               - Architecture: amd64
14:22:34.062 [JavaFX Application Thread] INFO  Engine               - Source code and latest versions at: https://github.com/AlmasB/FXGL
14:22:34.062 [JavaFX Application Thread] INFO  Engine               -       Ask questions and discuss at: https://github.com/AlmasB/FXGL/discussions
14:22:34.062 [JavaFX Application Thread] INFO  Engine               -              Join the FXGL chat at: https://gitter.im/AlmasB/FXGL
14:22:34.145 [JavaFX Application Thread] DEBUG PrimaryStageWindow   - Creating a JavaFX scene
14:22:34.186 [JavaFX Application Thread] DEBUG PrimaryStageWindow   - Target settings size: 800.0 x 600.0
14:22:34.186 [JavaFX Application Thread] DEBUG PrimaryStageWindow   - Scaled scene size:    800.0 x 600.0
14:22:34.187 [JavaFX Application Thread] DEBUG PrimaryStageWindow   - Scaled ratio: (1.0, 1.0)
14:22:34.188 [JavaFX Application Thread] DEBUG PrimaryStageWindow   - Set initial scene to FXGLStartupScene
14:22:34.198 [JavaFX Application Thread] DEBUG PrimaryStageWindow   - Opening main window
14:22:34.277 [JavaFX Application Thread] DEBUG PrimaryStageWindow   - Window border size: (14.4000244140625, 37.5999755859375)
14:22:34.277 [JavaFX Application Thread] DEBUG PrimaryStageWindow   - Scaled size: 800.0 x 600.0
14:22:34.278 [JavaFX Application Thread] DEBUG PrimaryStageWindow   - Scaled ratio: (1.0, 1.0)
14:22:34.278 [JavaFX Application Thread] DEBUG PrimaryStageWindow   - Scene size: 800.0 x 600.0
14:22:34.278 [JavaFX Application Thread] DEBUG PrimaryStageWindow   - Stage size: 814.4000244140625 x 637.5999755859375
14:22:34.311 [JavaFX Application Thread] DEBUG PrimaryStageWindow   - Going fullscreen
14:22:34.317 [FXGL Background Thread 1 ] DEBUG Engine               - Initializing environment variables
14:22:34.363 [FXGL Background Thread 1 ] DEBUG FXGLAssetLoaderServi - User app class for loading assets: class com.hsleidenKombat.Game
14:22:34.363 [FXGL Background Thread 1 ] DEBUG GameApplicationServi - Applying CSS: fxgl_dark.css
14:22:34.364 [FXGL Background Thread 1 ] DEBUG FXGLAssetLoaderServi - Loading from file system: jar:file:/C:/Users/Hicham/.m2/repository/com/github/almasb/fxgl/17.1/fxgl-17.1.jar!/fxglassets/ui/css/fxgl_dark.css
14:22:34.402 [FXGL Background Thread 1 ] DEBUG GameApplicationServi - Initializing application scenes
14:22:34.434 [FXGL Background Thread 1 ] DEBUG GameWorld            - Game world initialized
14:22:34.493 [FXGL Background Thread 1 ] DEBUG PhysicsWorld         - Physics world initialized: appHeight=600, physics.ppm=50,0
14:22:34.494 [FXGL Background Thread 1 ] DEBUG PhysicsWorld         - Using strategy: BRUTE_FORCE
14:22:34.497 [FXGL Background Thread 1 ] DEBUG GameScene            - Game scene initialized: 800x600
14:22:34.506 [FXGL Background Thread 1 ] DEBUG FXGL.DefaultMenu     - createMenuBodyGameMenu()
14:22:34.519 [FXGL Background Thread 1 ] DEBUG FXGL.DefaultMenu     - createOptionsMenu()
14:22:34.527 [FXGL Background Thread 1 ] DEBUG FXGLAssetLoaderServi - Loading from file system: jar:file:/C:/Users/Hicham/.m2/repository/com/github/almasb/fxgl/17.1/fxgl-17.1.jar!/fxglassets/textures/particles/smoke.png
14:22:34.617 [FXGL Background Thread 1 ] DEBUG FXGLAssetLoaderServi - Loading from file system: jar:file:/C:/Users/Hicham/.m2/repository/com/github/almasb/fxgl/17.1/fxgl-17.1.jar!/fxglassets/textures/particles/trace_horizontal.png
14:22:34.643 [FXGL Background Thread 1 ] DEBUG GameApplicationServi - Application scenes initialized
14:22:34.654 [FXGL Background Thread 1 ] DEBUG SystemBundleService  - Loading FXGL system data
14:22:34.658 [FXGL Background Thread 1 ] DEBUG FileSystemAccess     - Reading from: C:\Users\Hicham\IdeaProjects\Challengeweek2\system\fxgl.bundle
14:22:34.668 [FXGL Background Thread 1 ] DEBUG SystemBundleService  - Bundle FXGL: {}
14:22:34.668 [FXGL Background Thread 1 ] DEBUG UpdaterService       - Checking for updates
14:22:34.693 [FXGL Background Thread 4 ] DEBUG FXGLApplication      - Loading fonts
14:22:34.694 [FXGL Background Thread 1 ] DEBUG FXGLApplication      - Loading default localization
14:22:34.694 [FXGL Background Thread 4 ] DEBUG FXGLAssetLoaderServi - Loading from file system: jar:file:/C:/Users/Hicham/.m2/repository/com/github/almasb/fxgl/17.1/fxgl-17.1.jar!/fxglassets/ui/fonts/VarelaRound-Regular.ttf
14:22:34.694 [FXGL Background Thread 1 ] DEBUG FXGLAssetLoaderServi - Loading from file system: jar:file:/C:/Users/Hicham/.m2/repository/com/github/almasb/fxgl/17.1/fxgl-17.1.jar!/fxglassets/languages/english.lang
14:22:34.725 [FXGL Background Thread 1 ] INFO  FXGLApplication      - FXGL initialization took: 0,407 sec
14:22:34.726 [JavaFX Application Thread] DEBUG FXGLAssetLoaderServi - Loading from file system: jar:file:/C:/Users/Hicham/.m2/repository/com/github/almasb/fxgl/17.1/fxgl-17.1.jar!/fxglassets/textures/fxgl_icon.png
14:22:34.746 [FXGL Background Thread 4 ] DEBUG FXGLAssetLoaderServi - Loading from file system: jar:file:/C:/Users/Hicham/.m2/repository/com/github/almasb/fxgl/17.1/fxgl-17.1.jar!/fxglassets/ui/fonts/Abel-Regular.ttf
14:22:34.749 [FXGL Background Thread 4 ] DEBUG FXGLAssetLoaderServi - Loading from file system: jar:file:/C:/Users/Hicham/.m2/repository/com/github/almasb/fxgl/17.1/fxgl-17.1.jar!/fxglassets/ui/fonts/TerminalLandMono-Regular.otf
14:22:34.752 [FXGL Background Thread 4 ] DEBUG FXGLAssetLoaderServi - Loading from file system: jar:file:/C:/Users/Hicham/.m2/repository/com/github/almasb/fxgl/17.1/fxgl-17.1.jar!/fxglassets/ui/fonts/Courier-Prime.ttf
14:22:34.764 [JavaFX Application Thread] DEBUG Input                - Registered new binding: Screenshot - CTRL+8
14:22:34.764 [JavaFX Application Thread] DEBUG Input                - Registered new binding: Dev Options - 1
14:22:34.765 [JavaFX Application Thread] DEBUG Input                - Registered new binding: Dev Console - 2
14:22:34.765 [JavaFX Application Thread] DEBUG Input                - Registered new binding: System info dump - CTRL+9
14:22:34.765 [JavaFX Application Thread] DEBUG Input                - Registered new binding: Restart - CTRL+R
14:22:34.766 [JavaFX Application Thread] DEBUG Input                - Registered new binding: Toggle Debug Camera - CTRL+7
14:22:34.769 [JavaFX Application Thread] DEBUG LoopRunner           - Starting loop
14:22:34.785 [JavaFX Application Thread] DEBUG LoopRunner           - Initializing JavaFX AnimationTimerLoop
14:22:34.786 [JavaFX Application Thread] DEBUG GameApplicationServi - Starting new game
14:22:34.787 [JavaFX Application Thread] DEBUG Input                - Clearing active input actions
14:22:34.796 [JavaFX Application Thread] DEBUG GameApplicationServi - Removing overlay from FXGLStartupScene and adding to FXGLLoadingScene
14:22:34.799 [JavaFX Application Thread] DEBUG PrimaryStageWindow   - FXGLStartupScene -> FXGLLoadingScene
14:22:34.799 [JavaFX Application Thread] DEBUG GameApplicationServi - Clearing previous game
14:22:34.799 [JavaFX Application Thread] DEBUG GameScene            - Clearing game scene
14:22:34.799 [JavaFX Application Thread] DEBUG GameWorld            - Clearing game world
14:22:34.799 [JavaFX Application Thread] DEBUG PhysicsWorld         - Clearing physics world
14:22:34.801 [JavaFX Application Thread] DEBUG FXGLApplication      - Registering font factories with UI factory
14:22:34.801 [FXGL Background Thread 4 ] DEBUG FXGLApplication      - Initializing game
14:22:34.810 [FXGL Background Thread 4 ] DEBUG FXGLAssetLoaderServi - Loading from file system: file:/C:/Users/Hicham/IdeaProjects/Challengeweek2/target/classes/assets/textures/login.jpeg
14:22:34.855 [FXGL Background Thread 4 ] DEBUG Input                - Registered new binding: Move Left - A
14:22:34.856 [FXGL Background Thread 4 ] DEBUG Input                - Registered new binding: Move Right - D
14:22:34.856 [FXGL Background Thread 4 ] DEBUG Input                - Registered new binding: Move Up - W
14:22:34.856 [FXGL Background Thread 4 ] DEBUG Input                - Registered new binding: Duck - S
14:22:34.856 [FXGL Background Thread 4 ] DEBUG Input                - Registered new binding: Move Left 2 - Left
14:22:34.857 [FXGL Background Thread 4 ] DEBUG Input                - Registered new binding: Move Right 2 - Right
14:22:34.857 [FXGL Background Thread 4 ] DEBUG Input                - Registered new binding: Move Up 2 - Up
14:22:34.857 [FXGL Background Thread 4 ] DEBUG Input                - Registered new binding: Duck2 - Down
14:22:34.857 [FXGL Background Thread 4 ] DEBUG Input                - Registered new binding: Punch - F
14:22:34.857 [FXGL Background Thread 4 ] DEBUG Input                - Registered new binding: Punch2 - Numpad 0
14:22:34.859 [FXGL Background Thread 4 ] INFO  FXGLApplication      - Game initialization took: 0,059 sec
14:22:34.968 [JavaFX Application Thread] DEBUG Input                - Clearing active input actions
14:22:34.970 [FXGL Background Thread 2 ] INFO  UpdaterService       - Your current version:  17.1
14:22:34.971 [FXGL Background Thread 2 ] INFO  UpdaterService       - Latest stable version: 17.3
14:22:34.978 [JavaFX Application Thread] DEBUG GameApplicationServi - Removing overlay from FXGLLoadingScene and adding to GameScene
14:22:34.980 [JavaFX Application Thread] DEBUG PrimaryStageWindow   - FXGLLoadingScene -> GameScene
14:22:37.391 [JavaFX Application Thread] DEBUG FXGLAssetLoaderServi - Loading from file system: file:/C:/Users/Hicham/IdeaProjects/Challengeweek2/target/classes/assets/textures/spritesheet.png
14:22:37.404 [JavaFX Application Thread] DEBUG FXGLAssetLoaderServi - Loading from file system: file:/C:/Users/Hicham/IdeaProjects/Challengeweek2/target/classes/assets/textures/spritesheet-lopen.png
14:22:37.406 [JavaFX Application Thread] DEBUG FXGLAssetLoaderServi - Loading from file system: file:/C:/Users/Hicham/IdeaProjects/Challengeweek2/target/classes/assets/textures/punch.png
14:22:37.424 [JavaFX Application Thread] DEBUG FXGLAssetLoaderServi - Loading from file system: file:/C:/Users/Hicham/IdeaProjects/Challengeweek2/target/classes/assets/textures/background-1.jpeg
14:22:37.692 [FXGL Background Thread 3 ] DEBUG Engine               - Logging environment variables
14:22:37.693 [FXGL Background Thread 3 ] DEBUG Engine               - achievements: []
14:22:37.693 [FXGL Background Thread 3 ] DEBUG Engine               - actualHeight: 864.0
14:22:37.693 [FXGL Background Thread 3 ] DEBUG Engine               - actualHeightProperty: ReadOnlyDoubleProperty [value: 864.0]
14:22:37.694 [FXGL Background Thread 3 ] DEBUG Engine               - actualWidth: 1536.0
14:22:37.694 [FXGL Background Thread 3 ] DEBUG Engine               - actualWidthProperty: ReadOnlyDoubleProperty [value: 1536.0]
14:22:37.694 [FXGL Background Thread 3 ] DEBUG Engine               - appIcon: fxgl_icon.png
14:22:37.694 [FXGL Background Thread 3 ] DEBUG Engine               - applicationMode: DEVELOPER
14:22:37.694 [FXGL Background Thread 3 ] DEBUG Engine               - cSSList: [fxgl_dark.css]
14:22:37.694 [FXGL Background Thread 3 ] DEBUG Engine               - collisionDetectionStrategy: BRUTE_FORCE
14:22:37.695 [FXGL Background Thread 3 ] DEBUG Engine               - configClass: Optional.empty
14:22:37.695 [FXGL Background Thread 3 ] DEBUG Engine               - credits: []
14:22:37.695 [FXGL Background Thread 3 ] DEBUG Engine               - defaultCursor: CursorInfo(imageName=fxgl_default_cursor.png, hotspotX=7.0, hotspotY=6.0)
14:22:37.695 [FXGL Background Thread 3 ] DEBUG Engine               - devBBoxColorProperty: ObjectProperty [value: 0xff0000ff]
14:22:37.695 [FXGL Background Thread 3 ] DEBUG Engine               - devEnableDebugCameraProperty: BooleanProperty [value: false]
14:22:37.696 [FXGL Background Thread 3 ] DEBUG Engine               - devSensorColorProperty: ObjectProperty [value: 0xffff00ff]
14:22:37.696 [FXGL Background Thread 3 ] DEBUG Engine               - devShowBBoxProperty: BooleanProperty [value: false]
14:22:37.696 [FXGL Background Thread 3 ] DEBUG Engine               - devShowPositionProperty: BooleanProperty [value: false]
14:22:37.696 [FXGL Background Thread 3 ] DEBUG Engine               - enabledMenuItems: []
14:22:37.696 [FXGL Background Thread 3 ] DEBUG Engine               - engineServices: [class com.almasb.fxgl.app.services.FXGLAssetLoaderService, class com.almasb.fxgl.app.FXGLApplication$GameApplicationService, class com.almasb.fxgl.app.services.FXGLDialogService, class com.almasb.fxgl.app.services.IOTaskExecutorService, class com.almasb.fxgl.io.FileSystemService, class com.almasb.fxgl.localization.LocalizationService, class com.almasb.fxgl.app.services.SystemBundleService, class com.almasb.fxgl.profile.SaveLoadService, class com.almasb.fxgl.ui.FXGLUIFactoryServiceProvider, class com.almasb.fxgl.ui.FXGLDialogFactoryServiceProvider, class com.almasb.fxgl.audio.AudioPlayer, class com.almasb.fxgl.notification.impl.NotificationServiceProvider, class com.almasb.fxgl.achievement.AchievementService, class com.almasb.fxgl.cutscene.CutsceneService, class com.almasb.fxgl.minigames.MiniGameService, class com.almasb.fxgl.net.NetService, class com.almasb.fxgl.app.services.UpdaterService, class com.almasb.fxgl.dev.DevService]
14:22:37.696 [FXGL Background Thread 3 ] DEBUG Engine               - fontGame: Abel-Regular.ttf
14:22:37.696 [FXGL Background Thread 3 ] DEBUG Engine               - fontMono: TerminalLandMono-Regular.otf
14:22:37.696 [FXGL Background Thread 3 ] DEBUG Engine               - fontText: Courier-Prime.ttf
14:22:37.696 [FXGL Background Thread 3 ] DEBUG Engine               - fontUI: VarelaRound-Regular.ttf
14:22:37.697 [FXGL Background Thread 3 ] DEBUG Engine               - fullScreen: BooleanProperty [value: true]
14:22:37.697 [FXGL Background Thread 3 ] DEBUG Engine               - gameDifficulty: MEDIUM
14:22:37.697 [FXGL Background Thread 3 ] DEBUG Engine               - gameDifficultyProperty: ObjectProperty [value: MEDIUM]
14:22:37.697 [FXGL Background Thread 3 ] DEBUG Engine               - globalMusicVolume: 0.5
14:22:37.697 [FXGL Background Thread 3 ] DEBUG Engine               - globalMusicVolumeProperty: DoubleProperty [value: 0.5]
14:22:37.697 [FXGL Background Thread 3 ] DEBUG Engine               - globalSoundVolume: 0.5
14:22:37.697 [FXGL Background Thread 3 ] DEBUG Engine               - globalSoundVolumeProperty: DoubleProperty [value: 0.5]
14:22:37.697 [FXGL Background Thread 3 ] DEBUG Engine               - height: 600
14:22:37.697 [FXGL Background Thread 3 ] DEBUG Engine               - is3D: false
14:22:37.697 [FXGL Background Thread 3 ] DEBUG Engine               - isAndroid: false
14:22:37.698 [FXGL Background Thread 3 ] DEBUG Engine               - isBrowser: false
14:22:37.698 [FXGL Background Thread 3 ] DEBUG Engine               - isClickFeedbackEnabled: false
14:22:37.698 [FXGL Background Thread 3 ] DEBUG Engine               - isCloseConfirmation: false
14:22:37.698 [FXGL Background Thread 3 ] DEBUG Engine               - isDesktop: true
14:22:37.698 [FXGL Background Thread 3 ] DEBUG Engine               - isDeveloperMenuEnabled: true
14:22:37.698 [FXGL Background Thread 3 ] DEBUG Engine               - isEmbedded: false
14:22:37.698 [FXGL Background Thread 3 ] DEBUG Engine               - isEntityPreloadEnabled: true
14:22:37.698 [FXGL Background Thread 3 ] DEBUG Engine               - isExperimentalTiledLargeMap: false
14:22:37.698 [FXGL Background Thread 3 ] DEBUG Engine               - isFileSystemWriteAllowed: true
14:22:37.698 [FXGL Background Thread 3 ] DEBUG Engine               - isFullScreenAllowed: true
14:22:37.698 [FXGL Background Thread 3 ] DEBUG Engine               - isFullScreenFromStart: true
14:22:37.699 [FXGL Background Thread 3 ] DEBUG Engine               - isGameMenuEnabled: true
14:22:37.699 [FXGL Background Thread 3 ] DEBUG Engine               - isIOS: false
14:22:37.699 [FXGL Background Thread 3 ] DEBUG Engine               - isIntroEnabled: false
14:22:37.699 [FXGL Background Thread 3 ] DEBUG Engine               - isLinux: false
14:22:37.699 [FXGL Background Thread 3 ] DEBUG Engine               - isMac: false
14:22:37.699 [FXGL Background Thread 3 ] DEBUG Engine               - isMainMenuEnabled: false
14:22:37.699 [FXGL Background Thread 3 ] DEBUG Engine               - isManualResizeEnabled: false
14:22:37.699 [FXGL Background Thread 3 ] DEBUG Engine               - isMobile: false
14:22:37.699 [FXGL Background Thread 3 ] DEBUG Engine               - isNative: false
14:22:37.699 [FXGL Background Thread 3 ] DEBUG Engine               - isPauseMusicWhenMinimized: true
14:22:37.699 [FXGL Background Thread 3 ] DEBUG Engine               - isPreserveResizeRatio: false
14:22:37.699 [FXGL Background Thread 3 ] DEBUG Engine               - isProfilingEnabled: false
14:22:37.700 [FXGL Background Thread 3 ] DEBUG Engine               - isScaleAffectedOnResize: true
14:22:37.700 [FXGL Background Thread 3 ] DEBUG Engine               - isSingleStep: false
14:22:37.700 [FXGL Background Thread 3 ] DEBUG Engine               - isUserProfileEnabled: false
14:22:37.700 [FXGL Background Thread 3 ] DEBUG Engine               - isWindows: true
14:22:37.700 [FXGL Background Thread 3 ] DEBUG Engine               - language: ObjectProperty [value: ENGLISH]
14:22:37.700 [FXGL Background Thread 3 ] DEBUG Engine               - menuKey: ESCAPE
14:22:37.700 [FXGL Background Thread 3 ] DEBUG Engine               - mouseSensitivity: 0.2
14:22:37.700 [FXGL Background Thread 3 ] DEBUG Engine               - notificationViewClass: class com.almasb.fxgl.notification.view.XboxNotificationView
14:22:37.700 [FXGL Background Thread 3 ] DEBUG Engine               - pixelsPerMeter: 50.0
14:22:37.700 [FXGL Background Thread 3 ] DEBUG Engine               - platform: WINDOWS
14:22:37.700 [FXGL Background Thread 3 ] DEBUG Engine               - prefHeightProperty: ReadOnlyDoubleProperty [value: 600.0]
14:22:37.700 [FXGL Background Thread 3 ] DEBUG Engine               - prefWidthProperty: ReadOnlyDoubleProperty [value: 800.0]
14:22:37.701 [FXGL Background Thread 3 ] DEBUG Engine               - profileDir: profiles/
14:22:37.701 [FXGL Background Thread 3 ] DEBUG Engine               - profileName: StringProperty [value: DEFAULT]
14:22:37.701 [FXGL Background Thread 3 ] DEBUG Engine               - randomSeed: -1
14:22:37.701 [FXGL Background Thread 3 ] DEBUG Engine               - runtimeInfo: RuntimeInfo(platform=WINDOWS, version=17.1, build=24.03.2022 17.34)
14:22:37.701 [FXGL Background Thread 3 ] DEBUG Engine               - saveFileExt: sav
14:22:37.701 [FXGL Background Thread 3 ] DEBUG Engine               - scaledHeightProp$fxgl: DoubleProperty [bound, value: 864.0]
14:22:37.701 [FXGL Background Thread 3 ] DEBUG Engine               - scaledWidthProp$fxgl: DoubleProperty [bound, value: 1536.0]
14:22:37.701 [FXGL Background Thread 3 ] DEBUG Engine               - sceneFactory: com.almasb.fxgl.app.scene.SceneFactory@2f3f61fa
14:22:37.701 [FXGL Background Thread 3 ] DEBUG Engine               - secondsIn24h: 60
14:22:37.702 [FXGL Background Thread 3 ] DEBUG Engine               - soundMenuBack: menu/back.wav
14:22:37.702 [FXGL Background Thread 3 ] DEBUG Engine               - soundMenuPress: menu/press.wav
14:22:37.702 [FXGL Background Thread 3 ] DEBUG Engine               - soundMenuSelect: menu/select.wav
14:22:37.702 [FXGL Background Thread 3 ] DEBUG Engine               - soundNotification: core/notification.wav
14:22:37.702 [FXGL Background Thread 3 ] DEBUG Engine               - stageStyle: DECORATED
14:22:37.702 [FXGL Background Thread 3 ] DEBUG Engine               - supportedLanguages: [ENGLISH, FRENCH, GERMAN, HUNGARIAN, RUSSIAN]
14:22:37.702 [FXGL Background Thread 3 ] DEBUG Engine               - ticksPerSecond: -1
14:22:37.702 [FXGL Background Thread 3 ] DEBUG Engine               - title: Hsleiden Kombat
14:22:37.702 [FXGL Background Thread 3 ] DEBUG Engine               - urlGithub: https://github.com/AlmasB/FXGL
14:22:37.702 [FXGL Background Thread 3 ] DEBUG Engine               - urlLeaderboard: http://fxgl-top.herokuapp.com/
14:22:37.702 [FXGL Background Thread 3 ] DEBUG Engine               - urlPOM: https://raw.githubusercontent.com/AlmasB/FXGL/release/README.md
14:22:37.702 [FXGL Background Thread 3 ] DEBUG Engine               - userAppClass: class com.hsleidenKombat.Game
14:22:37.702 [FXGL Background Thread 3 ] DEBUG Engine               - version: 0.0
14:22:37.702 [FXGL Background Thread 3 ] DEBUG Engine               - versionCheckDays: 7
14:22:37.702 [FXGL Background Thread 3 ] DEBUG Engine               - width: 800
14:22:37.703 [FXGL Background Thread 3 ] DEBUG Engine               - Logging services
14:22:37.703 [FXGL Background Thread 3 ] DEBUG Engine               - class com.almasb.fxgl.app.services.FXGLAssetLoaderService
14:22:37.703 [FXGL Background Thread 3 ] DEBUG Engine               - class com.almasb.fxgl.app.FXGLApplication$GameApplicationService
14:22:37.703 [FXGL Background Thread 3 ] DEBUG Engine               - class com.almasb.fxgl.app.services.FXGLDialogService
14:22:37.703 [FXGL Background Thread 3 ] DEBUG Engine               - class com.almasb.fxgl.app.services.IOTaskExecutorService
14:22:37.703 [FXGL Background Thread 3 ] DEBUG Engine               - class com.almasb.fxgl.io.FileSystemService
14:22:37.703 [FXGL Background Thread 3 ] DEBUG Engine               - class com.almasb.fxgl.localization.LocalizationService
14:22:37.703 [FXGL Background Thread 3 ] DEBUG Engine               - class com.almasb.fxgl.app.services.SystemBundleService
14:22:37.703 [FXGL Background Thread 3 ] DEBUG Engine               - class com.almasb.fxgl.profile.SaveLoadService
14:22:37.703 [FXGL Background Thread 3 ] DEBUG Engine               - class com.almasb.fxgl.ui.FXGLUIFactoryServiceProvider
14:22:37.703 [FXGL Background Thread 3 ] DEBUG Engine               - class com.almasb.fxgl.ui.FXGLDialogFactoryServiceProvider
14:22:37.703 [FXGL Background Thread 3 ] DEBUG Engine               - class com.almasb.fxgl.audio.AudioPlayer
14:22:37.703 [FXGL Background Thread 3 ] DEBUG Engine               - class com.almasb.fxgl.notification.impl.NotificationServiceProvider
14:22:37.703 [FXGL Background Thread 3 ] DEBUG Engine               - class com.almasb.fxgl.achievement.AchievementService
14:22:37.703 [FXGL Background Thread 3 ] DEBUG Engine               - class com.almasb.fxgl.cutscene.CutsceneService
14:22:37.703 [FXGL Background Thread 3 ] DEBUG Engine               - class com.almasb.fxgl.minigames.MiniGameService
14:22:37.703 [FXGL Background Thread 3 ] DEBUG Engine               - class com.almasb.fxgl.net.NetService
14:22:37.703 [FXGL Background Thread 3 ] DEBUG Engine               - class com.almasb.fxgl.app.services.UpdaterService
14:22:37.704 [FXGL Background Thread 3 ] DEBUG Engine               - class com.almasb.fxgl.dev.DevService
14:22:43.970 [JavaFX Application Thread] DEBUG PrimaryStageWindow   - Push state: FXGLDefaultMenu
14:22:43.983 [JavaFX Application Thread] DEBUG Input                - Clearing active input actions
14:22:43.986 [JavaFX Application Thread] DEBUG GameApplicationServi - Removing overlay from GameScene and adding to FXGLDefaultMenu
14:22:43.988 [JavaFX Application Thread] DEBUG PrimaryStageWindow   - GameScene -> FXGLDefaultMenu
14:22:44.974 [JavaFX Application Thread] DEBUG Menu                 - fireExit()
14:22:44.976 [JavaFX Application Thread] DEBUG PrimaryStageWindow   - Push state: DialogSubScene
14:22:44.976 [JavaFX Application Thread] DEBUG Input                - Clearing active input actions
14:22:44.977 [JavaFX Application Thread] DEBUG GameApplicationServi - Removing overlay from FXGLDefaultMenu and adding to DialogSubScene
14:22:44.978 [JavaFX Application Thread] DEBUG PrimaryStageWindow   - FXGLDefaultMenu -> DialogSubScene
14:22:45.322 [JavaFX Application Thread] DEBUG PrimaryStageWindow   - Pop state: DialogSubScene
14:22:45.322 [JavaFX Application Thread] DEBUG Input                - Clearing active input actions
14:22:45.324 [JavaFX Application Thread] DEBUG GameApplicationServi - Removing overlay from DialogSubScene and adding to FXGLDefaultMenu
14:22:45.326 [JavaFX Application Thread] DEBUG PrimaryStageWindow   - FXGLDefaultMenu <- DialogSubScene
14:22:45.326 [JavaFX Application Thread] DEBUG FXGLApplication      - Exiting FXGL
14:22:45.326 [JavaFX Application Thread] DEBUG LoopRunner           - Stopping loop
14:22:45.326 [JavaFX Application Thread] DEBUG SystemBundleService  - Saving FXGL system data
14:22:45.327 [JavaFX Application Thread] DEBUG FileSystemAccess     - Writing to: C:\Users\Hicham\IdeaProjects\Challengeweek2\system\fxgl.bundle
14:22:45.329 [JavaFX Application Thread] DEBUG Async                - Shutting down background threads
14:22:45.329 [JavaFX Application Thread] DEBUG PrimaryStageWindow   - Closing main window
14:22:45.348 [JavaFX Application Thread] DEBUG Logger               - Closing Logger
