11:52:18.771 [main                     ] DEBUG Logger               - Configured Logger
11:52:18.797 [main                     ] DEBUG GameApplication      - Logging settings
Title: Hsleiden Kombat
Version: 0.0
Width: 800
Height: 600
Fullscreen: false
Intro: false
Profiling: false
Single step:false
App Mode: DEVELOPER
Menu Key: ESCAPE
Stage Style: DECORATED
Scene Factory: class com.almasb.fxgl.app.scene.SceneFactory

11:52:19.197 [JavaFX Application Thread] DEBUG FXGLApplication      - Initializing FXGL
11:52:19.202 [JavaFX Application Thread] INFO  Engine               - FXGL-17.1 (24.03.2022 17.34) on WINDOWS (J:19.0.1 FX:19-ea)
11:52:19.202 [JavaFX Application Thread] DEBUG Engine               - JRE Vendor Name: Oracle Corporation
11:52:19.202 [JavaFX Application Thread] DEBUG Engine               - Running on OS: Windows 11 version 10.0
11:52:19.203 [JavaFX Application Thread] DEBUG Engine               - Architecture: amd64
11:52:19.203 [JavaFX Application Thread] INFO  Engine               - Source code and latest versions at: https://github.com/AlmasB/FXGL
11:52:19.203 [JavaFX Application Thread] INFO  Engine               -       Ask questions and discuss at: https://github.com/AlmasB/FXGL/discussions
11:52:19.203 [JavaFX Application Thread] INFO  Engine               -              Join the FXGL chat at: https://gitter.im/AlmasB/FXGL
11:52:19.329 [JavaFX Application Thread] DEBUG PrimaryStageWindow   - Creating a JavaFX scene
11:52:19.376 [JavaFX Application Thread] DEBUG PrimaryStageWindow   - Target settings size: 800.0 x 600.0
11:52:19.376 [JavaFX Application Thread] DEBUG PrimaryStageWindow   - Scaled scene size:    800.0 x 600.0
11:52:19.378 [JavaFX Application Thread] DEBUG PrimaryStageWindow   - Scaled ratio: (1.0, 1.0)
11:52:19.378 [JavaFX Application Thread] DEBUG PrimaryStageWindow   - Set initial scene to FXGLStartupScene
11:52:19.385 [JavaFX Application Thread] DEBUG PrimaryStageWindow   - Opening main window
11:52:19.459 [JavaFX Application Thread] DEBUG PrimaryStageWindow   - Window border size: (14.66668701171875, 37.33331298828125)
11:52:19.460 [JavaFX Application Thread] DEBUG PrimaryStageWindow   - Scaled size: 800.0 x 600.0
11:52:19.460 [JavaFX Application Thread] DEBUG PrimaryStageWindow   - Scaled ratio: (1.0, 1.0)
11:52:19.460 [JavaFX Application Thread] DEBUG PrimaryStageWindow   - Scene size: 800.0 x 600.0
11:52:19.460 [JavaFX Application Thread] DEBUG PrimaryStageWindow   - Stage size: 814.6666870117188 x 637.3333129882812
11:52:19.468 [FXGL Background Thread 1 ] DEBUG Engine               - Initializing environment variables
11:52:19.532 [FXGL Background Thread 1 ] DEBUG FXGLAssetLoaderServi - User app class for loading assets: class com.hsleidenKombat.Game
11:52:19.532 [FXGL Background Thread 1 ] DEBUG GameApplicationServi - Applying CSS: fxgl_dark.css
11:52:19.532 [FXGL Background Thread 1 ] DEBUG FXGLAssetLoaderServi - Loading from file system: jar:file:/C:/Users/karos/.m2/repository/com/github/almasb/fxgl/17.1/fxgl-17.1.jar!/fxglassets/ui/css/fxgl_dark.css
11:52:19.584 [FXGL Background Thread 1 ] DEBUG GameApplicationServi - Initializing application scenes
11:52:19.624 [FXGL Background Thread 1 ] DEBUG GameWorld            - Game world initialized
11:52:19.679 [FXGL Background Thread 1 ] DEBUG PhysicsWorld         - Physics world initialized: appHeight=600, physics.ppm=50.0
11:52:19.679 [FXGL Background Thread 1 ] DEBUG PhysicsWorld         - Using strategy: BRUTE_FORCE
11:52:19.682 [FXGL Background Thread 1 ] DEBUG GameScene            - Game scene initialized: 800x600
11:52:19.694 [FXGL Background Thread 1 ] DEBUG FXGL.DefaultMenu     - createMenuBodyGameMenu()
11:52:19.708 [FXGL Background Thread 1 ] DEBUG FXGL.DefaultMenu     - createOptionsMenu()
11:52:19.719 [FXGL Background Thread 1 ] DEBUG FXGLAssetLoaderServi - Loading from file system: jar:file:/C:/Users/karos/.m2/repository/com/github/almasb/fxgl/17.1/fxgl-17.1.jar!/fxglassets/textures/particles/smoke.png
11:52:19.829 [FXGL Background Thread 1 ] DEBUG FXGLAssetLoaderServi - Loading from file system: jar:file:/C:/Users/karos/.m2/repository/com/github/almasb/fxgl/17.1/fxgl-17.1.jar!/fxglassets/textures/particles/trace_horizontal.png
11:52:19.863 [FXGL Background Thread 1 ] DEBUG GameApplicationServi - Application scenes initialized
11:52:19.874 [FXGL Background Thread 1 ] DEBUG SystemBundleService  - Loading FXGL system data
11:52:19.879 [FXGL Background Thread 1 ] DEBUG FileSystemAccess     - Reading from: C:\Users\karos\IdeaProjects\HS-Leiden-Kombat\system\fxgl.bundle
11:52:19.885 [FXGL Background Thread 1 ] DEBUG SystemBundleService  - Bundle FXGL: {}
11:52:19.885 [FXGL Background Thread 1 ] DEBUG UpdaterService       - Checking for updates
11:52:19.889 [FXGL Background Thread 4 ] DEBUG FXGLApplication      - Loading fonts
11:52:19.890 [FXGL Background Thread 1 ] DEBUG FXGLApplication      - Loading default localization
11:52:19.890 [FXGL Background Thread 4 ] DEBUG FXGLAssetLoaderServi - Loading from file system: jar:file:/C:/Users/karos/.m2/repository/com/github/almasb/fxgl/17.1/fxgl-17.1.jar!/fxglassets/ui/fonts/VarelaRound-Regular.ttf
11:52:19.891 [FXGL Background Thread 1 ] DEBUG FXGLAssetLoaderServi - Loading from file system: jar:file:/C:/Users/karos/.m2/repository/com/github/almasb/fxgl/17.1/fxgl-17.1.jar!/fxglassets/languages/english.lang
11:52:19.914 [FXGL Background Thread 1 ] INFO  FXGLApplication      - FXGL initialization took: 0.445 sec
11:52:19.915 [JavaFX Application Thread] DEBUG FXGLAssetLoaderServi - Loading from file system: jar:file:/C:/Users/karos/.m2/repository/com/github/almasb/fxgl/17.1/fxgl-17.1.jar!/fxglassets/textures/fxgl_icon.png
11:52:19.936 [JavaFX Application Thread] DEBUG FXGLAssetLoaderServi - Loading from file system: jar:file:/C:/Users/karos/.m2/repository/com/github/almasb/fxgl/17.1/fxgl-17.1.jar!/fxglassets/textures/fxgl_default_cursor.png
11:52:19.949 [JavaFX Application Thread] DEBUG Input                - Registered new binding: Screenshot - CTRL+8
11:52:19.950 [JavaFX Application Thread] DEBUG Input                - Registered new binding: System info dump - CTRL+9
11:52:19.950 [FXGL Background Thread 4 ] DEBUG FXGLAssetLoaderServi - Loading from file system: jar:file:/C:/Users/karos/.m2/repository/com/github/almasb/fxgl/17.1/fxgl-17.1.jar!/fxglassets/ui/fonts/Abel-Regular.ttf
11:52:19.950 [JavaFX Application Thread] DEBUG Input                - Registered new binding: Restart - CTRL+R
11:52:19.951 [JavaFX Application Thread] DEBUG Input                - Registered new binding: Toggle Debug Camera - CTRL+7
11:52:19.955 [JavaFX Application Thread] DEBUG LoopRunner           - Starting loop
11:52:19.955 [JavaFX Application Thread] DEBUG LoopRunner           - Initializing JavaFX AnimationTimerLoop
11:52:19.956 [FXGL Background Thread 4 ] DEBUG FXGLAssetLoaderServi - Loading from file system: jar:file:/C:/Users/karos/.m2/repository/com/github/almasb/fxgl/17.1/fxgl-17.1.jar!/fxglassets/ui/fonts/TerminalLandMono-Regular.otf
11:52:19.957 [JavaFX Application Thread] DEBUG GameApplicationServi - Starting new game
11:52:19.957 [JavaFX Application Thread] DEBUG Input                - Clearing active input actions
11:52:19.961 [FXGL Background Thread 4 ] DEBUG FXGLAssetLoaderServi - Loading from file system: jar:file:/C:/Users/karos/.m2/repository/com/github/almasb/fxgl/17.1/fxgl-17.1.jar!/fxglassets/ui/fonts/Courier-Prime.ttf
11:52:19.969 [JavaFX Application Thread] DEBUG GameApplicationServi - Removing overlay from FXGLStartupScene and adding to FXGLLoadingScene
11:52:19.970 [JavaFX Application Thread] DEBUG PrimaryStageWindow   - FXGLStartupScene -> FXGLLoadingScene
11:52:19.970 [JavaFX Application Thread] DEBUG GameApplicationServi - Clearing previous game
11:52:19.970 [JavaFX Application Thread] DEBUG GameScene            - Clearing game scene
11:52:19.970 [JavaFX Application Thread] DEBUG GameWorld            - Clearing game world
11:52:19.970 [JavaFX Application Thread] DEBUG PhysicsWorld         - Clearing physics world
11:52:19.973 [FXGL Background Thread 4 ] DEBUG FXGLApplication      - Initializing game
11:52:19.981 [FXGL Background Thread 4 ] WARN  FXGLAssetLoaderServi - Asset "/assets/textures/newdude.png" was not found!
11:52:19.981 [FXGL Background Thread 4 ] WARN  FXGLAssetLoaderServi - Failed to load IMAGE
11:52:20.013 [JavaFX Application Thread] DEBUG FXGLApplication      - Registering font factories with UI factory
11:52:20.130 [FXGL Background Thread 4 ] WARN  FXGLAssetLoaderServi - Asset "/assets/textures/newdude.png" was not found!
11:52:20.130 [FXGL Background Thread 4 ] WARN  FXGLAssetLoaderServi - Failed to load IMAGE
11:52:20.149 [FXGL Background Thread 4 ] WARN  FXGLAssetLoaderServi - Asset "/assets/textures/newdude.png" was not found!
11:52:20.149 [FXGL Background Thread 4 ] WARN  FXGLAssetLoaderServi - Failed to load IMAGE
11:52:20.149 [FXGL Background Thread 4 ] WARN  FXGLAssetLoaderServi - Asset "/assets/textures/newdude.png" was not found!
11:52:20.150 [FXGL Background Thread 4 ] WARN  FXGLAssetLoaderServi - Failed to load IMAGE
11:52:20.154 [FXGL Background Thread 4 ] DEBUG Input                - Registered new binding: Move Left - A
11:52:20.154 [FXGL Background Thread 4 ] DEBUG Input                - Registered new binding: Move Right - D
11:52:20.154 [FXGL Background Thread 4 ] DEBUG Input                - Registered new binding: Duck - S
11:52:20.155 [FXGL Background Thread 4 ] DEBUG Input                - Registered new binding: Jump - W
11:52:20.158 [FXGL Background Thread 4 ] DEBUG Input                - Registered new binding: Move Left2 - Left
11:52:20.158 [FXGL Background Thread 4 ] DEBUG Input                - Registered new binding: Move Right2 - Right
11:52:20.158 [FXGL Background Thread 4 ] DEBUG Input                - Registered new binding: Duck2 - Down
11:52:20.158 [FXGL Background Thread 4 ] DEBUG Input                - Registered new binding: Jump2 - Up
11:52:20.159 [FXGL Background Thread 4 ] INFO  FXGLApplication      - Game initialization took: 0.187 sec
11:52:20.165 [JavaFX Application Thread] DEBUG Input                - Clearing active input actions
11:52:20.173 [JavaFX Application Thread] DEBUG GameApplicationServi - Removing overlay from FXGLLoadingScene and adding to GameScene
11:52:20.174 [JavaFX Application Thread] DEBUG PrimaryStageWindow   - FXGLLoadingScene -> GameScene
11:52:21.520 [FXGL Background Thread 2 ] INFO  UpdaterService       - Your current version:  17.1
11:52:21.521 [FXGL Background Thread 2 ] INFO  UpdaterService       - Latest stable version: 17.3
11:52:21.798 [JavaFX Application Thread] DEBUG FXGLApplication      - Exiting FXGL
11:52:21.798 [JavaFX Application Thread] DEBUG LoopRunner           - Stopping loop
11:52:21.798 [JavaFX Application Thread] DEBUG SystemBundleService  - Saving FXGL system data
11:52:21.806 [JavaFX Application Thread] DEBUG FileSystemAccess     - Writing to: C:\Users\karos\IdeaProjects\HS-Leiden-Kombat\system\fxgl.bundle
11:52:21.811 [JavaFX Application Thread] DEBUG Async                - Shutting down background threads
11:52:21.812 [JavaFX Application Thread] DEBUG PrimaryStageWindow   - Closing main window
11:52:21.835 [JavaFX Application Thread] DEBUG Logger               - Closing Logger
