11:42:16.068 [main                     ] DEBUG Logger               - Configured Logger
11:42:16.094 [main                     ] DEBUG GameApplication      - Logging settings
Title: Hsleiden Kombat
Version: 0.0
Width: 800
Height: 600
Fullscreen: true
Intro: false
Profiling: false
Single step:false
App Mode: DEVELOPER
Menu Key: ESCAPE
Stage Style: DECORATED
Scene Factory: class com.almasb.fxgl.app.scene.SceneFactory

11:42:16.473 [JavaFX Application Thread] DEBUG FXGLApplication      - Initializing FXGL
11:42:16.478 [JavaFX Application Thread] INFO  Engine               - FXGL-17.1 (24.03.2022 17.34) on WINDOWS (J:19.0.1 FX:19-ea)
11:42:16.478 [JavaFX Application Thread] DEBUG Engine               - JRE Vendor Name: Oracle Corporation
11:42:16.479 [JavaFX Application Thread] DEBUG Engine               - Running on OS: Windows 11 version 10.0
11:42:16.479 [JavaFX Application Thread] DEBUG Engine               - Architecture: amd64
11:42:16.479 [JavaFX Application Thread] INFO  Engine               - Source code and latest versions at: https://github.com/AlmasB/FXGL
11:42:16.479 [JavaFX Application Thread] INFO  Engine               -       Ask questions and discuss at: https://github.com/AlmasB/FXGL/discussions
11:42:16.479 [JavaFX Application Thread] INFO  Engine               -              Join the FXGL chat at: https://gitter.im/AlmasB/FXGL
11:42:16.586 [JavaFX Application Thread] DEBUG PrimaryStageWindow   - Creating a JavaFX scene
11:42:16.627 [JavaFX Application Thread] DEBUG PrimaryStageWindow   - Target settings size: 800.0 x 600.0
11:42:16.629 [JavaFX Application Thread] DEBUG PrimaryStageWindow   - Scaled scene size:    800.0 x 600.0
11:42:16.629 [JavaFX Application Thread] DEBUG PrimaryStageWindow   - Scaled ratio: (1.0, 1.0)
11:42:16.630 [JavaFX Application Thread] DEBUG PrimaryStageWindow   - Set initial scene to FXGLStartupScene
11:42:16.639 [JavaFX Application Thread] DEBUG PrimaryStageWindow   - Opening main window
11:42:16.722 [JavaFX Application Thread] DEBUG PrimaryStageWindow   - Window border size: (14.66668701171875, 37.33331298828125)
11:42:16.722 [JavaFX Application Thread] DEBUG PrimaryStageWindow   - Scaled size: 800.0 x 600.0
11:42:16.722 [JavaFX Application Thread] DEBUG PrimaryStageWindow   - Scaled ratio: (1.0, 1.0)
11:42:16.723 [JavaFX Application Thread] DEBUG PrimaryStageWindow   - Scene size: 800.0 x 600.0
11:42:16.723 [JavaFX Application Thread] DEBUG PrimaryStageWindow   - Stage size: 814.6666870117188 x 637.3333129882812
11:42:16.807 [JavaFX Application Thread] DEBUG PrimaryStageWindow   - Going fullscreen
11:42:16.818 [FXGL Background Thread 1 ] DEBUG Engine               - Initializing environment variables
11:42:16.880 [FXGL Background Thread 1 ] DEBUG FXGLAssetLoaderServi - User app class for loading assets: class com.hsleidenKombat.Game
11:42:16.880 [FXGL Background Thread 1 ] DEBUG GameApplicationServi - Applying CSS: fxgl_dark.css
11:42:16.881 [FXGL Background Thread 1 ] DEBUG FXGLAssetLoaderServi - Loading from file system: jar:file:/C:/Users/karos/.m2/repository/com/github/almasb/fxgl/17.1/fxgl-17.1.jar!/fxglassets/ui/css/fxgl_dark.css
11:42:16.917 [FXGL Background Thread 1 ] DEBUG GameApplicationServi - Initializing application scenes
11:42:16.956 [FXGL Background Thread 1 ] DEBUG GameWorld            - Game world initialized
11:42:17.018 [FXGL Background Thread 1 ] DEBUG PhysicsWorld         - Physics world initialized: appHeight=600, physics.ppm=50.0
11:42:17.018 [FXGL Background Thread 1 ] DEBUG PhysicsWorld         - Using strategy: BRUTE_FORCE
11:42:17.025 [FXGL Background Thread 1 ] DEBUG GameScene            - Game scene initialized: 800x600
11:42:17.041 [FXGL Background Thread 1 ] DEBUG FXGL.DefaultMenu     - createMenuBodyGameMenu()
11:42:17.056 [FXGL Background Thread 1 ] DEBUG FXGL.DefaultMenu     - createOptionsMenu()
11:42:17.066 [FXGL Background Thread 1 ] DEBUG FXGLAssetLoaderServi - Loading from file system: jar:file:/C:/Users/karos/.m2/repository/com/github/almasb/fxgl/17.1/fxgl-17.1.jar!/fxglassets/textures/particles/smoke.png
11:42:17.165 [FXGL Background Thread 1 ] DEBUG FXGLAssetLoaderServi - Loading from file system: jar:file:/C:/Users/karos/.m2/repository/com/github/almasb/fxgl/17.1/fxgl-17.1.jar!/fxglassets/textures/particles/trace_horizontal.png
11:42:17.195 [FXGL Background Thread 1 ] DEBUG GameApplicationServi - Application scenes initialized
11:42:17.211 [FXGL Background Thread 1 ] DEBUG SystemBundleService  - Loading FXGL system data
11:42:17.216 [FXGL Background Thread 1 ] DEBUG FileSystemAccess     - Reading from: C:\Users\karos\IdeaProjects\HS-Leiden-Kombat\system\fxgl.bundle
11:42:17.228 [FXGL Background Thread 1 ] DEBUG SystemBundleService  - Bundle FXGL: {}
11:42:17.228 [FXGL Background Thread 1 ] DEBUG UpdaterService       - Checking for updates
11:42:17.265 [FXGL Background Thread 1 ] DEBUG FXGLApplication      - Loading default localization
11:42:17.265 [FXGL Background Thread 4 ] DEBUG FXGLApplication      - Loading fonts
11:42:17.265 [FXGL Background Thread 1 ] DEBUG FXGLAssetLoaderServi - Loading from file system: jar:file:/C:/Users/karos/.m2/repository/com/github/almasb/fxgl/17.1/fxgl-17.1.jar!/fxglassets/languages/english.lang
11:42:17.266 [FXGL Background Thread 4 ] DEBUG FXGLAssetLoaderServi - Loading from file system: jar:file:/C:/Users/karos/.m2/repository/com/github/almasb/fxgl/17.1/fxgl-17.1.jar!/fxglassets/ui/fonts/VarelaRound-Regular.ttf
11:42:17.287 [FXGL Background Thread 1 ] INFO  FXGLApplication      - FXGL initialization took: 0.469 sec
11:42:17.289 [JavaFX Application Thread] DEBUG FXGLAssetLoaderServi - Loading from file system: jar:file:/C:/Users/karos/.m2/repository/com/github/almasb/fxgl/17.1/fxgl-17.1.jar!/fxglassets/textures/fxgl_icon.png
11:42:17.311 [JavaFX Application Thread] DEBUG FXGLAssetLoaderServi - Loading from file system: jar:file:/C:/Users/karos/.m2/repository/com/github/almasb/fxgl/17.1/fxgl-17.1.jar!/fxglassets/textures/fxgl_default_cursor.png
11:42:17.324 [JavaFX Application Thread] DEBUG Input                - Registered new binding: Screenshot - CTRL+8
11:42:17.325 [JavaFX Application Thread] DEBUG Input                - Registered new binding: Dev Options - 1
11:42:17.326 [JavaFX Application Thread] DEBUG Input                - Registered new binding: Dev Console - 2
11:42:17.327 [JavaFX Application Thread] DEBUG Input                - Registered new binding: System info dump - CTRL+9
11:42:17.327 [JavaFX Application Thread] DEBUG Input                - Registered new binding: Restart - CTRL+R
11:42:17.328 [JavaFX Application Thread] DEBUG Input                - Registered new binding: Toggle Debug Camera - CTRL+7
11:42:17.331 [JavaFX Application Thread] DEBUG LoopRunner           - Starting loop
11:42:17.343 [FXGL Background Thread 4 ] DEBUG FXGLAssetLoaderServi - Loading from file system: jar:file:/C:/Users/karos/.m2/repository/com/github/almasb/fxgl/17.1/fxgl-17.1.jar!/fxglassets/ui/fonts/Abel-Regular.ttf
11:42:17.350 [JavaFX Application Thread] DEBUG LoopRunner           - Initializing JavaFX AnimationTimerLoop
11:42:17.353 [JavaFX Application Thread] DEBUG GameApplicationServi - Starting new game
11:42:17.354 [JavaFX Application Thread] DEBUG Input                - Clearing active input actions
11:42:17.356 [FXGL Background Thread 4 ] DEBUG FXGLAssetLoaderServi - Loading from file system: jar:file:/C:/Users/karos/.m2/repository/com/github/almasb/fxgl/17.1/fxgl-17.1.jar!/fxglassets/ui/fonts/TerminalLandMono-Regular.otf
11:42:17.362 [FXGL Background Thread 4 ] DEBUG FXGLAssetLoaderServi - Loading from file system: jar:file:/C:/Users/karos/.m2/repository/com/github/almasb/fxgl/17.1/fxgl-17.1.jar!/fxglassets/ui/fonts/Courier-Prime.ttf
11:42:17.366 [JavaFX Application Thread] DEBUG GameApplicationServi - Removing overlay from FXGLStartupScene and adding to FXGLLoadingScene
11:42:17.370 [JavaFX Application Thread] DEBUG PrimaryStageWindow   - FXGLStartupScene -> FXGLLoadingScene
11:42:17.370 [JavaFX Application Thread] DEBUG GameApplicationServi - Clearing previous game
11:42:17.370 [JavaFX Application Thread] DEBUG GameScene            - Clearing game scene
11:42:17.370 [JavaFX Application Thread] DEBUG GameWorld            - Clearing game world
11:42:17.372 [JavaFX Application Thread] DEBUG PhysicsWorld         - Clearing physics world
11:42:17.373 [FXGL Background Thread 4 ] DEBUG FXGLApplication      - Initializing game
11:42:17.374 [FXGL Background Thread 4 ] DEBUG FXGLAssetLoaderServi - Loading from file system: file:/C:/Users/karos/IdeaProjects/HS-Leiden-Kombat/target/classes/assets/textures/Background7.jpeg
11:42:17.442 [FXGL Background Thread 4 ] DEBUG FXGLAssetLoaderServi - Loading from file system: file:/C:/Users/karos/IdeaProjects/HS-Leiden-Kombat/target/classes/assets/textures/spritesheet.png
11:42:17.475 [FXGL Background Thread 4 ] DEBUG Input                - Registered new binding: Move Left - A
11:42:17.476 [FXGL Background Thread 4 ] DEBUG Input                - Registered new binding: Move Right - D
11:42:17.476 [FXGL Background Thread 4 ] DEBUG Input                - Registered new binding: Move Up - W
11:42:17.476 [FXGL Background Thread 4 ] DEBUG Input                - Registered new binding: Duck - S
11:42:17.476 [FXGL Background Thread 4 ] DEBUG Input                - Registered new binding: Move Left 2 - Left
11:42:17.476 [FXGL Background Thread 4 ] DEBUG Input                - Registered new binding: Move Right 2 - Right
11:42:17.476 [FXGL Background Thread 4 ] DEBUG Input                - Registered new binding: Move Up 2 - Up
11:42:17.476 [FXGL Background Thread 4 ] DEBUG Input                - Registered new binding: punch - F
11:42:17.477 [FXGL Background Thread 4 ] DEBUG Input                - Registered new binding: Duck2 - Down
11:42:17.477 [FXGL Background Thread 4 ] INFO  FXGLApplication      - Game initialization took: 0.104 sec
11:42:17.615 [JavaFX Application Thread] DEBUG FXGLApplication      - Registering font factories with UI factory
11:42:17.629 [JavaFX Application Thread] DEBUG Input                - Clearing active input actions
11:42:17.646 [JavaFX Application Thread] DEBUG GameApplicationServi - Removing overlay from FXGLLoadingScene and adding to GameScene
11:42:17.649 [JavaFX Application Thread] DEBUG PrimaryStageWindow   - FXGLLoadingScene -> GameScene
11:42:19.718 [JavaFX Application Thread] DEBUG PrimaryStageWindow   - Push state: FXGLDefaultMenu
11:42:19.722 [JavaFX Application Thread] DEBUG Input                - Clearing active input actions
11:42:19.726 [JavaFX Application Thread] DEBUG GameApplicationServi - Removing overlay from GameScene and adding to FXGLDefaultMenu
11:42:19.731 [JavaFX Application Thread] DEBUG PrimaryStageWindow   - GameScene -> FXGLDefaultMenu
11:42:20.262 [FXGL Background Thread 3 ] DEBUG Engine               - Logging environment variables
11:42:20.263 [FXGL Background Thread 3 ] DEBUG Engine               - achievements: []
11:42:20.264 [FXGL Background Thread 3 ] DEBUG Engine               - actualHeight: 720.0
11:42:20.264 [FXGL Background Thread 3 ] DEBUG Engine               - actualHeightProperty: ReadOnlyDoubleProperty [value: 720.0]
11:42:20.264 [FXGL Background Thread 3 ] DEBUG Engine               - actualWidth: 1280.0
11:42:20.264 [FXGL Background Thread 3 ] DEBUG Engine               - actualWidthProperty: ReadOnlyDoubleProperty [value: 1280.0]
11:42:20.264 [FXGL Background Thread 3 ] DEBUG Engine               - appIcon: fxgl_icon.png
11:42:20.264 [FXGL Background Thread 3 ] DEBUG Engine               - applicationMode: DEVELOPER
11:42:20.264 [FXGL Background Thread 3 ] DEBUG Engine               - cSSList: [fxgl_dark.css]
11:42:20.264 [FXGL Background Thread 3 ] DEBUG Engine               - collisionDetectionStrategy: BRUTE_FORCE
11:42:20.265 [FXGL Background Thread 3 ] DEBUG Engine               - configClass: Optional.empty
11:42:20.265 [FXGL Background Thread 3 ] DEBUG Engine               - credits: []
11:42:20.265 [FXGL Background Thread 3 ] DEBUG Engine               - defaultCursor: CursorInfo(imageName=fxgl_default_cursor.png, hotspotX=7.0, hotspotY=6.0)
11:42:20.265 [FXGL Background Thread 3 ] DEBUG Engine               - devBBoxColorProperty: ObjectProperty [value: 0xff0000ff]
11:42:20.265 [FXGL Background Thread 3 ] DEBUG Engine               - devEnableDebugCameraProperty: BooleanProperty [value: false]
11:42:20.265 [FXGL Background Thread 3 ] DEBUG Engine               - devSensorColorProperty: ObjectProperty [value: 0xffff00ff]
11:42:20.265 [FXGL Background Thread 3 ] DEBUG Engine               - devShowBBoxProperty: BooleanProperty [value: false]
11:42:20.266 [FXGL Background Thread 3 ] DEBUG Engine               - devShowPositionProperty: BooleanProperty [value: false]
11:42:20.266 [FXGL Background Thread 3 ] DEBUG Engine               - enabledMenuItems: []
11:42:20.266 [FXGL Background Thread 3 ] DEBUG Engine               - engineServices: [class com.almasb.fxgl.app.services.FXGLAssetLoaderService, class com.almasb.fxgl.app.FXGLApplication$GameApplicationService, class com.almasb.fxgl.app.services.FXGLDialogService, class com.almasb.fxgl.app.services.IOTaskExecutorService, class com.almasb.fxgl.io.FileSystemService, class com.almasb.fxgl.localization.LocalizationService, class com.almasb.fxgl.app.services.SystemBundleService, class com.almasb.fxgl.profile.SaveLoadService, class com.almasb.fxgl.ui.FXGLUIFactoryServiceProvider, class com.almasb.fxgl.ui.FXGLDialogFactoryServiceProvider, class com.almasb.fxgl.audio.AudioPlayer, class com.almasb.fxgl.notification.impl.NotificationServiceProvider, class com.almasb.fxgl.achievement.AchievementService, class com.almasb.fxgl.cutscene.CutsceneService, class com.almasb.fxgl.minigames.MiniGameService, class com.almasb.fxgl.net.NetService, class com.almasb.fxgl.app.services.UpdaterService, class com.almasb.fxgl.dev.DevService]
11:42:20.266 [FXGL Background Thread 3 ] DEBUG Engine               - fontGame: Abel-Regular.ttf
11:42:20.266 [FXGL Background Thread 3 ] DEBUG Engine               - fontMono: TerminalLandMono-Regular.otf
11:42:20.266 [FXGL Background Thread 3 ] DEBUG Engine               - fontText: Courier-Prime.ttf
11:42:20.266 [FXGL Background Thread 3 ] DEBUG Engine               - fontUI: VarelaRound-Regular.ttf
11:42:20.266 [FXGL Background Thread 3 ] DEBUG Engine               - fullScreen: BooleanProperty [value: true]
11:42:20.266 [FXGL Background Thread 3 ] DEBUG Engine               - gameDifficulty: MEDIUM
11:42:20.266 [FXGL Background Thread 3 ] DEBUG Engine               - gameDifficultyProperty: ObjectProperty [value: MEDIUM]
11:42:20.266 [FXGL Background Thread 3 ] DEBUG Engine               - globalMusicVolume: 0.5
11:42:20.266 [FXGL Background Thread 3 ] DEBUG Engine               - globalMusicVolumeProperty: DoubleProperty [value: 0.5]
11:42:20.266 [FXGL Background Thread 3 ] DEBUG Engine               - globalSoundVolume: 0.5
11:42:20.267 [FXGL Background Thread 3 ] DEBUG Engine               - globalSoundVolumeProperty: DoubleProperty [value: 0.5]
11:42:20.267 [FXGL Background Thread 3 ] DEBUG Engine               - height: 600
11:42:20.267 [FXGL Background Thread 3 ] DEBUG Engine               - is3D: false
11:42:20.267 [FXGL Background Thread 3 ] DEBUG Engine               - isAndroid: false
11:42:20.267 [FXGL Background Thread 3 ] DEBUG Engine               - isBrowser: false
11:42:20.267 [FXGL Background Thread 3 ] DEBUG Engine               - isClickFeedbackEnabled: false
11:42:20.267 [FXGL Background Thread 3 ] DEBUG Engine               - isCloseConfirmation: false
11:42:20.267 [FXGL Background Thread 3 ] DEBUG Engine               - isDesktop: true
11:42:20.267 [FXGL Background Thread 3 ] DEBUG Engine               - isDeveloperMenuEnabled: true
11:42:20.268 [FXGL Background Thread 3 ] DEBUG Engine               - isEmbedded: false
11:42:20.268 [FXGL Background Thread 3 ] DEBUG Engine               - isEntityPreloadEnabled: true
11:42:20.268 [FXGL Background Thread 3 ] DEBUG Engine               - isExperimentalTiledLargeMap: false
11:42:20.268 [FXGL Background Thread 3 ] DEBUG Engine               - isFileSystemWriteAllowed: true
11:42:20.268 [FXGL Background Thread 3 ] DEBUG Engine               - isFullScreenAllowed: true
11:42:20.268 [FXGL Background Thread 3 ] DEBUG Engine               - isFullScreenFromStart: true
11:42:20.269 [FXGL Background Thread 3 ] DEBUG Engine               - isGameMenuEnabled: true
11:42:20.269 [FXGL Background Thread 3 ] DEBUG Engine               - isIOS: false
11:42:20.269 [FXGL Background Thread 3 ] DEBUG Engine               - isIntroEnabled: false
11:42:20.269 [FXGL Background Thread 3 ] DEBUG Engine               - isLinux: false
11:42:20.269 [FXGL Background Thread 3 ] DEBUG Engine               - isMac: false
11:42:20.269 [FXGL Background Thread 3 ] DEBUG Engine               - isMainMenuEnabled: false
11:42:20.269 [FXGL Background Thread 3 ] DEBUG Engine               - isManualResizeEnabled: false
11:42:20.269 [FXGL Background Thread 3 ] DEBUG Engine               - isMobile: false
11:42:20.269 [FXGL Background Thread 3 ] DEBUG Engine               - isNative: false
11:42:20.270 [FXGL Background Thread 3 ] DEBUG Engine               - isPauseMusicWhenMinimized: true
11:42:20.270 [FXGL Background Thread 3 ] DEBUG Engine               - isPreserveResizeRatio: false
11:42:20.270 [FXGL Background Thread 3 ] DEBUG Engine               - isProfilingEnabled: false
11:42:20.270 [FXGL Background Thread 3 ] DEBUG Engine               - isScaleAffectedOnResize: true
11:42:20.270 [FXGL Background Thread 3 ] DEBUG Engine               - isSingleStep: false
11:42:20.270 [FXGL Background Thread 3 ] DEBUG Engine               - isUserProfileEnabled: false
11:42:20.270 [FXGL Background Thread 3 ] DEBUG Engine               - isWindows: true
11:42:20.270 [FXGL Background Thread 3 ] DEBUG Engine               - language: ObjectProperty [value: ENGLISH]
11:42:20.270 [FXGL Background Thread 3 ] DEBUG Engine               - menuKey: ESCAPE
11:42:20.270 [FXGL Background Thread 3 ] DEBUG Engine               - mouseSensitivity: 0.2
11:42:20.270 [FXGL Background Thread 3 ] DEBUG Engine               - notificationViewClass: class com.almasb.fxgl.notification.view.XboxNotificationView
11:42:20.270 [FXGL Background Thread 3 ] DEBUG Engine               - pixelsPerMeter: 50.0
11:42:20.271 [FXGL Background Thread 3 ] DEBUG Engine               - platform: WINDOWS
11:42:20.271 [FXGL Background Thread 3 ] DEBUG Engine               - prefHeightProperty: ReadOnlyDoubleProperty [value: 600.0]
11:42:20.271 [FXGL Background Thread 3 ] DEBUG Engine               - prefWidthProperty: ReadOnlyDoubleProperty [value: 800.0]
11:42:20.271 [FXGL Background Thread 3 ] DEBUG Engine               - profileDir: profiles/
11:42:20.271 [FXGL Background Thread 3 ] DEBUG Engine               - profileName: StringProperty [value: DEFAULT]
11:42:20.271 [FXGL Background Thread 3 ] DEBUG Engine               - randomSeed: -1
11:42:20.272 [FXGL Background Thread 3 ] DEBUG Engine               - runtimeInfo: RuntimeInfo(platform=WINDOWS, version=17.1, build=24.03.2022 17.34)
11:42:20.272 [FXGL Background Thread 3 ] DEBUG Engine               - saveFileExt: sav
11:42:20.272 [FXGL Background Thread 3 ] DEBUG Engine               - scaledHeightProp$fxgl: DoubleProperty [bound, value: 720.0]
11:42:20.272 [FXGL Background Thread 3 ] DEBUG Engine               - scaledWidthProp$fxgl: DoubleProperty [bound, value: 1280.0]
11:42:20.272 [FXGL Background Thread 3 ] DEBUG Engine               - sceneFactory: com.almasb.fxgl.app.scene.SceneFactory@54e4ea9d
11:42:20.272 [FXGL Background Thread 3 ] DEBUG Engine               - secondsIn24h: 60
11:42:20.272 [FXGL Background Thread 3 ] DEBUG Engine               - soundMenuBack: menu/back.wav
11:42:20.272 [FXGL Background Thread 3 ] DEBUG Engine               - soundMenuPress: menu/press.wav
11:42:20.272 [FXGL Background Thread 3 ] DEBUG Engine               - soundMenuSelect: menu/select.wav
11:42:20.272 [FXGL Background Thread 3 ] DEBUG Engine               - soundNotification: core/notification.wav
11:42:20.272 [FXGL Background Thread 3 ] DEBUG Engine               - stageStyle: DECORATED
11:42:20.273 [FXGL Background Thread 3 ] DEBUG Engine               - supportedLanguages: [ENGLISH, FRENCH, GERMAN, HUNGARIAN, RUSSIAN]
11:42:20.273 [FXGL Background Thread 3 ] DEBUG Engine               - ticksPerSecond: -1
11:42:20.273 [FXGL Background Thread 3 ] DEBUG Engine               - title: Hsleiden Kombat
11:42:20.273 [FXGL Background Thread 3 ] DEBUG Engine               - urlGithub: https://github.com/AlmasB/FXGL
11:42:20.273 [FXGL Background Thread 3 ] DEBUG Engine               - urlLeaderboard: http://fxgl-top.herokuapp.com/
11:42:20.273 [FXGL Background Thread 3 ] DEBUG Engine               - urlPOM: https://raw.githubusercontent.com/AlmasB/FXGL/release/README.md
11:42:20.273 [FXGL Background Thread 3 ] DEBUG Engine               - userAppClass: class com.hsleidenKombat.Game
11:42:20.273 [FXGL Background Thread 3 ] DEBUG Engine               - version: 0.0
11:42:20.273 [FXGL Background Thread 3 ] DEBUG Engine               - versionCheckDays: 7
11:42:20.273 [FXGL Background Thread 3 ] DEBUG Engine               - width: 800
11:42:20.273 [FXGL Background Thread 3 ] DEBUG Engine               - Logging services
11:42:20.273 [FXGL Background Thread 3 ] DEBUG Engine               - class com.almasb.fxgl.app.services.FXGLAssetLoaderService
11:42:20.273 [FXGL Background Thread 3 ] DEBUG Engine               - class com.almasb.fxgl.app.FXGLApplication$GameApplicationService
11:42:20.273 [FXGL Background Thread 3 ] DEBUG Engine               - class com.almasb.fxgl.app.services.FXGLDialogService
11:42:20.273 [FXGL Background Thread 3 ] DEBUG Engine               - class com.almasb.fxgl.app.services.IOTaskExecutorService
11:42:20.273 [FXGL Background Thread 3 ] DEBUG Engine               - class com.almasb.fxgl.io.FileSystemService
11:42:20.273 [FXGL Background Thread 3 ] DEBUG Engine               - class com.almasb.fxgl.localization.LocalizationService
11:42:20.273 [FXGL Background Thread 3 ] DEBUG Engine               - class com.almasb.fxgl.app.services.SystemBundleService
11:42:20.273 [FXGL Background Thread 3 ] DEBUG Engine               - class com.almasb.fxgl.profile.SaveLoadService
11:42:20.274 [FXGL Background Thread 3 ] DEBUG Engine               - class com.almasb.fxgl.ui.FXGLUIFactoryServiceProvider
11:42:20.274 [FXGL Background Thread 3 ] DEBUG Engine               - class com.almasb.fxgl.ui.FXGLDialogFactoryServiceProvider
11:42:20.274 [FXGL Background Thread 3 ] DEBUG Engine               - class com.almasb.fxgl.audio.AudioPlayer
11:42:20.274 [FXGL Background Thread 3 ] DEBUG Engine               - class com.almasb.fxgl.notification.impl.NotificationServiceProvider
11:42:20.274 [FXGL Background Thread 3 ] DEBUG Engine               - class com.almasb.fxgl.achievement.AchievementService
11:42:20.274 [FXGL Background Thread 3 ] DEBUG Engine               - class com.almasb.fxgl.cutscene.CutsceneService
11:42:20.274 [FXGL Background Thread 3 ] DEBUG Engine               - class com.almasb.fxgl.minigames.MiniGameService
11:42:20.274 [FXGL Background Thread 3 ] DEBUG Engine               - class com.almasb.fxgl.net.NetService
11:42:20.274 [FXGL Background Thread 3 ] DEBUG Engine               - class com.almasb.fxgl.app.services.UpdaterService
11:42:20.274 [FXGL Background Thread 3 ] DEBUG Engine               - class com.almasb.fxgl.dev.DevService
11:42:20.723 [FXGL Background Thread 2 ] INFO  UpdaterService       - Your current version:  17.1
11:42:20.724 [FXGL Background Thread 2 ] INFO  UpdaterService       - Latest stable version: 17.3
11:42:21.129 [JavaFX Application Thread] DEBUG Menu                 - fireExit()
11:42:21.133 [JavaFX Application Thread] DEBUG PrimaryStageWindow   - Push state: DialogSubScene
11:42:21.134 [JavaFX Application Thread] DEBUG Input                - Clearing active input actions
11:42:21.134 [JavaFX Application Thread] DEBUG GameApplicationServi - Removing overlay from FXGLDefaultMenu and adding to DialogSubScene
11:42:21.138 [JavaFX Application Thread] DEBUG PrimaryStageWindow   - FXGLDefaultMenu -> DialogSubScene
11:42:21.984 [JavaFX Application Thread] DEBUG PrimaryStageWindow   - Pop state: DialogSubScene
11:42:21.985 [JavaFX Application Thread] DEBUG Input                - Clearing active input actions
11:42:21.986 [JavaFX Application Thread] DEBUG GameApplicationServi - Removing overlay from DialogSubScene and adding to FXGLDefaultMenu
11:42:21.987 [JavaFX Application Thread] DEBUG PrimaryStageWindow   - FXGLDefaultMenu <- DialogSubScene
11:42:21.987 [JavaFX Application Thread] DEBUG FXGLApplication      - Exiting FXGL
11:42:21.987 [JavaFX Application Thread] DEBUG LoopRunner           - Stopping loop
11:42:21.987 [JavaFX Application Thread] DEBUG SystemBundleService  - Saving FXGL system data
11:42:21.991 [JavaFX Application Thread] DEBUG FileSystemAccess     - Writing to: C:\Users\karos\IdeaProjects\HS-Leiden-Kombat\system\fxgl.bundle
11:42:21.994 [JavaFX Application Thread] DEBUG Async                - Shutting down background threads
11:42:21.994 [JavaFX Application Thread] DEBUG PrimaryStageWindow   - Closing main window
11:42:22.013 [JavaFX Application Thread] DEBUG Logger               - Closing Logger
