11:56:03.117 [main                     ] DEBUG Logger               - Configured Logger
11:56:03.140 [main                     ] DEBUG GameApplication      - Logging settings
Title: Hsleiden Kombat
Version: 0.0
Width: 800
Height: 600
Fullscreen: true
Intro: false
Profiling: false
Single step:false
App Mode: DEVELOPER
Menu Key: ESCAPE
Stage Style: DECORATED
Scene Factory: class com.almasb.fxgl.app.scene.SceneFactory

11:56:03.533 [JavaFX Application Thread] DEBUG FXGLApplication      - Initializing FXGL
11:56:03.544 [JavaFX Application Thread] INFO  Engine               - FXGL-17.1 (24.03.2022 17.34) on WINDOWS (J:19.0.1 FX:19-ea)
11:56:03.544 [JavaFX Application Thread] DEBUG Engine               - JRE Vendor Name: Oracle Corporation
11:56:03.544 [JavaFX Application Thread] DEBUG Engine               - Running on OS: Windows 11 version 10.0
11:56:03.544 [JavaFX Application Thread] DEBUG Engine               - Architecture: amd64
11:56:03.545 [JavaFX Application Thread] INFO  Engine               - Source code and latest versions at: https://github.com/AlmasB/FXGL
11:56:03.545 [JavaFX Application Thread] INFO  Engine               -       Ask questions and discuss at: https://github.com/AlmasB/FXGL/discussions
11:56:03.545 [JavaFX Application Thread] INFO  Engine               -              Join the FXGL chat at: https://gitter.im/AlmasB/FXGL
11:56:03.657 [JavaFX Application Thread] DEBUG PrimaryStageWindow   - Creating a JavaFX scene
11:56:03.703 [JavaFX Application Thread] DEBUG PrimaryStageWindow   - Target settings size: 800.0 x 600.0
11:56:03.703 [JavaFX Application Thread] DEBUG PrimaryStageWindow   - Scaled scene size:    800.0 x 600.0
11:56:03.704 [JavaFX Application Thread] DEBUG PrimaryStageWindow   - Scaled ratio: (1.0, 1.0)
11:56:03.705 [JavaFX Application Thread] DEBUG PrimaryStageWindow   - Set initial scene to FXGLStartupScene
11:56:03.713 [JavaFX Application Thread] DEBUG PrimaryStageWindow   - Opening main window
11:56:03.795 [JavaFX Application Thread] DEBUG PrimaryStageWindow   - Window border size: (14.66668701171875, 37.33331298828125)
11:56:03.796 [JavaFX Application Thread] DEBUG PrimaryStageWindow   - Scaled size: 800.0 x 600.0
11:56:03.796 [JavaFX Application Thread] DEBUG PrimaryStageWindow   - Scaled ratio: (1.0, 1.0)
11:56:03.796 [JavaFX Application Thread] DEBUG PrimaryStageWindow   - Scene size: 800.0 x 600.0
11:56:03.796 [JavaFX Application Thread] DEBUG PrimaryStageWindow   - Stage size: 814.6666870117188 x 637.3333129882812
11:56:03.891 [JavaFX Application Thread] DEBUG PrimaryStageWindow   - Going fullscreen
11:56:03.898 [FXGL Background Thread 1 ] DEBUG Engine               - Initializing environment variables
11:56:03.948 [FXGL Background Thread 1 ] DEBUG FXGLAssetLoaderServi - User app class for loading assets: class com.hsleidenKombat.Game
11:56:03.949 [FXGL Background Thread 1 ] DEBUG GameApplicationServi - Applying CSS: fxgl_dark.css
11:56:03.949 [FXGL Background Thread 1 ] DEBUG FXGLAssetLoaderServi - Loading from file system: jar:file:/C:/Users/karos/.m2/repository/com/github/almasb/fxgl/17.1/fxgl-17.1.jar!/fxglassets/ui/css/fxgl_dark.css
11:56:03.985 [FXGL Background Thread 1 ] DEBUG GameApplicationServi - Initializing application scenes
11:56:04.023 [FXGL Background Thread 1 ] DEBUG GameWorld            - Game world initialized
11:56:04.079 [FXGL Background Thread 1 ] DEBUG PhysicsWorld         - Physics world initialized: appHeight=600, physics.ppm=50.0
11:56:04.080 [FXGL Background Thread 1 ] DEBUG PhysicsWorld         - Using strategy: BRUTE_FORCE
11:56:04.084 [FXGL Background Thread 1 ] DEBUG GameScene            - Game scene initialized: 800x600
11:56:04.104 [FXGL Background Thread 1 ] DEBUG FXGL.DefaultMenu     - createMenuBodyGameMenu()
11:56:04.116 [FXGL Background Thread 1 ] DEBUG FXGL.DefaultMenu     - createOptionsMenu()
11:56:04.126 [FXGL Background Thread 1 ] DEBUG FXGLAssetLoaderServi - Loading from file system: jar:file:/C:/Users/karos/.m2/repository/com/github/almasb/fxgl/17.1/fxgl-17.1.jar!/fxglassets/textures/particles/smoke.png
11:56:04.215 [FXGL Background Thread 1 ] DEBUG FXGLAssetLoaderServi - Loading from file system: jar:file:/C:/Users/karos/.m2/repository/com/github/almasb/fxgl/17.1/fxgl-17.1.jar!/fxglassets/textures/particles/trace_horizontal.png
11:56:04.240 [FXGL Background Thread 1 ] DEBUG GameApplicationServi - Application scenes initialized
11:56:04.252 [FXGL Background Thread 1 ] DEBUG SystemBundleService  - Loading FXGL system data
11:56:04.256 [FXGL Background Thread 1 ] DEBUG FileSystemAccess     - Reading from: C:\Users\karos\IdeaProjects\HS-Leiden-Kombat\system\fxgl.bundle
11:56:04.265 [FXGL Background Thread 1 ] DEBUG SystemBundleService  - Bundle FXGL: {}
11:56:04.265 [FXGL Background Thread 1 ] DEBUG UpdaterService       - Checking for updates
11:56:04.293 [FXGL Background Thread 4 ] DEBUG FXGLApplication      - Loading fonts
11:56:04.293 [FXGL Background Thread 4 ] DEBUG FXGLAssetLoaderServi - Loading from file system: jar:file:/C:/Users/karos/.m2/repository/com/github/almasb/fxgl/17.1/fxgl-17.1.jar!/fxglassets/ui/fonts/VarelaRound-Regular.ttf
11:56:04.293 [FXGL Background Thread 1 ] DEBUG FXGLApplication      - Loading default localization
11:56:04.295 [FXGL Background Thread 1 ] DEBUG FXGLAssetLoaderServi - Loading from file system: jar:file:/C:/Users/karos/.m2/repository/com/github/almasb/fxgl/17.1/fxgl-17.1.jar!/fxglassets/languages/english.lang
11:56:04.311 [FXGL Background Thread 1 ] INFO  FXGLApplication      - FXGL initialization took: 0.413 sec
11:56:04.313 [JavaFX Application Thread] DEBUG FXGLAssetLoaderServi - Loading from file system: jar:file:/C:/Users/karos/.m2/repository/com/github/almasb/fxgl/17.1/fxgl-17.1.jar!/fxglassets/textures/fxgl_icon.png
11:56:04.333 [JavaFX Application Thread] DEBUG FXGLAssetLoaderServi - Loading from file system: jar:file:/C:/Users/karos/.m2/repository/com/github/almasb/fxgl/17.1/fxgl-17.1.jar!/fxglassets/textures/fxgl_default_cursor.png
11:56:04.344 [FXGL Background Thread 4 ] DEBUG FXGLAssetLoaderServi - Loading from file system: jar:file:/C:/Users/karos/.m2/repository/com/github/almasb/fxgl/17.1/fxgl-17.1.jar!/fxglassets/ui/fonts/Abel-Regular.ttf
11:56:04.344 [JavaFX Application Thread] DEBUG Input                - Registered new binding: Screenshot - CTRL+8
11:56:04.344 [JavaFX Application Thread] DEBUG Input                - Registered new binding: Dev Options - 1
11:56:04.345 [JavaFX Application Thread] DEBUG Input                - Registered new binding: Dev Console - 2
11:56:04.345 [JavaFX Application Thread] DEBUG Input                - Registered new binding: System info dump - CTRL+9
11:56:04.345 [JavaFX Application Thread] DEBUG Input                - Registered new binding: Restart - CTRL+R
11:56:04.346 [JavaFX Application Thread] DEBUG Input                - Registered new binding: Toggle Debug Camera - CTRL+7
11:56:04.347 [FXGL Background Thread 4 ] DEBUG FXGLAssetLoaderServi - Loading from file system: jar:file:/C:/Users/karos/.m2/repository/com/github/almasb/fxgl/17.1/fxgl-17.1.jar!/fxglassets/ui/fonts/TerminalLandMono-Regular.otf
11:56:04.348 [JavaFX Application Thread] DEBUG LoopRunner           - Starting loop
11:56:04.351 [FXGL Background Thread 4 ] DEBUG FXGLAssetLoaderServi - Loading from file system: jar:file:/C:/Users/karos/.m2/repository/com/github/almasb/fxgl/17.1/fxgl-17.1.jar!/fxglassets/ui/fonts/Courier-Prime.ttf
11:56:04.360 [JavaFX Application Thread] DEBUG LoopRunner           - Initializing JavaFX AnimationTimerLoop
11:56:04.361 [JavaFX Application Thread] DEBUG GameApplicationServi - Starting new game
11:56:04.362 [JavaFX Application Thread] DEBUG Input                - Clearing active input actions
11:56:04.373 [JavaFX Application Thread] DEBUG GameApplicationServi - Removing overlay from FXGLStartupScene and adding to FXGLLoadingScene
11:56:04.377 [JavaFX Application Thread] DEBUG PrimaryStageWindow   - FXGLStartupScene -> FXGLLoadingScene
11:56:04.378 [JavaFX Application Thread] DEBUG GameApplicationServi - Clearing previous game
11:56:04.378 [JavaFX Application Thread] DEBUG GameScene            - Clearing game scene
11:56:04.378 [JavaFX Application Thread] DEBUG GameWorld            - Clearing game world
11:56:04.378 [JavaFX Application Thread] DEBUG PhysicsWorld         - Clearing physics world
11:56:04.380 [FXGL Background Thread 4 ] DEBUG FXGLApplication      - Initializing game
11:56:04.381 [FXGL Background Thread 4 ] DEBUG FXGLAssetLoaderServi - Loading from file system: file:/C:/Users/karos/IdeaProjects/HS-Leiden-Kombat/target/classes/assets/textures/Background7.jpeg
11:56:04.383 [JavaFX Application Thread] DEBUG FXGLApplication      - Registering font factories with UI factory
11:56:04.445 [FXGL Background Thread 4 ] DEBUG FXGLAssetLoaderServi - Loading from file system: file:/C:/Users/karos/IdeaProjects/HS-Leiden-Kombat/target/classes/assets/textures/spritesheet.png
11:56:04.481 [FXGL Background Thread 4 ] DEBUG Input                - Registered new binding: Move Left - A
11:56:04.481 [FXGL Background Thread 4 ] DEBUG Input                - Registered new binding: Move Right - D
11:56:04.481 [FXGL Background Thread 4 ] DEBUG Input                - Registered new binding: Move Up - W
11:56:04.481 [FXGL Background Thread 4 ] DEBUG Input                - Registered new binding: Duck - S
11:56:04.481 [FXGL Background Thread 4 ] DEBUG Input                - Registered new binding: Move Left 2 - Left
11:56:04.481 [FXGL Background Thread 4 ] DEBUG Input                - Registered new binding: Move Right 2 - Right
11:56:04.482 [FXGL Background Thread 4 ] DEBUG Input                - Registered new binding: Move Up 2 - Up
11:56:04.482 [FXGL Background Thread 4 ] DEBUG Input                - Registered new binding: punch - F
11:56:04.482 [FXGL Background Thread 4 ] DEBUG Input                - Registered new binding: Duck2 - Down
11:56:04.483 [FXGL Background Thread 4 ] INFO  FXGLApplication      - Game initialization took: 0.103 sec
11:56:04.628 [JavaFX Application Thread] DEBUG Input                - Clearing active input actions
11:56:04.642 [JavaFX Application Thread] DEBUG GameApplicationServi - Removing overlay from FXGLLoadingScene and adding to GameScene
11:56:04.646 [JavaFX Application Thread] DEBUG PrimaryStageWindow   - FXGLLoadingScene -> GameScene
11:56:05.049 [FXGL Background Thread 2 ] INFO  UpdaterService       - Your current version:  17.1
11:56:05.049 [FXGL Background Thread 2 ] INFO  UpdaterService       - Latest stable version: 17.3
11:56:07.293 [FXGL Background Thread 3 ] DEBUG Engine               - Logging environment variables
11:56:07.295 [FXGL Background Thread 3 ] DEBUG Engine               - achievements: []
11:56:07.295 [FXGL Background Thread 3 ] DEBUG Engine               - actualHeight: 720.0
11:56:07.296 [FXGL Background Thread 3 ] DEBUG Engine               - actualHeightProperty: ReadOnlyDoubleProperty [value: 720.0]
11:56:07.296 [FXGL Background Thread 3 ] DEBUG Engine               - actualWidth: 1280.0
11:56:07.296 [FXGL Background Thread 3 ] DEBUG Engine               - actualWidthProperty: ReadOnlyDoubleProperty [value: 1280.0]
11:56:07.296 [FXGL Background Thread 3 ] DEBUG Engine               - appIcon: fxgl_icon.png
11:56:07.296 [FXGL Background Thread 3 ] DEBUG Engine               - applicationMode: DEVELOPER
11:56:07.297 [FXGL Background Thread 3 ] DEBUG Engine               - cSSList: [fxgl_dark.css]
11:56:07.297 [FXGL Background Thread 3 ] DEBUG Engine               - collisionDetectionStrategy: BRUTE_FORCE
11:56:07.297 [FXGL Background Thread 3 ] DEBUG Engine               - configClass: Optional.empty
11:56:07.297 [FXGL Background Thread 3 ] DEBUG Engine               - credits: []
11:56:07.298 [FXGL Background Thread 3 ] DEBUG Engine               - defaultCursor: CursorInfo(imageName=fxgl_default_cursor.png, hotspotX=7.0, hotspotY=6.0)
11:56:07.298 [FXGL Background Thread 3 ] DEBUG Engine               - devBBoxColorProperty: ObjectProperty [value: 0xff0000ff]
11:56:07.300 [FXGL Background Thread 3 ] DEBUG Engine               - devEnableDebugCameraProperty: BooleanProperty [value: false]
11:56:07.300 [FXGL Background Thread 3 ] DEBUG Engine               - devSensorColorProperty: ObjectProperty [value: 0xffff00ff]
11:56:07.300 [FXGL Background Thread 3 ] DEBUG Engine               - devShowBBoxProperty: BooleanProperty [value: false]
11:56:07.301 [FXGL Background Thread 3 ] DEBUG Engine               - devShowPositionProperty: BooleanProperty [value: false]
11:56:07.301 [FXGL Background Thread 3 ] DEBUG Engine               - enabledMenuItems: []
11:56:07.301 [FXGL Background Thread 3 ] DEBUG Engine               - engineServices: [class com.almasb.fxgl.app.services.FXGLAssetLoaderService, class com.almasb.fxgl.app.FXGLApplication$GameApplicationService, class com.almasb.fxgl.app.services.FXGLDialogService, class com.almasb.fxgl.app.services.IOTaskExecutorService, class com.almasb.fxgl.io.FileSystemService, class com.almasb.fxgl.localization.LocalizationService, class com.almasb.fxgl.app.services.SystemBundleService, class com.almasb.fxgl.profile.SaveLoadService, class com.almasb.fxgl.ui.FXGLUIFactoryServiceProvider, class com.almasb.fxgl.ui.FXGLDialogFactoryServiceProvider, class com.almasb.fxgl.audio.AudioPlayer, class com.almasb.fxgl.notification.impl.NotificationServiceProvider, class com.almasb.fxgl.achievement.AchievementService, class com.almasb.fxgl.cutscene.CutsceneService, class com.almasb.fxgl.minigames.MiniGameService, class com.almasb.fxgl.net.NetService, class com.almasb.fxgl.app.services.UpdaterService, class com.almasb.fxgl.dev.DevService]
11:56:07.301 [FXGL Background Thread 3 ] DEBUG Engine               - fontGame: Abel-Regular.ttf
11:56:07.301 [FXGL Background Thread 3 ] DEBUG Engine               - fontMono: TerminalLandMono-Regular.otf
11:56:07.302 [FXGL Background Thread 3 ] DEBUG Engine               - fontText: Courier-Prime.ttf
11:56:07.302 [FXGL Background Thread 3 ] DEBUG Engine               - fontUI: VarelaRound-Regular.ttf
11:56:07.302 [FXGL Background Thread 3 ] DEBUG Engine               - fullScreen: BooleanProperty [value: true]
11:56:07.302 [FXGL Background Thread 3 ] DEBUG Engine               - gameDifficulty: MEDIUM
11:56:07.302 [FXGL Background Thread 3 ] DEBUG Engine               - gameDifficultyProperty: ObjectProperty [value: MEDIUM]
11:56:07.303 [FXGL Background Thread 3 ] DEBUG Engine               - globalMusicVolume: 0.5
11:56:07.303 [FXGL Background Thread 3 ] DEBUG Engine               - globalMusicVolumeProperty: DoubleProperty [value: 0.5]
11:56:07.303 [FXGL Background Thread 3 ] DEBUG Engine               - globalSoundVolume: 0.5
11:56:07.303 [FXGL Background Thread 3 ] DEBUG Engine               - globalSoundVolumeProperty: DoubleProperty [value: 0.5]
11:56:07.303 [FXGL Background Thread 3 ] DEBUG Engine               - height: 600
11:56:07.304 [FXGL Background Thread 3 ] DEBUG Engine               - is3D: false
11:56:07.304 [FXGL Background Thread 3 ] DEBUG Engine               - isAndroid: false
11:56:07.305 [FXGL Background Thread 3 ] DEBUG Engine               - isBrowser: false
11:56:07.305 [FXGL Background Thread 3 ] DEBUG Engine               - isClickFeedbackEnabled: false
11:56:07.306 [FXGL Background Thread 3 ] DEBUG Engine               - isCloseConfirmation: false
11:56:07.306 [FXGL Background Thread 3 ] DEBUG Engine               - isDesktop: true
11:56:07.306 [FXGL Background Thread 3 ] DEBUG Engine               - isDeveloperMenuEnabled: true
11:56:07.306 [FXGL Background Thread 3 ] DEBUG Engine               - isEmbedded: false
11:56:07.307 [FXGL Background Thread 3 ] DEBUG Engine               - isEntityPreloadEnabled: true
11:56:07.307 [FXGL Background Thread 3 ] DEBUG Engine               - isExperimentalTiledLargeMap: false
11:56:07.307 [FXGL Background Thread 3 ] DEBUG Engine               - isFileSystemWriteAllowed: true
11:56:07.307 [FXGL Background Thread 3 ] DEBUG Engine               - isFullScreenAllowed: true
11:56:07.307 [FXGL Background Thread 3 ] DEBUG Engine               - isFullScreenFromStart: true
11:56:07.308 [FXGL Background Thread 3 ] DEBUG Engine               - isGameMenuEnabled: true
11:56:07.308 [FXGL Background Thread 3 ] DEBUG Engine               - isIOS: false
11:56:07.308 [FXGL Background Thread 3 ] DEBUG Engine               - isIntroEnabled: false
11:56:07.308 [FXGL Background Thread 3 ] DEBUG Engine               - isLinux: false
11:56:07.308 [FXGL Background Thread 3 ] DEBUG Engine               - isMac: false
11:56:07.308 [FXGL Background Thread 3 ] DEBUG Engine               - isMainMenuEnabled: false
11:56:07.308 [FXGL Background Thread 3 ] DEBUG Engine               - isManualResizeEnabled: false
11:56:07.309 [FXGL Background Thread 3 ] DEBUG Engine               - isMobile: false
11:56:07.309 [FXGL Background Thread 3 ] DEBUG Engine               - isNative: false
11:56:07.309 [FXGL Background Thread 3 ] DEBUG Engine               - isPauseMusicWhenMinimized: true
11:56:07.309 [FXGL Background Thread 3 ] DEBUG Engine               - isPreserveResizeRatio: false
11:56:07.309 [FXGL Background Thread 3 ] DEBUG Engine               - isProfilingEnabled: false
11:56:07.309 [FXGL Background Thread 3 ] DEBUG Engine               - isScaleAffectedOnResize: true
11:56:07.309 [FXGL Background Thread 3 ] DEBUG Engine               - isSingleStep: false
11:56:07.309 [FXGL Background Thread 3 ] DEBUG Engine               - isUserProfileEnabled: false
11:56:07.311 [FXGL Background Thread 3 ] DEBUG Engine               - isWindows: true
11:56:07.311 [FXGL Background Thread 3 ] DEBUG Engine               - language: ObjectProperty [value: ENGLISH]
11:56:07.311 [FXGL Background Thread 3 ] DEBUG Engine               - menuKey: ESCAPE
11:56:07.311 [FXGL Background Thread 3 ] DEBUG Engine               - mouseSensitivity: 0.2
11:56:07.311 [FXGL Background Thread 3 ] DEBUG Engine               - notificationViewClass: class com.almasb.fxgl.notification.view.XboxNotificationView
11:56:07.312 [FXGL Background Thread 3 ] DEBUG Engine               - pixelsPerMeter: 50.0
11:56:07.312 [FXGL Background Thread 3 ] DEBUG Engine               - platform: WINDOWS
11:56:07.312 [FXGL Background Thread 3 ] DEBUG Engine               - prefHeightProperty: ReadOnlyDoubleProperty [value: 600.0]
11:56:07.312 [FXGL Background Thread 3 ] DEBUG Engine               - prefWidthProperty: ReadOnlyDoubleProperty [value: 800.0]
11:56:07.313 [FXGL Background Thread 3 ] DEBUG Engine               - profileDir: profiles/
11:56:07.313 [FXGL Background Thread 3 ] DEBUG Engine               - profileName: StringProperty [value: DEFAULT]
11:56:07.313 [FXGL Background Thread 3 ] DEBUG Engine               - randomSeed: -1
11:56:07.314 [FXGL Background Thread 3 ] DEBUG Engine               - runtimeInfo: RuntimeInfo(platform=WINDOWS, version=17.1, build=24.03.2022 17.34)
11:56:07.314 [FXGL Background Thread 3 ] DEBUG Engine               - saveFileExt: sav
11:56:07.314 [FXGL Background Thread 3 ] DEBUG Engine               - scaledHeightProp$fxgl: DoubleProperty [bound, value: 720.0]
11:56:07.315 [FXGL Background Thread 3 ] DEBUG Engine               - scaledWidthProp$fxgl: DoubleProperty [bound, value: 1280.0]
11:56:07.315 [FXGL Background Thread 3 ] DEBUG Engine               - sceneFactory: com.almasb.fxgl.app.scene.SceneFactory@5dc333b1
11:56:07.315 [FXGL Background Thread 3 ] DEBUG Engine               - secondsIn24h: 60
11:56:07.315 [FXGL Background Thread 3 ] DEBUG Engine               - soundMenuBack: menu/back.wav
11:56:07.316 [FXGL Background Thread 3 ] DEBUG Engine               - soundMenuPress: menu/press.wav
11:56:07.316 [FXGL Background Thread 3 ] DEBUG Engine               - soundMenuSelect: menu/select.wav
11:56:07.316 [FXGL Background Thread 3 ] DEBUG Engine               - soundNotification: core/notification.wav
11:56:07.316 [FXGL Background Thread 3 ] DEBUG Engine               - stageStyle: DECORATED
11:56:07.316 [FXGL Background Thread 3 ] DEBUG Engine               - supportedLanguages: [ENGLISH, FRENCH, GERMAN, HUNGARIAN, RUSSIAN]
11:56:07.317 [FXGL Background Thread 3 ] DEBUG Engine               - ticksPerSecond: -1
11:56:07.317 [FXGL Background Thread 3 ] DEBUG Engine               - title: Hsleiden Kombat
11:56:07.317 [FXGL Background Thread 3 ] DEBUG Engine               - urlGithub: https://github.com/AlmasB/FXGL
11:56:07.317 [FXGL Background Thread 3 ] DEBUG Engine               - urlLeaderboard: http://fxgl-top.herokuapp.com/
11:56:07.318 [FXGL Background Thread 3 ] DEBUG Engine               - urlPOM: https://raw.githubusercontent.com/AlmasB/FXGL/release/README.md
11:56:07.318 [FXGL Background Thread 3 ] DEBUG Engine               - userAppClass: class com.hsleidenKombat.Game
11:56:07.318 [FXGL Background Thread 3 ] DEBUG Engine               - version: 0.0
11:56:07.318 [FXGL Background Thread 3 ] DEBUG Engine               - versionCheckDays: 7
11:56:07.318 [FXGL Background Thread 3 ] DEBUG Engine               - width: 800
11:56:07.318 [FXGL Background Thread 3 ] DEBUG Engine               - Logging services
11:56:07.319 [FXGL Background Thread 3 ] DEBUG Engine               - class com.almasb.fxgl.app.services.FXGLAssetLoaderService
11:56:07.319 [FXGL Background Thread 3 ] DEBUG Engine               - class com.almasb.fxgl.app.FXGLApplication$GameApplicationService
11:56:07.319 [FXGL Background Thread 3 ] DEBUG Engine               - class com.almasb.fxgl.app.services.FXGLDialogService
11:56:07.319 [FXGL Background Thread 3 ] DEBUG Engine               - class com.almasb.fxgl.app.services.IOTaskExecutorService
11:56:07.319 [FXGL Background Thread 3 ] DEBUG Engine               - class com.almasb.fxgl.io.FileSystemService
11:56:07.319 [FXGL Background Thread 3 ] DEBUG Engine               - class com.almasb.fxgl.localization.LocalizationService
11:56:07.319 [FXGL Background Thread 3 ] DEBUG Engine               - class com.almasb.fxgl.app.services.SystemBundleService
11:56:07.320 [FXGL Background Thread 3 ] DEBUG Engine               - class com.almasb.fxgl.profile.SaveLoadService
11:56:07.320 [FXGL Background Thread 3 ] DEBUG Engine               - class com.almasb.fxgl.ui.FXGLUIFactoryServiceProvider
11:56:07.321 [FXGL Background Thread 3 ] DEBUG Engine               - class com.almasb.fxgl.ui.FXGLDialogFactoryServiceProvider
11:56:07.321 [FXGL Background Thread 3 ] DEBUG Engine               - class com.almasb.fxgl.audio.AudioPlayer
11:56:07.321 [FXGL Background Thread 3 ] DEBUG Engine               - class com.almasb.fxgl.notification.impl.NotificationServiceProvider
11:56:07.321 [FXGL Background Thread 3 ] DEBUG Engine               - class com.almasb.fxgl.achievement.AchievementService
11:56:07.321 [FXGL Background Thread 3 ] DEBUG Engine               - class com.almasb.fxgl.cutscene.CutsceneService
11:56:07.322 [FXGL Background Thread 3 ] DEBUG Engine               - class com.almasb.fxgl.minigames.MiniGameService
11:56:07.322 [FXGL Background Thread 3 ] DEBUG Engine               - class com.almasb.fxgl.net.NetService
11:56:07.322 [FXGL Background Thread 3 ] DEBUG Engine               - class com.almasb.fxgl.app.services.UpdaterService
11:56:07.322 [FXGL Background Thread 3 ] DEBUG Engine               - class com.almasb.fxgl.dev.DevService
11:56:07.341 [JavaFX Application Thread] DEBUG PrimaryStageWindow   - Push state: FXGLDefaultMenu
11:56:07.346 [JavaFX Application Thread] DEBUG Input                - Clearing active input actions
11:56:07.350 [JavaFX Application Thread] DEBUG GameApplicationServi - Removing overlay from GameScene and adding to FXGLDefaultMenu
11:56:07.358 [JavaFX Application Thread] DEBUG PrimaryStageWindow   - GameScene -> FXGLDefaultMenu
11:56:08.290 [JavaFX Application Thread] DEBUG PrimaryStageWindow   - Pop state: FXGLDefaultMenu
11:56:08.290 [JavaFX Application Thread] DEBUG Input                - Clearing active input actions
11:56:08.291 [JavaFX Application Thread] DEBUG GameApplicationServi - Removing overlay from FXGLDefaultMenu and adding to GameScene
11:56:08.292 [JavaFX Application Thread] DEBUG PrimaryStageWindow   - GameScene <- FXGLDefaultMenu
11:57:12.231 [JavaFX Application Thread] DEBUG PrimaryStageWindow   - Push state: FXGLDefaultMenu
11:57:12.231 [JavaFX Application Thread] DEBUG Input                - Clearing active input actions
11:57:12.233 [JavaFX Application Thread] DEBUG GameApplicationServi - Removing overlay from GameScene and adding to FXGLDefaultMenu
11:57:12.236 [JavaFX Application Thread] DEBUG PrimaryStageWindow   - GameScene -> FXGLDefaultMenu
11:57:13.786 [JavaFX Application Thread] DEBUG Menu                 - fireExit()
11:57:13.791 [JavaFX Application Thread] DEBUG PrimaryStageWindow   - Push state: DialogSubScene
11:57:13.791 [JavaFX Application Thread] DEBUG Input                - Clearing active input actions
11:57:13.792 [JavaFX Application Thread] DEBUG GameApplicationServi - Removing overlay from FXGLDefaultMenu and adding to DialogSubScene
11:57:13.794 [JavaFX Application Thread] DEBUG PrimaryStageWindow   - FXGLDefaultMenu -> DialogSubScene
11:57:14.403 [JavaFX Application Thread] DEBUG PrimaryStageWindow   - Pop state: DialogSubScene
11:57:14.404 [JavaFX Application Thread] DEBUG Input                - Clearing active input actions
11:57:14.404 [JavaFX Application Thread] DEBUG GameApplicationServi - Removing overlay from DialogSubScene and adding to FXGLDefaultMenu
11:57:14.406 [JavaFX Application Thread] DEBUG PrimaryStageWindow   - FXGLDefaultMenu <- DialogSubScene
11:57:14.406 [JavaFX Application Thread] DEBUG FXGLApplication      - Exiting FXGL
11:57:14.406 [JavaFX Application Thread] DEBUG LoopRunner           - Stopping loop
11:57:14.406 [JavaFX Application Thread] DEBUG SystemBundleService  - Saving FXGL system data
11:57:14.409 [JavaFX Application Thread] DEBUG FileSystemAccess     - Writing to: C:\Users\karos\IdeaProjects\HS-Leiden-Kombat\system\fxgl.bundle
11:57:14.413 [JavaFX Application Thread] DEBUG Async                - Shutting down background threads
11:57:14.414 [JavaFX Application Thread] DEBUG PrimaryStageWindow   - Closing main window
11:57:14.451 [JavaFX Application Thread] DEBUG Logger               - Closing Logger
