15:46:55.712 [main                     ] DEBUG Logger               - Configured Logger
15:46:55.735 [main                     ] DEBUG GameApplication      - Logging settings
Title: Hsleiden Kombat
Version: 0.0
Width: 800
Height: 600
Fullscreen: true
Intro: false
Profiling: false
Single step:false
App Mode: DEVELOPER
Menu Key: ESCAPE
Stage Style: DECORATED
Scene Factory: class com.almasb.fxgl.app.scene.SceneFactory

15:46:56.086 [JavaFX Application Thread] DEBUG FXGLApplication      - Initializing FXGL
15:46:56.090 [JavaFX Application Thread] INFO  Engine               - FXGL-17.1 (24.03.2022 17.34) on WINDOWS (J:19.0.1 FX:19-ea)
15:46:56.090 [JavaFX Application Thread] DEBUG Engine               - JRE Vendor Name: Oracle Corporation
15:46:56.090 [JavaFX Application Thread] DEBUG Engine               - Running on OS: Windows 11 version 10.0
15:46:56.091 [JavaFX Application Thread] DEBUG Engine               - Architecture: amd64
15:46:56.091 [JavaFX Application Thread] INFO  Engine               - Source code and latest versions at: https://github.com/AlmasB/FXGL
15:46:56.091 [JavaFX Application Thread] INFO  Engine               -       Ask questions and discuss at: https://github.com/AlmasB/FXGL/discussions
15:46:56.091 [JavaFX Application Thread] INFO  Engine               -              Join the FXGL chat at: https://gitter.im/AlmasB/FXGL
15:46:56.190 [JavaFX Application Thread] DEBUG PrimaryStageWindow   - Creating a JavaFX scene
15:46:56.231 [JavaFX Application Thread] DEBUG PrimaryStageWindow   - Target settings size: 800.0 x 600.0
15:46:56.231 [JavaFX Application Thread] DEBUG PrimaryStageWindow   - Scaled scene size:    800.0 x 600.0
15:46:56.231 [JavaFX Application Thread] DEBUG PrimaryStageWindow   - Scaled ratio: (1.0, 1.0)
15:46:56.233 [JavaFX Application Thread] DEBUG PrimaryStageWindow   - Set initial scene to FXGLStartupScene
15:46:56.240 [JavaFX Application Thread] DEBUG PrimaryStageWindow   - Opening main window
15:46:56.311 [JavaFX Application Thread] DEBUG PrimaryStageWindow   - Window border size: (14.66668701171875, 37.33331298828125)
15:46:56.312 [JavaFX Application Thread] DEBUG PrimaryStageWindow   - Scaled size: 800.0 x 600.0
15:46:56.312 [JavaFX Application Thread] DEBUG PrimaryStageWindow   - Scaled ratio: (1.0, 1.0)
15:46:56.312 [JavaFX Application Thread] DEBUG PrimaryStageWindow   - Scene size: 800.0 x 600.0
15:46:56.312 [JavaFX Application Thread] DEBUG PrimaryStageWindow   - Stage size: 814.6666870117188 x 637.3333129882812
15:46:56.379 [JavaFX Application Thread] DEBUG PrimaryStageWindow   - Going fullscreen
15:46:56.389 [FXGL Background Thread 1 ] DEBUG Engine               - Initializing environment variables
15:46:56.436 [FXGL Background Thread 1 ] DEBUG FXGLAssetLoaderServi - User app class for loading assets: class com.hsleidenKombat.Game
15:46:56.436 [FXGL Background Thread 1 ] DEBUG GameApplicationServi - Applying CSS: fxgl_dark.css
15:46:56.437 [FXGL Background Thread 1 ] DEBUG FXGLAssetLoaderServi - Loading from file system: jar:file:/C:/Users/karos/.m2/repository/com/github/almasb/fxgl/17.1/fxgl-17.1.jar!/fxglassets/ui/css/fxgl_dark.css
15:46:56.475 [FXGL Background Thread 1 ] DEBUG GameApplicationServi - Initializing application scenes
15:46:56.507 [FXGL Background Thread 1 ] DEBUG GameWorld            - Game world initialized
15:46:56.565 [FXGL Background Thread 1 ] DEBUG PhysicsWorld         - Physics world initialized: appHeight=600, physics.ppm=50.0
15:46:56.565 [FXGL Background Thread 1 ] DEBUG PhysicsWorld         - Using strategy: BRUTE_FORCE
15:46:56.568 [FXGL Background Thread 1 ] DEBUG GameScene            - Game scene initialized: 800x600
15:46:56.578 [FXGL Background Thread 1 ] DEBUG FXGL.DefaultMenu     - createMenuBodyGameMenu()
15:46:56.590 [FXGL Background Thread 1 ] DEBUG FXGL.DefaultMenu     - createOptionsMenu()
15:46:56.600 [FXGL Background Thread 1 ] DEBUG FXGLAssetLoaderServi - Loading from file system: jar:file:/C:/Users/karos/.m2/repository/com/github/almasb/fxgl/17.1/fxgl-17.1.jar!/fxglassets/textures/particles/smoke.png
15:46:56.701 [FXGL Background Thread 1 ] DEBUG FXGLAssetLoaderServi - Loading from file system: jar:file:/C:/Users/karos/.m2/repository/com/github/almasb/fxgl/17.1/fxgl-17.1.jar!/fxglassets/textures/particles/trace_horizontal.png
15:46:56.728 [FXGL Background Thread 1 ] DEBUG GameApplicationServi - Application scenes initialized
15:46:56.739 [FXGL Background Thread 1 ] DEBUG SystemBundleService  - Loading FXGL system data
15:46:56.745 [FXGL Background Thread 1 ] DEBUG FileSystemAccess     - Reading from: C:\Users\karos\IdeaProjects\HS-Leiden-Kombat\system\fxgl.bundle
15:46:56.752 [FXGL Background Thread 1 ] DEBUG SystemBundleService  - Bundle FXGL: {}
15:46:56.752 [FXGL Background Thread 1 ] DEBUG UpdaterService       - Checking for updates
15:46:56.779 [FXGL Background Thread 4 ] DEBUG FXGLApplication      - Loading fonts
15:46:56.780 [FXGL Background Thread 4 ] DEBUG FXGLAssetLoaderServi - Loading from file system: jar:file:/C:/Users/karos/.m2/repository/com/github/almasb/fxgl/17.1/fxgl-17.1.jar!/fxglassets/ui/fonts/VarelaRound-Regular.ttf
15:46:56.780 [FXGL Background Thread 1 ] DEBUG FXGLApplication      - Loading default localization
15:46:56.781 [FXGL Background Thread 1 ] DEBUG FXGLAssetLoaderServi - Loading from file system: jar:file:/C:/Users/karos/.m2/repository/com/github/almasb/fxgl/17.1/fxgl-17.1.jar!/fxglassets/languages/english.lang
15:46:56.801 [FXGL Background Thread 1 ] INFO  FXGLApplication      - FXGL initialization took: 0.412 sec
15:46:56.802 [JavaFX Application Thread] DEBUG FXGLAssetLoaderServi - Loading from file system: jar:file:/C:/Users/karos/.m2/repository/com/github/almasb/fxgl/17.1/fxgl-17.1.jar!/fxglassets/textures/fxgl_icon.png
15:46:56.823 [JavaFX Application Thread] DEBUG FXGLAssetLoaderServi - Loading from file system: jar:file:/C:/Users/karos/.m2/repository/com/github/almasb/fxgl/17.1/fxgl-17.1.jar!/fxglassets/textures/fxgl_default_cursor.png
15:46:56.832 [FXGL Background Thread 4 ] DEBUG FXGLAssetLoaderServi - Loading from file system: jar:file:/C:/Users/karos/.m2/repository/com/github/almasb/fxgl/17.1/fxgl-17.1.jar!/fxglassets/ui/fonts/Abel-Regular.ttf
15:46:56.835 [JavaFX Application Thread] DEBUG Input                - Registered new binding: Screenshot - CTRL+8
15:46:56.835 [JavaFX Application Thread] DEBUG Input                - Registered new binding: Dev Options - 1
15:46:56.836 [JavaFX Application Thread] DEBUG Input                - Registered new binding: Dev Console - 2
15:46:56.836 [JavaFX Application Thread] DEBUG Input                - Registered new binding: System info dump - CTRL+9
15:46:56.837 [JavaFX Application Thread] DEBUG Input                - Registered new binding: Restart - CTRL+R
15:46:56.837 [FXGL Background Thread 4 ] DEBUG FXGLAssetLoaderServi - Loading from file system: jar:file:/C:/Users/karos/.m2/repository/com/github/almasb/fxgl/17.1/fxgl-17.1.jar!/fxglassets/ui/fonts/TerminalLandMono-Regular.otf
15:46:56.837 [JavaFX Application Thread] DEBUG Input                - Registered new binding: Toggle Debug Camera - CTRL+7
15:46:56.841 [JavaFX Application Thread] DEBUG LoopRunner           - Starting loop
15:46:56.843 [FXGL Background Thread 4 ] DEBUG FXGLAssetLoaderServi - Loading from file system: jar:file:/C:/Users/karos/.m2/repository/com/github/almasb/fxgl/17.1/fxgl-17.1.jar!/fxglassets/ui/fonts/Courier-Prime.ttf
15:46:56.857 [JavaFX Application Thread] DEBUG LoopRunner           - Initializing JavaFX AnimationTimerLoop
15:46:56.858 [JavaFX Application Thread] DEBUG GameApplicationServi - Starting new game
15:46:56.859 [JavaFX Application Thread] DEBUG Input                - Clearing active input actions
15:46:56.869 [JavaFX Application Thread] DEBUG GameApplicationServi - Removing overlay from FXGLStartupScene and adding to FXGLLoadingScene
15:46:56.874 [JavaFX Application Thread] DEBUG PrimaryStageWindow   - FXGLStartupScene -> FXGLLoadingScene
15:46:56.874 [JavaFX Application Thread] DEBUG GameApplicationServi - Clearing previous game
15:46:56.874 [JavaFX Application Thread] DEBUG GameScene            - Clearing game scene
15:46:56.875 [JavaFX Application Thread] DEBUG GameWorld            - Clearing game world
15:46:56.875 [JavaFX Application Thread] DEBUG PhysicsWorld         - Clearing physics world
15:46:56.876 [FXGL Background Thread 4 ] DEBUG FXGLApplication      - Initializing game
15:46:56.881 [FXGL Background Thread 4 ] DEBUG FXGLAssetLoaderServi - Loading from file system: file:/C:/Users/karos/IdeaProjects/HS-Leiden-Kombat/target/classes/assets/textures/Background7.jpeg
15:46:56.940 [FXGL Background Thread 4 ] DEBUG FXGLAssetLoaderServi - Loading from file system: file:/C:/Users/karos/IdeaProjects/HS-Leiden-Kombat/target/classes/assets/textures/spritesheet.png
15:46:56.946 [FXGL Background Thread 4 ] DEBUG FXGLAssetLoaderServi - Loading from file system: file:/C:/Users/karos/IdeaProjects/HS-Leiden-Kombat/target/classes/assets/textures/spritesheet-lopen.png
15:46:56.949 [FXGL Background Thread 4 ] DEBUG FXGLAssetLoaderServi - Loading from file system: file:/C:/Users/karos/IdeaProjects/HS-Leiden-Kombat/target/classes/assets/textures/punch.png
15:46:56.978 [FXGL Background Thread 4 ] DEBUG Input                - Registered new binding: Move Left - A
15:46:56.978 [FXGL Background Thread 4 ] DEBUG Input                - Registered new binding: Move Right - D
15:46:56.978 [FXGL Background Thread 4 ] DEBUG Input                - Registered new binding: Move Up - W
15:46:56.978 [FXGL Background Thread 4 ] DEBUG Input                - Registered new binding: Duck - S
15:46:56.978 [FXGL Background Thread 4 ] DEBUG Input                - Registered new binding: Move Left 2 - Left
15:46:56.978 [FXGL Background Thread 4 ] DEBUG Input                - Registered new binding: Move Right 2 - Right
15:46:56.979 [FXGL Background Thread 4 ] DEBUG Input                - Registered new binding: Move Up 2 - Up
15:46:56.979 [FXGL Background Thread 4 ] DEBUG Input                - Registered new binding: Duck2 - Down
15:46:56.979 [FXGL Background Thread 4 ] DEBUG Input                - Registered new binding: Punch - F
15:46:56.980 [FXGL Background Thread 4 ] INFO  FXGLApplication      - Game initialization took: 0.104 sec
15:46:57.100 [JavaFX Application Thread] DEBUG FXGLApplication      - Registering font factories with UI factory
15:46:57.113 [JavaFX Application Thread] DEBUG Input                - Clearing active input actions
15:46:57.125 [JavaFX Application Thread] DEBUG GameApplicationServi - Removing overlay from FXGLLoadingScene and adding to GameScene
15:46:57.129 [JavaFX Application Thread] DEBUG PrimaryStageWindow   - FXGLLoadingScene -> GameScene
15:46:57.172 [FXGL Background Thread 2 ] INFO  UpdaterService       - Your current version:  17.1
15:46:57.172 [FXGL Background Thread 2 ] INFO  UpdaterService       - Latest stable version: 17.3
15:46:59.779 [FXGL Background Thread 3 ] DEBUG Engine               - Logging environment variables
15:46:59.781 [FXGL Background Thread 3 ] DEBUG Engine               - achievements: []
15:46:59.781 [FXGL Background Thread 3 ] DEBUG Engine               - actualHeight: 720.0
15:46:59.782 [FXGL Background Thread 3 ] DEBUG Engine               - actualHeightProperty: ReadOnlyDoubleProperty [value: 720.0]
15:46:59.782 [FXGL Background Thread 3 ] DEBUG Engine               - actualWidth: 1280.0
15:46:59.782 [FXGL Background Thread 3 ] DEBUG Engine               - actualWidthProperty: ReadOnlyDoubleProperty [value: 1280.0]
15:46:59.782 [FXGL Background Thread 3 ] DEBUG Engine               - appIcon: fxgl_icon.png
15:46:59.782 [FXGL Background Thread 3 ] DEBUG Engine               - applicationMode: DEVELOPER
15:46:59.782 [FXGL Background Thread 3 ] DEBUG Engine               - cSSList: [fxgl_dark.css]
15:46:59.782 [FXGL Background Thread 3 ] DEBUG Engine               - collisionDetectionStrategy: BRUTE_FORCE
15:46:59.782 [FXGL Background Thread 3 ] DEBUG Engine               - configClass: Optional.empty
15:46:59.783 [FXGL Background Thread 3 ] DEBUG Engine               - credits: []
15:46:59.783 [FXGL Background Thread 3 ] DEBUG Engine               - defaultCursor: CursorInfo(imageName=fxgl_default_cursor.png, hotspotX=7.0, hotspotY=6.0)
15:46:59.784 [FXGL Background Thread 3 ] DEBUG Engine               - devBBoxColorProperty: ObjectProperty [value: 0xff0000ff]
15:46:59.784 [FXGL Background Thread 3 ] DEBUG Engine               - devEnableDebugCameraProperty: BooleanProperty [value: false]
15:46:59.784 [FXGL Background Thread 3 ] DEBUG Engine               - devSensorColorProperty: ObjectProperty [value: 0xffff00ff]
15:46:59.784 [FXGL Background Thread 3 ] DEBUG Engine               - devShowBBoxProperty: BooleanProperty [value: false]
15:46:59.784 [FXGL Background Thread 3 ] DEBUG Engine               - devShowPositionProperty: BooleanProperty [value: false]
15:46:59.784 [FXGL Background Thread 3 ] DEBUG Engine               - enabledMenuItems: []
15:46:59.784 [FXGL Background Thread 3 ] DEBUG Engine               - engineServices: [class com.almasb.fxgl.app.services.FXGLAssetLoaderService, class com.almasb.fxgl.app.FXGLApplication$GameApplicationService, class com.almasb.fxgl.app.services.FXGLDialogService, class com.almasb.fxgl.app.services.IOTaskExecutorService, class com.almasb.fxgl.io.FileSystemService, class com.almasb.fxgl.localization.LocalizationService, class com.almasb.fxgl.app.services.SystemBundleService, class com.almasb.fxgl.profile.SaveLoadService, class com.almasb.fxgl.ui.FXGLUIFactoryServiceProvider, class com.almasb.fxgl.ui.FXGLDialogFactoryServiceProvider, class com.almasb.fxgl.audio.AudioPlayer, class com.almasb.fxgl.notification.impl.NotificationServiceProvider, class com.almasb.fxgl.achievement.AchievementService, class com.almasb.fxgl.cutscene.CutsceneService, class com.almasb.fxgl.minigames.MiniGameService, class com.almasb.fxgl.net.NetService, class com.almasb.fxgl.app.services.UpdaterService, class com.almasb.fxgl.dev.DevService]
15:46:59.786 [FXGL Background Thread 3 ] DEBUG Engine               - fontGame: Abel-Regular.ttf
15:46:59.786 [FXGL Background Thread 3 ] DEBUG Engine               - fontMono: TerminalLandMono-Regular.otf
15:46:59.786 [FXGL Background Thread 3 ] DEBUG Engine               - fontText: Courier-Prime.ttf
15:46:59.786 [FXGL Background Thread 3 ] DEBUG Engine               - fontUI: VarelaRound-Regular.ttf
15:46:59.786 [FXGL Background Thread 3 ] DEBUG Engine               - fullScreen: BooleanProperty [value: true]
15:46:59.786 [FXGL Background Thread 3 ] DEBUG Engine               - gameDifficulty: MEDIUM
15:46:59.786 [FXGL Background Thread 3 ] DEBUG Engine               - gameDifficultyProperty: ObjectProperty [value: MEDIUM]
15:46:59.786 [FXGL Background Thread 3 ] DEBUG Engine               - globalMusicVolume: 0.5
15:46:59.786 [FXGL Background Thread 3 ] DEBUG Engine               - globalMusicVolumeProperty: DoubleProperty [value: 0.5]
15:46:59.786 [FXGL Background Thread 3 ] DEBUG Engine               - globalSoundVolume: 0.5
15:46:59.786 [FXGL Background Thread 3 ] DEBUG Engine               - globalSoundVolumeProperty: DoubleProperty [value: 0.5]
15:46:59.787 [FXGL Background Thread 3 ] DEBUG Engine               - height: 600
15:46:59.787 [FXGL Background Thread 3 ] DEBUG Engine               - is3D: false
15:46:59.787 [FXGL Background Thread 3 ] DEBUG Engine               - isAndroid: false
15:46:59.787 [FXGL Background Thread 3 ] DEBUG Engine               - isBrowser: false
15:46:59.787 [FXGL Background Thread 3 ] DEBUG Engine               - isClickFeedbackEnabled: false
15:46:59.787 [FXGL Background Thread 3 ] DEBUG Engine               - isCloseConfirmation: false
15:46:59.787 [FXGL Background Thread 3 ] DEBUG Engine               - isDesktop: true
15:46:59.787 [FXGL Background Thread 3 ] DEBUG Engine               - isDeveloperMenuEnabled: true
15:46:59.787 [FXGL Background Thread 3 ] DEBUG Engine               - isEmbedded: false
15:46:59.789 [FXGL Background Thread 3 ] DEBUG Engine               - isEntityPreloadEnabled: true
15:46:59.789 [FXGL Background Thread 3 ] DEBUG Engine               - isExperimentalTiledLargeMap: false
15:46:59.789 [FXGL Background Thread 3 ] DEBUG Engine               - isFileSystemWriteAllowed: true
15:46:59.789 [FXGL Background Thread 3 ] DEBUG Engine               - isFullScreenAllowed: true
15:46:59.789 [FXGL Background Thread 3 ] DEBUG Engine               - isFullScreenFromStart: true
15:46:59.789 [FXGL Background Thread 3 ] DEBUG Engine               - isGameMenuEnabled: true
15:46:59.789 [FXGL Background Thread 3 ] DEBUG Engine               - isIOS: false
15:46:59.790 [FXGL Background Thread 3 ] DEBUG Engine               - isIntroEnabled: false
15:46:59.790 [FXGL Background Thread 3 ] DEBUG Engine               - isLinux: false
15:46:59.790 [FXGL Background Thread 3 ] DEBUG Engine               - isMac: false
15:46:59.790 [FXGL Background Thread 3 ] DEBUG Engine               - isMainMenuEnabled: false
15:46:59.790 [FXGL Background Thread 3 ] DEBUG Engine               - isManualResizeEnabled: false
15:46:59.790 [FXGL Background Thread 3 ] DEBUG Engine               - isMobile: false
15:46:59.790 [FXGL Background Thread 3 ] DEBUG Engine               - isNative: false
15:46:59.791 [FXGL Background Thread 3 ] DEBUG Engine               - isPauseMusicWhenMinimized: true
15:46:59.791 [FXGL Background Thread 3 ] DEBUG Engine               - isPreserveResizeRatio: false
15:46:59.791 [FXGL Background Thread 3 ] DEBUG Engine               - isProfilingEnabled: false
15:46:59.791 [FXGL Background Thread 3 ] DEBUG Engine               - isScaleAffectedOnResize: true
15:46:59.791 [FXGL Background Thread 3 ] DEBUG Engine               - isSingleStep: false
15:46:59.791 [FXGL Background Thread 3 ] DEBUG Engine               - isUserProfileEnabled: false
15:46:59.791 [FXGL Background Thread 3 ] DEBUG Engine               - isWindows: true
15:46:59.791 [FXGL Background Thread 3 ] DEBUG Engine               - language: ObjectProperty [value: ENGLISH]
15:46:59.792 [FXGL Background Thread 3 ] DEBUG Engine               - menuKey: ESCAPE
15:46:59.792 [FXGL Background Thread 3 ] DEBUG Engine               - mouseSensitivity: 0.2
15:46:59.792 [FXGL Background Thread 3 ] DEBUG Engine               - notificationViewClass: class com.almasb.fxgl.notification.view.XboxNotificationView
15:46:59.792 [FXGL Background Thread 3 ] DEBUG Engine               - pixelsPerMeter: 50.0
15:46:59.792 [FXGL Background Thread 3 ] DEBUG Engine               - platform: WINDOWS
15:46:59.792 [FXGL Background Thread 3 ] DEBUG Engine               - prefHeightProperty: ReadOnlyDoubleProperty [value: 600.0]
15:46:59.792 [FXGL Background Thread 3 ] DEBUG Engine               - prefWidthProperty: ReadOnlyDoubleProperty [value: 800.0]
15:46:59.792 [FXGL Background Thread 3 ] DEBUG Engine               - profileDir: profiles/
15:46:59.793 [FXGL Background Thread 3 ] DEBUG Engine               - profileName: StringProperty [value: DEFAULT]
15:46:59.793 [FXGL Background Thread 3 ] DEBUG Engine               - randomSeed: -1
15:46:59.793 [FXGL Background Thread 3 ] DEBUG Engine               - runtimeInfo: RuntimeInfo(platform=WINDOWS, version=17.1, build=24.03.2022 17.34)
15:46:59.794 [FXGL Background Thread 3 ] DEBUG Engine               - saveFileExt: sav
15:46:59.794 [FXGL Background Thread 3 ] DEBUG Engine               - scaledHeightProp$fxgl: DoubleProperty [bound, value: 720.0]
15:46:59.794 [FXGL Background Thread 3 ] DEBUG Engine               - scaledWidthProp$fxgl: DoubleProperty [bound, value: 1280.0]
15:46:59.794 [FXGL Background Thread 3 ] DEBUG Engine               - sceneFactory: com.almasb.fxgl.app.scene.SceneFactory@7058d068
15:46:59.794 [FXGL Background Thread 3 ] DEBUG Engine               - secondsIn24h: 60
15:46:59.794 [FXGL Background Thread 3 ] DEBUG Engine               - soundMenuBack: menu/back.wav
15:46:59.795 [FXGL Background Thread 3 ] DEBUG Engine               - soundMenuPress: menu/press.wav
15:46:59.795 [FXGL Background Thread 3 ] DEBUG Engine               - soundMenuSelect: menu/select.wav
15:46:59.795 [FXGL Background Thread 3 ] DEBUG Engine               - soundNotification: core/notification.wav
15:46:59.795 [FXGL Background Thread 3 ] DEBUG Engine               - stageStyle: DECORATED
15:46:59.795 [FXGL Background Thread 3 ] DEBUG Engine               - supportedLanguages: [ENGLISH, FRENCH, GERMAN, HUNGARIAN, RUSSIAN]
15:46:59.795 [FXGL Background Thread 3 ] DEBUG Engine               - ticksPerSecond: -1
15:46:59.795 [FXGL Background Thread 3 ] DEBUG Engine               - title: Hsleiden Kombat
15:46:59.795 [FXGL Background Thread 3 ] DEBUG Engine               - urlGithub: https://github.com/AlmasB/FXGL
15:46:59.795 [FXGL Background Thread 3 ] DEBUG Engine               - urlLeaderboard: http://fxgl-top.herokuapp.com/
15:46:59.797 [FXGL Background Thread 3 ] DEBUG Engine               - urlPOM: https://raw.githubusercontent.com/AlmasB/FXGL/release/README.md
15:46:59.797 [FXGL Background Thread 3 ] DEBUG Engine               - userAppClass: class com.hsleidenKombat.Game
15:46:59.797 [FXGL Background Thread 3 ] DEBUG Engine               - version: 0.0
15:46:59.797 [FXGL Background Thread 3 ] DEBUG Engine               - versionCheckDays: 7
15:46:59.797 [FXGL Background Thread 3 ] DEBUG Engine               - width: 800
15:46:59.797 [FXGL Background Thread 3 ] DEBUG Engine               - Logging services
15:46:59.797 [FXGL Background Thread 3 ] DEBUG Engine               - class com.almasb.fxgl.app.services.FXGLAssetLoaderService
15:46:59.797 [FXGL Background Thread 3 ] DEBUG Engine               - class com.almasb.fxgl.app.FXGLApplication$GameApplicationService
15:46:59.797 [FXGL Background Thread 3 ] DEBUG Engine               - class com.almasb.fxgl.app.services.FXGLDialogService
15:46:59.797 [FXGL Background Thread 3 ] DEBUG Engine               - class com.almasb.fxgl.app.services.IOTaskExecutorService
15:46:59.797 [FXGL Background Thread 3 ] DEBUG Engine               - class com.almasb.fxgl.io.FileSystemService
15:46:59.797 [FXGL Background Thread 3 ] DEBUG Engine               - class com.almasb.fxgl.localization.LocalizationService
15:46:59.797 [FXGL Background Thread 3 ] DEBUG Engine               - class com.almasb.fxgl.app.services.SystemBundleService
15:46:59.798 [FXGL Background Thread 3 ] DEBUG Engine               - class com.almasb.fxgl.profile.SaveLoadService
15:46:59.798 [FXGL Background Thread 3 ] DEBUG Engine               - class com.almasb.fxgl.ui.FXGLUIFactoryServiceProvider
15:46:59.798 [FXGL Background Thread 3 ] DEBUG Engine               - class com.almasb.fxgl.ui.FXGLDialogFactoryServiceProvider
15:46:59.798 [FXGL Background Thread 3 ] DEBUG Engine               - class com.almasb.fxgl.audio.AudioPlayer
15:46:59.798 [FXGL Background Thread 3 ] DEBUG Engine               - class com.almasb.fxgl.notification.impl.NotificationServiceProvider
15:46:59.798 [FXGL Background Thread 3 ] DEBUG Engine               - class com.almasb.fxgl.achievement.AchievementService
15:46:59.798 [FXGL Background Thread 3 ] DEBUG Engine               - class com.almasb.fxgl.cutscene.CutsceneService
15:46:59.798 [FXGL Background Thread 3 ] DEBUG Engine               - class com.almasb.fxgl.minigames.MiniGameService
15:46:59.798 [FXGL Background Thread 3 ] DEBUG Engine               - class com.almasb.fxgl.net.NetService
15:46:59.798 [FXGL Background Thread 3 ] DEBUG Engine               - class com.almasb.fxgl.app.services.UpdaterService
15:46:59.799 [FXGL Background Thread 3 ] DEBUG Engine               - class com.almasb.fxgl.dev.DevService
15:47:53.727 [JavaFX Application Thread] DEBUG PrimaryStageWindow   - Push state: FXGLDefaultMenu
15:47:53.734 [JavaFX Application Thread] DEBUG Input                - Clearing active input actions
15:47:53.737 [JavaFX Application Thread] DEBUG GameApplicationServi - Removing overlay from GameScene and adding to FXGLDefaultMenu
15:47:53.742 [JavaFX Application Thread] DEBUG PrimaryStageWindow   - GameScene -> FXGLDefaultMenu
15:47:54.725 [JavaFX Application Thread] DEBUG Menu                 - fireExit()
15:47:54.727 [JavaFX Application Thread] DEBUG PrimaryStageWindow   - Push state: DialogSubScene
15:47:54.727 [JavaFX Application Thread] DEBUG Input                - Clearing active input actions
15:47:54.728 [JavaFX Application Thread] DEBUG GameApplicationServi - Removing overlay from FXGLDefaultMenu and adding to DialogSubScene
15:47:54.729 [JavaFX Application Thread] DEBUG PrimaryStageWindow   - FXGLDefaultMenu -> DialogSubScene
15:47:55.440 [JavaFX Application Thread] DEBUG PrimaryStageWindow   - Pop state: DialogSubScene
15:47:55.441 [JavaFX Application Thread] DEBUG Input                - Clearing active input actions
15:47:55.442 [JavaFX Application Thread] DEBUG GameApplicationServi - Removing overlay from DialogSubScene and adding to FXGLDefaultMenu
15:47:55.444 [JavaFX Application Thread] DEBUG PrimaryStageWindow   - FXGLDefaultMenu <- DialogSubScene
15:47:55.446 [JavaFX Application Thread] DEBUG FXGLApplication      - Exiting FXGL
15:47:55.446 [JavaFX Application Thread] DEBUG LoopRunner           - Stopping loop
15:47:55.446 [JavaFX Application Thread] DEBUG SystemBundleService  - Saving FXGL system data
15:47:55.452 [JavaFX Application Thread] DEBUG FileSystemAccess     - Writing to: C:\Users\karos\IdeaProjects\HS-Leiden-Kombat\system\fxgl.bundle
15:47:55.456 [JavaFX Application Thread] DEBUG Async                - Shutting down background threads
15:47:55.457 [JavaFX Application Thread] DEBUG PrimaryStageWindow   - Closing main window
15:47:55.489 [JavaFX Application Thread] DEBUG Logger               - Closing Logger
