18:02:01.319 [main                     ] DEBUG Logger               - Configured Logger
18:02:01.341 [main                     ] DEBUG GameApplication      - Logging settings
Title: Hsleiden Kombat
Version: 0.0
Width: 800
Height: 600
Fullscreen: true
Intro: false
Profiling: false
Single step:false
App Mode: DEVELOPER
Menu Key: ESCAPE
Stage Style: DECORATED
Scene Factory: class com.almasb.fxgl.app.scene.SceneFactory

18:02:01.694 [JavaFX Application Thread] DEBUG FXGLApplication      - Initializing FXGL
18:02:01.698 [JavaFX Application Thread] INFO  Engine               - FXGL-17.1 (24.03.2022 17.34) on WINDOWS (J:19.0.1 FX:19-ea)
18:02:01.698 [JavaFX Application Thread] DEBUG Engine               - JRE Vendor Name: Oracle Corporation
18:02:01.699 [JavaFX Application Thread] DEBUG Engine               - Running on OS: Windows 11 version 10.0
18:02:01.699 [JavaFX Application Thread] DEBUG Engine               - Architecture: amd64
18:02:01.699 [JavaFX Application Thread] INFO  Engine               - Source code and latest versions at: https://github.com/AlmasB/FXGL
18:02:01.699 [JavaFX Application Thread] INFO  Engine               -       Ask questions and discuss at: https://github.com/AlmasB/FXGL/discussions
18:02:01.699 [JavaFX Application Thread] INFO  Engine               -              Join the FXGL chat at: https://gitter.im/AlmasB/FXGL
18:02:01.797 [JavaFX Application Thread] DEBUG PrimaryStageWindow   - Creating a JavaFX scene
18:02:01.837 [JavaFX Application Thread] DEBUG PrimaryStageWindow   - Target settings size: 800.0 x 600.0
18:02:01.838 [JavaFX Application Thread] DEBUG PrimaryStageWindow   - Scaled scene size:    800.0 x 600.0
18:02:01.838 [JavaFX Application Thread] DEBUG PrimaryStageWindow   - Scaled ratio: (1.0, 1.0)
18:02:01.839 [JavaFX Application Thread] DEBUG PrimaryStageWindow   - Set initial scene to FXGLStartupScene
18:02:01.849 [JavaFX Application Thread] DEBUG PrimaryStageWindow   - Opening main window
18:02:01.917 [JavaFX Application Thread] DEBUG PrimaryStageWindow   - Window border size: (14.66668701171875, 37.33331298828125)
18:02:01.917 [JavaFX Application Thread] DEBUG PrimaryStageWindow   - Scaled size: 800.0 x 600.0
18:02:01.917 [JavaFX Application Thread] DEBUG PrimaryStageWindow   - Scaled ratio: (1.0, 1.0)
18:02:01.917 [JavaFX Application Thread] DEBUG PrimaryStageWindow   - Scene size: 800.0 x 600.0
18:02:01.917 [JavaFX Application Thread] DEBUG PrimaryStageWindow   - Stage size: 814.6666870117188 x 637.3333129882812
18:02:01.982 [JavaFX Application Thread] DEBUG PrimaryStageWindow   - Going fullscreen
18:02:01.993 [FXGL Background Thread 1 ] DEBUG Engine               - Initializing environment variables
18:02:02.038 [FXGL Background Thread 1 ] DEBUG FXGLAssetLoaderServi - User app class for loading assets: class com.hsleidenKombat.Game
18:02:02.038 [FXGL Background Thread 1 ] DEBUG GameApplicationServi - Applying CSS: fxgl_dark.css
18:02:02.038 [FXGL Background Thread 1 ] DEBUG FXGLAssetLoaderServi - Loading from file system: jar:file:/C:/Users/karos/.m2/repository/com/github/almasb/fxgl/17.1/fxgl-17.1.jar!/fxglassets/ui/css/fxgl_dark.css
18:02:02.070 [FXGL Background Thread 1 ] DEBUG GameApplicationServi - Initializing application scenes
18:02:02.100 [FXGL Background Thread 1 ] DEBUG GameWorld            - Game world initialized
18:02:02.152 [FXGL Background Thread 1 ] DEBUG PhysicsWorld         - Physics world initialized: appHeight=600, physics.ppm=50.0
18:02:02.152 [FXGL Background Thread 1 ] DEBUG PhysicsWorld         - Using strategy: BRUTE_FORCE
18:02:02.155 [FXGL Background Thread 1 ] DEBUG GameScene            - Game scene initialized: 800x600
18:02:02.164 [FXGL Background Thread 1 ] DEBUG FXGL.DefaultMenu     - createMenuBodyGameMenu()
18:02:02.175 [FXGL Background Thread 1 ] DEBUG FXGL.DefaultMenu     - createOptionsMenu()
18:02:02.183 [FXGL Background Thread 1 ] DEBUG FXGLAssetLoaderServi - Loading from file system: jar:file:/C:/Users/karos/.m2/repository/com/github/almasb/fxgl/17.1/fxgl-17.1.jar!/fxglassets/textures/particles/smoke.png
18:02:02.269 [FXGL Background Thread 1 ] DEBUG FXGLAssetLoaderServi - Loading from file system: jar:file:/C:/Users/karos/.m2/repository/com/github/almasb/fxgl/17.1/fxgl-17.1.jar!/fxglassets/textures/particles/trace_horizontal.png
18:02:02.300 [FXGL Background Thread 1 ] DEBUG GameApplicationServi - Application scenes initialized
18:02:02.310 [FXGL Background Thread 1 ] DEBUG SystemBundleService  - Loading FXGL system data
18:02:02.313 [FXGL Background Thread 1 ] DEBUG FileSystemAccess     - Reading from: C:\Users\karos\IdeaProjects\HS-Leiden-Kombat\system\fxgl.bundle
18:02:02.320 [FXGL Background Thread 1 ] DEBUG SystemBundleService  - Bundle FXGL: {}
18:02:02.321 [FXGL Background Thread 1 ] DEBUG UpdaterService       - Checking for updates
18:02:02.342 [FXGL Background Thread 4 ] DEBUG FXGLApplication      - Loading fonts
18:02:02.342 [FXGL Background Thread 1 ] DEBUG FXGLApplication      - Loading default localization
18:02:02.342 [FXGL Background Thread 4 ] DEBUG FXGLAssetLoaderServi - Loading from file system: jar:file:/C:/Users/karos/.m2/repository/com/github/almasb/fxgl/17.1/fxgl-17.1.jar!/fxglassets/ui/fonts/VarelaRound-Regular.ttf
18:02:02.342 [FXGL Background Thread 1 ] DEBUG FXGLAssetLoaderServi - Loading from file system: jar:file:/C:/Users/karos/.m2/repository/com/github/almasb/fxgl/17.1/fxgl-17.1.jar!/fxglassets/languages/english.lang
18:02:02.359 [FXGL Background Thread 1 ] INFO  FXGLApplication      - FXGL initialization took: 0.367 sec
18:02:02.361 [JavaFX Application Thread] DEBUG FXGLAssetLoaderServi - Loading from file system: jar:file:/C:/Users/karos/.m2/repository/com/github/almasb/fxgl/17.1/fxgl-17.1.jar!/fxglassets/textures/fxgl_icon.png
18:02:02.378 [JavaFX Application Thread] DEBUG FXGLAssetLoaderServi - Loading from file system: jar:file:/C:/Users/karos/.m2/repository/com/github/almasb/fxgl/17.1/fxgl-17.1.jar!/fxglassets/textures/fxgl_default_cursor.png
18:02:02.388 [FXGL Background Thread 4 ] DEBUG FXGLAssetLoaderServi - Loading from file system: jar:file:/C:/Users/karos/.m2/repository/com/github/almasb/fxgl/17.1/fxgl-17.1.jar!/fxglassets/ui/fonts/Abel-Regular.ttf
18:02:02.390 [JavaFX Application Thread] DEBUG Input                - Registered new binding: Screenshot - CTRL+8
18:02:02.390 [JavaFX Application Thread] DEBUG Input                - Registered new binding: Dev Options - 1
18:02:02.391 [JavaFX Application Thread] DEBUG Input                - Registered new binding: Dev Console - 2
18:02:02.391 [JavaFX Application Thread] DEBUG Input                - Registered new binding: System info dump - CTRL+9
18:02:02.392 [JavaFX Application Thread] DEBUG Input                - Registered new binding: Restart - CTRL+R
18:02:02.392 [FXGL Background Thread 4 ] DEBUG FXGLAssetLoaderServi - Loading from file system: jar:file:/C:/Users/karos/.m2/repository/com/github/almasb/fxgl/17.1/fxgl-17.1.jar!/fxglassets/ui/fonts/TerminalLandMono-Regular.otf
18:02:02.392 [JavaFX Application Thread] DEBUG Input                - Registered new binding: Toggle Debug Camera - CTRL+7
18:02:02.395 [JavaFX Application Thread] DEBUG LoopRunner           - Starting loop
18:02:02.397 [FXGL Background Thread 4 ] DEBUG FXGLAssetLoaderServi - Loading from file system: jar:file:/C:/Users/karos/.m2/repository/com/github/almasb/fxgl/17.1/fxgl-17.1.jar!/fxglassets/ui/fonts/Courier-Prime.ttf
18:02:02.410 [JavaFX Application Thread] DEBUG LoopRunner           - Initializing JavaFX AnimationTimerLoop
18:02:02.413 [JavaFX Application Thread] DEBUG GameApplicationServi - Starting new game
18:02:02.413 [JavaFX Application Thread] DEBUG Input                - Clearing active input actions
18:02:02.423 [JavaFX Application Thread] DEBUG GameApplicationServi - Removing overlay from FXGLStartupScene and adding to FXGLLoadingScene
18:02:02.427 [JavaFX Application Thread] DEBUG PrimaryStageWindow   - FXGLStartupScene -> FXGLLoadingScene
18:02:02.427 [JavaFX Application Thread] DEBUG GameApplicationServi - Clearing previous game
18:02:02.428 [JavaFX Application Thread] DEBUG GameScene            - Clearing game scene
18:02:02.428 [JavaFX Application Thread] DEBUG GameWorld            - Clearing game world
18:02:02.428 [JavaFX Application Thread] DEBUG PhysicsWorld         - Clearing physics world
18:02:02.429 [FXGL Background Thread 4 ] DEBUG FXGLApplication      - Initializing game
18:02:02.432 [FXGL Background Thread 4 ] DEBUG FXGLAssetLoaderServi - Loading from file system: file:/C:/Users/karos/IdeaProjects/HS-Leiden-Kombat/target/classes/assets/textures/login.jpeg
18:02:02.499 [FXGL Background Thread 4 ] DEBUG Input                - Registered new binding: Move Left - A
18:02:02.499 [FXGL Background Thread 4 ] DEBUG Input                - Registered new binding: Move Right - D
18:02:02.499 [FXGL Background Thread 4 ] DEBUG Input                - Registered new binding: Move Up - W
18:02:02.499 [FXGL Background Thread 4 ] DEBUG Input                - Registered new binding: Duck - S
18:02:02.499 [FXGL Background Thread 4 ] DEBUG Input                - Registered new binding: Move Left 2 - Left
18:02:02.499 [FXGL Background Thread 4 ] DEBUG Input                - Registered new binding: Move Right 2 - Right
18:02:02.499 [FXGL Background Thread 4 ] DEBUG Input                - Registered new binding: Move Up 2 - Up
18:02:02.499 [FXGL Background Thread 4 ] DEBUG Input                - Registered new binding: Duck2 - Down
18:02:02.500 [FXGL Background Thread 4 ] DEBUG Input                - Registered new binding: Punch - F
18:02:02.500 [FXGL Background Thread 4 ] DEBUG Input                - Registered new binding: Punch2 - L
18:02:02.504 [FXGL Background Thread 4 ] INFO  FXGLApplication      - Game initialization took: 0.074 sec
18:02:02.663 [JavaFX Application Thread] DEBUG FXGLApplication      - Registering font factories with UI factory
18:02:02.675 [JavaFX Application Thread] DEBUG Input                - Clearing active input actions
18:02:02.685 [JavaFX Application Thread] DEBUG GameApplicationServi - Removing overlay from FXGLLoadingScene and adding to GameScene
18:02:02.689 [JavaFX Application Thread] DEBUG PrimaryStageWindow   - FXGLLoadingScene -> GameScene
18:02:02.907 [FXGL Background Thread 2 ] INFO  UpdaterService       - Your current version:  17.1
18:02:02.907 [FXGL Background Thread 2 ] INFO  UpdaterService       - Latest stable version: 17.3
18:02:05.341 [FXGL Background Thread 3 ] DEBUG Engine               - Logging environment variables
18:02:05.342 [FXGL Background Thread 3 ] DEBUG Engine               - achievements: []
18:02:05.342 [FXGL Background Thread 3 ] DEBUG Engine               - actualHeight: 720.0
18:02:05.343 [FXGL Background Thread 3 ] DEBUG Engine               - actualHeightProperty: ReadOnlyDoubleProperty [value: 720.0]
18:02:05.343 [FXGL Background Thread 3 ] DEBUG Engine               - actualWidth: 1280.0
18:02:05.343 [FXGL Background Thread 3 ] DEBUG Engine               - actualWidthProperty: ReadOnlyDoubleProperty [value: 1280.0]
18:02:05.343 [FXGL Background Thread 3 ] DEBUG Engine               - appIcon: fxgl_icon.png
18:02:05.343 [FXGL Background Thread 3 ] DEBUG Engine               - applicationMode: DEVELOPER
18:02:05.343 [FXGL Background Thread 3 ] DEBUG Engine               - cSSList: [fxgl_dark.css]
18:02:05.344 [FXGL Background Thread 3 ] DEBUG Engine               - collisionDetectionStrategy: BRUTE_FORCE
18:02:05.344 [FXGL Background Thread 3 ] DEBUG Engine               - configClass: Optional.empty
18:02:05.344 [FXGL Background Thread 3 ] DEBUG Engine               - credits: []
18:02:05.345 [FXGL Background Thread 3 ] DEBUG Engine               - defaultCursor: CursorInfo(imageName=fxgl_default_cursor.png, hotspotX=7.0, hotspotY=6.0)
18:02:05.345 [FXGL Background Thread 3 ] DEBUG Engine               - devBBoxColorProperty: ObjectProperty [value: 0xff0000ff]
18:02:05.346 [FXGL Background Thread 3 ] DEBUG Engine               - devEnableDebugCameraProperty: BooleanProperty [value: false]
18:02:05.346 [FXGL Background Thread 3 ] DEBUG Engine               - devSensorColorProperty: ObjectProperty [value: 0xffff00ff]
18:02:05.346 [FXGL Background Thread 3 ] DEBUG Engine               - devShowBBoxProperty: BooleanProperty [value: false]
18:02:05.346 [FXGL Background Thread 3 ] DEBUG Engine               - devShowPositionProperty: BooleanProperty [value: false]
18:02:05.346 [FXGL Background Thread 3 ] DEBUG Engine               - enabledMenuItems: []
18:02:05.346 [FXGL Background Thread 3 ] DEBUG Engine               - engineServices: [class com.almasb.fxgl.app.services.FXGLAssetLoaderService, class com.almasb.fxgl.app.FXGLApplication$GameApplicationService, class com.almasb.fxgl.app.services.FXGLDialogService, class com.almasb.fxgl.app.services.IOTaskExecutorService, class com.almasb.fxgl.io.FileSystemService, class com.almasb.fxgl.localization.LocalizationService, class com.almasb.fxgl.app.services.SystemBundleService, class com.almasb.fxgl.profile.SaveLoadService, class com.almasb.fxgl.ui.FXGLUIFactoryServiceProvider, class com.almasb.fxgl.ui.FXGLDialogFactoryServiceProvider, class com.almasb.fxgl.audio.AudioPlayer, class com.almasb.fxgl.notification.impl.NotificationServiceProvider, class com.almasb.fxgl.achievement.AchievementService, class com.almasb.fxgl.cutscene.CutsceneService, class com.almasb.fxgl.minigames.MiniGameService, class com.almasb.fxgl.net.NetService, class com.almasb.fxgl.app.services.UpdaterService, class com.almasb.fxgl.dev.DevService]
18:02:05.346 [FXGL Background Thread 3 ] DEBUG Engine               - fontGame: Abel-Regular.ttf
18:02:05.347 [FXGL Background Thread 3 ] DEBUG Engine               - fontMono: TerminalLandMono-Regular.otf
18:02:05.347 [FXGL Background Thread 3 ] DEBUG Engine               - fontText: Courier-Prime.ttf
18:02:05.347 [FXGL Background Thread 3 ] DEBUG Engine               - fontUI: VarelaRound-Regular.ttf
18:02:05.347 [FXGL Background Thread 3 ] DEBUG Engine               - fullScreen: BooleanProperty [value: true]
18:02:05.347 [FXGL Background Thread 3 ] DEBUG Engine               - gameDifficulty: MEDIUM
18:02:05.347 [FXGL Background Thread 3 ] DEBUG Engine               - gameDifficultyProperty: ObjectProperty [value: MEDIUM]
18:02:05.348 [FXGL Background Thread 3 ] DEBUG Engine               - globalMusicVolume: 0.5
18:02:05.348 [FXGL Background Thread 3 ] DEBUG Engine               - globalMusicVolumeProperty: DoubleProperty [value: 0.5]
18:02:05.348 [FXGL Background Thread 3 ] DEBUG Engine               - globalSoundVolume: 0.5
18:02:05.349 [FXGL Background Thread 3 ] DEBUG Engine               - globalSoundVolumeProperty: DoubleProperty [value: 0.5]
18:02:05.349 [FXGL Background Thread 3 ] DEBUG Engine               - height: 600
18:02:05.349 [FXGL Background Thread 3 ] DEBUG Engine               - is3D: false
18:02:05.349 [FXGL Background Thread 3 ] DEBUG Engine               - isAndroid: false
18:02:05.349 [FXGL Background Thread 3 ] DEBUG Engine               - isBrowser: false
18:02:05.349 [FXGL Background Thread 3 ] DEBUG Engine               - isClickFeedbackEnabled: false
18:02:05.349 [FXGL Background Thread 3 ] DEBUG Engine               - isCloseConfirmation: false
18:02:05.349 [FXGL Background Thread 3 ] DEBUG Engine               - isDesktop: true
18:02:05.350 [FXGL Background Thread 3 ] DEBUG Engine               - isDeveloperMenuEnabled: true
18:02:05.350 [FXGL Background Thread 3 ] DEBUG Engine               - isEmbedded: false
18:02:05.350 [FXGL Background Thread 3 ] DEBUG Engine               - isEntityPreloadEnabled: true
18:02:05.350 [FXGL Background Thread 3 ] DEBUG Engine               - isExperimentalTiledLargeMap: false
18:02:05.350 [FXGL Background Thread 3 ] DEBUG Engine               - isFileSystemWriteAllowed: true
18:02:05.350 [FXGL Background Thread 3 ] DEBUG Engine               - isFullScreenAllowed: true
18:02:05.350 [FXGL Background Thread 3 ] DEBUG Engine               - isFullScreenFromStart: true
18:02:05.350 [FXGL Background Thread 3 ] DEBUG Engine               - isGameMenuEnabled: true
18:02:05.351 [FXGL Background Thread 3 ] DEBUG Engine               - isIOS: false
18:02:05.351 [FXGL Background Thread 3 ] DEBUG Engine               - isIntroEnabled: false
18:02:05.351 [FXGL Background Thread 3 ] DEBUG Engine               - isLinux: false
18:02:05.351 [FXGL Background Thread 3 ] DEBUG Engine               - isMac: false
18:02:05.351 [FXGL Background Thread 3 ] DEBUG Engine               - isMainMenuEnabled: false
18:02:05.351 [FXGL Background Thread 3 ] DEBUG Engine               - isManualResizeEnabled: false
18:02:05.351 [FXGL Background Thread 3 ] DEBUG Engine               - isMobile: false
18:02:05.351 [FXGL Background Thread 3 ] DEBUG Engine               - isNative: false
18:02:05.353 [FXGL Background Thread 3 ] DEBUG Engine               - isPauseMusicWhenMinimized: true
18:02:05.353 [FXGL Background Thread 3 ] DEBUG Engine               - isPreserveResizeRatio: false
18:02:05.353 [FXGL Background Thread 3 ] DEBUG Engine               - isProfilingEnabled: false
18:02:05.353 [FXGL Background Thread 3 ] DEBUG Engine               - isScaleAffectedOnResize: true
18:02:05.353 [FXGL Background Thread 3 ] DEBUG Engine               - isSingleStep: false
18:02:05.353 [FXGL Background Thread 3 ] DEBUG Engine               - isUserProfileEnabled: false
18:02:05.353 [FXGL Background Thread 3 ] DEBUG Engine               - isWindows: true
18:02:05.353 [FXGL Background Thread 3 ] DEBUG Engine               - language: ObjectProperty [value: ENGLISH]
18:02:05.353 [FXGL Background Thread 3 ] DEBUG Engine               - menuKey: ESCAPE
18:02:05.353 [FXGL Background Thread 3 ] DEBUG Engine               - mouseSensitivity: 0.2
18:02:05.353 [FXGL Background Thread 3 ] DEBUG Engine               - notificationViewClass: class com.almasb.fxgl.notification.view.XboxNotificationView
18:02:05.354 [FXGL Background Thread 3 ] DEBUG Engine               - pixelsPerMeter: 50.0
18:02:05.354 [FXGL Background Thread 3 ] DEBUG Engine               - platform: WINDOWS
18:02:05.354 [FXGL Background Thread 3 ] DEBUG Engine               - prefHeightProperty: ReadOnlyDoubleProperty [value: 600.0]
18:02:05.354 [FXGL Background Thread 3 ] DEBUG Engine               - prefWidthProperty: ReadOnlyDoubleProperty [value: 800.0]
18:02:05.354 [FXGL Background Thread 3 ] DEBUG Engine               - profileDir: profiles/
18:02:05.354 [FXGL Background Thread 3 ] DEBUG Engine               - profileName: StringProperty [value: DEFAULT]
18:02:05.355 [FXGL Background Thread 3 ] DEBUG Engine               - randomSeed: -1
18:02:05.355 [FXGL Background Thread 3 ] DEBUG Engine               - runtimeInfo: RuntimeInfo(platform=WINDOWS, version=17.1, build=24.03.2022 17.34)
18:02:05.355 [FXGL Background Thread 3 ] DEBUG Engine               - saveFileExt: sav
18:02:05.355 [FXGL Background Thread 3 ] DEBUG Engine               - scaledHeightProp$fxgl: DoubleProperty [bound, value: 720.0]
18:02:05.356 [FXGL Background Thread 3 ] DEBUG Engine               - scaledWidthProp$fxgl: DoubleProperty [bound, value: 1280.0]
18:02:05.356 [FXGL Background Thread 3 ] DEBUG Engine               - sceneFactory: com.almasb.fxgl.app.scene.SceneFactory@59a52e47
18:02:05.356 [FXGL Background Thread 3 ] DEBUG Engine               - secondsIn24h: 60
18:02:05.356 [FXGL Background Thread 3 ] DEBUG Engine               - soundMenuBack: menu/back.wav
18:02:05.356 [FXGL Background Thread 3 ] DEBUG Engine               - soundMenuPress: menu/press.wav
18:02:05.356 [FXGL Background Thread 3 ] DEBUG Engine               - soundMenuSelect: menu/select.wav
18:02:05.357 [FXGL Background Thread 3 ] DEBUG Engine               - soundNotification: core/notification.wav
18:02:05.357 [FXGL Background Thread 3 ] DEBUG Engine               - stageStyle: DECORATED
18:02:05.357 [FXGL Background Thread 3 ] DEBUG Engine               - supportedLanguages: [ENGLISH, FRENCH, GERMAN, HUNGARIAN, RUSSIAN]
18:02:05.357 [FXGL Background Thread 3 ] DEBUG Engine               - ticksPerSecond: -1
18:02:05.357 [FXGL Background Thread 3 ] DEBUG Engine               - title: Hsleiden Kombat
18:02:05.357 [FXGL Background Thread 3 ] DEBUG Engine               - urlGithub: https://github.com/AlmasB/FXGL
18:02:05.357 [FXGL Background Thread 3 ] DEBUG Engine               - urlLeaderboard: http://fxgl-top.herokuapp.com/
18:02:05.357 [FXGL Background Thread 3 ] DEBUG Engine               - urlPOM: https://raw.githubusercontent.com/AlmasB/FXGL/release/README.md
18:02:05.357 [FXGL Background Thread 3 ] DEBUG Engine               - userAppClass: class com.hsleidenKombat.Game
18:02:05.357 [FXGL Background Thread 3 ] DEBUG Engine               - version: 0.0
18:02:05.358 [FXGL Background Thread 3 ] DEBUG Engine               - versionCheckDays: 7
18:02:05.358 [FXGL Background Thread 3 ] DEBUG Engine               - width: 800
18:02:05.358 [FXGL Background Thread 3 ] DEBUG Engine               - Logging services
18:02:05.358 [FXGL Background Thread 3 ] DEBUG Engine               - class com.almasb.fxgl.app.services.FXGLAssetLoaderService
18:02:05.358 [FXGL Background Thread 3 ] DEBUG Engine               - class com.almasb.fxgl.app.FXGLApplication$GameApplicationService
18:02:05.358 [FXGL Background Thread 3 ] DEBUG Engine               - class com.almasb.fxgl.app.services.FXGLDialogService
18:02:05.358 [FXGL Background Thread 3 ] DEBUG Engine               - class com.almasb.fxgl.app.services.IOTaskExecutorService
18:02:05.360 [FXGL Background Thread 3 ] DEBUG Engine               - class com.almasb.fxgl.io.FileSystemService
18:02:05.360 [FXGL Background Thread 3 ] DEBUG Engine               - class com.almasb.fxgl.localization.LocalizationService
18:02:05.360 [FXGL Background Thread 3 ] DEBUG Engine               - class com.almasb.fxgl.app.services.SystemBundleService
18:02:05.360 [FXGL Background Thread 3 ] DEBUG Engine               - class com.almasb.fxgl.profile.SaveLoadService
18:02:05.360 [FXGL Background Thread 3 ] DEBUG Engine               - class com.almasb.fxgl.ui.FXGLUIFactoryServiceProvider
18:02:05.360 [FXGL Background Thread 3 ] DEBUG Engine               - class com.almasb.fxgl.ui.FXGLDialogFactoryServiceProvider
18:02:05.360 [FXGL Background Thread 3 ] DEBUG Engine               - class com.almasb.fxgl.audio.AudioPlayer
18:02:05.360 [FXGL Background Thread 3 ] DEBUG Engine               - class com.almasb.fxgl.notification.impl.NotificationServiceProvider
18:02:05.360 [FXGL Background Thread 3 ] DEBUG Engine               - class com.almasb.fxgl.achievement.AchievementService
18:02:05.360 [FXGL Background Thread 3 ] DEBUG Engine               - class com.almasb.fxgl.cutscene.CutsceneService
18:02:05.361 [FXGL Background Thread 3 ] DEBUG Engine               - class com.almasb.fxgl.minigames.MiniGameService
18:02:05.361 [FXGL Background Thread 3 ] DEBUG Engine               - class com.almasb.fxgl.net.NetService
18:02:05.361 [FXGL Background Thread 3 ] DEBUG Engine               - class com.almasb.fxgl.app.services.UpdaterService
18:02:05.361 [FXGL Background Thread 3 ] DEBUG Engine               - class com.almasb.fxgl.dev.DevService
18:02:08.055 [JavaFX Application Thread] DEBUG FXGLAssetLoaderServi - Loading from file system: file:/C:/Users/karos/IdeaProjects/HS-Leiden-Kombat/target/classes/assets/textures/spritesheet.png
18:02:08.060 [JavaFX Application Thread] DEBUG FXGLAssetLoaderServi - Loading from file system: file:/C:/Users/karos/IdeaProjects/HS-Leiden-Kombat/target/classes/assets/textures/spritesheet-lopen.png
18:02:08.063 [JavaFX Application Thread] DEBUG FXGLAssetLoaderServi - Loading from file system: file:/C:/Users/karos/IdeaProjects/HS-Leiden-Kombat/target/classes/assets/textures/punch.png
18:02:08.085 [JavaFX Application Thread] DEBUG FXGLAssetLoaderServi - Loading from file system: file:/C:/Users/karos/IdeaProjects/HS-Leiden-Kombat/target/classes/assets/textures/background7.jpeg
18:02:23.643 [JavaFX Application Thread] DEBUG PrimaryStageWindow   - Push state: FXGLDefaultMenu
18:02:23.647 [JavaFX Application Thread] DEBUG Input                - Clearing active input actions
18:02:23.650 [JavaFX Application Thread] DEBUG GameApplicationServi - Removing overlay from GameScene and adding to FXGLDefaultMenu
18:02:23.654 [JavaFX Application Thread] DEBUG PrimaryStageWindow   - GameScene -> FXGLDefaultMenu
18:02:24.783 [JavaFX Application Thread] DEBUG Menu                 - fireExit()
18:02:24.784 [JavaFX Application Thread] DEBUG PrimaryStageWindow   - Push state: DialogSubScene
18:02:24.785 [JavaFX Application Thread] DEBUG Input                - Clearing active input actions
18:02:24.785 [JavaFX Application Thread] DEBUG GameApplicationServi - Removing overlay from FXGLDefaultMenu and adding to DialogSubScene
18:02:24.786 [JavaFX Application Thread] DEBUG PrimaryStageWindow   - FXGLDefaultMenu -> DialogSubScene
18:02:25.400 [JavaFX Application Thread] DEBUG PrimaryStageWindow   - Pop state: DialogSubScene
18:02:25.400 [JavaFX Application Thread] DEBUG Input                - Clearing active input actions
18:02:25.401 [JavaFX Application Thread] DEBUG GameApplicationServi - Removing overlay from DialogSubScene and adding to FXGLDefaultMenu
18:02:25.402 [JavaFX Application Thread] DEBUG PrimaryStageWindow   - FXGLDefaultMenu <- DialogSubScene
18:02:25.403 [JavaFX Application Thread] DEBUG FXGLApplication      - Exiting FXGL
18:02:25.403 [JavaFX Application Thread] DEBUG LoopRunner           - Stopping loop
18:02:25.403 [JavaFX Application Thread] DEBUG SystemBundleService  - Saving FXGL system data
18:02:25.408 [JavaFX Application Thread] DEBUG FileSystemAccess     - Writing to: C:\Users\karos\IdeaProjects\HS-Leiden-Kombat\system\fxgl.bundle
18:02:25.410 [JavaFX Application Thread] DEBUG Async                - Shutting down background threads
18:02:25.410 [JavaFX Application Thread] DEBUG PrimaryStageWindow   - Closing main window
18:02:25.422 [JavaFX Application Thread] DEBUG Logger               - Closing Logger
