15:15:26.979 [main                     ] DEBUG Logger               - Configured Logger
15:15:27.003 [main                     ] DEBUG GameApplication      - Logging settings
Title: Hsleiden Kombat
Version: 0.0
Width: 2000
Height: 1000
Fullscreen: true
Intro: false
Profiling: false
Single step:false
App Mode: DEVELOPER
Menu Key: ESCAPE
Stage Style: DECORATED
Scene Factory: class com.almasb.fxgl.app.scene.SceneFactory

15:15:27.436 [JavaFX Application Thread] DEBUG FXGLApplication      - Initializing FXGL
15:15:27.441 [JavaFX Application Thread] INFO  Engine               - FXGL-17.1 (24.03.2022 17.34) on WINDOWS (J:19.0.1 FX:19-ea)
15:15:27.441 [JavaFX Application Thread] DEBUG Engine               - JRE Vendor Name: Oracle Corporation
15:15:27.441 [JavaFX Application Thread] DEBUG Engine               - Running on OS: Windows 10 version 10.0
15:15:27.441 [JavaFX Application Thread] DEBUG Engine               - Architecture: amd64
15:15:27.441 [JavaFX Application Thread] INFO  Engine               - Source code and latest versions at: https://github.com/AlmasB/FXGL
15:15:27.441 [JavaFX Application Thread] INFO  Engine               -       Ask questions and discuss at: https://github.com/AlmasB/FXGL/discussions
15:15:27.441 [JavaFX Application Thread] INFO  Engine               -              Join the FXGL chat at: https://gitter.im/AlmasB/FXGL
15:15:27.542 [JavaFX Application Thread] DEBUG PrimaryStageWindow   - Creating a JavaFX scene
15:15:27.542 [JavaFX Application Thread] DEBUG PrimaryStageWindow   - Target size > screen size
15:15:27.584 [JavaFX Application Thread] DEBUG PrimaryStageWindow   - Target settings size: 2000.0 x 1000.0
15:15:27.584 [JavaFX Application Thread] DEBUG PrimaryStageWindow   - Scaled scene size:    1511.0 x 768.0
15:15:27.585 [JavaFX Application Thread] DEBUG PrimaryStageWindow   - Scaled ratio: (0.7555, 0.768)
15:15:27.586 [JavaFX Application Thread] DEBUG PrimaryStageWindow   - Set initial scene to FXGLStartupScene
15:15:27.593 [JavaFX Application Thread] DEBUG PrimaryStageWindow   - Opening main window
15:15:27.683 [JavaFX Application Thread] DEBUG PrimaryStageWindow   - Window border size: (14.5999755859375, 37.5999755859375)
15:15:27.684 [JavaFX Application Thread] DEBUG PrimaryStageWindow   - Scaled size: 1511.0 x 768.0
15:15:27.684 [JavaFX Application Thread] DEBUG PrimaryStageWindow   - Scaled ratio: (0.7555, 0.768)
15:15:27.684 [JavaFX Application Thread] DEBUG PrimaryStageWindow   - Scene size: 1511.0 x 768.0
15:15:27.684 [JavaFX Application Thread] DEBUG PrimaryStageWindow   - Stage size: 1525.5999755859375 x 805.5999755859375
15:15:27.722 [JavaFX Application Thread] DEBUG PrimaryStageWindow   - Going fullscreen
15:15:27.727 [FXGL Background Thread 1 ] DEBUG Engine               - Initializing environment variables
15:15:27.780 [FXGL Background Thread 1 ] DEBUG FXGLAssetLoaderServi - User app class for loading assets: class com.hsleidenKombat.Game
15:15:27.781 [FXGL Background Thread 1 ] DEBUG GameApplicationServi - Applying CSS: fxgl_dark.css
15:15:27.782 [FXGL Background Thread 1 ] DEBUG FXGLAssetLoaderServi - Loading from file system: jar:file:/C:/Users/Hicham/.m2/repository/com/github/almasb/fxgl/17.1/fxgl-17.1.jar!/fxglassets/ui/css/fxgl_dark.css
15:15:27.822 [FXGL Background Thread 1 ] DEBUG GameApplicationServi - Initializing application scenes
15:15:27.865 [FXGL Background Thread 1 ] DEBUG GameWorld            - Game world initialized
15:15:27.929 [FXGL Background Thread 1 ] DEBUG PhysicsWorld         - Physics world initialized: appHeight=1000, physics.ppm=50,0
15:15:27.929 [FXGL Background Thread 1 ] DEBUG PhysicsWorld         - Using strategy: BRUTE_FORCE
15:15:27.932 [FXGL Background Thread 1 ] DEBUG GameScene            - Game scene initialized: 2000x1000
15:15:27.941 [FXGL Background Thread 1 ] DEBUG FXGL.DefaultMenu     - createMenuBodyGameMenu()
15:15:27.955 [FXGL Background Thread 1 ] DEBUG FXGL.DefaultMenu     - createOptionsMenu()
15:15:27.964 [FXGL Background Thread 1 ] DEBUG FXGLAssetLoaderServi - Loading from file system: jar:file:/C:/Users/Hicham/.m2/repository/com/github/almasb/fxgl/17.1/fxgl-17.1.jar!/fxglassets/textures/particles/smoke.png
15:15:28.074 [FXGL Background Thread 1 ] DEBUG FXGLAssetLoaderServi - Loading from file system: jar:file:/C:/Users/Hicham/.m2/repository/com/github/almasb/fxgl/17.1/fxgl-17.1.jar!/fxglassets/textures/particles/trace_horizontal.png
15:15:28.101 [FXGL Background Thread 1 ] DEBUG GameApplicationServi - Application scenes initialized
15:15:28.120 [FXGL Background Thread 1 ] DEBUG SystemBundleService  - Loading FXGL system data
15:15:28.124 [FXGL Background Thread 1 ] DEBUG FileSystemAccess     - Reading from: C:\Users\Hicham\IdeaProjects\Challengeweek\system\fxgl.bundle
15:15:28.131 [FXGL Background Thread 1 ] DEBUG SystemBundleService  - Bundle FXGL: {}
15:15:28.131 [FXGL Background Thread 1 ] DEBUG UpdaterService       - Checking for updates
15:15:28.136 [FXGL Background Thread 4 ] DEBUG FXGLApplication      - Loading fonts
15:15:28.136 [FXGL Background Thread 4 ] DEBUG FXGLAssetLoaderServi - Loading from file system: jar:file:/C:/Users/Hicham/.m2/repository/com/github/almasb/fxgl/17.1/fxgl-17.1.jar!/fxglassets/ui/fonts/VarelaRound-Regular.ttf
15:15:28.138 [FXGL Background Thread 1 ] DEBUG FXGLApplication      - Loading default localization
15:15:28.139 [FXGL Background Thread 1 ] DEBUG FXGLAssetLoaderServi - Loading from file system: jar:file:/C:/Users/Hicham/.m2/repository/com/github/almasb/fxgl/17.1/fxgl-17.1.jar!/fxglassets/languages/english.lang
15:15:28.159 [FXGL Background Thread 1 ] INFO  FXGLApplication      - FXGL initialization took: 0,431 sec
15:15:28.160 [JavaFX Application Thread] DEBUG FXGLAssetLoaderServi - Loading from file system: jar:file:/C:/Users/Hicham/.m2/repository/com/github/almasb/fxgl/17.1/fxgl-17.1.jar!/fxglassets/textures/fxgl_icon.png
15:15:28.182 [JavaFX Application Thread] DEBUG FXGLAssetLoaderServi - Loading from file system: jar:file:/C:/Users/Hicham/.m2/repository/com/github/almasb/fxgl/17.1/fxgl-17.1.jar!/fxglassets/textures/fxgl_default_cursor.png
15:15:28.184 [FXGL Background Thread 4 ] DEBUG FXGLAssetLoaderServi - Loading from file system: jar:file:/C:/Users/Hicham/.m2/repository/com/github/almasb/fxgl/17.1/fxgl-17.1.jar!/fxglassets/ui/fonts/Abel-Regular.ttf
15:15:28.188 [FXGL Background Thread 4 ] DEBUG FXGLAssetLoaderServi - Loading from file system: jar:file:/C:/Users/Hicham/.m2/repository/com/github/almasb/fxgl/17.1/fxgl-17.1.jar!/fxglassets/ui/fonts/TerminalLandMono-Regular.otf
15:15:28.191 [FXGL Background Thread 4 ] DEBUG FXGLAssetLoaderServi - Loading from file system: jar:file:/C:/Users/Hicham/.m2/repository/com/github/almasb/fxgl/17.1/fxgl-17.1.jar!/fxglassets/ui/fonts/Courier-Prime.ttf
15:15:28.200 [JavaFX Application Thread] DEBUG Input                - Registered new binding: Screenshot - CTRL+8
15:15:28.201 [JavaFX Application Thread] DEBUG Input                - Registered new binding: System info dump - CTRL+9
15:15:28.201 [JavaFX Application Thread] DEBUG Input                - Registered new binding: Restart - CTRL+R
15:15:28.202 [JavaFX Application Thread] DEBUG Input                - Registered new binding: Toggle Debug Camera - CTRL+7
15:15:28.205 [JavaFX Application Thread] DEBUG LoopRunner           - Starting loop
15:15:28.205 [JavaFX Application Thread] DEBUG LoopRunner           - Initializing JavaFX AnimationTimerLoop
15:15:28.207 [JavaFX Application Thread] DEBUG GameApplicationServi - Starting new game
15:15:28.207 [JavaFX Application Thread] DEBUG Input                - Clearing active input actions
15:15:28.218 [JavaFX Application Thread] DEBUG GameApplicationServi - Removing overlay from FXGLStartupScene and adding to FXGLLoadingScene
15:15:28.218 [JavaFX Application Thread] DEBUG PrimaryStageWindow   - FXGLStartupScene -> FXGLLoadingScene
15:15:28.218 [JavaFX Application Thread] DEBUG GameApplicationServi - Clearing previous game
15:15:28.218 [JavaFX Application Thread] DEBUG GameScene            - Clearing game scene
15:15:28.218 [JavaFX Application Thread] DEBUG GameWorld            - Clearing game world
15:15:28.218 [JavaFX Application Thread] DEBUG PhysicsWorld         - Clearing physics world
15:15:28.220 [FXGL Background Thread 4 ] DEBUG FXGLApplication      - Initializing game
15:15:28.220 [JavaFX Application Thread] DEBUG FXGLApplication      - Registering font factories with UI factory
15:15:28.220 [FXGL Background Thread 4 ] DEBUG FXGLAssetLoaderServi - Loading from file system: file:/C:/Users/Hicham/IdeaProjects/Challengeweek/target/classes/assets/textures/background2.png
15:15:28.225 [FXGL Background Thread 4 ] DEBUG FXGLAssetLoaderServi - Loading from file system: file:/C:/Users/Hicham/IdeaProjects/Challengeweek/target/classes/assets/textures/
15:15:28.256 [FXGL Background Thread 4 ] WARN  FXGLAssetLoaderServi - Failed to load file:/C:/Users/Hicham/IdeaProjects/Challengeweek/target/classes/assets/textures/
com.sun.javafx.iio.ImageStorageException: No loader for image data
	at com.sun.javafx.iio.ImageStorage.loadAll(ImageStorage.java:294)
	at com.sun.javafx.tk.quantum.PrismImageLoader2.loadAll(PrismImageLoader2.java:142)
	at com.sun.javafx.tk.quantum.PrismImageLoader2.<init>(PrismImageLoader2.java:77)
	at com.sun.javafx.tk.quantum.QuantumToolkit.loadImage(QuantumToolkit.java:790)
	at javafx.scene.image.Image.loadImage(Image.java:1084)
	at javafx.scene.image.Image.initialize(Image.java:819)
	at javafx.scene.image.Image.<init>(Image.java:709)
	at com.almasb.fxgl.app.services.ImageAssetLoader.load(FXGLAssetLoaderService.kt:641)
	at com.almasb.fxgl.app.services.ImageAssetLoader.load(FXGLAssetLoaderService.kt:636)
	at com.almasb.fxgl.app.services.AssetLoader.load(FXGLAssetLoaderService.kt:625)
	at com.almasb.fxgl.app.services.FXGLAssetLoaderService.load(FXGLAssetLoaderService.kt:530)
	at com.almasb.fxgl.app.services.FXGLAssetLoaderService.load(FXGLAssetLoaderService.kt:507)
	at com.almasb.fxgl.app.services.FXGLAssetLoaderService.load(FXGLAssetLoaderService.kt:496)
	at com.almasb.fxgl.app.services.FXGLAssetLoaderService.loadImage(FXGLAssetLoaderService.kt:166)
	at com.almasb.fxgl.app.services.FXGLAssetLoaderService.loadTexture(FXGLAssetLoaderService.kt:125)
	at com.almasb.fxgl.dsl.FXGL$Companion.texture(FXGL.kt:401)
	at com.almasb.fxgl.dsl.EntityBuilder.viewWithBBox(EntityBuilder.kt:168)
	at com.hsleidenKombat.Game.initGame(Game.java:40)
	at com.almasb.fxgl.app.FXGLApplication$InitAppTask.initGame(FXGLApplication.kt:339)
	at com.almasb.fxgl.app.FXGLApplication$InitAppTask.call(FXGLApplication.kt:319)
	at com.almasb.fxgl.app.FXGLApplication$InitAppTask.call(FXGLApplication.kt:311)
	at javafx.concurrent.Task$TaskCallable.call(Task.java:1426)
	at java.base/java.util.concurrent.FutureTask.run(FutureTask.java:317)
	at java.base/java.util.concurrent.Executors$RunnableAdapter.call(Executors.java:577)
	at java.base/java.util.concurrent.FutureTask.run(FutureTask.java:317)
	at java.base/java.util.concurrent.ThreadPoolExecutor.runWorker(ThreadPoolExecutor.java:1144)
	at java.base/java.util.concurrent.ThreadPoolExecutor$Worker.run(ThreadPoolExecutor.java:642)
	at java.base/java.lang.Thread.run(Thread.java:1589)

15:15:28.396 [FXGL Background Thread 4 ] DEBUG FXGLAssetLoaderServi - Loading from file system: file:/C:/Users/Hicham/IdeaProjects/Challengeweek/target/classes/assets/textures/
15:15:28.397 [FXGL Background Thread 4 ] WARN  FXGLAssetLoaderServi - Failed to load file:/C:/Users/Hicham/IdeaProjects/Challengeweek/target/classes/assets/textures/
com.sun.javafx.iio.ImageStorageException: No loader for image data
	at com.sun.javafx.iio.ImageStorage.loadAll(ImageStorage.java:294)
	at com.sun.javafx.tk.quantum.PrismImageLoader2.loadAll(PrismImageLoader2.java:142)
	at com.sun.javafx.tk.quantum.PrismImageLoader2.<init>(PrismImageLoader2.java:77)
	at com.sun.javafx.tk.quantum.QuantumToolkit.loadImage(QuantumToolkit.java:790)
	at javafx.scene.image.Image.loadImage(Image.java:1084)
	at javafx.scene.image.Image.initialize(Image.java:819)
	at javafx.scene.image.Image.<init>(Image.java:709)
	at com.almasb.fxgl.app.services.ImageAssetLoader.load(FXGLAssetLoaderService.kt:641)
	at com.almasb.fxgl.app.services.ImageAssetLoader.load(FXGLAssetLoaderService.kt:636)
	at com.almasb.fxgl.app.services.AssetLoader.load(FXGLAssetLoaderService.kt:625)
	at com.almasb.fxgl.app.services.FXGLAssetLoaderService.load(FXGLAssetLoaderService.kt:530)
	at com.almasb.fxgl.app.services.FXGLAssetLoaderService.load(FXGLAssetLoaderService.kt:507)
	at com.almasb.fxgl.app.services.FXGLAssetLoaderService.load(FXGLAssetLoaderService.kt:496)
	at com.almasb.fxgl.app.services.FXGLAssetLoaderService.loadImage(FXGLAssetLoaderService.kt:166)
	at com.almasb.fxgl.app.services.FXGLAssetLoaderService.loadTexture(FXGLAssetLoaderService.kt:125)
	at com.almasb.fxgl.dsl.FXGL$Companion.texture(FXGL.kt:401)
	at com.almasb.fxgl.dsl.EntityBuilder.viewWithBBox(EntityBuilder.kt:168)
	at com.hsleidenKombat.Game.initGame(Game.java:49)
	at com.almasb.fxgl.app.FXGLApplication$InitAppTask.initGame(FXGLApplication.kt:339)
	at com.almasb.fxgl.app.FXGLApplication$InitAppTask.call(FXGLApplication.kt:319)
	at com.almasb.fxgl.app.FXGLApplication$InitAppTask.call(FXGLApplication.kt:311)
	at javafx.concurrent.Task$TaskCallable.call(Task.java:1426)
	at java.base/java.util.concurrent.FutureTask.run(FutureTask.java:317)
	at java.base/java.util.concurrent.Executors$RunnableAdapter.call(Executors.java:577)
	at java.base/java.util.concurrent.FutureTask.run(FutureTask.java:317)
	at java.base/java.util.concurrent.ThreadPoolExecutor.runWorker(ThreadPoolExecutor.java:1144)
	at java.base/java.util.concurrent.ThreadPoolExecutor$Worker.run(ThreadPoolExecutor.java:642)
	at java.base/java.lang.Thread.run(Thread.java:1589)

15:15:28.399 [FXGL Background Thread 4 ] INFO  FXGLApplication      - Game initialization took: 0,180 sec
15:15:28.411 [JavaFX Application Thread] DEBUG Input                - Clearing active input actions
15:15:28.419 [JavaFX Application Thread] DEBUG GameApplicationServi - Removing overlay from FXGLLoadingScene and adding to GameScene
15:15:28.419 [JavaFX Application Thread] DEBUG PrimaryStageWindow   - FXGLLoadingScene -> GameScene
15:15:28.531 [FXGL Background Thread 2 ] INFO  UpdaterService       - Your current version:  17.1
15:15:28.531 [FXGL Background Thread 2 ] INFO  UpdaterService       - Latest stable version: 17.3
15:15:31.003 [JavaFX Application Thread] DEBUG PrimaryStageWindow   - Push state: FXGLDefaultMenu
15:15:31.016 [JavaFX Application Thread] DEBUG Input                - Clearing active input actions
15:15:31.029 [JavaFX Application Thread] DEBUG GameApplicationServi - Removing overlay from GameScene and adding to FXGLDefaultMenu
15:15:31.030 [JavaFX Application Thread] DEBUG PrimaryStageWindow   - GameScene -> FXGLDefaultMenu
15:15:31.135 [FXGL Background Thread 3 ] DEBUG Engine               - Logging environment variables
15:15:31.135 [FXGL Background Thread 3 ] DEBUG Engine               - achievements: []
15:15:31.135 [FXGL Background Thread 3 ] DEBUG Engine               - actualHeight: 864.0
15:15:31.135 [FXGL Background Thread 3 ] DEBUG Engine               - actualHeightProperty: ReadOnlyDoubleProperty [value: 864.0]
15:15:31.135 [FXGL Background Thread 3 ] DEBUG Engine               - actualWidth: 1536.0
15:15:31.136 [FXGL Background Thread 3 ] DEBUG Engine               - actualWidthProperty: ReadOnlyDoubleProperty [value: 1536.0]
15:15:31.136 [FXGL Background Thread 3 ] DEBUG Engine               - appIcon: fxgl_icon.png
15:15:31.136 [FXGL Background Thread 3 ] DEBUG Engine               - applicationMode: DEVELOPER
15:15:31.136 [FXGL Background Thread 3 ] DEBUG Engine               - cSSList: [fxgl_dark.css]
15:15:31.136 [FXGL Background Thread 3 ] DEBUG Engine               - collisionDetectionStrategy: BRUTE_FORCE
15:15:31.136 [FXGL Background Thread 3 ] DEBUG Engine               - configClass: Optional.empty
15:15:31.136 [FXGL Background Thread 3 ] DEBUG Engine               - credits: []
15:15:31.136 [FXGL Background Thread 3 ] DEBUG Engine               - defaultCursor: CursorInfo(imageName=fxgl_default_cursor.png, hotspotX=7.0, hotspotY=6.0)
15:15:31.136 [FXGL Background Thread 3 ] DEBUG Engine               - devBBoxColorProperty: ObjectProperty [value: 0xff0000ff]
15:15:31.137 [FXGL Background Thread 3 ] DEBUG Engine               - devEnableDebugCameraProperty: BooleanProperty [value: false]
15:15:31.137 [FXGL Background Thread 3 ] DEBUG Engine               - devSensorColorProperty: ObjectProperty [value: 0xffff00ff]
15:15:31.137 [FXGL Background Thread 3 ] DEBUG Engine               - devShowBBoxProperty: BooleanProperty [value: false]
15:15:31.137 [FXGL Background Thread 3 ] DEBUG Engine               - devShowPositionProperty: BooleanProperty [value: false]
15:15:31.137 [FXGL Background Thread 3 ] DEBUG Engine               - enabledMenuItems: []
15:15:31.137 [FXGL Background Thread 3 ] DEBUG Engine               - engineServices: [class com.almasb.fxgl.app.services.FXGLAssetLoaderService, class com.almasb.fxgl.app.FXGLApplication$GameApplicationService, class com.almasb.fxgl.app.services.FXGLDialogService, class com.almasb.fxgl.app.services.IOTaskExecutorService, class com.almasb.fxgl.io.FileSystemService, class com.almasb.fxgl.localization.LocalizationService, class com.almasb.fxgl.app.services.SystemBundleService, class com.almasb.fxgl.profile.SaveLoadService, class com.almasb.fxgl.ui.FXGLUIFactoryServiceProvider, class com.almasb.fxgl.ui.FXGLDialogFactoryServiceProvider, class com.almasb.fxgl.audio.AudioPlayer, class com.almasb.fxgl.notification.impl.NotificationServiceProvider, class com.almasb.fxgl.achievement.AchievementService, class com.almasb.fxgl.cutscene.CutsceneService, class com.almasb.fxgl.minigames.MiniGameService, class com.almasb.fxgl.net.NetService, class com.almasb.fxgl.app.services.UpdaterService, class com.almasb.fxgl.dev.DevService]
15:15:31.137 [FXGL Background Thread 3 ] DEBUG Engine               - fontGame: Abel-Regular.ttf
15:15:31.137 [FXGL Background Thread 3 ] DEBUG Engine               - fontMono: TerminalLandMono-Regular.otf
15:15:31.137 [FXGL Background Thread 3 ] DEBUG Engine               - fontText: Courier-Prime.ttf
15:15:31.137 [FXGL Background Thread 3 ] DEBUG Engine               - fontUI: VarelaRound-Regular.ttf
15:15:31.137 [FXGL Background Thread 3 ] DEBUG Engine               - fullScreen: BooleanProperty [value: true]
15:15:31.137 [FXGL Background Thread 3 ] DEBUG Engine               - gameDifficulty: MEDIUM
15:15:31.137 [FXGL Background Thread 3 ] DEBUG Engine               - gameDifficultyProperty: ObjectProperty [value: MEDIUM]
15:15:31.137 [FXGL Background Thread 3 ] DEBUG Engine               - globalMusicVolume: 0.5
15:15:31.137 [FXGL Background Thread 3 ] DEBUG Engine               - globalMusicVolumeProperty: DoubleProperty [value: 0.5]
15:15:31.137 [FXGL Background Thread 3 ] DEBUG Engine               - globalSoundVolume: 0.5
15:15:31.138 [FXGL Background Thread 3 ] DEBUG Engine               - globalSoundVolumeProperty: DoubleProperty [value: 0.5]
15:15:31.138 [FXGL Background Thread 3 ] DEBUG Engine               - height: 1000
15:15:31.138 [FXGL Background Thread 3 ] DEBUG Engine               - is3D: false
15:15:31.138 [FXGL Background Thread 3 ] DEBUG Engine               - isAndroid: false
15:15:31.138 [FXGL Background Thread 3 ] DEBUG Engine               - isBrowser: false
15:15:31.138 [FXGL Background Thread 3 ] DEBUG Engine               - isClickFeedbackEnabled: false
15:15:31.138 [FXGL Background Thread 3 ] DEBUG Engine               - isCloseConfirmation: false
15:15:31.138 [FXGL Background Thread 3 ] DEBUG Engine               - isDesktop: true
15:15:31.138 [FXGL Background Thread 3 ] DEBUG Engine               - isDeveloperMenuEnabled: false
15:15:31.138 [FXGL Background Thread 3 ] DEBUG Engine               - isEmbedded: false
15:15:31.138 [FXGL Background Thread 3 ] DEBUG Engine               - isEntityPreloadEnabled: true
15:15:31.138 [FXGL Background Thread 3 ] DEBUG Engine               - isExperimentalTiledLargeMap: false
15:15:31.138 [FXGL Background Thread 3 ] DEBUG Engine               - isFileSystemWriteAllowed: true
15:15:31.138 [FXGL Background Thread 3 ] DEBUG Engine               - isFullScreenAllowed: true
15:15:31.138 [FXGL Background Thread 3 ] DEBUG Engine               - isFullScreenFromStart: true
15:15:31.138 [FXGL Background Thread 3 ] DEBUG Engine               - isGameMenuEnabled: true
15:15:31.138 [FXGL Background Thread 3 ] DEBUG Engine               - isIOS: false
15:15:31.138 [FXGL Background Thread 3 ] DEBUG Engine               - isIntroEnabled: false
15:15:31.138 [FXGL Background Thread 3 ] DEBUG Engine               - isLinux: false
15:15:31.138 [FXGL Background Thread 3 ] DEBUG Engine               - isMac: false
15:15:31.138 [FXGL Background Thread 3 ] DEBUG Engine               - isMainMenuEnabled: false
15:15:31.138 [FXGL Background Thread 3 ] DEBUG Engine               - isManualResizeEnabled: false
15:15:31.139 [FXGL Background Thread 3 ] DEBUG Engine               - isMobile: false
15:15:31.139 [FXGL Background Thread 3 ] DEBUG Engine               - isNative: false
15:15:31.139 [FXGL Background Thread 3 ] DEBUG Engine               - isPauseMusicWhenMinimized: true
15:15:31.139 [FXGL Background Thread 3 ] DEBUG Engine               - isPreserveResizeRatio: false
15:15:31.139 [FXGL Background Thread 3 ] DEBUG Engine               - isProfilingEnabled: false
15:15:31.139 [FXGL Background Thread 3 ] DEBUG Engine               - isScaleAffectedOnResize: true
15:15:31.139 [FXGL Background Thread 3 ] DEBUG Engine               - isSingleStep: false
15:15:31.139 [FXGL Background Thread 3 ] DEBUG Engine               - isUserProfileEnabled: false
15:15:31.139 [FXGL Background Thread 3 ] DEBUG Engine               - isWindows: true
15:15:31.139 [FXGL Background Thread 3 ] DEBUG Engine               - language: ObjectProperty [value: ENGLISH]
15:15:31.139 [FXGL Background Thread 3 ] DEBUG Engine               - menuKey: ESCAPE
15:15:31.139 [FXGL Background Thread 3 ] DEBUG Engine               - mouseSensitivity: 0.2
15:15:31.139 [FXGL Background Thread 3 ] DEBUG Engine               - notificationViewClass: class com.almasb.fxgl.notification.view.XboxNotificationView
15:15:31.139 [FXGL Background Thread 3 ] DEBUG Engine               - pixelsPerMeter: 50.0
15:15:31.139 [FXGL Background Thread 3 ] DEBUG Engine               - platform: WINDOWS
15:15:31.139 [FXGL Background Thread 3 ] DEBUG Engine               - prefHeightProperty: ReadOnlyDoubleProperty [value: 1000.0]
15:15:31.139 [FXGL Background Thread 3 ] DEBUG Engine               - prefWidthProperty: ReadOnlyDoubleProperty [value: 2000.0]
15:15:31.139 [FXGL Background Thread 3 ] DEBUG Engine               - profileDir: profiles/
15:15:31.140 [FXGL Background Thread 3 ] DEBUG Engine               - profileName: StringProperty [value: DEFAULT]
15:15:31.140 [FXGL Background Thread 3 ] DEBUG Engine               - randomSeed: -1
15:15:31.140 [FXGL Background Thread 3 ] DEBUG Engine               - runtimeInfo: RuntimeInfo(platform=WINDOWS, version=17.1, build=24.03.2022 17.34)
15:15:31.140 [FXGL Background Thread 3 ] DEBUG Engine               - saveFileExt: sav
15:15:31.141 [FXGL Background Thread 3 ] DEBUG Engine               - scaledHeightProp$fxgl: DoubleProperty [bound, value: 864.0]
15:15:31.141 [FXGL Background Thread 3 ] DEBUG Engine               - scaledWidthProp$fxgl: DoubleProperty [bound, value: 1536.0]
15:15:31.141 [FXGL Background Thread 3 ] DEBUG Engine               - sceneFactory: com.almasb.fxgl.app.scene.SceneFactory@3cfc2a94
15:15:31.141 [FXGL Background Thread 3 ] DEBUG Engine               - secondsIn24h: 60
15:15:31.141 [FXGL Background Thread 3 ] DEBUG Engine               - soundMenuBack: menu/back.wav
15:15:31.141 [FXGL Background Thread 3 ] DEBUG Engine               - soundMenuPress: menu/press.wav
15:15:31.141 [FXGL Background Thread 3 ] DEBUG Engine               - soundMenuSelect: menu/select.wav
15:15:31.141 [FXGL Background Thread 3 ] DEBUG Engine               - soundNotification: core/notification.wav
15:15:31.141 [FXGL Background Thread 3 ] DEBUG Engine               - stageStyle: DECORATED
15:15:31.141 [FXGL Background Thread 3 ] DEBUG Engine               - supportedLanguages: [ENGLISH, FRENCH, GERMAN, HUNGARIAN, RUSSIAN]
15:15:31.141 [FXGL Background Thread 3 ] DEBUG Engine               - ticksPerSecond: -1
15:15:31.141 [FXGL Background Thread 3 ] DEBUG Engine               - title: Hsleiden Kombat
15:15:31.141 [FXGL Background Thread 3 ] DEBUG Engine               - urlGithub: https://github.com/AlmasB/FXGL
15:15:31.141 [FXGL Background Thread 3 ] DEBUG Engine               - urlLeaderboard: http://fxgl-top.herokuapp.com/
15:15:31.141 [FXGL Background Thread 3 ] DEBUG Engine               - urlPOM: https://raw.githubusercontent.com/AlmasB/FXGL/release/README.md
15:15:31.141 [FXGL Background Thread 3 ] DEBUG Engine               - userAppClass: class com.hsleidenKombat.Game
15:15:31.141 [FXGL Background Thread 3 ] DEBUG Engine               - version: 0.0
15:15:31.142 [FXGL Background Thread 3 ] DEBUG Engine               - versionCheckDays: 7
15:15:31.142 [FXGL Background Thread 3 ] DEBUG Engine               - width: 2000
15:15:31.142 [FXGL Background Thread 3 ] DEBUG Engine               - Logging services
15:15:31.142 [FXGL Background Thread 3 ] DEBUG Engine               - class com.almasb.fxgl.app.services.FXGLAssetLoaderService
15:15:31.142 [FXGL Background Thread 3 ] DEBUG Engine               - class com.almasb.fxgl.app.FXGLApplication$GameApplicationService
15:15:31.142 [FXGL Background Thread 3 ] DEBUG Engine               - class com.almasb.fxgl.app.services.FXGLDialogService
15:15:31.142 [FXGL Background Thread 3 ] DEBUG Engine               - class com.almasb.fxgl.app.services.IOTaskExecutorService
15:15:31.142 [FXGL Background Thread 3 ] DEBUG Engine               - class com.almasb.fxgl.io.FileSystemService
15:15:31.142 [FXGL Background Thread 3 ] DEBUG Engine               - class com.almasb.fxgl.localization.LocalizationService
15:15:31.142 [FXGL Background Thread 3 ] DEBUG Engine               - class com.almasb.fxgl.app.services.SystemBundleService
15:15:31.142 [FXGL Background Thread 3 ] DEBUG Engine               - class com.almasb.fxgl.profile.SaveLoadService
15:15:31.142 [FXGL Background Thread 3 ] DEBUG Engine               - class com.almasb.fxgl.ui.FXGLUIFactoryServiceProvider
15:15:31.142 [FXGL Background Thread 3 ] DEBUG Engine               - class com.almasb.fxgl.ui.FXGLDialogFactoryServiceProvider
15:15:31.142 [FXGL Background Thread 3 ] DEBUG Engine               - class com.almasb.fxgl.audio.AudioPlayer
15:15:31.142 [FXGL Background Thread 3 ] DEBUG Engine               - class com.almasb.fxgl.notification.impl.NotificationServiceProvider
15:15:31.142 [FXGL Background Thread 3 ] DEBUG Engine               - class com.almasb.fxgl.achievement.AchievementService
15:15:31.142 [FXGL Background Thread 3 ] DEBUG Engine               - class com.almasb.fxgl.cutscene.CutsceneService
15:15:31.143 [FXGL Background Thread 3 ] DEBUG Engine               - class com.almasb.fxgl.minigames.MiniGameService
15:15:31.143 [FXGL Background Thread 3 ] DEBUG Engine               - class com.almasb.fxgl.net.NetService
15:15:31.143 [FXGL Background Thread 3 ] DEBUG Engine               - class com.almasb.fxgl.app.services.UpdaterService
15:15:31.143 [FXGL Background Thread 3 ] DEBUG Engine               - class com.almasb.fxgl.dev.DevService
15:15:32.132 [JavaFX Application Thread] DEBUG Menu                 - fireExit()
15:15:32.134 [JavaFX Application Thread] DEBUG PrimaryStageWindow   - Push state: DialogSubScene
15:15:32.134 [JavaFX Application Thread] DEBUG Input                - Clearing active input actions
15:15:32.134 [JavaFX Application Thread] DEBUG GameApplicationServi - Removing overlay from FXGLDefaultMenu and adding to DialogSubScene
15:15:32.134 [JavaFX Application Thread] DEBUG PrimaryStageWindow   - FXGLDefaultMenu -> DialogSubScene
15:15:32.959 [JavaFX Application Thread] DEBUG PrimaryStageWindow   - Pop state: DialogSubScene
15:15:32.959 [JavaFX Application Thread] DEBUG Input                - Clearing active input actions
15:15:32.960 [JavaFX Application Thread] DEBUG GameApplicationServi - Removing overlay from DialogSubScene and adding to FXGLDefaultMenu
15:15:32.960 [JavaFX Application Thread] DEBUG PrimaryStageWindow   - FXGLDefaultMenu <- DialogSubScene
15:15:32.960 [JavaFX Application Thread] DEBUG FXGLApplication      - Exiting FXGL
15:15:32.960 [JavaFX Application Thread] DEBUG LoopRunner           - Stopping loop
15:15:32.960 [JavaFX Application Thread] DEBUG SystemBundleService  - Saving FXGL system data
15:15:32.962 [JavaFX Application Thread] DEBUG FileSystemAccess     - Writing to: C:\Users\Hicham\IdeaProjects\Challengeweek\system\fxgl.bundle
15:15:32.965 [JavaFX Application Thread] DEBUG Async                - Shutting down background threads
15:15:32.965 [JavaFX Application Thread] DEBUG PrimaryStageWindow   - Closing main window
15:15:32.993 [JavaFX Application Thread] DEBUG Logger               - Closing Logger
