17:47:53.759 [main                     ] DEBUG Logger               - Configured Logger
17:47:53.779 [main                     ] DEBUG GameApplication      - Logging settings
Title: Hsleiden Kombat
Version: 0.0
Width: 800
Height: 600
Fullscreen: true
Intro: false
Profiling: false
Single step:false
App Mode: DEVELOPER
Menu Key: ESCAPE
Stage Style: DECORATED
Scene Factory: class com.almasb.fxgl.app.scene.SceneFactory

17:47:54.201 [JavaFX Application Thread] DEBUG FXGLApplication      - Initializing FXGL
17:47:54.208 [JavaFX Application Thread] INFO  Engine               - FXGL-17.1 (24.03.2022 17.34) on WINDOWS (J:19.0.1 FX:19-ea)
17:47:54.209 [JavaFX Application Thread] DEBUG Engine               - JRE Vendor Name: Oracle Corporation
17:47:54.209 [JavaFX Application Thread] DEBUG Engine               - Running on OS: Windows 11 version 10.0
17:47:54.209 [JavaFX Application Thread] DEBUG Engine               - Architecture: amd64
17:47:54.209 [JavaFX Application Thread] INFO  Engine               - Source code and latest versions at: https://github.com/AlmasB/FXGL
17:47:54.209 [JavaFX Application Thread] INFO  Engine               -       Ask questions and discuss at: https://github.com/AlmasB/FXGL/discussions
17:47:54.209 [JavaFX Application Thread] INFO  Engine               -              Join the FXGL chat at: https://gitter.im/AlmasB/FXGL
17:47:54.324 [JavaFX Application Thread] DEBUG PrimaryStageWindow   - Creating a JavaFX scene
17:47:54.371 [JavaFX Application Thread] DEBUG PrimaryStageWindow   - Target settings size: 800.0 x 600.0
17:47:54.371 [JavaFX Application Thread] DEBUG PrimaryStageWindow   - Scaled scene size:    800.0 x 600.0
17:47:54.371 [JavaFX Application Thread] DEBUG PrimaryStageWindow   - Scaled ratio: (1.0, 1.0)
17:47:54.372 [JavaFX Application Thread] DEBUG PrimaryStageWindow   - Set initial scene to FXGLStartupScene
17:47:54.381 [JavaFX Application Thread] DEBUG PrimaryStageWindow   - Opening main window
17:47:54.452 [JavaFX Application Thread] DEBUG PrimaryStageWindow   - Window border size: (14.66668701171875, 37.33331298828125)
17:47:54.453 [JavaFX Application Thread] DEBUG PrimaryStageWindow   - Scaled size: 800.0 x 600.0
17:47:54.453 [JavaFX Application Thread] DEBUG PrimaryStageWindow   - Scaled ratio: (1.0, 1.0)
17:47:54.453 [JavaFX Application Thread] DEBUG PrimaryStageWindow   - Scene size: 800.0 x 600.0
17:47:54.453 [JavaFX Application Thread] DEBUG PrimaryStageWindow   - Stage size: 814.6666870117188 x 637.3333129882812
17:47:54.520 [JavaFX Application Thread] DEBUG PrimaryStageWindow   - Going fullscreen
17:47:54.530 [FXGL Background Thread 1 ] DEBUG Engine               - Initializing environment variables
17:47:54.578 [FXGL Background Thread 1 ] DEBUG FXGLAssetLoaderServi - User app class for loading assets: class com.hsleidenKombat.Game
17:47:54.578 [FXGL Background Thread 1 ] DEBUG GameApplicationServi - Applying CSS: fxgl_dark.css
17:47:54.578 [FXGL Background Thread 1 ] DEBUG FXGLAssetLoaderServi - Loading from file system: jar:file:/C:/Users/karos/.m2/repository/com/github/almasb/fxgl/17.1/fxgl-17.1.jar!/fxglassets/ui/css/fxgl_dark.css
17:47:54.611 [FXGL Background Thread 1 ] DEBUG GameApplicationServi - Initializing application scenes
17:47:54.648 [FXGL Background Thread 1 ] DEBUG GameWorld            - Game world initialized
17:47:54.698 [FXGL Background Thread 1 ] DEBUG PhysicsWorld         - Physics world initialized: appHeight=600, physics.ppm=50.0
17:47:54.698 [FXGL Background Thread 1 ] DEBUG PhysicsWorld         - Using strategy: BRUTE_FORCE
17:47:54.701 [FXGL Background Thread 1 ] DEBUG GameScene            - Game scene initialized: 800x600
17:47:54.710 [FXGL Background Thread 1 ] DEBUG FXGL.DefaultMenu     - createMenuBodyGameMenu()
17:47:54.723 [FXGL Background Thread 1 ] DEBUG FXGL.DefaultMenu     - createOptionsMenu()
17:47:54.731 [FXGL Background Thread 1 ] DEBUG FXGLAssetLoaderServi - Loading from file system: jar:file:/C:/Users/karos/.m2/repository/com/github/almasb/fxgl/17.1/fxgl-17.1.jar!/fxglassets/textures/particles/smoke.png
17:47:54.840 [FXGL Background Thread 1 ] DEBUG FXGLAssetLoaderServi - Loading from file system: jar:file:/C:/Users/karos/.m2/repository/com/github/almasb/fxgl/17.1/fxgl-17.1.jar!/fxglassets/textures/particles/trace_horizontal.png
17:47:54.867 [FXGL Background Thread 1 ] DEBUG GameApplicationServi - Application scenes initialized
17:47:54.877 [FXGL Background Thread 1 ] DEBUG SystemBundleService  - Loading FXGL system data
17:47:54.884 [FXGL Background Thread 1 ] DEBUG FileSystemAccess     - Reading from: C:\Users\karos\IdeaProjects\HS-Leiden-Kombat\system\fxgl.bundle
17:47:54.892 [FXGL Background Thread 1 ] DEBUG SystemBundleService  - Bundle FXGL: {}
17:47:54.892 [FXGL Background Thread 1 ] DEBUG UpdaterService       - Checking for updates
17:47:54.917 [FXGL Background Thread 4 ] DEBUG FXGLApplication      - Loading fonts
17:47:54.917 [FXGL Background Thread 4 ] DEBUG FXGLAssetLoaderServi - Loading from file system: jar:file:/C:/Users/karos/.m2/repository/com/github/almasb/fxgl/17.1/fxgl-17.1.jar!/fxglassets/ui/fonts/VarelaRound-Regular.ttf
17:47:54.917 [FXGL Background Thread 1 ] DEBUG FXGLApplication      - Loading default localization
17:47:54.918 [FXGL Background Thread 1 ] DEBUG FXGLAssetLoaderServi - Loading from file system: jar:file:/C:/Users/karos/.m2/repository/com/github/almasb/fxgl/17.1/fxgl-17.1.jar!/fxglassets/languages/english.lang
17:47:54.936 [FXGL Background Thread 1 ] INFO  FXGLApplication      - FXGL initialization took: 0.406 sec
17:47:54.937 [JavaFX Application Thread] DEBUG FXGLAssetLoaderServi - Loading from file system: jar:file:/C:/Users/karos/.m2/repository/com/github/almasb/fxgl/17.1/fxgl-17.1.jar!/fxglassets/textures/fxgl_icon.png
17:47:54.954 [JavaFX Application Thread] DEBUG FXGLAssetLoaderServi - Loading from file system: jar:file:/C:/Users/karos/.m2/repository/com/github/almasb/fxgl/17.1/fxgl-17.1.jar!/fxglassets/textures/fxgl_default_cursor.png
17:47:54.965 [FXGL Background Thread 4 ] DEBUG FXGLAssetLoaderServi - Loading from file system: jar:file:/C:/Users/karos/.m2/repository/com/github/almasb/fxgl/17.1/fxgl-17.1.jar!/fxglassets/ui/fonts/Abel-Regular.ttf
17:47:54.966 [JavaFX Application Thread] DEBUG Input                - Registered new binding: Screenshot - CTRL+8
17:47:54.966 [JavaFX Application Thread] DEBUG Input                - Registered new binding: Dev Options - 1
17:47:54.967 [JavaFX Application Thread] DEBUG Input                - Registered new binding: Dev Console - 2
17:47:54.967 [JavaFX Application Thread] DEBUG Input                - Registered new binding: System info dump - CTRL+9
17:47:54.968 [JavaFX Application Thread] DEBUG Input                - Registered new binding: Restart - CTRL+R
17:47:54.968 [JavaFX Application Thread] DEBUG Input                - Registered new binding: Toggle Debug Camera - CTRL+7
17:47:54.968 [FXGL Background Thread 4 ] DEBUG FXGLAssetLoaderServi - Loading from file system: jar:file:/C:/Users/karos/.m2/repository/com/github/almasb/fxgl/17.1/fxgl-17.1.jar!/fxglassets/ui/fonts/TerminalLandMono-Regular.otf
17:47:54.971 [JavaFX Application Thread] DEBUG LoopRunner           - Starting loop
17:47:54.973 [FXGL Background Thread 4 ] DEBUG FXGLAssetLoaderServi - Loading from file system: jar:file:/C:/Users/karos/.m2/repository/com/github/almasb/fxgl/17.1/fxgl-17.1.jar!/fxglassets/ui/fonts/Courier-Prime.ttf
17:47:54.982 [JavaFX Application Thread] DEBUG LoopRunner           - Initializing JavaFX AnimationTimerLoop
17:47:54.983 [JavaFX Application Thread] DEBUG GameApplicationServi - Starting new game
17:47:54.983 [JavaFX Application Thread] DEBUG Input                - Clearing active input actions
17:47:54.995 [JavaFX Application Thread] DEBUG GameApplicationServi - Removing overlay from FXGLStartupScene and adding to FXGLLoadingScene
17:47:54.998 [JavaFX Application Thread] DEBUG PrimaryStageWindow   - FXGLStartupScene -> FXGLLoadingScene
17:47:54.998 [JavaFX Application Thread] DEBUG GameApplicationServi - Clearing previous game
17:47:54.998 [JavaFX Application Thread] DEBUG GameScene            - Clearing game scene
17:47:54.998 [JavaFX Application Thread] DEBUG GameWorld            - Clearing game world
17:47:54.998 [JavaFX Application Thread] DEBUG PhysicsWorld         - Clearing physics world
17:47:54.999 [FXGL Background Thread 4 ] DEBUG FXGLApplication      - Initializing game
17:47:55.001 [FXGL Background Thread 4 ] DEBUG FXGLAssetLoaderServi - Loading from file system: file:/C:/Users/karos/IdeaProjects/HS-Leiden-Kombat/target/classes/assets/textures/login.jpeg
17:47:55.068 [FXGL Background Thread 4 ] DEBUG Input                - Registered new binding: Move Left - A
17:47:55.069 [FXGL Background Thread 4 ] DEBUG Input                - Registered new binding: Move Right - D
17:47:55.069 [FXGL Background Thread 4 ] DEBUG Input                - Registered new binding: Move Up - W
17:47:55.069 [FXGL Background Thread 4 ] DEBUG Input                - Registered new binding: Duck - S
17:47:55.069 [FXGL Background Thread 4 ] DEBUG Input                - Registered new binding: Move Left 2 - Left
17:47:55.069 [FXGL Background Thread 4 ] DEBUG Input                - Registered new binding: Move Right 2 - Right
17:47:55.069 [FXGL Background Thread 4 ] DEBUG Input                - Registered new binding: Move Up 2 - Up
17:47:55.069 [FXGL Background Thread 4 ] DEBUG Input                - Registered new binding: Duck2 - Down
17:47:55.069 [FXGL Background Thread 4 ] DEBUG Input                - Registered new binding: Punch - F
17:47:55.070 [FXGL Background Thread 4 ] DEBUG Input                - Registered new binding: Punch2 - L
17:47:55.072 [FXGL Background Thread 4 ] INFO  FXGLApplication      - Game initialization took: 0.072 sec
17:47:55.220 [JavaFX Application Thread] DEBUG FXGLApplication      - Registering font factories with UI factory
17:47:55.230 [JavaFX Application Thread] DEBUG Input                - Clearing active input actions
17:47:55.237 [JavaFX Application Thread] DEBUG GameApplicationServi - Removing overlay from FXGLLoadingScene and adding to GameScene
17:47:55.242 [JavaFX Application Thread] DEBUG PrimaryStageWindow   - FXGLLoadingScene -> GameScene
17:47:55.447 [FXGL Background Thread 2 ] INFO  UpdaterService       - Your current version:  17.1
17:47:55.447 [FXGL Background Thread 2 ] INFO  UpdaterService       - Latest stable version: 17.3
17:47:57.917 [FXGL Background Thread 3 ] DEBUG Engine               - Logging environment variables
17:47:57.918 [FXGL Background Thread 3 ] DEBUG Engine               - achievements: []
17:47:57.919 [FXGL Background Thread 3 ] DEBUG Engine               - actualHeight: 720.0
17:47:57.919 [FXGL Background Thread 3 ] DEBUG Engine               - actualHeightProperty: ReadOnlyDoubleProperty [value: 720.0]
17:47:57.919 [FXGL Background Thread 3 ] DEBUG Engine               - actualWidth: 1280.0
17:47:57.919 [FXGL Background Thread 3 ] DEBUG Engine               - actualWidthProperty: ReadOnlyDoubleProperty [value: 1280.0]
17:47:57.919 [FXGL Background Thread 3 ] DEBUG Engine               - appIcon: fxgl_icon.png
17:47:57.920 [FXGL Background Thread 3 ] DEBUG Engine               - applicationMode: DEVELOPER
17:47:57.920 [FXGL Background Thread 3 ] DEBUG Engine               - cSSList: [fxgl_dark.css]
17:47:57.920 [FXGL Background Thread 3 ] DEBUG Engine               - collisionDetectionStrategy: BRUTE_FORCE
17:47:57.920 [FXGL Background Thread 3 ] DEBUG Engine               - configClass: Optional.empty
17:47:57.920 [FXGL Background Thread 3 ] DEBUG Engine               - credits: []
17:47:57.921 [FXGL Background Thread 3 ] DEBUG Engine               - defaultCursor: CursorInfo(imageName=fxgl_default_cursor.png, hotspotX=7.0, hotspotY=6.0)
17:47:57.921 [FXGL Background Thread 3 ] DEBUG Engine               - devBBoxColorProperty: ObjectProperty [value: 0xff0000ff]
17:47:57.922 [FXGL Background Thread 3 ] DEBUG Engine               - devEnableDebugCameraProperty: BooleanProperty [value: false]
17:47:57.922 [FXGL Background Thread 3 ] DEBUG Engine               - devSensorColorProperty: ObjectProperty [value: 0xffff00ff]
17:47:57.922 [FXGL Background Thread 3 ] DEBUG Engine               - devShowBBoxProperty: BooleanProperty [value: false]
17:47:57.923 [FXGL Background Thread 3 ] DEBUG Engine               - devShowPositionProperty: BooleanProperty [value: false]
17:47:57.923 [FXGL Background Thread 3 ] DEBUG Engine               - enabledMenuItems: []
17:47:57.923 [FXGL Background Thread 3 ] DEBUG Engine               - engineServices: [class com.almasb.fxgl.app.services.FXGLAssetLoaderService, class com.almasb.fxgl.app.FXGLApplication$GameApplicationService, class com.almasb.fxgl.app.services.FXGLDialogService, class com.almasb.fxgl.app.services.IOTaskExecutorService, class com.almasb.fxgl.io.FileSystemService, class com.almasb.fxgl.localization.LocalizationService, class com.almasb.fxgl.app.services.SystemBundleService, class com.almasb.fxgl.profile.SaveLoadService, class com.almasb.fxgl.ui.FXGLUIFactoryServiceProvider, class com.almasb.fxgl.ui.FXGLDialogFactoryServiceProvider, class com.almasb.fxgl.audio.AudioPlayer, class com.almasb.fxgl.notification.impl.NotificationServiceProvider, class com.almasb.fxgl.achievement.AchievementService, class com.almasb.fxgl.cutscene.CutsceneService, class com.almasb.fxgl.minigames.MiniGameService, class com.almasb.fxgl.net.NetService, class com.almasb.fxgl.app.services.UpdaterService, class com.almasb.fxgl.dev.DevService]
17:47:57.923 [FXGL Background Thread 3 ] DEBUG Engine               - fontGame: Abel-Regular.ttf
17:47:57.923 [FXGL Background Thread 3 ] DEBUG Engine               - fontMono: TerminalLandMono-Regular.otf
17:47:57.923 [FXGL Background Thread 3 ] DEBUG Engine               - fontText: Courier-Prime.ttf
17:47:57.923 [FXGL Background Thread 3 ] DEBUG Engine               - fontUI: VarelaRound-Regular.ttf
17:47:57.924 [FXGL Background Thread 3 ] DEBUG Engine               - fullScreen: BooleanProperty [value: true]
17:47:57.924 [FXGL Background Thread 3 ] DEBUG Engine               - gameDifficulty: MEDIUM
17:47:57.924 [FXGL Background Thread 3 ] DEBUG Engine               - gameDifficultyProperty: ObjectProperty [value: MEDIUM]
17:47:57.924 [FXGL Background Thread 3 ] DEBUG Engine               - globalMusicVolume: 0.5
17:47:57.924 [FXGL Background Thread 3 ] DEBUG Engine               - globalMusicVolumeProperty: DoubleProperty [value: 0.5]
17:47:57.924 [FXGL Background Thread 3 ] DEBUG Engine               - globalSoundVolume: 0.5
17:47:57.925 [FXGL Background Thread 3 ] DEBUG Engine               - globalSoundVolumeProperty: DoubleProperty [value: 0.5]
17:47:57.925 [FXGL Background Thread 3 ] DEBUG Engine               - height: 600
17:47:57.925 [FXGL Background Thread 3 ] DEBUG Engine               - is3D: false
17:47:57.925 [FXGL Background Thread 3 ] DEBUG Engine               - isAndroid: false
17:47:57.925 [FXGL Background Thread 3 ] DEBUG Engine               - isBrowser: false
17:47:57.925 [FXGL Background Thread 3 ] DEBUG Engine               - isClickFeedbackEnabled: false
17:47:57.925 [FXGL Background Thread 3 ] DEBUG Engine               - isCloseConfirmation: false
17:47:57.925 [FXGL Background Thread 3 ] DEBUG Engine               - isDesktop: true
17:47:57.925 [FXGL Background Thread 3 ] DEBUG Engine               - isDeveloperMenuEnabled: true
17:47:57.925 [FXGL Background Thread 3 ] DEBUG Engine               - isEmbedded: false
17:47:57.926 [FXGL Background Thread 3 ] DEBUG Engine               - isEntityPreloadEnabled: true
17:47:57.926 [FXGL Background Thread 3 ] DEBUG Engine               - isExperimentalTiledLargeMap: false
17:47:57.926 [FXGL Background Thread 3 ] DEBUG Engine               - isFileSystemWriteAllowed: true
17:47:57.926 [FXGL Background Thread 3 ] DEBUG Engine               - isFullScreenAllowed: true
17:47:57.926 [FXGL Background Thread 3 ] DEBUG Engine               - isFullScreenFromStart: true
17:47:57.926 [FXGL Background Thread 3 ] DEBUG Engine               - isGameMenuEnabled: true
17:47:57.927 [FXGL Background Thread 3 ] DEBUG Engine               - isIOS: false
17:47:57.927 [FXGL Background Thread 3 ] DEBUG Engine               - isIntroEnabled: false
17:47:57.927 [FXGL Background Thread 3 ] DEBUG Engine               - isLinux: false
17:47:57.928 [FXGL Background Thread 3 ] DEBUG Engine               - isMac: false
17:47:57.928 [FXGL Background Thread 3 ] DEBUG Engine               - isMainMenuEnabled: false
17:47:57.928 [FXGL Background Thread 3 ] DEBUG Engine               - isManualResizeEnabled: false
17:47:57.928 [FXGL Background Thread 3 ] DEBUG Engine               - isMobile: false
17:47:57.928 [FXGL Background Thread 3 ] DEBUG Engine               - isNative: false
17:47:57.928 [FXGL Background Thread 3 ] DEBUG Engine               - isPauseMusicWhenMinimized: true
17:47:57.928 [FXGL Background Thread 3 ] DEBUG Engine               - isPreserveResizeRatio: false
17:47:57.929 [FXGL Background Thread 3 ] DEBUG Engine               - isProfilingEnabled: false
17:47:57.929 [FXGL Background Thread 3 ] DEBUG Engine               - isScaleAffectedOnResize: true
17:47:57.929 [FXGL Background Thread 3 ] DEBUG Engine               - isSingleStep: false
17:47:57.929 [FXGL Background Thread 3 ] DEBUG Engine               - isUserProfileEnabled: false
17:47:57.929 [FXGL Background Thread 3 ] DEBUG Engine               - isWindows: true
17:47:57.929 [FXGL Background Thread 3 ] DEBUG Engine               - language: ObjectProperty [value: ENGLISH]
17:47:57.930 [FXGL Background Thread 3 ] DEBUG Engine               - menuKey: ESCAPE
17:47:57.930 [FXGL Background Thread 3 ] DEBUG Engine               - mouseSensitivity: 0.2
17:47:57.930 [FXGL Background Thread 3 ] DEBUG Engine               - notificationViewClass: class com.almasb.fxgl.notification.view.XboxNotificationView
17:47:57.930 [FXGL Background Thread 3 ] DEBUG Engine               - pixelsPerMeter: 50.0
17:47:57.930 [FXGL Background Thread 3 ] DEBUG Engine               - platform: WINDOWS
17:47:57.930 [FXGL Background Thread 3 ] DEBUG Engine               - prefHeightProperty: ReadOnlyDoubleProperty [value: 600.0]
17:47:57.931 [FXGL Background Thread 3 ] DEBUG Engine               - prefWidthProperty: ReadOnlyDoubleProperty [value: 800.0]
17:47:57.931 [FXGL Background Thread 3 ] DEBUG Engine               - profileDir: profiles/
17:47:57.931 [FXGL Background Thread 3 ] DEBUG Engine               - profileName: StringProperty [value: DEFAULT]
17:47:57.931 [FXGL Background Thread 3 ] DEBUG Engine               - randomSeed: -1
17:47:57.932 [FXGL Background Thread 3 ] DEBUG Engine               - runtimeInfo: RuntimeInfo(platform=WINDOWS, version=17.1, build=24.03.2022 17.34)
17:47:57.932 [FXGL Background Thread 3 ] DEBUG Engine               - saveFileExt: sav
17:47:57.932 [FXGL Background Thread 3 ] DEBUG Engine               - scaledHeightProp$fxgl: DoubleProperty [bound, value: 720.0]
17:47:57.932 [FXGL Background Thread 3 ] DEBUG Engine               - scaledWidthProp$fxgl: DoubleProperty [bound, value: 1280.0]
17:47:57.932 [FXGL Background Thread 3 ] DEBUG Engine               - sceneFactory: com.almasb.fxgl.app.scene.SceneFactory@284b00dd
17:47:57.932 [FXGL Background Thread 3 ] DEBUG Engine               - secondsIn24h: 60
17:47:57.933 [FXGL Background Thread 3 ] DEBUG Engine               - soundMenuBack: menu/back.wav
17:47:57.933 [FXGL Background Thread 3 ] DEBUG Engine               - soundMenuPress: menu/press.wav
17:47:57.933 [FXGL Background Thread 3 ] DEBUG Engine               - soundMenuSelect: menu/select.wav
17:47:57.933 [FXGL Background Thread 3 ] DEBUG Engine               - soundNotification: core/notification.wav
17:47:57.933 [FXGL Background Thread 3 ] DEBUG Engine               - stageStyle: DECORATED
17:47:57.933 [FXGL Background Thread 3 ] DEBUG Engine               - supportedLanguages: [ENGLISH, FRENCH, GERMAN, HUNGARIAN, RUSSIAN]
17:47:57.933 [FXGL Background Thread 3 ] DEBUG Engine               - ticksPerSecond: -1
17:47:57.933 [FXGL Background Thread 3 ] DEBUG Engine               - title: Hsleiden Kombat
17:47:57.934 [FXGL Background Thread 3 ] DEBUG Engine               - urlGithub: https://github.com/AlmasB/FXGL
17:47:57.934 [FXGL Background Thread 3 ] DEBUG Engine               - urlLeaderboard: http://fxgl-top.herokuapp.com/
17:47:57.934 [FXGL Background Thread 3 ] DEBUG Engine               - urlPOM: https://raw.githubusercontent.com/AlmasB/FXGL/release/README.md
17:47:57.934 [FXGL Background Thread 3 ] DEBUG Engine               - userAppClass: class com.hsleidenKombat.Game
17:47:57.934 [FXGL Background Thread 3 ] DEBUG Engine               - version: 0.0
17:47:57.934 [FXGL Background Thread 3 ] DEBUG Engine               - versionCheckDays: 7
17:47:57.934 [FXGL Background Thread 3 ] DEBUG Engine               - width: 800
17:47:57.934 [FXGL Background Thread 3 ] DEBUG Engine               - Logging services
17:47:57.935 [FXGL Background Thread 3 ] DEBUG Engine               - class com.almasb.fxgl.app.services.FXGLAssetLoaderService
17:47:57.935 [FXGL Background Thread 3 ] DEBUG Engine               - class com.almasb.fxgl.app.FXGLApplication$GameApplicationService
17:47:57.935 [FXGL Background Thread 3 ] DEBUG Engine               - class com.almasb.fxgl.app.services.FXGLDialogService
17:47:57.935 [FXGL Background Thread 3 ] DEBUG Engine               - class com.almasb.fxgl.app.services.IOTaskExecutorService
17:47:57.936 [FXGL Background Thread 3 ] DEBUG Engine               - class com.almasb.fxgl.io.FileSystemService
17:47:57.936 [FXGL Background Thread 3 ] DEBUG Engine               - class com.almasb.fxgl.localization.LocalizationService
17:47:57.936 [FXGL Background Thread 3 ] DEBUG Engine               - class com.almasb.fxgl.app.services.SystemBundleService
17:47:57.936 [FXGL Background Thread 3 ] DEBUG Engine               - class com.almasb.fxgl.profile.SaveLoadService
17:47:57.936 [FXGL Background Thread 3 ] DEBUG Engine               - class com.almasb.fxgl.ui.FXGLUIFactoryServiceProvider
17:47:57.936 [FXGL Background Thread 3 ] DEBUG Engine               - class com.almasb.fxgl.ui.FXGLDialogFactoryServiceProvider
17:47:57.936 [FXGL Background Thread 3 ] DEBUG Engine               - class com.almasb.fxgl.audio.AudioPlayer
17:47:57.936 [FXGL Background Thread 3 ] DEBUG Engine               - class com.almasb.fxgl.notification.impl.NotificationServiceProvider
17:47:57.936 [FXGL Background Thread 3 ] DEBUG Engine               - class com.almasb.fxgl.achievement.AchievementService
17:47:57.936 [FXGL Background Thread 3 ] DEBUG Engine               - class com.almasb.fxgl.cutscene.CutsceneService
17:47:57.937 [FXGL Background Thread 3 ] DEBUG Engine               - class com.almasb.fxgl.minigames.MiniGameService
17:47:57.937 [FXGL Background Thread 3 ] DEBUG Engine               - class com.almasb.fxgl.net.NetService
17:47:57.937 [FXGL Background Thread 3 ] DEBUG Engine               - class com.almasb.fxgl.app.services.UpdaterService
17:47:57.937 [FXGL Background Thread 3 ] DEBUG Engine               - class com.almasb.fxgl.dev.DevService
17:47:59.935 [JavaFX Application Thread] DEBUG FXGLAssetLoaderServi - Loading from file system: file:/C:/Users/karos/IdeaProjects/HS-Leiden-Kombat/target/classes/assets/textures/spritesheet.png
17:47:59.948 [JavaFX Application Thread] DEBUG FXGLAssetLoaderServi - Loading from file system: file:/C:/Users/karos/IdeaProjects/HS-Leiden-Kombat/target/classes/assets/textures/spritesheet-lopen.png
17:47:59.956 [JavaFX Application Thread] DEBUG FXGLAssetLoaderServi - Loading from file system: file:/C:/Users/karos/IdeaProjects/HS-Leiden-Kombat/target/classes/assets/textures/punch.png
17:47:59.987 [JavaFX Application Thread] DEBUG FXGLAssetLoaderServi - Loading from file system: file:/C:/Users/karos/IdeaProjects/HS-Leiden-Kombat/target/classes/assets/textures/background7.jpeg
17:48:45.672 [JavaFX Application Thread] DEBUG PrimaryStageWindow   - Push state: FXGLDefaultMenu
17:48:45.677 [JavaFX Application Thread] DEBUG Input                - Clearing active input actions
17:48:45.681 [JavaFX Application Thread] DEBUG GameApplicationServi - Removing overlay from GameScene and adding to FXGLDefaultMenu
17:48:45.686 [JavaFX Application Thread] DEBUG PrimaryStageWindow   - GameScene -> FXGLDefaultMenu
17:48:47.187 [JavaFX Application Thread] DEBUG Menu                 - fireExit()
17:48:47.190 [JavaFX Application Thread] DEBUG PrimaryStageWindow   - Push state: DialogSubScene
17:48:47.190 [JavaFX Application Thread] DEBUG Input                - Clearing active input actions
17:48:47.192 [JavaFX Application Thread] DEBUG GameApplicationServi - Removing overlay from FXGLDefaultMenu and adding to DialogSubScene
17:48:47.193 [JavaFX Application Thread] DEBUG PrimaryStageWindow   - FXGLDefaultMenu -> DialogSubScene
17:48:47.907 [JavaFX Application Thread] DEBUG PrimaryStageWindow   - Pop state: DialogSubScene
17:48:47.907 [JavaFX Application Thread] DEBUG Input                - Clearing active input actions
17:48:47.908 [JavaFX Application Thread] DEBUG GameApplicationServi - Removing overlay from DialogSubScene and adding to FXGLDefaultMenu
17:48:47.910 [JavaFX Application Thread] DEBUG PrimaryStageWindow   - FXGLDefaultMenu <- DialogSubScene
17:48:47.911 [JavaFX Application Thread] DEBUG FXGLApplication      - Exiting FXGL
17:48:47.911 [JavaFX Application Thread] DEBUG LoopRunner           - Stopping loop
17:48:47.911 [JavaFX Application Thread] DEBUG SystemBundleService  - Saving FXGL system data
17:48:47.916 [JavaFX Application Thread] DEBUG FileSystemAccess     - Writing to: C:\Users\karos\IdeaProjects\HS-Leiden-Kombat\system\fxgl.bundle
17:48:47.921 [JavaFX Application Thread] DEBUG Async                - Shutting down background threads
17:48:47.923 [JavaFX Application Thread] DEBUG PrimaryStageWindow   - Closing main window
17:48:47.955 [JavaFX Application Thread] DEBUG Logger               - Closing Logger
