10:12:19.669 [main                     ] DEBUG Logger               - Configured Logger
10:12:19.692 [main                     ] DEBUG GameApplication      - Logging settings
Title: Hsleiden Kombat
Version: 0.0
Width: 800
Height: 600
Fullscreen: true
Intro: false
Profiling: false
Single step:false
App Mode: DEVELOPER
Menu Key: ESCAPE
Stage Style: DECORATED
Scene Factory: class com.almasb.fxgl.app.scene.SceneFactory

10:12:20.144 [JavaFX Application Thread] DEBUG FXGLApplication      - Initializing FXGL
10:12:20.152 [JavaFX Application Thread] INFO  Engine               - FXGL-17.1 (24.03.2022 17.34) on WINDOWS (J:19.0.1 FX:19-ea)
10:12:20.152 [JavaFX Application Thread] DEBUG Engine               - JRE Vendor Name: Oracle Corporation
10:12:20.154 [JavaFX Application Thread] DEBUG Engine               - Running on OS: Windows 11 version 10.0
10:12:20.154 [JavaFX Application Thread] DEBUG Engine               - Architecture: amd64
10:12:20.154 [JavaFX Application Thread] INFO  Engine               - Source code and latest versions at: https://github.com/AlmasB/FXGL
10:12:20.154 [JavaFX Application Thread] INFO  Engine               -       Ask questions and discuss at: https://github.com/AlmasB/FXGL/discussions
10:12:20.154 [JavaFX Application Thread] INFO  Engine               -              Join the FXGL chat at: https://gitter.im/AlmasB/FXGL
10:12:20.279 [JavaFX Application Thread] DEBUG PrimaryStageWindow   - Creating a JavaFX scene
10:12:20.333 [JavaFX Application Thread] DEBUG PrimaryStageWindow   - Target settings size: 800.0 x 600.0
10:12:20.334 [JavaFX Application Thread] DEBUG PrimaryStageWindow   - Scaled scene size:    800.0 x 600.0
10:12:20.334 [JavaFX Application Thread] DEBUG PrimaryStageWindow   - Scaled ratio: (1.0, 1.0)
10:12:20.335 [JavaFX Application Thread] DEBUG PrimaryStageWindow   - Set initial scene to FXGLStartupScene
10:12:20.344 [JavaFX Application Thread] DEBUG PrimaryStageWindow   - Opening main window
10:12:20.442 [JavaFX Application Thread] DEBUG PrimaryStageWindow   - Window border size: (14.66668701171875, 37.33331298828125)
10:12:20.443 [JavaFX Application Thread] DEBUG PrimaryStageWindow   - Scaled size: 800.0 x 600.0
10:12:20.443 [JavaFX Application Thread] DEBUG PrimaryStageWindow   - Scaled ratio: (1.0, 1.0)
10:12:20.443 [JavaFX Application Thread] DEBUG PrimaryStageWindow   - Scene size: 800.0 x 600.0
10:12:20.443 [JavaFX Application Thread] DEBUG PrimaryStageWindow   - Stage size: 814.6666870117188 x 637.3333129882812
10:12:20.528 [JavaFX Application Thread] DEBUG PrimaryStageWindow   - Going fullscreen
10:12:20.540 [FXGL Background Thread 1 ] DEBUG Engine               - Initializing environment variables
10:12:20.594 [FXGL Background Thread 1 ] DEBUG FXGLAssetLoaderServi - User app class for loading assets: class com.hsleidenKombat.Game
10:12:20.594 [FXGL Background Thread 1 ] DEBUG GameApplicationServi - Applying CSS: fxgl_dark.css
10:12:20.594 [FXGL Background Thread 1 ] DEBUG FXGLAssetLoaderServi - Loading from file system: jar:file:/C:/Users/karos/.m2/repository/com/github/almasb/fxgl/17.1/fxgl-17.1.jar!/fxglassets/ui/css/fxgl_dark.css
10:12:20.629 [FXGL Background Thread 1 ] DEBUG GameApplicationServi - Initializing application scenes
10:12:20.676 [FXGL Background Thread 1 ] DEBUG GameWorld            - Game world initialized
10:12:20.733 [FXGL Background Thread 1 ] DEBUG PhysicsWorld         - Physics world initialized: appHeight=600, physics.ppm=50.0
10:12:20.734 [FXGL Background Thread 1 ] DEBUG PhysicsWorld         - Using strategy: BRUTE_FORCE
10:12:20.739 [FXGL Background Thread 1 ] DEBUG GameScene            - Game scene initialized: 800x600
10:12:20.755 [FXGL Background Thread 1 ] DEBUG FXGL.DefaultMenu     - createMenuBodyGameMenu()
10:12:20.774 [FXGL Background Thread 1 ] DEBUG FXGL.DefaultMenu     - createOptionsMenu()
10:12:20.788 [FXGL Background Thread 1 ] DEBUG FXGLAssetLoaderServi - Loading from file system: jar:file:/C:/Users/karos/.m2/repository/com/github/almasb/fxgl/17.1/fxgl-17.1.jar!/fxglassets/textures/particles/smoke.png
10:12:20.890 [FXGL Background Thread 1 ] DEBUG FXGLAssetLoaderServi - Loading from file system: jar:file:/C:/Users/karos/.m2/repository/com/github/almasb/fxgl/17.1/fxgl-17.1.jar!/fxglassets/textures/particles/trace_horizontal.png
10:12:20.920 [FXGL Background Thread 1 ] DEBUG GameApplicationServi - Application scenes initialized
10:12:20.930 [FXGL Background Thread 1 ] DEBUG SystemBundleService  - Loading FXGL system data
10:12:20.935 [FXGL Background Thread 1 ] DEBUG FileSystemAccess     - Reading from: C:\Users\karos\IdeaProjects\HS-Leiden-Kombat\system\fxgl.bundle
10:12:20.946 [FXGL Background Thread 1 ] DEBUG SystemBundleService  - Bundle FXGL: {}
10:12:20.946 [FXGL Background Thread 1 ] DEBUG UpdaterService       - Checking for updates
10:12:20.974 [FXGL Background Thread 4 ] DEBUG FXGLApplication      - Loading fonts
10:12:20.975 [FXGL Background Thread 4 ] DEBUG FXGLAssetLoaderServi - Loading from file system: jar:file:/C:/Users/karos/.m2/repository/com/github/almasb/fxgl/17.1/fxgl-17.1.jar!/fxglassets/ui/fonts/VarelaRound-Regular.ttf
10:12:20.975 [FXGL Background Thread 1 ] DEBUG FXGLApplication      - Loading default localization
10:12:20.975 [FXGL Background Thread 1 ] DEBUG FXGLAssetLoaderServi - Loading from file system: jar:file:/C:/Users/karos/.m2/repository/com/github/almasb/fxgl/17.1/fxgl-17.1.jar!/fxglassets/languages/english.lang
10:12:21.014 [FXGL Background Thread 1 ] INFO  FXGLApplication      - FXGL initialization took: 0.474 sec
10:12:21.017 [JavaFX Application Thread] DEBUG FXGLAssetLoaderServi - Loading from file system: jar:file:/C:/Users/karos/.m2/repository/com/github/almasb/fxgl/17.1/fxgl-17.1.jar!/fxglassets/textures/fxgl_icon.png
10:12:21.042 [JavaFX Application Thread] DEBUG FXGLAssetLoaderServi - Loading from file system: jar:file:/C:/Users/karos/.m2/repository/com/github/almasb/fxgl/17.1/fxgl-17.1.jar!/fxglassets/textures/fxgl_default_cursor.png
10:12:21.058 [JavaFX Application Thread] DEBUG Input                - Registered new binding: Screenshot - CTRL+8
10:12:21.059 [JavaFX Application Thread] DEBUG Input                - Registered new binding: Dev Options - 1
10:12:21.060 [JavaFX Application Thread] DEBUG Input                - Registered new binding: Dev Console - 2
10:12:21.061 [JavaFX Application Thread] DEBUG Input                - Registered new binding: System info dump - CTRL+9
10:12:21.062 [JavaFX Application Thread] DEBUG Input                - Registered new binding: Restart - CTRL+R
10:12:21.063 [JavaFX Application Thread] DEBUG Input                - Registered new binding: Toggle Debug Camera - CTRL+7
10:12:21.068 [JavaFX Application Thread] DEBUG LoopRunner           - Starting loop
10:12:21.081 [FXGL Background Thread 4 ] DEBUG FXGLAssetLoaderServi - Loading from file system: jar:file:/C:/Users/karos/.m2/repository/com/github/almasb/fxgl/17.1/fxgl-17.1.jar!/fxglassets/ui/fonts/Abel-Regular.ttf
10:12:21.090 [JavaFX Application Thread] DEBUG LoopRunner           - Initializing JavaFX AnimationTimerLoop
10:12:21.092 [JavaFX Application Thread] DEBUG GameApplicationServi - Starting new game
10:12:21.094 [JavaFX Application Thread] DEBUG Input                - Clearing active input actions
10:12:21.100 [FXGL Background Thread 4 ] DEBUG FXGLAssetLoaderServi - Loading from file system: jar:file:/C:/Users/karos/.m2/repository/com/github/almasb/fxgl/17.1/fxgl-17.1.jar!/fxglassets/ui/fonts/TerminalLandMono-Regular.otf
10:12:21.106 [FXGL Background Thread 4 ] DEBUG FXGLAssetLoaderServi - Loading from file system: jar:file:/C:/Users/karos/.m2/repository/com/github/almasb/fxgl/17.1/fxgl-17.1.jar!/fxglassets/ui/fonts/Courier-Prime.ttf
10:12:21.107 [JavaFX Application Thread] DEBUG GameApplicationServi - Removing overlay from FXGLStartupScene and adding to FXGLLoadingScene
10:12:21.120 [JavaFX Application Thread] DEBUG PrimaryStageWindow   - FXGLStartupScene -> FXGLLoadingScene
10:12:21.120 [JavaFX Application Thread] DEBUG GameApplicationServi - Clearing previous game
10:12:21.121 [JavaFX Application Thread] DEBUG GameScene            - Clearing game scene
10:12:21.121 [JavaFX Application Thread] DEBUG GameWorld            - Clearing game world
10:12:21.121 [JavaFX Application Thread] DEBUG PhysicsWorld         - Clearing physics world
10:12:21.123 [FXGL Background Thread 4 ] DEBUG FXGLApplication      - Initializing game
10:12:21.124 [FXGL Background Thread 4 ] DEBUG FXGLAssetLoaderServi - Loading from file system: file:/C:/Users/karos/IdeaProjects/HS-Leiden-Kombat/target/classes/assets/textures/Background7.jpeg
10:12:21.183 [FXGL Background Thread 4 ] DEBUG FXGLAssetLoaderServi - Loading from file system: file:/C:/Users/karos/IdeaProjects/HS-Leiden-Kombat/target/classes/assets/textures/spritesheet.png
10:12:21.227 [FXGL Background Thread 4 ] DEBUG Input                - Registered new binding: Move Left - A
10:12:21.227 [FXGL Background Thread 4 ] DEBUG Input                - Registered new binding: Move Right - D
10:12:21.227 [FXGL Background Thread 4 ] DEBUG Input                - Registered new binding: Move Up - W
10:12:21.227 [FXGL Background Thread 4 ] DEBUG Input                - Registered new binding: Duck - S
10:12:21.227 [FXGL Background Thread 4 ] DEBUG Input                - Registered new binding: Move Left 2 - Left
10:12:21.228 [FXGL Background Thread 4 ] DEBUG Input                - Registered new binding: Move Right 2 - Right
10:12:21.228 [FXGL Background Thread 4 ] DEBUG Input                - Registered new binding: Move Up 2 - Up
10:12:21.228 [FXGL Background Thread 4 ] DEBUG Input                - Registered new binding: punch - F
10:12:21.228 [FXGL Background Thread 4 ] DEBUG Input                - Registered new binding: Duck2 - Down
10:12:21.229 [FXGL Background Thread 4 ] INFO  FXGLApplication      - Game initialization took: 0.106 sec
10:12:21.362 [JavaFX Application Thread] DEBUG FXGLApplication      - Registering font factories with UI factory
10:12:21.375 [JavaFX Application Thread] DEBUG Input                - Clearing active input actions
10:12:21.385 [JavaFX Application Thread] DEBUG GameApplicationServi - Removing overlay from FXGLLoadingScene and adding to GameScene
10:12:21.389 [JavaFX Application Thread] DEBUG PrimaryStageWindow   - FXGLLoadingScene -> GameScene
10:12:21.548 [FXGL Background Thread 2 ] INFO  UpdaterService       - Your current version:  17.1
10:12:21.549 [FXGL Background Thread 2 ] INFO  UpdaterService       - Latest stable version: 17.3
10:12:23.975 [FXGL Background Thread 3 ] DEBUG Engine               - Logging environment variables
10:12:23.975 [FXGL Background Thread 3 ] DEBUG Engine               - achievements: []
10:12:23.975 [FXGL Background Thread 3 ] DEBUG Engine               - actualHeight: 720.0
10:12:23.975 [FXGL Background Thread 3 ] DEBUG Engine               - actualHeightProperty: ReadOnlyDoubleProperty [value: 720.0]
10:12:23.976 [FXGL Background Thread 3 ] DEBUG Engine               - actualWidth: 1280.0
10:12:23.976 [FXGL Background Thread 3 ] DEBUG Engine               - actualWidthProperty: ReadOnlyDoubleProperty [value: 1280.0]
10:12:23.976 [FXGL Background Thread 3 ] DEBUG Engine               - appIcon: fxgl_icon.png
10:12:23.976 [FXGL Background Thread 3 ] DEBUG Engine               - applicationMode: DEVELOPER
10:12:23.976 [FXGL Background Thread 3 ] DEBUG Engine               - cSSList: [fxgl_dark.css]
10:12:23.976 [FXGL Background Thread 3 ] DEBUG Engine               - collisionDetectionStrategy: BRUTE_FORCE
10:12:23.976 [FXGL Background Thread 3 ] DEBUG Engine               - configClass: Optional.empty
10:12:23.976 [FXGL Background Thread 3 ] DEBUG Engine               - credits: []
10:12:23.976 [FXGL Background Thread 3 ] DEBUG Engine               - defaultCursor: CursorInfo(imageName=fxgl_default_cursor.png, hotspotX=7.0, hotspotY=6.0)
10:12:23.976 [FXGL Background Thread 3 ] DEBUG Engine               - devBBoxColorProperty: ObjectProperty [value: 0xff0000ff]
10:12:23.976 [FXGL Background Thread 3 ] DEBUG Engine               - devEnableDebugCameraProperty: BooleanProperty [value: false]
10:12:23.976 [FXGL Background Thread 3 ] DEBUG Engine               - devSensorColorProperty: ObjectProperty [value: 0xffff00ff]
10:12:23.977 [FXGL Background Thread 3 ] DEBUG Engine               - devShowBBoxProperty: BooleanProperty [value: false]
10:12:23.977 [FXGL Background Thread 3 ] DEBUG Engine               - devShowPositionProperty: BooleanProperty [value: false]
10:12:23.977 [FXGL Background Thread 3 ] DEBUG Engine               - enabledMenuItems: []
10:12:23.977 [FXGL Background Thread 3 ] DEBUG Engine               - engineServices: [class com.almasb.fxgl.app.services.FXGLAssetLoaderService, class com.almasb.fxgl.app.FXGLApplication$GameApplicationService, class com.almasb.fxgl.app.services.FXGLDialogService, class com.almasb.fxgl.app.services.IOTaskExecutorService, class com.almasb.fxgl.io.FileSystemService, class com.almasb.fxgl.localization.LocalizationService, class com.almasb.fxgl.app.services.SystemBundleService, class com.almasb.fxgl.profile.SaveLoadService, class com.almasb.fxgl.ui.FXGLUIFactoryServiceProvider, class com.almasb.fxgl.ui.FXGLDialogFactoryServiceProvider, class com.almasb.fxgl.audio.AudioPlayer, class com.almasb.fxgl.notification.impl.NotificationServiceProvider, class com.almasb.fxgl.achievement.AchievementService, class com.almasb.fxgl.cutscene.CutsceneService, class com.almasb.fxgl.minigames.MiniGameService, class com.almasb.fxgl.net.NetService, class com.almasb.fxgl.app.services.UpdaterService, class com.almasb.fxgl.dev.DevService]
10:12:23.977 [FXGL Background Thread 3 ] DEBUG Engine               - fontGame: Abel-Regular.ttf
10:12:23.977 [FXGL Background Thread 3 ] DEBUG Engine               - fontMono: TerminalLandMono-Regular.otf
10:12:23.977 [FXGL Background Thread 3 ] DEBUG Engine               - fontText: Courier-Prime.ttf
10:12:23.977 [FXGL Background Thread 3 ] DEBUG Engine               - fontUI: VarelaRound-Regular.ttf
10:12:23.977 [FXGL Background Thread 3 ] DEBUG Engine               - fullScreen: BooleanProperty [value: true]
10:12:23.977 [FXGL Background Thread 3 ] DEBUG Engine               - gameDifficulty: MEDIUM
10:12:23.977 [FXGL Background Thread 3 ] DEBUG Engine               - gameDifficultyProperty: ObjectProperty [value: MEDIUM]
10:12:23.977 [FXGL Background Thread 3 ] DEBUG Engine               - globalMusicVolume: 0.5
10:12:23.977 [FXGL Background Thread 3 ] DEBUG Engine               - globalMusicVolumeProperty: DoubleProperty [value: 0.5]
10:12:23.977 [FXGL Background Thread 3 ] DEBUG Engine               - globalSoundVolume: 0.5
10:12:23.977 [FXGL Background Thread 3 ] DEBUG Engine               - globalSoundVolumeProperty: DoubleProperty [value: 0.5]
10:12:23.977 [FXGL Background Thread 3 ] DEBUG Engine               - height: 600
10:12:23.977 [FXGL Background Thread 3 ] DEBUG Engine               - is3D: false
10:12:23.977 [FXGL Background Thread 3 ] DEBUG Engine               - isAndroid: false
10:12:23.977 [FXGL Background Thread 3 ] DEBUG Engine               - isBrowser: false
10:12:23.977 [FXGL Background Thread 3 ] DEBUG Engine               - isClickFeedbackEnabled: false
10:12:23.977 [FXGL Background Thread 3 ] DEBUG Engine               - isCloseConfirmation: false
10:12:23.977 [FXGL Background Thread 3 ] DEBUG Engine               - isDesktop: true
10:12:23.977 [FXGL Background Thread 3 ] DEBUG Engine               - isDeveloperMenuEnabled: true
10:12:23.978 [FXGL Background Thread 3 ] DEBUG Engine               - isEmbedded: false
10:12:23.978 [FXGL Background Thread 3 ] DEBUG Engine               - isEntityPreloadEnabled: true
10:12:23.978 [FXGL Background Thread 3 ] DEBUG Engine               - isExperimentalTiledLargeMap: false
10:12:23.978 [FXGL Background Thread 3 ] DEBUG Engine               - isFileSystemWriteAllowed: true
10:12:23.978 [FXGL Background Thread 3 ] DEBUG Engine               - isFullScreenAllowed: true
10:12:23.978 [FXGL Background Thread 3 ] DEBUG Engine               - isFullScreenFromStart: true
10:12:23.978 [FXGL Background Thread 3 ] DEBUG Engine               - isGameMenuEnabled: true
10:12:23.978 [FXGL Background Thread 3 ] DEBUG Engine               - isIOS: false
10:12:23.982 [FXGL Background Thread 3 ] DEBUG Engine               - isIntroEnabled: false
10:12:23.982 [FXGL Background Thread 3 ] DEBUG Engine               - isLinux: false
10:12:23.982 [FXGL Background Thread 3 ] DEBUG Engine               - isMac: false
10:12:23.982 [FXGL Background Thread 3 ] DEBUG Engine               - isMainMenuEnabled: false
10:12:23.984 [FXGL Background Thread 3 ] DEBUG Engine               - isManualResizeEnabled: false
10:12:23.984 [FXGL Background Thread 3 ] DEBUG Engine               - isMobile: false
10:12:23.984 [FXGL Background Thread 3 ] DEBUG Engine               - isNative: false
10:12:23.984 [FXGL Background Thread 3 ] DEBUG Engine               - isPauseMusicWhenMinimized: true
10:12:23.984 [FXGL Background Thread 3 ] DEBUG Engine               - isPreserveResizeRatio: false
10:12:23.984 [FXGL Background Thread 3 ] DEBUG Engine               - isProfilingEnabled: false
10:12:23.984 [FXGL Background Thread 3 ] DEBUG Engine               - isScaleAffectedOnResize: true
10:12:23.984 [FXGL Background Thread 3 ] DEBUG Engine               - isSingleStep: false
10:12:23.984 [FXGL Background Thread 3 ] DEBUG Engine               - isUserProfileEnabled: false
10:12:23.984 [FXGL Background Thread 3 ] DEBUG Engine               - isWindows: true
10:12:23.984 [FXGL Background Thread 3 ] DEBUG Engine               - language: ObjectProperty [value: ENGLISH]
10:12:23.984 [FXGL Background Thread 3 ] DEBUG Engine               - menuKey: ESCAPE
10:12:23.985 [FXGL Background Thread 3 ] DEBUG Engine               - mouseSensitivity: 0.2
10:12:23.985 [FXGL Background Thread 3 ] DEBUG Engine               - notificationViewClass: class com.almasb.fxgl.notification.view.XboxNotificationView
10:12:23.985 [FXGL Background Thread 3 ] DEBUG Engine               - pixelsPerMeter: 50.0
10:12:23.985 [FXGL Background Thread 3 ] DEBUG Engine               - platform: WINDOWS
10:12:23.985 [FXGL Background Thread 3 ] DEBUG Engine               - prefHeightProperty: ReadOnlyDoubleProperty [value: 600.0]
10:12:23.985 [FXGL Background Thread 3 ] DEBUG Engine               - prefWidthProperty: ReadOnlyDoubleProperty [value: 800.0]
10:12:23.985 [FXGL Background Thread 3 ] DEBUG Engine               - profileDir: profiles/
10:12:23.985 [FXGL Background Thread 3 ] DEBUG Engine               - profileName: StringProperty [value: DEFAULT]
10:12:23.986 [FXGL Background Thread 3 ] DEBUG Engine               - randomSeed: -1
10:12:23.986 [FXGL Background Thread 3 ] DEBUG Engine               - runtimeInfo: RuntimeInfo(platform=WINDOWS, version=17.1, build=24.03.2022 17.34)
10:12:23.987 [FXGL Background Thread 3 ] DEBUG Engine               - saveFileExt: sav
10:12:23.987 [FXGL Background Thread 3 ] DEBUG Engine               - scaledHeightProp$fxgl: DoubleProperty [bound, value: 720.0]
10:12:23.987 [FXGL Background Thread 3 ] DEBUG Engine               - scaledWidthProp$fxgl: DoubleProperty [bound, value: 1280.0]
10:12:23.987 [FXGL Background Thread 3 ] DEBUG Engine               - sceneFactory: com.almasb.fxgl.app.scene.SceneFactory@2c4ae97a
10:12:23.987 [FXGL Background Thread 3 ] DEBUG Engine               - secondsIn24h: 60
10:12:23.987 [FXGL Background Thread 3 ] DEBUG Engine               - soundMenuBack: menu/back.wav
10:12:23.987 [FXGL Background Thread 3 ] DEBUG Engine               - soundMenuPress: menu/press.wav
10:12:23.987 [FXGL Background Thread 3 ] DEBUG Engine               - soundMenuSelect: menu/select.wav
10:12:23.987 [FXGL Background Thread 3 ] DEBUG Engine               - soundNotification: core/notification.wav
10:12:23.987 [FXGL Background Thread 3 ] DEBUG Engine               - stageStyle: DECORATED
10:12:23.987 [FXGL Background Thread 3 ] DEBUG Engine               - supportedLanguages: [ENGLISH, FRENCH, GERMAN, HUNGARIAN, RUSSIAN]
10:12:23.987 [FXGL Background Thread 3 ] DEBUG Engine               - ticksPerSecond: -1
10:12:23.987 [FXGL Background Thread 3 ] DEBUG Engine               - title: Hsleiden Kombat
10:12:23.987 [FXGL Background Thread 3 ] DEBUG Engine               - urlGithub: https://github.com/AlmasB/FXGL
10:12:23.987 [FXGL Background Thread 3 ] DEBUG Engine               - urlLeaderboard: http://fxgl-top.herokuapp.com/
10:12:23.988 [FXGL Background Thread 3 ] DEBUG Engine               - urlPOM: https://raw.githubusercontent.com/AlmasB/FXGL/release/README.md
10:12:23.988 [FXGL Background Thread 3 ] DEBUG Engine               - userAppClass: class com.hsleidenKombat.Game
10:12:23.988 [FXGL Background Thread 3 ] DEBUG Engine               - version: 0.0
10:12:23.988 [FXGL Background Thread 3 ] DEBUG Engine               - versionCheckDays: 7
10:12:23.988 [FXGL Background Thread 3 ] DEBUG Engine               - width: 800
10:12:23.988 [FXGL Background Thread 3 ] DEBUG Engine               - Logging services
10:12:23.988 [FXGL Background Thread 3 ] DEBUG Engine               - class com.almasb.fxgl.app.services.FXGLAssetLoaderService
10:12:23.988 [FXGL Background Thread 3 ] DEBUG Engine               - class com.almasb.fxgl.app.FXGLApplication$GameApplicationService
10:12:23.988 [FXGL Background Thread 3 ] DEBUG Engine               - class com.almasb.fxgl.app.services.FXGLDialogService
10:12:23.988 [FXGL Background Thread 3 ] DEBUG Engine               - class com.almasb.fxgl.app.services.IOTaskExecutorService
10:12:23.988 [FXGL Background Thread 3 ] DEBUG Engine               - class com.almasb.fxgl.io.FileSystemService
10:12:23.988 [FXGL Background Thread 3 ] DEBUG Engine               - class com.almasb.fxgl.localization.LocalizationService
10:12:23.988 [FXGL Background Thread 3 ] DEBUG Engine               - class com.almasb.fxgl.app.services.SystemBundleService
10:12:23.988 [FXGL Background Thread 3 ] DEBUG Engine               - class com.almasb.fxgl.profile.SaveLoadService
10:12:23.988 [FXGL Background Thread 3 ] DEBUG Engine               - class com.almasb.fxgl.ui.FXGLUIFactoryServiceProvider
10:12:23.988 [FXGL Background Thread 3 ] DEBUG Engine               - class com.almasb.fxgl.ui.FXGLDialogFactoryServiceProvider
10:12:23.988 [FXGL Background Thread 3 ] DEBUG Engine               - class com.almasb.fxgl.audio.AudioPlayer
10:12:23.988 [FXGL Background Thread 3 ] DEBUG Engine               - class com.almasb.fxgl.notification.impl.NotificationServiceProvider
10:12:23.988 [FXGL Background Thread 3 ] DEBUG Engine               - class com.almasb.fxgl.achievement.AchievementService
10:12:23.988 [FXGL Background Thread 3 ] DEBUG Engine               - class com.almasb.fxgl.cutscene.CutsceneService
10:12:23.988 [FXGL Background Thread 3 ] DEBUG Engine               - class com.almasb.fxgl.minigames.MiniGameService
10:12:23.988 [FXGL Background Thread 3 ] DEBUG Engine               - class com.almasb.fxgl.net.NetService
10:12:23.988 [FXGL Background Thread 3 ] DEBUG Engine               - class com.almasb.fxgl.app.services.UpdaterService
10:12:23.988 [FXGL Background Thread 3 ] DEBUG Engine               - class com.almasb.fxgl.dev.DevService
10:12:30.354 [JavaFX Application Thread] DEBUG PrimaryStageWindow   - Push state: FXGLDefaultMenu
10:12:30.356 [JavaFX Application Thread] DEBUG Input                - Clearing active input actions
10:12:30.359 [JavaFX Application Thread] DEBUG GameApplicationServi - Removing overlay from GameScene and adding to FXGLDefaultMenu
10:12:30.362 [JavaFX Application Thread] DEBUG PrimaryStageWindow   - GameScene -> FXGLDefaultMenu
10:12:31.217 [JavaFX Application Thread] DEBUG PrimaryStageWindow   - Pop state: FXGLDefaultMenu
10:12:31.217 [JavaFX Application Thread] DEBUG Input                - Clearing active input actions
10:12:31.218 [JavaFX Application Thread] DEBUG GameApplicationServi - Removing overlay from FXGLDefaultMenu and adding to GameScene
10:12:31.220 [JavaFX Application Thread] DEBUG PrimaryStageWindow   - GameScene <- FXGLDefaultMenu
10:12:31.449 [JavaFX Application Thread] DEBUG PrimaryStageWindow   - Push state: FXGLDefaultMenu
10:12:31.450 [JavaFX Application Thread] DEBUG Input                - Clearing active input actions
10:12:31.451 [JavaFX Application Thread] DEBUG GameApplicationServi - Removing overlay from GameScene and adding to FXGLDefaultMenu
10:12:31.452 [JavaFX Application Thread] DEBUG PrimaryStageWindow   - GameScene -> FXGLDefaultMenu
10:12:34.348 [JavaFX Application Thread] DEBUG Menu                 - fireExit()
10:12:34.351 [JavaFX Application Thread] DEBUG PrimaryStageWindow   - Push state: DialogSubScene
10:12:34.352 [JavaFX Application Thread] DEBUG Input                - Clearing active input actions
10:12:34.352 [JavaFX Application Thread] DEBUG GameApplicationServi - Removing overlay from FXGLDefaultMenu and adding to DialogSubScene
10:12:34.353 [JavaFX Application Thread] DEBUG PrimaryStageWindow   - FXGLDefaultMenu -> DialogSubScene
10:12:35.896 [JavaFX Application Thread] DEBUG PrimaryStageWindow   - Pop state: DialogSubScene
10:12:35.897 [JavaFX Application Thread] DEBUG Input                - Clearing active input actions
10:12:35.898 [JavaFX Application Thread] DEBUG GameApplicationServi - Removing overlay from DialogSubScene and adding to FXGLDefaultMenu
10:12:35.901 [JavaFX Application Thread] DEBUG PrimaryStageWindow   - FXGLDefaultMenu <- DialogSubScene
10:12:35.903 [JavaFX Application Thread] DEBUG FXGLApplication      - Exiting FXGL
10:12:35.903 [JavaFX Application Thread] DEBUG LoopRunner           - Stopping loop
10:12:35.903 [JavaFX Application Thread] DEBUG SystemBundleService  - Saving FXGL system data
10:12:35.908 [JavaFX Application Thread] DEBUG FileSystemAccess     - Writing to: C:\Users\karos\IdeaProjects\HS-Leiden-Kombat\system\fxgl.bundle
10:12:35.914 [JavaFX Application Thread] DEBUG Async                - Shutting down background threads
10:12:35.914 [JavaFX Application Thread] DEBUG PrimaryStageWindow   - Closing main window
10:12:35.955 [JavaFX Application Thread] DEBUG Logger               - Closing Logger
