11:57:56.646 [main                     ] DEBUG Logger               - Configured Logger
11:57:56.671 [main                     ] DEBUG GameApplication      - Logging settings
Title: Hsleiden Kombat
Version: 0.0
Width: 800
Height: 600
Fullscreen: true
Intro: false
Profiling: false
Single step:false
App Mode: DEVELOPER
Menu Key: ESCAPE
Stage Style: DECORATED
Scene Factory: class com.almasb.fxgl.app.scene.SceneFactory

11:57:57.052 [JavaFX Application Thread] DEBUG FXGLApplication      - Initializing FXGL
11:57:57.057 [JavaFX Application Thread] INFO  Engine               - FXGL-17.1 (24.03.2022 17.34) on WINDOWS (J:19.0.1 FX:19-ea)
11:57:57.057 [JavaFX Application Thread] DEBUG Engine               - JRE Vendor Name: Oracle Corporation
11:57:57.058 [JavaFX Application Thread] DEBUG Engine               - Running on OS: Windows 11 version 10.0
11:57:57.058 [JavaFX Application Thread] DEBUG Engine               - Architecture: amd64
11:57:57.058 [JavaFX Application Thread] INFO  Engine               - Source code and latest versions at: https://github.com/AlmasB/FXGL
11:57:57.058 [JavaFX Application Thread] INFO  Engine               -       Ask questions and discuss at: https://github.com/AlmasB/FXGL/discussions
11:57:57.058 [JavaFX Application Thread] INFO  Engine               -              Join the FXGL chat at: https://gitter.im/AlmasB/FXGL
11:57:57.169 [JavaFX Application Thread] DEBUG PrimaryStageWindow   - Creating a JavaFX scene
11:57:57.215 [JavaFX Application Thread] DEBUG PrimaryStageWindow   - Target settings size: 800.0 x 600.0
11:57:57.215 [JavaFX Application Thread] DEBUG PrimaryStageWindow   - Scaled scene size:    800.0 x 600.0
11:57:57.215 [JavaFX Application Thread] DEBUG PrimaryStageWindow   - Scaled ratio: (1.0, 1.0)
11:57:57.216 [JavaFX Application Thread] DEBUG PrimaryStageWindow   - Set initial scene to FXGLStartupScene
11:57:57.225 [JavaFX Application Thread] DEBUG PrimaryStageWindow   - Opening main window
11:57:57.304 [JavaFX Application Thread] DEBUG PrimaryStageWindow   - Window border size: (14.66668701171875, 37.33331298828125)
11:57:57.304 [JavaFX Application Thread] DEBUG PrimaryStageWindow   - Scaled size: 800.0 x 600.0
11:57:57.304 [JavaFX Application Thread] DEBUG PrimaryStageWindow   - Scaled ratio: (1.0, 1.0)
11:57:57.304 [JavaFX Application Thread] DEBUG PrimaryStageWindow   - Scene size: 800.0 x 600.0
11:57:57.304 [JavaFX Application Thread] DEBUG PrimaryStageWindow   - Stage size: 814.6666870117188 x 637.3333129882812
11:57:57.392 [JavaFX Application Thread] DEBUG PrimaryStageWindow   - Going fullscreen
11:57:57.403 [FXGL Background Thread 1 ] DEBUG Engine               - Initializing environment variables
11:57:57.462 [FXGL Background Thread 1 ] DEBUG FXGLAssetLoaderServi - User app class for loading assets: class com.hsleidenKombat.Game
11:57:57.463 [FXGL Background Thread 1 ] DEBUG GameApplicationServi - Applying CSS: fxgl_dark.css
11:57:57.463 [FXGL Background Thread 1 ] DEBUG FXGLAssetLoaderServi - Loading from file system: jar:file:/C:/Users/karos/.m2/repository/com/github/almasb/fxgl/17.1/fxgl-17.1.jar!/fxglassets/ui/css/fxgl_dark.css
11:57:57.498 [FXGL Background Thread 1 ] DEBUG GameApplicationServi - Initializing application scenes
11:57:57.534 [FXGL Background Thread 1 ] DEBUG GameWorld            - Game world initialized
11:57:57.592 [FXGL Background Thread 1 ] DEBUG PhysicsWorld         - Physics world initialized: appHeight=600, physics.ppm=50.0
11:57:57.593 [FXGL Background Thread 1 ] DEBUG PhysicsWorld         - Using strategy: BRUTE_FORCE
11:57:57.601 [FXGL Background Thread 1 ] DEBUG GameScene            - Game scene initialized: 800x600
11:57:57.617 [FXGL Background Thread 1 ] DEBUG FXGL.DefaultMenu     - createMenuBodyGameMenu()
11:57:57.635 [FXGL Background Thread 1 ] DEBUG FXGL.DefaultMenu     - createOptionsMenu()
11:57:57.647 [FXGL Background Thread 1 ] DEBUG FXGLAssetLoaderServi - Loading from file system: jar:file:/C:/Users/karos/.m2/repository/com/github/almasb/fxgl/17.1/fxgl-17.1.jar!/fxglassets/textures/particles/smoke.png
11:57:57.744 [FXGL Background Thread 1 ] DEBUG FXGLAssetLoaderServi - Loading from file system: jar:file:/C:/Users/karos/.m2/repository/com/github/almasb/fxgl/17.1/fxgl-17.1.jar!/fxglassets/textures/particles/trace_horizontal.png
11:57:57.778 [FXGL Background Thread 1 ] DEBUG GameApplicationServi - Application scenes initialized
11:57:57.789 [FXGL Background Thread 1 ] DEBUG SystemBundleService  - Loading FXGL system data
11:57:57.792 [FXGL Background Thread 1 ] DEBUG FileSystemAccess     - Reading from: C:\Users\karos\IdeaProjects\HS-Leiden-Kombat\system\fxgl.bundle
11:57:57.799 [FXGL Background Thread 1 ] DEBUG SystemBundleService  - Bundle FXGL: {}
11:57:57.799 [FXGL Background Thread 1 ] DEBUG UpdaterService       - Checking for updates
11:57:57.822 [FXGL Background Thread 4 ] DEBUG FXGLApplication      - Loading fonts
11:57:57.822 [FXGL Background Thread 1 ] DEBUG FXGLApplication      - Loading default localization
11:57:57.822 [FXGL Background Thread 4 ] DEBUG FXGLAssetLoaderServi - Loading from file system: jar:file:/C:/Users/karos/.m2/repository/com/github/almasb/fxgl/17.1/fxgl-17.1.jar!/fxglassets/ui/fonts/VarelaRound-Regular.ttf
11:57:57.823 [FXGL Background Thread 1 ] DEBUG FXGLAssetLoaderServi - Loading from file system: jar:file:/C:/Users/karos/.m2/repository/com/github/almasb/fxgl/17.1/fxgl-17.1.jar!/fxglassets/languages/english.lang
11:57:57.847 [FXGL Background Thread 1 ] INFO  FXGLApplication      - FXGL initialization took: 0.442 sec
11:57:57.848 [JavaFX Application Thread] DEBUG FXGLAssetLoaderServi - Loading from file system: jar:file:/C:/Users/karos/.m2/repository/com/github/almasb/fxgl/17.1/fxgl-17.1.jar!/fxglassets/textures/fxgl_icon.png
11:57:57.871 [JavaFX Application Thread] DEBUG FXGLAssetLoaderServi - Loading from file system: jar:file:/C:/Users/karos/.m2/repository/com/github/almasb/fxgl/17.1/fxgl-17.1.jar!/fxglassets/textures/fxgl_default_cursor.png
11:57:57.884 [JavaFX Application Thread] DEBUG Input                - Registered new binding: Screenshot - CTRL+8
11:57:57.885 [JavaFX Application Thread] DEBUG Input                - Registered new binding: Dev Options - 1
11:57:57.885 [JavaFX Application Thread] DEBUG Input                - Registered new binding: Dev Console - 2
11:57:57.885 [JavaFX Application Thread] DEBUG Input                - Registered new binding: System info dump - CTRL+9
11:57:57.887 [JavaFX Application Thread] DEBUG Input                - Registered new binding: Restart - CTRL+R
11:57:57.888 [JavaFX Application Thread] DEBUG Input                - Registered new binding: Toggle Debug Camera - CTRL+7
11:57:57.890 [FXGL Background Thread 4 ] DEBUG FXGLAssetLoaderServi - Loading from file system: jar:file:/C:/Users/karos/.m2/repository/com/github/almasb/fxgl/17.1/fxgl-17.1.jar!/fxglassets/ui/fonts/Abel-Regular.ttf
11:57:57.891 [JavaFX Application Thread] DEBUG LoopRunner           - Starting loop
11:57:57.911 [JavaFX Application Thread] DEBUG LoopRunner           - Initializing JavaFX AnimationTimerLoop
11:57:57.913 [JavaFX Application Thread] DEBUG GameApplicationServi - Starting new game
11:57:57.914 [JavaFX Application Thread] DEBUG Input                - Clearing active input actions
11:57:57.916 [FXGL Background Thread 4 ] DEBUG FXGLAssetLoaderServi - Loading from file system: jar:file:/C:/Users/karos/.m2/repository/com/github/almasb/fxgl/17.1/fxgl-17.1.jar!/fxglassets/ui/fonts/TerminalLandMono-Regular.otf
11:57:57.925 [FXGL Background Thread 4 ] DEBUG FXGLAssetLoaderServi - Loading from file system: jar:file:/C:/Users/karos/.m2/repository/com/github/almasb/fxgl/17.1/fxgl-17.1.jar!/fxglassets/ui/fonts/Courier-Prime.ttf
11:57:57.926 [JavaFX Application Thread] DEBUG GameApplicationServi - Removing overlay from FXGLStartupScene and adding to FXGLLoadingScene
11:57:57.930 [JavaFX Application Thread] DEBUG PrimaryStageWindow   - FXGLStartupScene -> FXGLLoadingScene
11:57:57.931 [JavaFX Application Thread] DEBUG GameApplicationServi - Clearing previous game
11:57:57.931 [JavaFX Application Thread] DEBUG GameScene            - Clearing game scene
11:57:57.931 [JavaFX Application Thread] DEBUG GameWorld            - Clearing game world
11:57:57.931 [JavaFX Application Thread] DEBUG PhysicsWorld         - Clearing physics world
11:57:57.932 [FXGL Background Thread 4 ] DEBUG FXGLApplication      - Initializing game
11:57:57.933 [FXGL Background Thread 4 ] DEBUG FXGLAssetLoaderServi - Loading from file system: file:/C:/Users/karos/IdeaProjects/HS-Leiden-Kombat/target/classes/assets/textures/Background7.jpeg
11:57:57.994 [FXGL Background Thread 4 ] DEBUG FXGLAssetLoaderServi - Loading from file system: file:/C:/Users/karos/IdeaProjects/HS-Leiden-Kombat/target/classes/assets/textures/spritesheet.png
11:57:58.031 [FXGL Background Thread 4 ] DEBUG Input                - Registered new binding: Move Left - A
11:57:58.031 [FXGL Background Thread 4 ] DEBUG Input                - Registered new binding: Move Right - D
11:57:58.031 [FXGL Background Thread 4 ] DEBUG Input                - Registered new binding: Move Up - W
11:57:58.031 [FXGL Background Thread 4 ] DEBUG Input                - Registered new binding: Duck - S
11:57:58.031 [FXGL Background Thread 4 ] DEBUG Input                - Registered new binding: Move Left 2 - Left
11:57:58.032 [FXGL Background Thread 4 ] DEBUG Input                - Registered new binding: Move Right 2 - Right
11:57:58.032 [FXGL Background Thread 4 ] DEBUG Input                - Registered new binding: Move Up 2 - Up
11:57:58.032 [FXGL Background Thread 4 ] DEBUG Input                - Registered new binding: punch - F
11:57:58.032 [FXGL Background Thread 4 ] DEBUG Input                - Registered new binding: Duck2 - Down
11:57:58.033 [FXGL Background Thread 4 ] INFO  FXGLApplication      - Game initialization took: 0.101 sec
11:57:58.170 [JavaFX Application Thread] DEBUG FXGLApplication      - Registering font factories with UI factory
11:57:58.181 [JavaFX Application Thread] DEBUG Input                - Clearing active input actions
11:57:58.195 [JavaFX Application Thread] DEBUG GameApplicationServi - Removing overlay from FXGLLoadingScene and adding to GameScene
11:57:58.200 [JavaFX Application Thread] DEBUG PrimaryStageWindow   - FXGLLoadingScene -> GameScene
11:57:58.212 [FXGL Background Thread 2 ] INFO  UpdaterService       - Your current version:  17.1
11:57:58.212 [FXGL Background Thread 2 ] INFO  UpdaterService       - Latest stable version: 17.3
11:58:00.821 [FXGL Background Thread 3 ] DEBUG Engine               - Logging environment variables
11:58:00.822 [FXGL Background Thread 3 ] DEBUG Engine               - achievements: []
11:58:00.822 [FXGL Background Thread 3 ] DEBUG Engine               - actualHeight: 720.0
11:58:00.823 [FXGL Background Thread 3 ] DEBUG Engine               - actualHeightProperty: ReadOnlyDoubleProperty [value: 720.0]
11:58:00.823 [FXGL Background Thread 3 ] DEBUG Engine               - actualWidth: 1280.0
11:58:00.823 [FXGL Background Thread 3 ] DEBUG Engine               - actualWidthProperty: ReadOnlyDoubleProperty [value: 1280.0]
11:58:00.824 [FXGL Background Thread 3 ] DEBUG Engine               - appIcon: fxgl_icon.png
11:58:00.824 [FXGL Background Thread 3 ] DEBUG Engine               - applicationMode: DEVELOPER
11:58:00.824 [FXGL Background Thread 3 ] DEBUG Engine               - cSSList: [fxgl_dark.css]
11:58:00.824 [FXGL Background Thread 3 ] DEBUG Engine               - collisionDetectionStrategy: BRUTE_FORCE
11:58:00.824 [FXGL Background Thread 3 ] DEBUG Engine               - configClass: Optional.empty
11:58:00.825 [FXGL Background Thread 3 ] DEBUG Engine               - credits: []
11:58:00.825 [FXGL Background Thread 3 ] DEBUG Engine               - defaultCursor: CursorInfo(imageName=fxgl_default_cursor.png, hotspotX=7.0, hotspotY=6.0)
11:58:00.826 [FXGL Background Thread 3 ] DEBUG Engine               - devBBoxColorProperty: ObjectProperty [value: 0xff0000ff]
11:58:00.826 [FXGL Background Thread 3 ] DEBUG Engine               - devEnableDebugCameraProperty: BooleanProperty [value: false]
11:58:00.827 [FXGL Background Thread 3 ] DEBUG Engine               - devSensorColorProperty: ObjectProperty [value: 0xffff00ff]
11:58:00.827 [FXGL Background Thread 3 ] DEBUG Engine               - devShowBBoxProperty: BooleanProperty [value: false]
11:58:00.827 [FXGL Background Thread 3 ] DEBUG Engine               - devShowPositionProperty: BooleanProperty [value: false]
11:58:00.829 [FXGL Background Thread 3 ] DEBUG Engine               - enabledMenuItems: []
11:58:00.829 [FXGL Background Thread 3 ] DEBUG Engine               - engineServices: [class com.almasb.fxgl.app.services.FXGLAssetLoaderService, class com.almasb.fxgl.app.FXGLApplication$GameApplicationService, class com.almasb.fxgl.app.services.FXGLDialogService, class com.almasb.fxgl.app.services.IOTaskExecutorService, class com.almasb.fxgl.io.FileSystemService, class com.almasb.fxgl.localization.LocalizationService, class com.almasb.fxgl.app.services.SystemBundleService, class com.almasb.fxgl.profile.SaveLoadService, class com.almasb.fxgl.ui.FXGLUIFactoryServiceProvider, class com.almasb.fxgl.ui.FXGLDialogFactoryServiceProvider, class com.almasb.fxgl.audio.AudioPlayer, class com.almasb.fxgl.notification.impl.NotificationServiceProvider, class com.almasb.fxgl.achievement.AchievementService, class com.almasb.fxgl.cutscene.CutsceneService, class com.almasb.fxgl.minigames.MiniGameService, class com.almasb.fxgl.net.NetService, class com.almasb.fxgl.app.services.UpdaterService, class com.almasb.fxgl.dev.DevService]
11:58:00.829 [FXGL Background Thread 3 ] DEBUG Engine               - fontGame: Abel-Regular.ttf
11:58:00.829 [FXGL Background Thread 3 ] DEBUG Engine               - fontMono: TerminalLandMono-Regular.otf
11:58:00.829 [FXGL Background Thread 3 ] DEBUG Engine               - fontText: Courier-Prime.ttf
11:58:00.829 [FXGL Background Thread 3 ] DEBUG Engine               - fontUI: VarelaRound-Regular.ttf
11:58:00.829 [FXGL Background Thread 3 ] DEBUG Engine               - fullScreen: BooleanProperty [value: true]
11:58:00.830 [FXGL Background Thread 3 ] DEBUG Engine               - gameDifficulty: MEDIUM
11:58:00.830 [FXGL Background Thread 3 ] DEBUG Engine               - gameDifficultyProperty: ObjectProperty [value: MEDIUM]
11:58:00.830 [FXGL Background Thread 3 ] DEBUG Engine               - globalMusicVolume: 0.5
11:58:00.830 [FXGL Background Thread 3 ] DEBUG Engine               - globalMusicVolumeProperty: DoubleProperty [value: 0.5]
11:58:00.830 [FXGL Background Thread 3 ] DEBUG Engine               - globalSoundVolume: 0.5
11:58:00.830 [FXGL Background Thread 3 ] DEBUG Engine               - globalSoundVolumeProperty: DoubleProperty [value: 0.5]
11:58:00.831 [FXGL Background Thread 3 ] DEBUG Engine               - height: 600
11:58:00.831 [FXGL Background Thread 3 ] DEBUG Engine               - is3D: false
11:58:00.831 [FXGL Background Thread 3 ] DEBUG Engine               - isAndroid: false
11:58:00.831 [FXGL Background Thread 3 ] DEBUG Engine               - isBrowser: false
11:58:00.831 [FXGL Background Thread 3 ] DEBUG Engine               - isClickFeedbackEnabled: false
11:58:00.831 [FXGL Background Thread 3 ] DEBUG Engine               - isCloseConfirmation: false
11:58:00.831 [FXGL Background Thread 3 ] DEBUG Engine               - isDesktop: true
11:58:00.832 [FXGL Background Thread 3 ] DEBUG Engine               - isDeveloperMenuEnabled: true
11:58:00.832 [FXGL Background Thread 3 ] DEBUG Engine               - isEmbedded: false
11:58:00.832 [FXGL Background Thread 3 ] DEBUG Engine               - isEntityPreloadEnabled: true
11:58:00.832 [FXGL Background Thread 3 ] DEBUG Engine               - isExperimentalTiledLargeMap: false
11:58:00.832 [FXGL Background Thread 3 ] DEBUG Engine               - isFileSystemWriteAllowed: true
11:58:00.832 [FXGL Background Thread 3 ] DEBUG Engine               - isFullScreenAllowed: true
11:58:00.833 [FXGL Background Thread 3 ] DEBUG Engine               - isFullScreenFromStart: true
11:58:00.833 [FXGL Background Thread 3 ] DEBUG Engine               - isGameMenuEnabled: true
11:58:00.833 [FXGL Background Thread 3 ] DEBUG Engine               - isIOS: false
11:58:00.833 [FXGL Background Thread 3 ] DEBUG Engine               - isIntroEnabled: false
11:58:00.833 [FXGL Background Thread 3 ] DEBUG Engine               - isLinux: false
11:58:00.833 [FXGL Background Thread 3 ] DEBUG Engine               - isMac: false
11:58:00.833 [FXGL Background Thread 3 ] DEBUG Engine               - isMainMenuEnabled: false
11:58:00.833 [FXGL Background Thread 3 ] DEBUG Engine               - isManualResizeEnabled: false
11:58:00.835 [FXGL Background Thread 3 ] DEBUG Engine               - isMobile: false
11:58:00.835 [FXGL Background Thread 3 ] DEBUG Engine               - isNative: false
11:58:00.835 [FXGL Background Thread 3 ] DEBUG Engine               - isPauseMusicWhenMinimized: true
11:58:00.835 [FXGL Background Thread 3 ] DEBUG Engine               - isPreserveResizeRatio: false
11:58:00.835 [FXGL Background Thread 3 ] DEBUG Engine               - isProfilingEnabled: false
11:58:00.835 [FXGL Background Thread 3 ] DEBUG Engine               - isScaleAffectedOnResize: true
11:58:00.835 [FXGL Background Thread 3 ] DEBUG Engine               - isSingleStep: false
11:58:00.835 [FXGL Background Thread 3 ] DEBUG Engine               - isUserProfileEnabled: false
11:58:00.835 [FXGL Background Thread 3 ] DEBUG Engine               - isWindows: true
11:58:00.835 [FXGL Background Thread 3 ] DEBUG Engine               - language: ObjectProperty [value: ENGLISH]
11:58:00.836 [FXGL Background Thread 3 ] DEBUG Engine               - menuKey: ESCAPE
11:58:00.836 [FXGL Background Thread 3 ] DEBUG Engine               - mouseSensitivity: 0.2
11:58:00.836 [FXGL Background Thread 3 ] DEBUG Engine               - notificationViewClass: class com.almasb.fxgl.notification.view.XboxNotificationView
11:58:00.836 [FXGL Background Thread 3 ] DEBUG Engine               - pixelsPerMeter: 50.0
11:58:00.836 [FXGL Background Thread 3 ] DEBUG Engine               - platform: WINDOWS
11:58:00.836 [FXGL Background Thread 3 ] DEBUG Engine               - prefHeightProperty: ReadOnlyDoubleProperty [value: 600.0]
11:58:00.836 [FXGL Background Thread 3 ] DEBUG Engine               - prefWidthProperty: ReadOnlyDoubleProperty [value: 800.0]
11:58:00.836 [FXGL Background Thread 3 ] DEBUG Engine               - profileDir: profiles/
11:58:00.836 [FXGL Background Thread 3 ] DEBUG Engine               - profileName: StringProperty [value: DEFAULT]
11:58:00.838 [FXGL Background Thread 3 ] DEBUG Engine               - randomSeed: -1
11:58:00.839 [FXGL Background Thread 3 ] DEBUG Engine               - runtimeInfo: RuntimeInfo(platform=WINDOWS, version=17.1, build=24.03.2022 17.34)
11:58:00.839 [FXGL Background Thread 3 ] DEBUG Engine               - saveFileExt: sav
11:58:00.839 [FXGL Background Thread 3 ] DEBUG Engine               - scaledHeightProp$fxgl: DoubleProperty [bound, value: 720.0]
11:58:00.839 [FXGL Background Thread 3 ] DEBUG Engine               - scaledWidthProp$fxgl: DoubleProperty [bound, value: 1280.0]
11:58:00.840 [FXGL Background Thread 3 ] DEBUG Engine               - sceneFactory: com.almasb.fxgl.app.scene.SceneFactory@86cb2b8
11:58:00.840 [FXGL Background Thread 3 ] DEBUG Engine               - secondsIn24h: 60
11:58:00.840 [FXGL Background Thread 3 ] DEBUG Engine               - soundMenuBack: menu/back.wav
11:58:00.841 [FXGL Background Thread 3 ] DEBUG Engine               - soundMenuPress: menu/press.wav
11:58:00.841 [FXGL Background Thread 3 ] DEBUG Engine               - soundMenuSelect: menu/select.wav
11:58:00.841 [FXGL Background Thread 3 ] DEBUG Engine               - soundNotification: core/notification.wav
11:58:00.841 [FXGL Background Thread 3 ] DEBUG Engine               - stageStyle: DECORATED
11:58:00.841 [FXGL Background Thread 3 ] DEBUG Engine               - supportedLanguages: [ENGLISH, FRENCH, GERMAN, HUNGARIAN, RUSSIAN]
11:58:00.841 [FXGL Background Thread 3 ] DEBUG Engine               - ticksPerSecond: -1
11:58:00.841 [FXGL Background Thread 3 ] DEBUG Engine               - title: Hsleiden Kombat
11:58:00.842 [FXGL Background Thread 3 ] DEBUG Engine               - urlGithub: https://github.com/AlmasB/FXGL
11:58:00.842 [FXGL Background Thread 3 ] DEBUG Engine               - urlLeaderboard: http://fxgl-top.herokuapp.com/
11:58:00.842 [FXGL Background Thread 3 ] DEBUG Engine               - urlPOM: https://raw.githubusercontent.com/AlmasB/FXGL/release/README.md
11:58:00.843 [FXGL Background Thread 3 ] DEBUG Engine               - userAppClass: class com.hsleidenKombat.Game
11:58:00.843 [FXGL Background Thread 3 ] DEBUG Engine               - version: 0.0
11:58:00.843 [FXGL Background Thread 3 ] DEBUG Engine               - versionCheckDays: 7
11:58:00.843 [FXGL Background Thread 3 ] DEBUG Engine               - width: 800
11:58:00.843 [FXGL Background Thread 3 ] DEBUG Engine               - Logging services
11:58:00.844 [FXGL Background Thread 3 ] DEBUG Engine               - class com.almasb.fxgl.app.services.FXGLAssetLoaderService
11:58:00.844 [FXGL Background Thread 3 ] DEBUG Engine               - class com.almasb.fxgl.app.FXGLApplication$GameApplicationService
11:58:00.844 [FXGL Background Thread 3 ] DEBUG Engine               - class com.almasb.fxgl.app.services.FXGLDialogService
11:58:00.844 [FXGL Background Thread 3 ] DEBUG Engine               - class com.almasb.fxgl.app.services.IOTaskExecutorService
11:58:00.845 [FXGL Background Thread 3 ] DEBUG Engine               - class com.almasb.fxgl.io.FileSystemService
11:58:00.845 [FXGL Background Thread 3 ] DEBUG Engine               - class com.almasb.fxgl.localization.LocalizationService
11:58:00.845 [FXGL Background Thread 3 ] DEBUG Engine               - class com.almasb.fxgl.app.services.SystemBundleService
11:58:00.845 [FXGL Background Thread 3 ] DEBUG Engine               - class com.almasb.fxgl.profile.SaveLoadService
11:58:00.845 [FXGL Background Thread 3 ] DEBUG Engine               - class com.almasb.fxgl.ui.FXGLUIFactoryServiceProvider
11:58:00.845 [FXGL Background Thread 3 ] DEBUG Engine               - class com.almasb.fxgl.ui.FXGLDialogFactoryServiceProvider
11:58:00.846 [FXGL Background Thread 3 ] DEBUG Engine               - class com.almasb.fxgl.audio.AudioPlayer
11:58:00.846 [FXGL Background Thread 3 ] DEBUG Engine               - class com.almasb.fxgl.notification.impl.NotificationServiceProvider
11:58:00.846 [FXGL Background Thread 3 ] DEBUG Engine               - class com.almasb.fxgl.achievement.AchievementService
11:58:00.846 [FXGL Background Thread 3 ] DEBUG Engine               - class com.almasb.fxgl.cutscene.CutsceneService
11:58:00.847 [FXGL Background Thread 3 ] DEBUG Engine               - class com.almasb.fxgl.minigames.MiniGameService
11:58:00.847 [FXGL Background Thread 3 ] DEBUG Engine               - class com.almasb.fxgl.net.NetService
11:58:00.847 [FXGL Background Thread 3 ] DEBUG Engine               - class com.almasb.fxgl.app.services.UpdaterService
11:58:00.847 [FXGL Background Thread 3 ] DEBUG Engine               - class com.almasb.fxgl.dev.DevService
12:01:57.497 [JavaFX Application Thread] DEBUG PrimaryStageWindow   - Push state: FXGLDefaultMenu
12:01:57.503 [JavaFX Application Thread] DEBUG Input                - Clearing active input actions
12:01:57.507 [JavaFX Application Thread] DEBUG GameApplicationServi - Removing overlay from GameScene and adding to FXGLDefaultMenu
12:01:57.511 [JavaFX Application Thread] DEBUG PrimaryStageWindow   - GameScene -> FXGLDefaultMenu
12:01:58.149 [JavaFX Application Thread] DEBUG PrimaryStageWindow   - Pop state: FXGLDefaultMenu
12:01:58.149 [JavaFX Application Thread] DEBUG Input                - Clearing active input actions
12:01:58.150 [JavaFX Application Thread] DEBUG GameApplicationServi - Removing overlay from FXGLDefaultMenu and adding to GameScene
12:01:58.152 [JavaFX Application Thread] DEBUG PrimaryStageWindow   - GameScene <- FXGLDefaultMenu
12:01:58.297 [JavaFX Application Thread] DEBUG PrimaryStageWindow   - Push state: FXGLDefaultMenu
12:01:58.297 [JavaFX Application Thread] DEBUG Input                - Clearing active input actions
12:01:58.299 [JavaFX Application Thread] DEBUG GameApplicationServi - Removing overlay from GameScene and adding to FXGLDefaultMenu
12:01:58.301 [JavaFX Application Thread] DEBUG PrimaryStageWindow   - GameScene -> FXGLDefaultMenu
12:01:58.662 [JavaFX Application Thread] DEBUG PrimaryStageWindow   - Pop state: FXGLDefaultMenu
12:01:58.663 [JavaFX Application Thread] DEBUG Input                - Clearing active input actions
12:01:58.663 [JavaFX Application Thread] DEBUG GameApplicationServi - Removing overlay from FXGLDefaultMenu and adding to GameScene
12:01:58.665 [JavaFX Application Thread] DEBUG PrimaryStageWindow   - GameScene <- FXGLDefaultMenu
12:01:58.815 [JavaFX Application Thread] DEBUG PrimaryStageWindow   - Push state: FXGLDefaultMenu
12:01:58.816 [JavaFX Application Thread] DEBUG Input                - Clearing active input actions
12:01:58.817 [JavaFX Application Thread] DEBUG GameApplicationServi - Removing overlay from GameScene and adding to FXGLDefaultMenu
12:01:58.820 [JavaFX Application Thread] DEBUG PrimaryStageWindow   - GameScene -> FXGLDefaultMenu
12:01:59.481 [JavaFX Application Thread] DEBUG PrimaryStageWindow   - Pop state: FXGLDefaultMenu
12:01:59.481 [JavaFX Application Thread] DEBUG Input                - Clearing active input actions
12:01:59.482 [JavaFX Application Thread] DEBUG GameApplicationServi - Removing overlay from FXGLDefaultMenu and adding to GameScene
12:01:59.483 [JavaFX Application Thread] DEBUG PrimaryStageWindow   - GameScene <- FXGLDefaultMenu
12:01:59.699 [JavaFX Application Thread] DEBUG PrimaryStageWindow   - Push state: FXGLDefaultMenu
12:01:59.699 [JavaFX Application Thread] DEBUG Input                - Clearing active input actions
12:01:59.699 [JavaFX Application Thread] DEBUG GameApplicationServi - Removing overlay from GameScene and adding to FXGLDefaultMenu
12:01:59.700 [JavaFX Application Thread] DEBUG PrimaryStageWindow   - GameScene -> FXGLDefaultMenu
12:02:05.405 [JavaFX Application Thread] DEBUG FXGL.DefaultMenu     - createContentControls()
12:02:05.965 [JavaFX Application Thread] DEBUG FXGL.DefaultMenu     - createContentGameplay()
12:02:07.577 [JavaFX Application Thread] DEBUG FXGL.DefaultMenu     - createContentVideo()
12:02:08.777 [JavaFX Application Thread] DEBUG FXGL.DefaultMenu     - createContentAudio()
12:02:09.765 [JavaFX Application Thread] DEBUG PrimaryStageWindow   - Pop state: FXGLDefaultMenu
12:02:09.765 [JavaFX Application Thread] DEBUG Input                - Clearing active input actions
12:02:09.766 [JavaFX Application Thread] DEBUG GameApplicationServi - Removing overlay from FXGLDefaultMenu and adding to GameScene
12:02:09.768 [JavaFX Application Thread] DEBUG PrimaryStageWindow   - GameScene <- FXGLDefaultMenu
12:02:10.077 [JavaFX Application Thread] DEBUG PrimaryStageWindow   - Push state: FXGLDefaultMenu
12:02:10.078 [JavaFX Application Thread] DEBUG Input                - Clearing active input actions
12:02:10.082 [JavaFX Application Thread] DEBUG GameApplicationServi - Removing overlay from GameScene and adding to FXGLDefaultMenu
12:02:10.084 [JavaFX Application Thread] DEBUG PrimaryStageWindow   - GameScene -> FXGLDefaultMenu
12:02:25.992 [JavaFX Application Thread] DEBUG PrimaryStageWindow   - Pop state: FXGLDefaultMenu
12:02:25.992 [JavaFX Application Thread] DEBUG Input                - Clearing active input actions
12:02:25.993 [JavaFX Application Thread] DEBUG GameApplicationServi - Removing overlay from FXGLDefaultMenu and adding to GameScene
12:02:25.994 [JavaFX Application Thread] DEBUG PrimaryStageWindow   - GameScene <- FXGLDefaultMenu
12:02:26.210 [JavaFX Application Thread] DEBUG PrimaryStageWindow   - Push state: FXGLDefaultMenu
12:02:26.211 [JavaFX Application Thread] DEBUG Input                - Clearing active input actions
12:02:26.215 [JavaFX Application Thread] DEBUG GameApplicationServi - Removing overlay from GameScene and adding to FXGLDefaultMenu
12:02:26.217 [JavaFX Application Thread] DEBUG PrimaryStageWindow   - GameScene -> FXGLDefaultMenu
12:02:26.329 [JavaFX Application Thread] DEBUG PrimaryStageWindow   - Pop state: FXGLDefaultMenu
12:02:26.329 [JavaFX Application Thread] DEBUG Input                - Clearing active input actions
12:02:26.329 [JavaFX Application Thread] DEBUG GameApplicationServi - Removing overlay from FXGLDefaultMenu and adding to GameScene
12:02:26.330 [JavaFX Application Thread] DEBUG PrimaryStageWindow   - GameScene <- FXGLDefaultMenu
12:02:26.640 [JavaFX Application Thread] DEBUG PrimaryStageWindow   - Push state: FXGLDefaultMenu
12:02:26.640 [JavaFX Application Thread] DEBUG Input                - Clearing active input actions
12:02:26.642 [JavaFX Application Thread] DEBUG GameApplicationServi - Removing overlay from GameScene and adding to FXGLDefaultMenu
12:02:26.644 [JavaFX Application Thread] DEBUG PrimaryStageWindow   - GameScene -> FXGLDefaultMenu
12:02:26.779 [JavaFX Application Thread] DEBUG PrimaryStageWindow   - Pop state: FXGLDefaultMenu
12:02:26.779 [JavaFX Application Thread] DEBUG Input                - Clearing active input actions
12:02:26.779 [JavaFX Application Thread] DEBUG GameApplicationServi - Removing overlay from FXGLDefaultMenu and adding to GameScene
12:02:26.780 [JavaFX Application Thread] DEBUG PrimaryStageWindow   - GameScene <- FXGLDefaultMenu
12:02:26.959 [JavaFX Application Thread] DEBUG PrimaryStageWindow   - Push state: FXGLDefaultMenu
12:02:26.960 [JavaFX Application Thread] DEBUG Input                - Clearing active input actions
12:02:26.961 [JavaFX Application Thread] DEBUG GameApplicationServi - Removing overlay from GameScene and adding to FXGLDefaultMenu
12:02:26.963 [JavaFX Application Thread] DEBUG PrimaryStageWindow   - GameScene -> FXGLDefaultMenu
12:02:27.105 [JavaFX Application Thread] DEBUG PrimaryStageWindow   - Pop state: FXGLDefaultMenu
12:02:27.105 [JavaFX Application Thread] DEBUG Input                - Clearing active input actions
12:02:27.105 [JavaFX Application Thread] DEBUG GameApplicationServi - Removing overlay from FXGLDefaultMenu and adding to GameScene
12:02:27.105 [JavaFX Application Thread] DEBUG PrimaryStageWindow   - GameScene <- FXGLDefaultMenu
12:02:27.292 [JavaFX Application Thread] DEBUG PrimaryStageWindow   - Push state: FXGLDefaultMenu
12:02:27.292 [JavaFX Application Thread] DEBUG Input                - Clearing active input actions
12:02:27.293 [JavaFX Application Thread] DEBUG GameApplicationServi - Removing overlay from GameScene and adding to FXGLDefaultMenu
12:02:27.295 [JavaFX Application Thread] DEBUG PrimaryStageWindow   - GameScene -> FXGLDefaultMenu
12:02:27.451 [JavaFX Application Thread] DEBUG PrimaryStageWindow   - Pop state: FXGLDefaultMenu
12:02:27.451 [JavaFX Application Thread] DEBUG Input                - Clearing active input actions
12:02:27.452 [JavaFX Application Thread] DEBUG GameApplicationServi - Removing overlay from FXGLDefaultMenu and adding to GameScene
12:02:27.452 [JavaFX Application Thread] DEBUG PrimaryStageWindow   - GameScene <- FXGLDefaultMenu
12:02:27.643 [JavaFX Application Thread] DEBUG PrimaryStageWindow   - Push state: FXGLDefaultMenu
12:02:27.643 [JavaFX Application Thread] DEBUG Input                - Clearing active input actions
12:02:27.645 [JavaFX Application Thread] DEBUG GameApplicationServi - Removing overlay from GameScene and adding to FXGLDefaultMenu
12:02:27.646 [JavaFX Application Thread] DEBUG PrimaryStageWindow   - GameScene -> FXGLDefaultMenu
12:02:28.126 [JavaFX Application Thread] DEBUG PrimaryStageWindow   - Pop state: FXGLDefaultMenu
12:02:28.126 [JavaFX Application Thread] DEBUG Input                - Clearing active input actions
12:02:28.127 [JavaFX Application Thread] DEBUG GameApplicationServi - Removing overlay from FXGLDefaultMenu and adding to GameScene
12:02:28.128 [JavaFX Application Thread] DEBUG PrimaryStageWindow   - GameScene <- FXGLDefaultMenu
12:02:28.375 [JavaFX Application Thread] DEBUG PrimaryStageWindow   - Push state: FXGLDefaultMenu
12:02:28.377 [JavaFX Application Thread] DEBUG Input                - Clearing active input actions
12:02:28.377 [JavaFX Application Thread] DEBUG GameApplicationServi - Removing overlay from GameScene and adding to FXGLDefaultMenu
12:02:28.378 [JavaFX Application Thread] DEBUG PrimaryStageWindow   - GameScene -> FXGLDefaultMenu
12:02:28.959 [JavaFX Application Thread] DEBUG PrimaryStageWindow   - Pop state: FXGLDefaultMenu
12:02:28.960 [JavaFX Application Thread] DEBUG Input                - Clearing active input actions
12:02:28.960 [JavaFX Application Thread] DEBUG GameApplicationServi - Removing overlay from FXGLDefaultMenu and adding to GameScene
12:02:28.961 [JavaFX Application Thread] DEBUG PrimaryStageWindow   - GameScene <- FXGLDefaultMenu
12:02:29.259 [JavaFX Application Thread] DEBUG PrimaryStageWindow   - Push state: FXGLDefaultMenu
12:02:29.259 [JavaFX Application Thread] DEBUG Input                - Clearing active input actions
12:02:29.262 [JavaFX Application Thread] DEBUG GameApplicationServi - Removing overlay from GameScene and adding to FXGLDefaultMenu
12:02:29.263 [JavaFX Application Thread] DEBUG PrimaryStageWindow   - GameScene -> FXGLDefaultMenu
12:02:29.531 [JavaFX Application Thread] DEBUG PrimaryStageWindow   - Pop state: FXGLDefaultMenu
12:02:29.531 [JavaFX Application Thread] DEBUG Input                - Clearing active input actions
12:02:29.532 [JavaFX Application Thread] DEBUG GameApplicationServi - Removing overlay from FXGLDefaultMenu and adding to GameScene
12:02:29.534 [JavaFX Application Thread] DEBUG PrimaryStageWindow   - GameScene <- FXGLDefaultMenu
12:08:52.542 [JavaFX Application Thread] DEBUG PrimaryStageWindow   - Push state: FXGLDefaultMenu
12:08:52.544 [JavaFX Application Thread] DEBUG Input                - Clearing active input actions
12:08:52.545 [JavaFX Application Thread] DEBUG GameApplicationServi - Removing overlay from GameScene and adding to FXGLDefaultMenu
12:08:52.546 [JavaFX Application Thread] DEBUG PrimaryStageWindow   - GameScene -> FXGLDefaultMenu
12:08:54.273 [JavaFX Application Thread] DEBUG Menu                 - fireExit()
12:08:54.277 [JavaFX Application Thread] DEBUG PrimaryStageWindow   - Push state: DialogSubScene
12:08:54.277 [JavaFX Application Thread] DEBUG Input                - Clearing active input actions
12:08:54.278 [JavaFX Application Thread] DEBUG GameApplicationServi - Removing overlay from FXGLDefaultMenu and adding to DialogSubScene
12:08:54.278 [JavaFX Application Thread] DEBUG PrimaryStageWindow   - FXGLDefaultMenu -> DialogSubScene
12:08:55.027 [JavaFX Application Thread] DEBUG PrimaryStageWindow   - Pop state: DialogSubScene
12:08:55.028 [JavaFX Application Thread] DEBUG Input                - Clearing active input actions
12:08:55.028 [JavaFX Application Thread] DEBUG GameApplicationServi - Removing overlay from DialogSubScene and adding to FXGLDefaultMenu
12:08:55.030 [JavaFX Application Thread] DEBUG PrimaryStageWindow   - FXGLDefaultMenu <- DialogSubScene
12:08:55.030 [JavaFX Application Thread] DEBUG FXGLApplication      - Exiting FXGL
12:08:55.030 [JavaFX Application Thread] DEBUG LoopRunner           - Stopping loop
12:08:55.031 [JavaFX Application Thread] DEBUG SystemBundleService  - Saving FXGL system data
12:08:55.036 [JavaFX Application Thread] DEBUG FileSystemAccess     - Writing to: C:\Users\karos\IdeaProjects\HS-Leiden-Kombat\system\fxgl.bundle
12:08:55.042 [JavaFX Application Thread] DEBUG Async                - Shutting down background threads
12:08:55.042 [JavaFX Application Thread] DEBUG PrimaryStageWindow   - Closing main window
12:08:55.084 [JavaFX Application Thread] DEBUG Logger               - Closing Logger
