09:25:25.719 [main                     ] DEBUG Logger               - Configured Logger
09:25:25.745 [main                     ] DEBUG GameApplication      - Logging settings
Title: Hsleiden Kombat
Version: 0.0
Width: 800
Height: 600
Fullscreen: true
Intro: false
Profiling: false
Single step:false
App Mode: DEVELOPER
Menu Key: ESCAPE
Stage Style: DECORATED
Scene Factory: class com.almasb.fxgl.app.scene.SceneFactory

09:25:26.090 [JavaFX Application Thread] DEBUG FXGLApplication      - Initializing FXGL
09:25:26.095 [JavaFX Application Thread] INFO  Engine               - FXGL-17.1 (24.03.2022 17.34) on WINDOWS (J:19.0.1 FX:19-ea)
09:25:26.095 [JavaFX Application Thread] DEBUG Engine               - JRE Vendor Name: Oracle Corporation
09:25:26.095 [JavaFX Application Thread] DEBUG Engine               - Running on OS: Windows 11 version 10.0
09:25:26.095 [JavaFX Application Thread] DEBUG Engine               - Architecture: amd64
09:25:26.095 [JavaFX Application Thread] INFO  Engine               - Source code and latest versions at: https://github.com/AlmasB/FXGL
09:25:26.096 [JavaFX Application Thread] INFO  Engine               -       Ask questions and discuss at: https://github.com/AlmasB/FXGL/discussions
09:25:26.096 [JavaFX Application Thread] INFO  Engine               -              Join the FXGL chat at: https://gitter.im/AlmasB/FXGL
09:25:26.195 [JavaFX Application Thread] DEBUG PrimaryStageWindow   - Creating a JavaFX scene
09:25:26.235 [JavaFX Application Thread] DEBUG PrimaryStageWindow   - Target settings size: 800.0 x 600.0
09:25:26.235 [JavaFX Application Thread] DEBUG PrimaryStageWindow   - Scaled scene size:    800.0 x 600.0
09:25:26.235 [JavaFX Application Thread] DEBUG PrimaryStageWindow   - Scaled ratio: (1.0, 1.0)
09:25:26.236 [JavaFX Application Thread] DEBUG PrimaryStageWindow   - Set initial scene to FXGLStartupScene
09:25:26.245 [JavaFX Application Thread] DEBUG PrimaryStageWindow   - Opening main window
09:25:26.315 [JavaFX Application Thread] DEBUG PrimaryStageWindow   - Window border size: (14.66668701171875, 37.33331298828125)
09:25:26.315 [JavaFX Application Thread] DEBUG PrimaryStageWindow   - Scaled size: 800.0 x 600.0
09:25:26.315 [JavaFX Application Thread] DEBUG PrimaryStageWindow   - Scaled ratio: (1.0, 1.0)
09:25:26.315 [JavaFX Application Thread] DEBUG PrimaryStageWindow   - Scene size: 800.0 x 600.0
09:25:26.316 [JavaFX Application Thread] DEBUG PrimaryStageWindow   - Stage size: 814.6666870117188 x 637.3333129882812
09:25:26.381 [JavaFX Application Thread] DEBUG PrimaryStageWindow   - Going fullscreen
09:25:26.389 [FXGL Background Thread 1 ] DEBUG Engine               - Initializing environment variables
09:25:26.434 [FXGL Background Thread 1 ] DEBUG FXGLAssetLoaderServi - User app class for loading assets: class com.hsleidenKombat.Game
09:25:26.435 [FXGL Background Thread 1 ] DEBUG GameApplicationServi - Applying CSS: fxgl_dark.css
09:25:26.435 [FXGL Background Thread 1 ] DEBUG FXGLAssetLoaderServi - Loading from file system: jar:file:/C:/Users/karos/.m2/repository/com/github/almasb/fxgl/17.1/fxgl-17.1.jar!/fxglassets/ui/css/fxgl_dark.css
09:25:26.469 [FXGL Background Thread 1 ] DEBUG GameApplicationServi - Initializing application scenes
09:25:26.500 [FXGL Background Thread 1 ] DEBUG GameWorld            - Game world initialized
09:25:26.547 [FXGL Background Thread 1 ] DEBUG PhysicsWorld         - Physics world initialized: appHeight=600, physics.ppm=50.0
09:25:26.547 [FXGL Background Thread 1 ] DEBUG PhysicsWorld         - Using strategy: BRUTE_FORCE
09:25:26.551 [FXGL Background Thread 1 ] DEBUG GameScene            - Game scene initialized: 800x600
09:25:26.561 [FXGL Background Thread 1 ] DEBUG FXGL.DefaultMenu     - createMenuBodyGameMenu()
09:25:26.573 [FXGL Background Thread 1 ] DEBUG FXGL.DefaultMenu     - createOptionsMenu()
09:25:26.583 [FXGL Background Thread 1 ] DEBUG FXGLAssetLoaderServi - Loading from file system: jar:file:/C:/Users/karos/.m2/repository/com/github/almasb/fxgl/17.1/fxgl-17.1.jar!/fxglassets/textures/particles/smoke.png
09:25:26.685 [FXGL Background Thread 1 ] DEBUG FXGLAssetLoaderServi - Loading from file system: jar:file:/C:/Users/karos/.m2/repository/com/github/almasb/fxgl/17.1/fxgl-17.1.jar!/fxglassets/textures/particles/trace_horizontal.png
09:25:26.710 [FXGL Background Thread 1 ] DEBUG GameApplicationServi - Application scenes initialized
09:25:26.722 [FXGL Background Thread 1 ] DEBUG SystemBundleService  - Loading FXGL system data
09:25:26.725 [FXGL Background Thread 1 ] DEBUG FileSystemAccess     - Reading from: C:\Users\karos\IdeaProjects\HS-Leiden-Kombat\system\fxgl.bundle
09:25:26.732 [FXGL Background Thread 1 ] DEBUG SystemBundleService  - Bundle FXGL: {}
09:25:26.732 [FXGL Background Thread 1 ] DEBUG UpdaterService       - Checking for updates
09:25:26.754 [FXGL Background Thread 4 ] DEBUG FXGLApplication      - Loading fonts
09:25:26.754 [FXGL Background Thread 1 ] DEBUG FXGLApplication      - Loading default localization
09:25:26.754 [FXGL Background Thread 4 ] DEBUG FXGLAssetLoaderServi - Loading from file system: jar:file:/C:/Users/karos/.m2/repository/com/github/almasb/fxgl/17.1/fxgl-17.1.jar!/fxglassets/ui/fonts/VarelaRound-Regular.ttf
09:25:26.754 [FXGL Background Thread 1 ] DEBUG FXGLAssetLoaderServi - Loading from file system: jar:file:/C:/Users/karos/.m2/repository/com/github/almasb/fxgl/17.1/fxgl-17.1.jar!/fxglassets/languages/english.lang
09:25:26.771 [FXGL Background Thread 1 ] INFO  FXGLApplication      - FXGL initialization took: 0.383 sec
09:25:26.772 [JavaFX Application Thread] DEBUG FXGLAssetLoaderServi - Loading from file system: jar:file:/C:/Users/karos/.m2/repository/com/github/almasb/fxgl/17.1/fxgl-17.1.jar!/fxglassets/textures/fxgl_icon.png
09:25:26.789 [JavaFX Application Thread] DEBUG FXGLAssetLoaderServi - Loading from file system: jar:file:/C:/Users/karos/.m2/repository/com/github/almasb/fxgl/17.1/fxgl-17.1.jar!/fxglassets/textures/fxgl_default_cursor.png
09:25:26.799 [FXGL Background Thread 4 ] DEBUG FXGLAssetLoaderServi - Loading from file system: jar:file:/C:/Users/karos/.m2/repository/com/github/almasb/fxgl/17.1/fxgl-17.1.jar!/fxglassets/ui/fonts/Abel-Regular.ttf
09:25:26.801 [JavaFX Application Thread] DEBUG Input                - Registered new binding: Screenshot - CTRL+8
09:25:26.801 [JavaFX Application Thread] DEBUG Input                - Registered new binding: Dev Options - 1
09:25:26.802 [JavaFX Application Thread] DEBUG Input                - Registered new binding: Dev Console - 2
09:25:26.802 [JavaFX Application Thread] DEBUG Input                - Registered new binding: System info dump - CTRL+9
09:25:26.802 [JavaFX Application Thread] DEBUG Input                - Registered new binding: Restart - CTRL+R
09:25:26.803 [FXGL Background Thread 4 ] DEBUG FXGLAssetLoaderServi - Loading from file system: jar:file:/C:/Users/karos/.m2/repository/com/github/almasb/fxgl/17.1/fxgl-17.1.jar!/fxglassets/ui/fonts/TerminalLandMono-Regular.otf
09:25:26.803 [JavaFX Application Thread] DEBUG Input                - Registered new binding: Toggle Debug Camera - CTRL+7
09:25:26.806 [JavaFX Application Thread] DEBUG LoopRunner           - Starting loop
09:25:26.808 [FXGL Background Thread 4 ] DEBUG FXGLAssetLoaderServi - Loading from file system: jar:file:/C:/Users/karos/.m2/repository/com/github/almasb/fxgl/17.1/fxgl-17.1.jar!/fxglassets/ui/fonts/Courier-Prime.ttf
09:25:26.819 [JavaFX Application Thread] DEBUG LoopRunner           - Initializing JavaFX AnimationTimerLoop
09:25:26.821 [JavaFX Application Thread] DEBUG GameApplicationServi - Starting new game
09:25:26.821 [JavaFX Application Thread] DEBUG Input                - Clearing active input actions
09:25:26.831 [JavaFX Application Thread] DEBUG GameApplicationServi - Removing overlay from FXGLStartupScene and adding to FXGLLoadingScene
09:25:26.835 [JavaFX Application Thread] DEBUG PrimaryStageWindow   - FXGLStartupScene -> FXGLLoadingScene
09:25:26.835 [JavaFX Application Thread] DEBUG GameApplicationServi - Clearing previous game
09:25:26.835 [JavaFX Application Thread] DEBUG GameScene            - Clearing game scene
09:25:26.835 [JavaFX Application Thread] DEBUG GameWorld            - Clearing game world
09:25:26.835 [JavaFX Application Thread] DEBUG PhysicsWorld         - Clearing physics world
09:25:26.836 [FXGL Background Thread 4 ] DEBUG FXGLApplication      - Initializing game
09:25:26.842 [JavaFX Application Thread] DEBUG FXGLApplication      - Registering font factories with UI factory
09:25:26.842 [FXGL Background Thread 4 ] DEBUG FXGLAssetLoaderServi - Loading from file system: file:/C:/Users/karos/IdeaProjects/HS-Leiden-Kombat/target/classes/assets/textures/login.jpeg
09:25:26.905 [FXGL Background Thread 4 ] DEBUG Input                - Registered new binding: Move Left - A
09:25:26.906 [FXGL Background Thread 4 ] DEBUG Input                - Registered new binding: Move Right - D
09:25:26.906 [FXGL Background Thread 4 ] DEBUG Input                - Registered new binding: Move Up - W
09:25:26.906 [FXGL Background Thread 4 ] DEBUG Input                - Registered new binding: Duck - S
09:25:26.906 [FXGL Background Thread 4 ] DEBUG Input                - Registered new binding: Move Left 2 - Left
09:25:26.906 [FXGL Background Thread 4 ] DEBUG Input                - Registered new binding: Move Right 2 - Right
09:25:26.907 [FXGL Background Thread 4 ] DEBUG Input                - Registered new binding: Move Up 2 - Up
09:25:26.907 [FXGL Background Thread 4 ] DEBUG Input                - Registered new binding: Duck2 - Down
09:25:26.907 [FXGL Background Thread 4 ] DEBUG Input                - Registered new binding: Punch - F
09:25:26.907 [FXGL Background Thread 4 ] DEBUG Input                - Registered new binding: Punch2 - L
09:25:26.908 [FXGL Background Thread 4 ] INFO  FXGLApplication      - Game initialization took: 0.071 sec
09:25:27.090 [JavaFX Application Thread] DEBUG Input                - Clearing active input actions
09:25:27.103 [JavaFX Application Thread] DEBUG GameApplicationServi - Removing overlay from FXGLLoadingScene and adding to GameScene
09:25:27.106 [JavaFX Application Thread] DEBUG PrimaryStageWindow   - FXGLLoadingScene -> GameScene
09:25:27.230 [FXGL Background Thread 2 ] INFO  UpdaterService       - Your current version:  17.1
09:25:27.231 [FXGL Background Thread 2 ] INFO  UpdaterService       - Latest stable version: 17.3
09:25:28.994 [JavaFX Application Thread] DEBUG FXGLAssetLoaderServi - Loading from file system: file:/C:/Users/karos/IdeaProjects/HS-Leiden-Kombat/target/classes/assets/textures/spritesheet.png
09:25:28.999 [JavaFX Application Thread] DEBUG FXGLAssetLoaderServi - Loading from file system: file:/C:/Users/karos/IdeaProjects/HS-Leiden-Kombat/target/classes/assets/textures/spritesheet-lopen.png
09:25:29.002 [JavaFX Application Thread] DEBUG FXGLAssetLoaderServi - Loading from file system: file:/C:/Users/karos/IdeaProjects/HS-Leiden-Kombat/target/classes/assets/textures/punch.png
09:25:29.036 [JavaFX Application Thread] DEBUG FXGLAssetLoaderServi - Loading from file system: file:/C:/Users/karos/IdeaProjects/HS-Leiden-Kombat/target/classes/assets/textures/background7.jpeg
09:25:29.754 [FXGL Background Thread 3 ] DEBUG Engine               - Logging environment variables
09:25:29.755 [FXGL Background Thread 3 ] DEBUG Engine               - achievements: []
09:25:29.755 [FXGL Background Thread 3 ] DEBUG Engine               - actualHeight: 720.0
09:25:29.756 [FXGL Background Thread 3 ] DEBUG Engine               - actualHeightProperty: ReadOnlyDoubleProperty [value: 720.0]
09:25:29.756 [FXGL Background Thread 3 ] DEBUG Engine               - actualWidth: 1280.0
09:25:29.756 [FXGL Background Thread 3 ] DEBUG Engine               - actualWidthProperty: ReadOnlyDoubleProperty [value: 1280.0]
09:25:29.756 [FXGL Background Thread 3 ] DEBUG Engine               - appIcon: fxgl_icon.png
09:25:29.756 [FXGL Background Thread 3 ] DEBUG Engine               - applicationMode: DEVELOPER
09:25:29.756 [FXGL Background Thread 3 ] DEBUG Engine               - cSSList: [fxgl_dark.css]
09:25:29.757 [FXGL Background Thread 3 ] DEBUG Engine               - collisionDetectionStrategy: BRUTE_FORCE
09:25:29.757 [FXGL Background Thread 3 ] DEBUG Engine               - configClass: Optional.empty
09:25:29.757 [FXGL Background Thread 3 ] DEBUG Engine               - credits: []
09:25:29.758 [FXGL Background Thread 3 ] DEBUG Engine               - defaultCursor: CursorInfo(imageName=fxgl_default_cursor.png, hotspotX=7.0, hotspotY=6.0)
09:25:29.758 [FXGL Background Thread 3 ] DEBUG Engine               - devBBoxColorProperty: ObjectProperty [value: 0xff0000ff]
09:25:29.758 [FXGL Background Thread 3 ] DEBUG Engine               - devEnableDebugCameraProperty: BooleanProperty [value: false]
09:25:29.758 [FXGL Background Thread 3 ] DEBUG Engine               - devSensorColorProperty: ObjectProperty [value: 0xffff00ff]
09:25:29.759 [FXGL Background Thread 3 ] DEBUG Engine               - devShowBBoxProperty: BooleanProperty [value: false]
09:25:29.759 [FXGL Background Thread 3 ] DEBUG Engine               - devShowPositionProperty: BooleanProperty [value: false]
09:25:29.759 [FXGL Background Thread 3 ] DEBUG Engine               - enabledMenuItems: []
09:25:29.759 [FXGL Background Thread 3 ] DEBUG Engine               - engineServices: [class com.almasb.fxgl.app.services.FXGLAssetLoaderService, class com.almasb.fxgl.app.FXGLApplication$GameApplicationService, class com.almasb.fxgl.app.services.FXGLDialogService, class com.almasb.fxgl.app.services.IOTaskExecutorService, class com.almasb.fxgl.io.FileSystemService, class com.almasb.fxgl.localization.LocalizationService, class com.almasb.fxgl.app.services.SystemBundleService, class com.almasb.fxgl.profile.SaveLoadService, class com.almasb.fxgl.ui.FXGLUIFactoryServiceProvider, class com.almasb.fxgl.ui.FXGLDialogFactoryServiceProvider, class com.almasb.fxgl.audio.AudioPlayer, class com.almasb.fxgl.notification.impl.NotificationServiceProvider, class com.almasb.fxgl.achievement.AchievementService, class com.almasb.fxgl.cutscene.CutsceneService, class com.almasb.fxgl.minigames.MiniGameService, class com.almasb.fxgl.net.NetService, class com.almasb.fxgl.app.services.UpdaterService, class com.almasb.fxgl.dev.DevService]
09:25:29.759 [FXGL Background Thread 3 ] DEBUG Engine               - fontGame: Abel-Regular.ttf
09:25:29.759 [FXGL Background Thread 3 ] DEBUG Engine               - fontMono: TerminalLandMono-Regular.otf
09:25:29.760 [FXGL Background Thread 3 ] DEBUG Engine               - fontText: Courier-Prime.ttf
09:25:29.760 [FXGL Background Thread 3 ] DEBUG Engine               - fontUI: VarelaRound-Regular.ttf
09:25:29.760 [FXGL Background Thread 3 ] DEBUG Engine               - fullScreen: BooleanProperty [value: true]
09:25:29.760 [FXGL Background Thread 3 ] DEBUG Engine               - gameDifficulty: MEDIUM
09:25:29.760 [FXGL Background Thread 3 ] DEBUG Engine               - gameDifficultyProperty: ObjectProperty [value: MEDIUM]
09:25:29.760 [FXGL Background Thread 3 ] DEBUG Engine               - globalMusicVolume: 0.5
09:25:29.761 [FXGL Background Thread 3 ] DEBUG Engine               - globalMusicVolumeProperty: DoubleProperty [value: 0.5]
09:25:29.761 [FXGL Background Thread 3 ] DEBUG Engine               - globalSoundVolume: 0.5
09:25:29.761 [FXGL Background Thread 3 ] DEBUG Engine               - globalSoundVolumeProperty: DoubleProperty [value: 0.5]
09:25:29.761 [FXGL Background Thread 3 ] DEBUG Engine               - height: 600
09:25:29.761 [FXGL Background Thread 3 ] DEBUG Engine               - is3D: false
09:25:29.761 [FXGL Background Thread 3 ] DEBUG Engine               - isAndroid: false
09:25:29.761 [FXGL Background Thread 3 ] DEBUG Engine               - isBrowser: false
09:25:29.762 [FXGL Background Thread 3 ] DEBUG Engine               - isClickFeedbackEnabled: false
09:25:29.762 [FXGL Background Thread 3 ] DEBUG Engine               - isCloseConfirmation: false
09:25:29.762 [FXGL Background Thread 3 ] DEBUG Engine               - isDesktop: true
09:25:29.762 [FXGL Background Thread 3 ] DEBUG Engine               - isDeveloperMenuEnabled: true
09:25:29.762 [FXGL Background Thread 3 ] DEBUG Engine               - isEmbedded: false
09:25:29.763 [FXGL Background Thread 3 ] DEBUG Engine               - isEntityPreloadEnabled: true
09:25:29.763 [FXGL Background Thread 3 ] DEBUG Engine               - isExperimentalTiledLargeMap: false
09:25:29.763 [FXGL Background Thread 3 ] DEBUG Engine               - isFileSystemWriteAllowed: true
09:25:29.763 [FXGL Background Thread 3 ] DEBUG Engine               - isFullScreenAllowed: true
09:25:29.763 [FXGL Background Thread 3 ] DEBUG Engine               - isFullScreenFromStart: true
09:25:29.763 [FXGL Background Thread 3 ] DEBUG Engine               - isGameMenuEnabled: true
09:25:29.763 [FXGL Background Thread 3 ] DEBUG Engine               - isIOS: false
09:25:29.763 [FXGL Background Thread 3 ] DEBUG Engine               - isIntroEnabled: false
09:25:29.764 [FXGL Background Thread 3 ] DEBUG Engine               - isLinux: false
09:25:29.764 [FXGL Background Thread 3 ] DEBUG Engine               - isMac: false
09:25:29.764 [FXGL Background Thread 3 ] DEBUG Engine               - isMainMenuEnabled: false
09:25:29.764 [FXGL Background Thread 3 ] DEBUG Engine               - isManualResizeEnabled: false
09:25:29.764 [FXGL Background Thread 3 ] DEBUG Engine               - isMobile: false
09:25:29.764 [FXGL Background Thread 3 ] DEBUG Engine               - isNative: false
09:25:29.764 [FXGL Background Thread 3 ] DEBUG Engine               - isPauseMusicWhenMinimized: true
09:25:29.765 [FXGL Background Thread 3 ] DEBUG Engine               - isPreserveResizeRatio: false
09:25:29.765 [FXGL Background Thread 3 ] DEBUG Engine               - isProfilingEnabled: false
09:25:29.765 [FXGL Background Thread 3 ] DEBUG Engine               - isScaleAffectedOnResize: true
09:25:29.765 [FXGL Background Thread 3 ] DEBUG Engine               - isSingleStep: false
09:25:29.765 [FXGL Background Thread 3 ] DEBUG Engine               - isUserProfileEnabled: false
09:25:29.765 [FXGL Background Thread 3 ] DEBUG Engine               - isWindows: true
09:25:29.765 [FXGL Background Thread 3 ] DEBUG Engine               - language: ObjectProperty [value: ENGLISH]
09:25:29.765 [FXGL Background Thread 3 ] DEBUG Engine               - menuKey: ESCAPE
09:25:29.766 [FXGL Background Thread 3 ] DEBUG Engine               - mouseSensitivity: 0.2
09:25:29.766 [FXGL Background Thread 3 ] DEBUG Engine               - notificationViewClass: class com.almasb.fxgl.notification.view.XboxNotificationView
09:25:29.766 [FXGL Background Thread 3 ] DEBUG Engine               - pixelsPerMeter: 50.0
09:25:29.766 [FXGL Background Thread 3 ] DEBUG Engine               - platform: WINDOWS
09:25:29.766 [FXGL Background Thread 3 ] DEBUG Engine               - prefHeightProperty: ReadOnlyDoubleProperty [value: 600.0]
09:25:29.766 [FXGL Background Thread 3 ] DEBUG Engine               - prefWidthProperty: ReadOnlyDoubleProperty [value: 800.0]
09:25:29.766 [FXGL Background Thread 3 ] DEBUG Engine               - profileDir: profiles/
09:25:29.767 [FXGL Background Thread 3 ] DEBUG Engine               - profileName: StringProperty [value: DEFAULT]
09:25:29.767 [FXGL Background Thread 3 ] DEBUG Engine               - randomSeed: -1
09:25:29.767 [FXGL Background Thread 3 ] DEBUG Engine               - runtimeInfo: RuntimeInfo(platform=WINDOWS, version=17.1, build=24.03.2022 17.34)
09:25:29.767 [FXGL Background Thread 3 ] DEBUG Engine               - saveFileExt: sav
09:25:29.768 [FXGL Background Thread 3 ] DEBUG Engine               - scaledHeightProp$fxgl: DoubleProperty [bound, value: 720.0]
09:25:29.768 [FXGL Background Thread 3 ] DEBUG Engine               - scaledWidthProp$fxgl: DoubleProperty [bound, value: 1280.0]
09:25:29.768 [FXGL Background Thread 3 ] DEBUG Engine               - sceneFactory: com.almasb.fxgl.app.scene.SceneFactory@331c500f
09:25:29.768 [FXGL Background Thread 3 ] DEBUG Engine               - secondsIn24h: 60
09:25:29.768 [FXGL Background Thread 3 ] DEBUG Engine               - soundMenuBack: menu/back.wav
09:25:29.769 [FXGL Background Thread 3 ] DEBUG Engine               - soundMenuPress: menu/press.wav
09:25:29.769 [FXGL Background Thread 3 ] DEBUG Engine               - soundMenuSelect: menu/select.wav
09:25:29.769 [FXGL Background Thread 3 ] DEBUG Engine               - soundNotification: core/notification.wav
09:25:29.769 [FXGL Background Thread 3 ] DEBUG Engine               - stageStyle: DECORATED
09:25:29.769 [FXGL Background Thread 3 ] DEBUG Engine               - supportedLanguages: [ENGLISH, FRENCH, GERMAN, HUNGARIAN, RUSSIAN]
09:25:29.769 [FXGL Background Thread 3 ] DEBUG Engine               - ticksPerSecond: -1
09:25:29.769 [FXGL Background Thread 3 ] DEBUG Engine               - title: Hsleiden Kombat
09:25:29.769 [FXGL Background Thread 3 ] DEBUG Engine               - urlGithub: https://github.com/AlmasB/FXGL
09:25:29.770 [FXGL Background Thread 3 ] DEBUG Engine               - urlLeaderboard: http://fxgl-top.herokuapp.com/
09:25:29.770 [FXGL Background Thread 3 ] DEBUG Engine               - urlPOM: https://raw.githubusercontent.com/AlmasB/FXGL/release/README.md
09:25:29.770 [FXGL Background Thread 3 ] DEBUG Engine               - userAppClass: class com.hsleidenKombat.Game
09:25:29.770 [FXGL Background Thread 3 ] DEBUG Engine               - version: 0.0
09:25:29.770 [FXGL Background Thread 3 ] DEBUG Engine               - versionCheckDays: 7
09:25:29.770 [FXGL Background Thread 3 ] DEBUG Engine               - width: 800
09:25:29.770 [FXGL Background Thread 3 ] DEBUG Engine               - Logging services
09:25:29.770 [FXGL Background Thread 3 ] DEBUG Engine               - class com.almasb.fxgl.app.services.FXGLAssetLoaderService
09:25:29.770 [FXGL Background Thread 3 ] DEBUG Engine               - class com.almasb.fxgl.app.FXGLApplication$GameApplicationService
09:25:29.771 [FXGL Background Thread 3 ] DEBUG Engine               - class com.almasb.fxgl.app.services.FXGLDialogService
09:25:29.771 [FXGL Background Thread 3 ] DEBUG Engine               - class com.almasb.fxgl.app.services.IOTaskExecutorService
09:25:29.771 [FXGL Background Thread 3 ] DEBUG Engine               - class com.almasb.fxgl.io.FileSystemService
09:25:29.771 [FXGL Background Thread 3 ] DEBUG Engine               - class com.almasb.fxgl.localization.LocalizationService
09:25:29.771 [FXGL Background Thread 3 ] DEBUG Engine               - class com.almasb.fxgl.app.services.SystemBundleService
09:25:29.771 [FXGL Background Thread 3 ] DEBUG Engine               - class com.almasb.fxgl.profile.SaveLoadService
09:25:29.771 [FXGL Background Thread 3 ] DEBUG Engine               - class com.almasb.fxgl.ui.FXGLUIFactoryServiceProvider
09:25:29.771 [FXGL Background Thread 3 ] DEBUG Engine               - class com.almasb.fxgl.ui.FXGLDialogFactoryServiceProvider
09:25:29.772 [FXGL Background Thread 3 ] DEBUG Engine               - class com.almasb.fxgl.audio.AudioPlayer
09:25:29.772 [FXGL Background Thread 3 ] DEBUG Engine               - class com.almasb.fxgl.notification.impl.NotificationServiceProvider
09:25:29.772 [FXGL Background Thread 3 ] DEBUG Engine               - class com.almasb.fxgl.achievement.AchievementService
09:25:29.772 [FXGL Background Thread 3 ] DEBUG Engine               - class com.almasb.fxgl.cutscene.CutsceneService
09:25:29.772 [FXGL Background Thread 3 ] DEBUG Engine               - class com.almasb.fxgl.minigames.MiniGameService
09:25:29.772 [FXGL Background Thread 3 ] DEBUG Engine               - class com.almasb.fxgl.net.NetService
09:25:29.772 [FXGL Background Thread 3 ] DEBUG Engine               - class com.almasb.fxgl.app.services.UpdaterService
09:25:29.772 [FXGL Background Thread 3 ] DEBUG Engine               - class com.almasb.fxgl.dev.DevService
09:25:45.477 [JavaFX Application Thread] DEBUG PrimaryStageWindow   - Push state: FXGLDefaultMenu
09:25:45.481 [JavaFX Application Thread] DEBUG Input                - Clearing active input actions
09:25:45.482 [JavaFX Application Thread] DEBUG GameApplicationServi - Removing overlay from GameScene and adding to FXGLDefaultMenu
09:25:45.484 [JavaFX Application Thread] DEBUG PrimaryStageWindow   - GameScene -> FXGLDefaultMenu
09:25:47.213 [JavaFX Application Thread] DEBUG PrimaryStageWindow   - Pop state: FXGLDefaultMenu
09:25:47.213 [JavaFX Application Thread] DEBUG Input                - Clearing active input actions
09:25:47.214 [JavaFX Application Thread] DEBUG GameApplicationServi - Removing overlay from FXGLDefaultMenu and adding to GameScene
09:25:47.215 [JavaFX Application Thread] DEBUG PrimaryStageWindow   - GameScene <- FXGLDefaultMenu
09:25:59.105 [JavaFX Application Thread] DEBUG PrimaryStageWindow   - Push state: FXGLDefaultMenu
09:25:59.106 [JavaFX Application Thread] DEBUG Input                - Clearing active input actions
09:25:59.107 [JavaFX Application Thread] DEBUG GameApplicationServi - Removing overlay from GameScene and adding to FXGLDefaultMenu
09:25:59.109 [JavaFX Application Thread] DEBUG PrimaryStageWindow   - GameScene -> FXGLDefaultMenu
09:26:00.520 [JavaFX Application Thread] DEBUG Menu                 - fireExit()
09:26:00.524 [JavaFX Application Thread] DEBUG PrimaryStageWindow   - Push state: DialogSubScene
09:26:00.524 [JavaFX Application Thread] DEBUG Input                - Clearing active input actions
09:26:00.524 [JavaFX Application Thread] DEBUG GameApplicationServi - Removing overlay from FXGLDefaultMenu and adding to DialogSubScene
09:26:00.525 [JavaFX Application Thread] DEBUG PrimaryStageWindow   - FXGLDefaultMenu -> DialogSubScene
09:26:01.121 [JavaFX Application Thread] DEBUG PrimaryStageWindow   - Pop state: DialogSubScene
09:26:01.121 [JavaFX Application Thread] DEBUG Input                - Clearing active input actions
09:26:01.122 [JavaFX Application Thread] DEBUG GameApplicationServi - Removing overlay from DialogSubScene and adding to FXGLDefaultMenu
09:26:01.123 [JavaFX Application Thread] DEBUG PrimaryStageWindow   - FXGLDefaultMenu <- DialogSubScene
09:26:01.123 [JavaFX Application Thread] DEBUG FXGLApplication      - Exiting FXGL
09:26:01.123 [JavaFX Application Thread] DEBUG LoopRunner           - Stopping loop
09:26:01.123 [JavaFX Application Thread] DEBUG SystemBundleService  - Saving FXGL system data
09:26:01.125 [JavaFX Application Thread] DEBUG FileSystemAccess     - Writing to: C:\Users\karos\IdeaProjects\HS-Leiden-Kombat\system\fxgl.bundle
09:26:01.129 [JavaFX Application Thread] DEBUG Async                - Shutting down background threads
09:26:01.130 [JavaFX Application Thread] DEBUG PrimaryStageWindow   - Closing main window
09:26:01.153 [JavaFX Application Thread] DEBUG Logger               - Closing Logger
