15:49:45.162 [main                     ] DEBUG Logger               - Configured Logger
15:49:45.183 [main                     ] DEBUG GameApplication      - Logging settings
Title: Hsleiden Kombat
Version: 0.0
Width: 800
Height: 600
Fullscreen: true
Intro: false
Profiling: false
Single step:false
App Mode: DEVELOPER
Menu Key: ESCAPE
Stage Style: DECORATED
Scene Factory: class com.almasb.fxgl.app.scene.SceneFactory

15:49:45.537 [JavaFX Application Thread] DEBUG FXGLApplication      - Initializing FXGL
15:49:45.541 [JavaFX Application Thread] INFO  Engine               - FXGL-17.1 (24.03.2022 17.34) on WINDOWS (J:19.0.1 FX:19-ea)
15:49:45.542 [JavaFX Application Thread] DEBUG Engine               - JRE Vendor Name: Oracle Corporation
15:49:45.542 [JavaFX Application Thread] DEBUG Engine               - Running on OS: Windows 11 version 10.0
15:49:45.542 [JavaFX Application Thread] DEBUG Engine               - Architecture: amd64
15:49:45.542 [JavaFX Application Thread] INFO  Engine               - Source code and latest versions at: https://github.com/AlmasB/FXGL
15:49:45.542 [JavaFX Application Thread] INFO  Engine               -       Ask questions and discuss at: https://github.com/AlmasB/FXGL/discussions
15:49:45.542 [JavaFX Application Thread] INFO  Engine               -              Join the FXGL chat at: https://gitter.im/AlmasB/FXGL
15:49:45.638 [JavaFX Application Thread] DEBUG PrimaryStageWindow   - Creating a JavaFX scene
15:49:45.679 [JavaFX Application Thread] DEBUG PrimaryStageWindow   - Target settings size: 800.0 x 600.0
15:49:45.679 [JavaFX Application Thread] DEBUG PrimaryStageWindow   - Scaled scene size:    800.0 x 600.0
15:49:45.680 [JavaFX Application Thread] DEBUG PrimaryStageWindow   - Scaled ratio: (1.0, 1.0)
15:49:45.680 [JavaFX Application Thread] DEBUG PrimaryStageWindow   - Set initial scene to FXGLStartupScene
15:49:45.687 [JavaFX Application Thread] DEBUG PrimaryStageWindow   - Opening main window
15:49:45.764 [JavaFX Application Thread] DEBUG PrimaryStageWindow   - Window border size: (14.66668701171875, 37.33331298828125)
15:49:45.764 [JavaFX Application Thread] DEBUG PrimaryStageWindow   - Scaled size: 800.0 x 600.0
15:49:45.764 [JavaFX Application Thread] DEBUG PrimaryStageWindow   - Scaled ratio: (1.0, 1.0)
15:49:45.765 [JavaFX Application Thread] DEBUG PrimaryStageWindow   - Scene size: 800.0 x 600.0
15:49:45.765 [JavaFX Application Thread] DEBUG PrimaryStageWindow   - Stage size: 814.6666870117188 x 637.3333129882812
15:49:45.834 [JavaFX Application Thread] DEBUG PrimaryStageWindow   - Going fullscreen
15:49:45.843 [FXGL Background Thread 1 ] DEBUG Engine               - Initializing environment variables
15:49:45.888 [FXGL Background Thread 1 ] DEBUG FXGLAssetLoaderServi - User app class for loading assets: class com.hsleidenKombat.Game
15:49:45.888 [FXGL Background Thread 1 ] DEBUG GameApplicationServi - Applying CSS: fxgl_dark.css
15:49:45.888 [FXGL Background Thread 1 ] DEBUG FXGLAssetLoaderServi - Loading from file system: jar:file:/C:/Users/karos/.m2/repository/com/github/almasb/fxgl/17.1/fxgl-17.1.jar!/fxglassets/ui/css/fxgl_dark.css
15:49:45.922 [FXGL Background Thread 1 ] DEBUG GameApplicationServi - Initializing application scenes
15:49:45.959 [FXGL Background Thread 1 ] DEBUG GameWorld            - Game world initialized
15:49:46.013 [FXGL Background Thread 1 ] DEBUG PhysicsWorld         - Physics world initialized: appHeight=600, physics.ppm=50.0
15:49:46.013 [FXGL Background Thread 1 ] DEBUG PhysicsWorld         - Using strategy: BRUTE_FORCE
15:49:46.016 [FXGL Background Thread 1 ] DEBUG GameScene            - Game scene initialized: 800x600
15:49:46.026 [FXGL Background Thread 1 ] DEBUG FXGL.DefaultMenu     - createMenuBodyGameMenu()
15:49:46.039 [FXGL Background Thread 1 ] DEBUG FXGL.DefaultMenu     - createOptionsMenu()
15:49:46.049 [FXGL Background Thread 1 ] DEBUG FXGLAssetLoaderServi - Loading from file system: jar:file:/C:/Users/karos/.m2/repository/com/github/almasb/fxgl/17.1/fxgl-17.1.jar!/fxglassets/textures/particles/smoke.png
15:49:46.157 [FXGL Background Thread 1 ] DEBUG FXGLAssetLoaderServi - Loading from file system: jar:file:/C:/Users/karos/.m2/repository/com/github/almasb/fxgl/17.1/fxgl-17.1.jar!/fxglassets/textures/particles/trace_horizontal.png
15:49:46.189 [FXGL Background Thread 1 ] DEBUG GameApplicationServi - Application scenes initialized
15:49:46.201 [FXGL Background Thread 1 ] DEBUG SystemBundleService  - Loading FXGL system data
15:49:46.205 [FXGL Background Thread 1 ] DEBUG FileSystemAccess     - Reading from: C:\Users\karos\IdeaProjects\HS-Leiden-Kombat\system\fxgl.bundle
15:49:46.213 [FXGL Background Thread 1 ] DEBUG SystemBundleService  - Bundle FXGL: {}
15:49:46.213 [FXGL Background Thread 1 ] DEBUG UpdaterService       - Checking for updates
15:49:46.241 [FXGL Background Thread 4 ] DEBUG FXGLApplication      - Loading fonts
15:49:46.241 [FXGL Background Thread 4 ] DEBUG FXGLAssetLoaderServi - Loading from file system: jar:file:/C:/Users/karos/.m2/repository/com/github/almasb/fxgl/17.1/fxgl-17.1.jar!/fxglassets/ui/fonts/VarelaRound-Regular.ttf
15:49:46.241 [FXGL Background Thread 1 ] DEBUG FXGLApplication      - Loading default localization
15:49:46.242 [FXGL Background Thread 1 ] DEBUG FXGLAssetLoaderServi - Loading from file system: jar:file:/C:/Users/karos/.m2/repository/com/github/almasb/fxgl/17.1/fxgl-17.1.jar!/fxglassets/languages/english.lang
15:49:46.259 [FXGL Background Thread 1 ] INFO  FXGLApplication      - FXGL initialization took: 0.417 sec
15:49:46.260 [JavaFX Application Thread] DEBUG FXGLAssetLoaderServi - Loading from file system: jar:file:/C:/Users/karos/.m2/repository/com/github/almasb/fxgl/17.1/fxgl-17.1.jar!/fxglassets/textures/fxgl_icon.png
15:49:46.281 [JavaFX Application Thread] DEBUG FXGLAssetLoaderServi - Loading from file system: jar:file:/C:/Users/karos/.m2/repository/com/github/almasb/fxgl/17.1/fxgl-17.1.jar!/fxglassets/textures/fxgl_default_cursor.png
15:49:46.294 [JavaFX Application Thread] DEBUG Input                - Registered new binding: Screenshot - CTRL+8
15:49:46.295 [JavaFX Application Thread] DEBUG Input                - Registered new binding: Dev Options - 1
15:49:46.295 [JavaFX Application Thread] DEBUG Input                - Registered new binding: Dev Console - 2
15:49:46.296 [JavaFX Application Thread] DEBUG Input                - Registered new binding: System info dump - CTRL+9
15:49:46.296 [JavaFX Application Thread] DEBUG Input                - Registered new binding: Restart - CTRL+R
15:49:46.297 [FXGL Background Thread 4 ] DEBUG FXGLAssetLoaderServi - Loading from file system: jar:file:/C:/Users/karos/.m2/repository/com/github/almasb/fxgl/17.1/fxgl-17.1.jar!/fxglassets/ui/fonts/Abel-Regular.ttf
15:49:46.297 [JavaFX Application Thread] DEBUG Input                - Registered new binding: Toggle Debug Camera - CTRL+7
15:49:46.300 [JavaFX Application Thread] DEBUG LoopRunner           - Starting loop
15:49:46.302 [FXGL Background Thread 4 ] DEBUG FXGLAssetLoaderServi - Loading from file system: jar:file:/C:/Users/karos/.m2/repository/com/github/almasb/fxgl/17.1/fxgl-17.1.jar!/fxglassets/ui/fonts/TerminalLandMono-Regular.otf
15:49:46.317 [JavaFX Application Thread] DEBUG LoopRunner           - Initializing JavaFX AnimationTimerLoop
15:49:46.318 [JavaFX Application Thread] DEBUG GameApplicationServi - Starting new game
15:49:46.319 [JavaFX Application Thread] DEBUG Input                - Clearing active input actions
15:49:46.321 [FXGL Background Thread 4 ] DEBUG FXGLAssetLoaderServi - Loading from file system: jar:file:/C:/Users/karos/.m2/repository/com/github/almasb/fxgl/17.1/fxgl-17.1.jar!/fxglassets/ui/fonts/Courier-Prime.ttf
15:49:46.329 [JavaFX Application Thread] DEBUG GameApplicationServi - Removing overlay from FXGLStartupScene and adding to FXGLLoadingScene
15:49:46.332 [JavaFX Application Thread] DEBUG PrimaryStageWindow   - FXGLStartupScene -> FXGLLoadingScene
15:49:46.333 [JavaFX Application Thread] DEBUG GameApplicationServi - Clearing previous game
15:49:46.333 [JavaFX Application Thread] DEBUG GameScene            - Clearing game scene
15:49:46.333 [JavaFX Application Thread] DEBUG GameWorld            - Clearing game world
15:49:46.333 [JavaFX Application Thread] DEBUG PhysicsWorld         - Clearing physics world
15:49:46.335 [FXGL Background Thread 4 ] DEBUG FXGLApplication      - Initializing game
15:49:46.340 [FXGL Background Thread 4 ] DEBUG FXGLAssetLoaderServi - Loading from file system: file:/C:/Users/karos/IdeaProjects/HS-Leiden-Kombat/target/classes/assets/textures/Background7.jpeg
15:49:46.395 [FXGL Background Thread 4 ] DEBUG FXGLAssetLoaderServi - Loading from file system: file:/C:/Users/karos/IdeaProjects/HS-Leiden-Kombat/target/classes/assets/textures/spritesheet.png
15:49:46.402 [FXGL Background Thread 4 ] DEBUG FXGLAssetLoaderServi - Loading from file system: file:/C:/Users/karos/IdeaProjects/HS-Leiden-Kombat/target/classes/assets/textures/spritesheet-lopen.png
15:49:46.405 [FXGL Background Thread 4 ] DEBUG FXGLAssetLoaderServi - Loading from file system: file:/C:/Users/karos/IdeaProjects/HS-Leiden-Kombat/target/classes/assets/textures/punch.png
15:49:46.437 [FXGL Background Thread 4 ] DEBUG Input                - Registered new binding: Move Left - A
15:49:46.437 [FXGL Background Thread 4 ] DEBUG Input                - Registered new binding: Move Right - D
15:49:46.437 [FXGL Background Thread 4 ] DEBUG Input                - Registered new binding: Move Up - W
15:49:46.437 [FXGL Background Thread 4 ] DEBUG Input                - Registered new binding: Duck - S
15:49:46.437 [FXGL Background Thread 4 ] DEBUG Input                - Registered new binding: Move Left 2 - Left
15:49:46.438 [FXGL Background Thread 4 ] DEBUG Input                - Registered new binding: Move Right 2 - Right
15:49:46.438 [FXGL Background Thread 4 ] DEBUG Input                - Registered new binding: Move Up 2 - Up
15:49:46.438 [FXGL Background Thread 4 ] DEBUG Input                - Registered new binding: Duck2 - Down
15:49:46.438 [FXGL Background Thread 4 ] DEBUG Input                - Registered new binding: Punch - F
15:49:46.574 [JavaFX Application Thread] DEBUG FXGLApplication      - Registering font factories with UI factory
15:49:46.586 [JavaFX Application Thread] DEBUG LoopRunner           - Stopping loop
15:49:46.588 [JavaFX Application Thread] FATAL FXGLApplication      - Uncaught Exception:
java.lang.RuntimeException: Initialization failed
	at com.almasb.fxgl.app.FXGLApplication$InitAppTask.failed(FXGLApplication.kt:343)
	at javafx.concurrent.Task.setState(Task.java:710)
	at javafx.concurrent.Task$TaskCallable.lambda$call$2(Task.java:1456)
	at com.sun.javafx.application.PlatformImpl.lambda$runLater$10(PlatformImpl.java:457)
	at java.base/java.security.AccessController.doPrivileged(AccessController.java:399)
	at com.sun.javafx.application.PlatformImpl.lambda$runLater$11(PlatformImpl.java:456)
	at com.sun.glass.ui.InvokeLaterDispatcher$Future.run(InvokeLaterDispatcher.java:96)
	at com.sun.glass.ui.win.WinApplication._runLoop(Native Method)
	at com.sun.glass.ui.win.WinApplication.lambda$runLoop$3(WinApplication.java:184)
	at java.base/java.lang.Thread.run(Thread.java:1589)
Caused by: java.lang.IllegalArgumentException: Action already exists: Punch
	at com.almasb.fxgl.input.Input.addBinding(Input.kt:450)
	at com.almasb.fxgl.input.Input.addAction(Input.kt:446)
	at com.almasb.fxgl.input.Input.addAction$default(Input.kt:443)
	at com.almasb.fxgl.input.Input.addAction(Input.kt)
	at com.hsleidenKombat.Game.initGame(Game.java:265)
	at com.almasb.fxgl.app.FXGLApplication$InitAppTask.initGame(FXGLApplication.kt:339)
	at com.almasb.fxgl.app.FXGLApplication$InitAppTask.call(FXGLApplication.kt:319)
	at com.almasb.fxgl.app.FXGLApplication$InitAppTask.call(FXGLApplication.kt:311)
	at javafx.concurrent.Task$TaskCallable.call(Task.java:1426)
	at java.base/java.util.concurrent.FutureTask.run(FutureTask.java:317)
	at java.base/java.util.concurrent.Executors$RunnableAdapter.call(Executors.java:577)
	at java.base/java.util.concurrent.FutureTask.run(FutureTask.java:317)
	at java.base/java.util.concurrent.ThreadPoolExecutor.runWorker(ThreadPoolExecutor.java:1144)
	at java.base/java.util.concurrent.ThreadPoolExecutor$Worker.run(ThreadPoolExecutor.java:642)
	... 1 more

15:49:46.588 [JavaFX Application Thread] FATAL FXGLApplication      - Application will now exit
15:49:46.594 [JavaFX Application Thread] DEBUG PrimaryStageWindow   - Push state: ErrorSubScene
15:49:46.595 [JavaFX Application Thread] DEBUG Input                - Clearing active input actions
15:49:46.595 [JavaFX Application Thread] DEBUG GameApplicationServi - Removing overlay from FXGLLoadingScene and adding to ErrorSubScene
15:49:46.598 [JavaFX Application Thread] DEBUG PrimaryStageWindow   - FXGLLoadingScene -> ErrorSubScene
15:49:46.630 [FXGL Background Thread 2 ] INFO  UpdaterService       - Your current version:  17.1
15:49:46.631 [FXGL Background Thread 2 ] INFO  UpdaterService       - Latest stable version: 17.3
15:49:49.240 [FXGL Background Thread 3 ] DEBUG Engine               - Logging environment variables
15:49:49.241 [FXGL Background Thread 3 ] DEBUG Engine               - achievements: []
15:49:49.241 [FXGL Background Thread 3 ] DEBUG Engine               - actualHeight: 720.0
15:49:49.241 [FXGL Background Thread 3 ] DEBUG Engine               - actualHeightProperty: ReadOnlyDoubleProperty [value: 720.0]
15:49:49.242 [FXGL Background Thread 3 ] DEBUG Engine               - actualWidth: 1280.0
15:49:49.242 [FXGL Background Thread 3 ] DEBUG Engine               - actualWidthProperty: ReadOnlyDoubleProperty [value: 1280.0]
15:49:49.242 [FXGL Background Thread 3 ] DEBUG Engine               - appIcon: fxgl_icon.png
15:49:49.242 [FXGL Background Thread 3 ] DEBUG Engine               - applicationMode: DEVELOPER
15:49:49.242 [FXGL Background Thread 3 ] DEBUG Engine               - cSSList: [fxgl_dark.css]
15:49:49.242 [FXGL Background Thread 3 ] DEBUG Engine               - collisionDetectionStrategy: BRUTE_FORCE
15:49:49.243 [FXGL Background Thread 3 ] DEBUG Engine               - configClass: Optional.empty
15:49:49.243 [FXGL Background Thread 3 ] DEBUG Engine               - credits: []
15:49:49.243 [FXGL Background Thread 3 ] DEBUG Engine               - defaultCursor: CursorInfo(imageName=fxgl_default_cursor.png, hotspotX=7.0, hotspotY=6.0)
15:49:49.244 [FXGL Background Thread 3 ] DEBUG Engine               - devBBoxColorProperty: ObjectProperty [value: 0xff0000ff]
15:49:49.244 [FXGL Background Thread 3 ] DEBUG Engine               - devEnableDebugCameraProperty: BooleanProperty [value: false]
15:49:49.244 [FXGL Background Thread 3 ] DEBUG Engine               - devSensorColorProperty: ObjectProperty [value: 0xffff00ff]
15:49:49.244 [FXGL Background Thread 3 ] DEBUG Engine               - devShowBBoxProperty: BooleanProperty [value: false]
15:49:49.245 [FXGL Background Thread 3 ] DEBUG Engine               - devShowPositionProperty: BooleanProperty [value: false]
15:49:49.245 [FXGL Background Thread 3 ] DEBUG Engine               - enabledMenuItems: []
15:49:49.245 [FXGL Background Thread 3 ] DEBUG Engine               - engineServices: [class com.almasb.fxgl.app.services.FXGLAssetLoaderService, class com.almasb.fxgl.app.FXGLApplication$GameApplicationService, class com.almasb.fxgl.app.services.FXGLDialogService, class com.almasb.fxgl.app.services.IOTaskExecutorService, class com.almasb.fxgl.io.FileSystemService, class com.almasb.fxgl.localization.LocalizationService, class com.almasb.fxgl.app.services.SystemBundleService, class com.almasb.fxgl.profile.SaveLoadService, class com.almasb.fxgl.ui.FXGLUIFactoryServiceProvider, class com.almasb.fxgl.ui.FXGLDialogFactoryServiceProvider, class com.almasb.fxgl.audio.AudioPlayer, class com.almasb.fxgl.notification.impl.NotificationServiceProvider, class com.almasb.fxgl.achievement.AchievementService, class com.almasb.fxgl.cutscene.CutsceneService, class com.almasb.fxgl.minigames.MiniGameService, class com.almasb.fxgl.net.NetService, class com.almasb.fxgl.app.services.UpdaterService, class com.almasb.fxgl.dev.DevService]
15:49:49.245 [FXGL Background Thread 3 ] DEBUG Engine               - fontGame: Abel-Regular.ttf
15:49:49.245 [FXGL Background Thread 3 ] DEBUG Engine               - fontMono: TerminalLandMono-Regular.otf
15:49:49.245 [FXGL Background Thread 3 ] DEBUG Engine               - fontText: Courier-Prime.ttf
15:49:49.246 [FXGL Background Thread 3 ] DEBUG Engine               - fontUI: VarelaRound-Regular.ttf
15:49:49.246 [FXGL Background Thread 3 ] DEBUG Engine               - fullScreen: BooleanProperty [value: true]
15:49:49.246 [FXGL Background Thread 3 ] DEBUG Engine               - gameDifficulty: MEDIUM
15:49:49.246 [FXGL Background Thread 3 ] DEBUG Engine               - gameDifficultyProperty: ObjectProperty [value: MEDIUM]
15:49:49.246 [FXGL Background Thread 3 ] DEBUG Engine               - globalMusicVolume: 0.5
15:49:49.246 [FXGL Background Thread 3 ] DEBUG Engine               - globalMusicVolumeProperty: DoubleProperty [value: 0.5]
15:49:49.246 [FXGL Background Thread 3 ] DEBUG Engine               - globalSoundVolume: 0.5
15:49:49.247 [FXGL Background Thread 3 ] DEBUG Engine               - globalSoundVolumeProperty: DoubleProperty [value: 0.5]
15:49:49.247 [FXGL Background Thread 3 ] DEBUG Engine               - height: 600
15:49:49.247 [FXGL Background Thread 3 ] DEBUG Engine               - is3D: false
15:49:49.247 [FXGL Background Thread 3 ] DEBUG Engine               - isAndroid: false
15:49:49.247 [FXGL Background Thread 3 ] DEBUG Engine               - isBrowser: false
15:49:49.247 [FXGL Background Thread 3 ] DEBUG Engine               - isClickFeedbackEnabled: false
15:49:49.247 [FXGL Background Thread 3 ] DEBUG Engine               - isCloseConfirmation: false
15:49:49.248 [FXGL Background Thread 3 ] DEBUG Engine               - isDesktop: true
15:49:49.248 [FXGL Background Thread 3 ] DEBUG Engine               - isDeveloperMenuEnabled: true
15:49:49.248 [FXGL Background Thread 3 ] DEBUG Engine               - isEmbedded: false
15:49:49.249 [FXGL Background Thread 3 ] DEBUG Engine               - isEntityPreloadEnabled: true
15:49:49.249 [FXGL Background Thread 3 ] DEBUG Engine               - isExperimentalTiledLargeMap: false
15:49:49.249 [FXGL Background Thread 3 ] DEBUG Engine               - isFileSystemWriteAllowed: true
15:49:49.249 [FXGL Background Thread 3 ] DEBUG Engine               - isFullScreenAllowed: true
15:49:49.249 [FXGL Background Thread 3 ] DEBUG Engine               - isFullScreenFromStart: true
15:49:49.249 [FXGL Background Thread 3 ] DEBUG Engine               - isGameMenuEnabled: true
15:49:49.249 [FXGL Background Thread 3 ] DEBUG Engine               - isIOS: false
15:49:49.250 [FXGL Background Thread 3 ] DEBUG Engine               - isIntroEnabled: false
15:49:49.250 [FXGL Background Thread 3 ] DEBUG Engine               - isLinux: false
15:49:49.250 [FXGL Background Thread 3 ] DEBUG Engine               - isMac: false
15:49:49.250 [FXGL Background Thread 3 ] DEBUG Engine               - isMainMenuEnabled: false
15:49:49.251 [FXGL Background Thread 3 ] DEBUG Engine               - isManualResizeEnabled: false
15:49:49.251 [FXGL Background Thread 3 ] DEBUG Engine               - isMobile: false
15:49:49.251 [FXGL Background Thread 3 ] DEBUG Engine               - isNative: false
15:49:49.251 [FXGL Background Thread 3 ] DEBUG Engine               - isPauseMusicWhenMinimized: true
15:49:49.251 [FXGL Background Thread 3 ] DEBUG Engine               - isPreserveResizeRatio: false
15:49:49.251 [FXGL Background Thread 3 ] DEBUG Engine               - isProfilingEnabled: false
15:49:49.252 [FXGL Background Thread 3 ] DEBUG Engine               - isScaleAffectedOnResize: true
15:49:49.252 [FXGL Background Thread 3 ] DEBUG Engine               - isSingleStep: false
15:49:49.252 [FXGL Background Thread 3 ] DEBUG Engine               - isUserProfileEnabled: false
15:49:49.252 [FXGL Background Thread 3 ] DEBUG Engine               - isWindows: true
15:49:49.252 [FXGL Background Thread 3 ] DEBUG Engine               - language: ObjectProperty [value: ENGLISH]
15:49:49.252 [FXGL Background Thread 3 ] DEBUG Engine               - menuKey: ESCAPE
15:49:49.253 [FXGL Background Thread 3 ] DEBUG Engine               - mouseSensitivity: 0.2
15:49:49.253 [FXGL Background Thread 3 ] DEBUG Engine               - notificationViewClass: class com.almasb.fxgl.notification.view.XboxNotificationView
15:49:49.253 [FXGL Background Thread 3 ] DEBUG Engine               - pixelsPerMeter: 50.0
15:49:49.253 [FXGL Background Thread 3 ] DEBUG Engine               - platform: WINDOWS
15:49:49.253 [FXGL Background Thread 3 ] DEBUG Engine               - prefHeightProperty: ReadOnlyDoubleProperty [value: 600.0]
15:49:49.254 [FXGL Background Thread 3 ] DEBUG Engine               - prefWidthProperty: ReadOnlyDoubleProperty [value: 800.0]
15:49:49.254 [FXGL Background Thread 3 ] DEBUG Engine               - profileDir: profiles/
15:49:49.254 [FXGL Background Thread 3 ] DEBUG Engine               - profileName: StringProperty [value: DEFAULT]
15:49:49.254 [FXGL Background Thread 3 ] DEBUG Engine               - randomSeed: -1
15:49:49.255 [FXGL Background Thread 3 ] DEBUG Engine               - runtimeInfo: RuntimeInfo(platform=WINDOWS, version=17.1, build=24.03.2022 17.34)
15:49:49.255 [FXGL Background Thread 3 ] DEBUG Engine               - saveFileExt: sav
15:49:49.255 [FXGL Background Thread 3 ] DEBUG Engine               - scaledHeightProp$fxgl: DoubleProperty [bound, value: 720.0]
15:49:49.255 [FXGL Background Thread 3 ] DEBUG Engine               - scaledWidthProp$fxgl: DoubleProperty [bound, value: 1280.0]
15:49:49.255 [FXGL Background Thread 3 ] DEBUG Engine               - sceneFactory: com.almasb.fxgl.app.scene.SceneFactory@2fe3bc0c
15:49:49.255 [FXGL Background Thread 3 ] DEBUG Engine               - secondsIn24h: 60
15:49:49.255 [FXGL Background Thread 3 ] DEBUG Engine               - soundMenuBack: menu/back.wav
15:49:49.255 [FXGL Background Thread 3 ] DEBUG Engine               - soundMenuPress: menu/press.wav
15:49:49.255 [FXGL Background Thread 3 ] DEBUG Engine               - soundMenuSelect: menu/select.wav
15:49:49.255 [FXGL Background Thread 3 ] DEBUG Engine               - soundNotification: core/notification.wav
15:49:49.256 [FXGL Background Thread 3 ] DEBUG Engine               - stageStyle: DECORATED
15:49:49.256 [FXGL Background Thread 3 ] DEBUG Engine               - supportedLanguages: [ENGLISH, FRENCH, GERMAN, HUNGARIAN, RUSSIAN]
15:49:49.256 [FXGL Background Thread 3 ] DEBUG Engine               - ticksPerSecond: -1
15:49:49.256 [FXGL Background Thread 3 ] DEBUG Engine               - title: Hsleiden Kombat
15:49:49.256 [FXGL Background Thread 3 ] DEBUG Engine               - urlGithub: https://github.com/AlmasB/FXGL
15:49:49.256 [FXGL Background Thread 3 ] DEBUG Engine               - urlLeaderboard: http://fxgl-top.herokuapp.com/
15:49:49.256 [FXGL Background Thread 3 ] DEBUG Engine               - urlPOM: https://raw.githubusercontent.com/AlmasB/FXGL/release/README.md
15:49:49.256 [FXGL Background Thread 3 ] DEBUG Engine               - userAppClass: class com.hsleidenKombat.Game
15:49:49.256 [FXGL Background Thread 3 ] DEBUG Engine               - version: 0.0
15:49:49.256 [FXGL Background Thread 3 ] DEBUG Engine               - versionCheckDays: 7
15:49:49.256 [FXGL Background Thread 3 ] DEBUG Engine               - width: 800
15:49:49.256 [FXGL Background Thread 3 ] DEBUG Engine               - Logging services
15:49:49.256 [FXGL Background Thread 3 ] DEBUG Engine               - class com.almasb.fxgl.app.services.FXGLAssetLoaderService
15:49:49.256 [FXGL Background Thread 3 ] DEBUG Engine               - class com.almasb.fxgl.app.FXGLApplication$GameApplicationService
15:49:49.256 [FXGL Background Thread 3 ] DEBUG Engine               - class com.almasb.fxgl.app.services.FXGLDialogService
15:49:49.257 [FXGL Background Thread 3 ] DEBUG Engine               - class com.almasb.fxgl.app.services.IOTaskExecutorService
15:49:49.257 [FXGL Background Thread 3 ] DEBUG Engine               - class com.almasb.fxgl.io.FileSystemService
15:49:49.257 [FXGL Background Thread 3 ] DEBUG Engine               - class com.almasb.fxgl.localization.LocalizationService
15:49:49.257 [FXGL Background Thread 3 ] DEBUG Engine               - class com.almasb.fxgl.app.services.SystemBundleService
15:49:49.257 [FXGL Background Thread 3 ] DEBUG Engine               - class com.almasb.fxgl.profile.SaveLoadService
15:49:49.257 [FXGL Background Thread 3 ] DEBUG Engine               - class com.almasb.fxgl.ui.FXGLUIFactoryServiceProvider
15:49:49.257 [FXGL Background Thread 3 ] DEBUG Engine               - class com.almasb.fxgl.ui.FXGLDialogFactoryServiceProvider
15:49:49.257 [FXGL Background Thread 3 ] DEBUG Engine               - class com.almasb.fxgl.audio.AudioPlayer
15:49:49.257 [FXGL Background Thread 3 ] DEBUG Engine               - class com.almasb.fxgl.notification.impl.NotificationServiceProvider
15:49:49.257 [FXGL Background Thread 3 ] DEBUG Engine               - class com.almasb.fxgl.achievement.AchievementService
15:49:49.257 [FXGL Background Thread 3 ] DEBUG Engine               - class com.almasb.fxgl.cutscene.CutsceneService
15:49:49.257 [FXGL Background Thread 3 ] DEBUG Engine               - class com.almasb.fxgl.minigames.MiniGameService
15:49:49.257 [FXGL Background Thread 3 ] DEBUG Engine               - class com.almasb.fxgl.net.NetService
15:49:49.257 [FXGL Background Thread 3 ] DEBUG Engine               - class com.almasb.fxgl.app.services.UpdaterService
15:49:49.257 [FXGL Background Thread 3 ] DEBUG Engine               - class com.almasb.fxgl.dev.DevService
15:49:53.667 [JavaFX Application Thread] DEBUG FXGLApplication      - Exiting FXGL
15:49:53.668 [JavaFX Application Thread] DEBUG Async                - Shutting down background threads
15:49:53.668 [JavaFX Application Thread] DEBUG PrimaryStageWindow   - Closing main window
15:49:53.712 [JavaFX Application Thread] DEBUG Logger               - Closing Logger
