10:50:47.511 [main                     ] DEBUG Logger               - Configured Logger
10:50:47.539 [main                     ] DEBUG GameApplication      - Logging settings
Title: Hsleiden Kombat
Version: 0.0
Width: 800
Height: 600
Fullscreen: false
Intro: false
Profiling: false
Single step:false
App Mode: DEVELOPER
Menu Key: ESCAPE
Stage Style: DECORATED
Scene Factory: class com.almasb.fxgl.app.scene.SceneFactory

10:50:48.142 [JavaFX Application Thread] DEBUG FXGLApplication      - Initializing FXGL
10:50:48.149 [JavaFX Application Thread] INFO  Engine               - FXGL-17.1 (24.03.2022 17.34) on WINDOWS (J:19.0.1 FX:19-ea)
10:50:48.149 [JavaFX Application Thread] DEBUG Engine               - JRE Vendor Name: Oracle Corporation
10:50:48.150 [JavaFX Application Thread] DEBUG Engine               - Running on OS: Windows 10 version 10.0
10:50:48.150 [JavaFX Application Thread] DEBUG Engine               - Architecture: amd64
10:50:48.150 [JavaFX Application Thread] INFO  Engine               - Source code and latest versions at: https://github.com/AlmasB/FXGL
10:50:48.151 [JavaFX Application Thread] INFO  Engine               -       Ask questions and discuss at: https://github.com/AlmasB/FXGL/discussions
10:50:48.151 [JavaFX Application Thread] INFO  Engine               -              Join the FXGL chat at: https://gitter.im/AlmasB/FXGL
10:50:48.295 [JavaFX Application Thread] DEBUG PrimaryStageWindow   - Creating a JavaFX scene
10:50:48.352 [JavaFX Application Thread] DEBUG PrimaryStageWindow   - Target settings size: 800.0 x 600.0
10:50:48.352 [JavaFX Application Thread] DEBUG PrimaryStageWindow   - Scaled scene size:    800.0 x 600.0
10:50:48.353 [JavaFX Application Thread] DEBUG PrimaryStageWindow   - Scaled ratio: (1.0, 1.0)
10:50:48.354 [JavaFX Application Thread] DEBUG PrimaryStageWindow   - Set initial scene to FXGLStartupScene
10:50:48.363 [JavaFX Application Thread] DEBUG PrimaryStageWindow   - Opening main window
10:50:48.480 [JavaFX Application Thread] DEBUG PrimaryStageWindow   - Window border size: (14.4000244140625, 37.5999755859375)
10:50:48.480 [JavaFX Application Thread] DEBUG PrimaryStageWindow   - Scaled size: 800.0 x 600.0
10:50:48.481 [JavaFX Application Thread] DEBUG PrimaryStageWindow   - Scaled ratio: (1.0, 1.0)
10:50:48.481 [JavaFX Application Thread] DEBUG PrimaryStageWindow   - Scene size: 800.0 x 600.0
10:50:48.481 [JavaFX Application Thread] DEBUG PrimaryStageWindow   - Stage size: 814.4000244140625 x 637.5999755859375
10:50:48.498 [FXGL Background Thread 1 ] DEBUG Engine               - Initializing environment variables
10:50:48.586 [FXGL Background Thread 1 ] DEBUG FXGLAssetLoaderServi - User app class for loading assets: class com.hsleidenKombat.Game
10:50:48.586 [FXGL Background Thread 1 ] DEBUG GameApplicationServi - Applying CSS: fxgl_dark.css
10:50:48.587 [FXGL Background Thread 1 ] DEBUG FXGLAssetLoaderServi - Loading from file system: jar:file:/C:/Users/Hicham/.m2/repository/com/github/almasb/fxgl/17.1/fxgl-17.1.jar!/fxglassets/ui/css/fxgl_dark.css
10:50:48.666 [FXGL Background Thread 1 ] DEBUG GameApplicationServi - Initializing application scenes
10:50:48.746 [FXGL Background Thread 1 ] DEBUG GameWorld            - Game world initialized
10:50:48.884 [FXGL Background Thread 1 ] DEBUG PhysicsWorld         - Physics world initialized: appHeight=600, physics.ppm=50,0
10:50:48.884 [FXGL Background Thread 1 ] DEBUG PhysicsWorld         - Using strategy: BRUTE_FORCE
10:50:48.892 [FXGL Background Thread 1 ] DEBUG GameScene            - Game scene initialized: 800x600
10:50:48.916 [FXGL Background Thread 1 ] DEBUG FXGL.DefaultMenu     - createMenuBodyGameMenu()
10:50:48.932 [FXGL Background Thread 1 ] DEBUG FXGL.DefaultMenu     - createOptionsMenu()
10:50:48.945 [FXGL Background Thread 1 ] DEBUG FXGLAssetLoaderServi - Loading from file system: jar:file:/C:/Users/Hicham/.m2/repository/com/github/almasb/fxgl/17.1/fxgl-17.1.jar!/fxglassets/textures/particles/smoke.png
10:50:49.184 [FXGL Background Thread 1 ] DEBUG FXGLAssetLoaderServi - Loading from file system: jar:file:/C:/Users/Hicham/.m2/repository/com/github/almasb/fxgl/17.1/fxgl-17.1.jar!/fxglassets/textures/particles/trace_horizontal.png
10:50:49.234 [FXGL Background Thread 1 ] DEBUG GameApplicationServi - Application scenes initialized
10:50:49.250 [FXGL Background Thread 1 ] DEBUG SystemBundleService  - Loading FXGL system data
10:50:49.266 [FXGL Background Thread 1 ] DEBUG FileSystemAccess     - Reading from: C:\Users\Hicham\IdeaProjects\Challengeweek\system\fxgl.bundle
10:50:49.284 [FXGL Background Thread 1 ] DEBUG SystemBundleService  - Bundle FXGL: {}
10:50:49.285 [FXGL Background Thread 1 ] DEBUG UpdaterService       - Checking for updates
10:50:49.293 [FXGL Background Thread 4 ] DEBUG FXGLApplication      - Loading fonts
10:50:49.294 [FXGL Background Thread 4 ] DEBUG FXGLAssetLoaderServi - Loading from file system: jar:file:/C:/Users/Hicham/.m2/repository/com/github/almasb/fxgl/17.1/fxgl-17.1.jar!/fxglassets/ui/fonts/VarelaRound-Regular.ttf
10:50:49.295 [FXGL Background Thread 1 ] DEBUG FXGLApplication      - Loading default localization
10:50:49.298 [FXGL Background Thread 1 ] DEBUG FXGLAssetLoaderServi - Loading from file system: jar:file:/C:/Users/Hicham/.m2/repository/com/github/almasb/fxgl/17.1/fxgl-17.1.jar!/fxglassets/languages/english.lang
10:50:49.352 [FXGL Background Thread 1 ] INFO  FXGLApplication      - FXGL initialization took: 0,854 sec
10:50:49.354 [JavaFX Application Thread] DEBUG FXGLAssetLoaderServi - Loading from file system: jar:file:/C:/Users/Hicham/.m2/repository/com/github/almasb/fxgl/17.1/fxgl-17.1.jar!/fxglassets/textures/fxgl_icon.png
10:50:49.374 [FXGL Background Thread 4 ] DEBUG FXGLAssetLoaderServi - Loading from file system: jar:file:/C:/Users/Hicham/.m2/repository/com/github/almasb/fxgl/17.1/fxgl-17.1.jar!/fxglassets/ui/fonts/Abel-Regular.ttf
10:50:49.378 [FXGL Background Thread 4 ] DEBUG FXGLAssetLoaderServi - Loading from file system: jar:file:/C:/Users/Hicham/.m2/repository/com/github/almasb/fxgl/17.1/fxgl-17.1.jar!/fxglassets/ui/fonts/TerminalLandMono-Regular.otf
10:50:49.382 [FXGL Background Thread 4 ] DEBUG FXGLAssetLoaderServi - Loading from file system: jar:file:/C:/Users/Hicham/.m2/repository/com/github/almasb/fxgl/17.1/fxgl-17.1.jar!/fxglassets/ui/fonts/Courier-Prime.ttf
10:50:49.383 [JavaFX Application Thread] DEBUG FXGLAssetLoaderServi - Loading from file system: jar:file:/C:/Users/Hicham/.m2/repository/com/github/almasb/fxgl/17.1/fxgl-17.1.jar!/fxglassets/textures/fxgl_default_cursor.png
10:50:49.421 [JavaFX Application Thread] DEBUG Input                - Registered new binding: Screenshot - CTRL+8
10:50:49.422 [JavaFX Application Thread] DEBUG Input                - Registered new binding: System info dump - CTRL+9
10:50:49.423 [JavaFX Application Thread] DEBUG Input                - Registered new binding: Restart - CTRL+R
10:50:49.425 [JavaFX Application Thread] DEBUG Input                - Registered new binding: Toggle Debug Camera - CTRL+7
10:50:49.437 [JavaFX Application Thread] DEBUG LoopRunner           - Starting loop
10:50:49.437 [JavaFX Application Thread] DEBUG LoopRunner           - Initializing JavaFX AnimationTimerLoop
10:50:49.446 [JavaFX Application Thread] DEBUG GameApplicationServi - Starting new game
10:50:49.447 [JavaFX Application Thread] DEBUG Input                - Clearing active input actions
10:50:49.463 [JavaFX Application Thread] DEBUG GameApplicationServi - Removing overlay from FXGLStartupScene and adding to FXGLLoadingScene
10:50:49.463 [JavaFX Application Thread] DEBUG PrimaryStageWindow   - FXGLStartupScene -> FXGLLoadingScene
10:50:49.463 [JavaFX Application Thread] DEBUG GameApplicationServi - Clearing previous game
10:50:49.463 [JavaFX Application Thread] DEBUG GameScene            - Clearing game scene
10:50:49.463 [JavaFX Application Thread] DEBUG GameWorld            - Clearing game world
10:50:49.464 [JavaFX Application Thread] DEBUG PhysicsWorld         - Clearing physics world
10:50:49.467 [FXGL Background Thread 4 ] DEBUG FXGLApplication      - Initializing game
10:50:49.480 [FXGL Background Thread 4 ] WARN  FXGLAssetLoaderServi - Asset "/assets/textures/player.png" was not found!
10:50:49.480 [FXGL Background Thread 4 ] WARN  FXGLAssetLoaderServi - Failed to load IMAGE
10:50:49.520 [JavaFX Application Thread] DEBUG FXGLApplication      - Registering font factories with UI factory
10:50:49.628 [FXGL Background Thread 4 ] WARN  FXGLAssetLoaderServi - Asset "/assets/textures/player2.png" was not found!
10:50:49.629 [FXGL Background Thread 4 ] WARN  FXGLAssetLoaderServi - Failed to load IMAGE
10:50:49.633 [FXGL Background Thread 4 ] DEBUG Input                - Registered new binding: Move Left - A
10:50:49.634 [FXGL Background Thread 4 ] DEBUG Input                - Registered new binding: Move Right - D
10:50:49.634 [FXGL Background Thread 4 ] DEBUG Input                - Registered new binding: Duck - S
10:50:49.634 [FXGL Background Thread 4 ] DEBUG Input                - Registered new binding: Jump - W
10:50:49.640 [FXGL Background Thread 4 ] DEBUG Input                - Registered new binding: Move Left2 - Left
10:50:49.640 [FXGL Background Thread 4 ] DEBUG Input                - Registered new binding: Move Right2 - Right
10:50:49.641 [FXGL Background Thread 4 ] DEBUG Input                - Registered new binding: Duck2 - Down
10:50:49.641 [FXGL Background Thread 4 ] DEBUG Input                - Registered new binding: Jump2 - Up
10:50:49.641 [FXGL Background Thread 4 ] INFO  FXGLApplication      - Game initialization took: 0,174 sec
10:50:49.650 [JavaFX Application Thread] DEBUG Input                - Clearing active input actions
10:50:49.665 [JavaFX Application Thread] DEBUG GameApplicationServi - Removing overlay from FXGLLoadingScene and adding to GameScene
10:50:49.665 [JavaFX Application Thread] DEBUG PrimaryStageWindow   - FXGLLoadingScene -> GameScene
10:50:50.061 [FXGL Background Thread 2 ] INFO  UpdaterService       - Your current version:  17.1
10:50:50.061 [FXGL Background Thread 2 ] INFO  UpdaterService       - Latest stable version: 17.3
10:50:52.290 [FXGL Background Thread 3 ] DEBUG Engine               - Logging environment variables
10:50:52.291 [FXGL Background Thread 3 ] DEBUG Engine               - achievements: []
10:50:52.291 [FXGL Background Thread 3 ] DEBUG Engine               - actualHeight: 600.0
10:50:52.292 [FXGL Background Thread 3 ] DEBUG Engine               - actualHeightProperty: ReadOnlyDoubleProperty [value: 600.0]
10:50:52.292 [FXGL Background Thread 3 ] DEBUG Engine               - actualWidth: 800.0
10:50:52.292 [FXGL Background Thread 3 ] DEBUG Engine               - actualWidthProperty: ReadOnlyDoubleProperty [value: 800.0]
10:50:52.292 [FXGL Background Thread 3 ] DEBUG Engine               - appIcon: fxgl_icon.png
10:50:52.293 [FXGL Background Thread 3 ] DEBUG Engine               - applicationMode: DEVELOPER
10:50:52.293 [FXGL Background Thread 3 ] DEBUG Engine               - cSSList: [fxgl_dark.css]
10:50:52.293 [FXGL Background Thread 3 ] DEBUG Engine               - collisionDetectionStrategy: BRUTE_FORCE
10:50:52.293 [FXGL Background Thread 3 ] DEBUG Engine               - configClass: Optional.empty
10:50:52.293 [FXGL Background Thread 3 ] DEBUG Engine               - credits: []
10:50:52.294 [FXGL Background Thread 3 ] DEBUG Engine               - defaultCursor: CursorInfo(imageName=fxgl_default_cursor.png, hotspotX=7.0, hotspotY=6.0)
10:50:52.295 [FXGL Background Thread 3 ] DEBUG Engine               - devBBoxColorProperty: ObjectProperty [value: 0xff0000ff]
10:50:52.295 [FXGL Background Thread 3 ] DEBUG Engine               - devEnableDebugCameraProperty: BooleanProperty [value: false]
10:50:52.296 [FXGL Background Thread 3 ] DEBUG Engine               - devSensorColorProperty: ObjectProperty [value: 0xffff00ff]
10:50:52.296 [FXGL Background Thread 3 ] DEBUG Engine               - devShowBBoxProperty: BooleanProperty [value: false]
10:50:52.296 [FXGL Background Thread 3 ] DEBUG Engine               - devShowPositionProperty: BooleanProperty [value: false]
10:50:52.297 [FXGL Background Thread 3 ] DEBUG Engine               - enabledMenuItems: []
10:50:52.298 [FXGL Background Thread 3 ] DEBUG Engine               - engineServices: [class com.almasb.fxgl.app.services.FXGLAssetLoaderService, class com.almasb.fxgl.app.FXGLApplication$GameApplicationService, class com.almasb.fxgl.app.services.FXGLDialogService, class com.almasb.fxgl.app.services.IOTaskExecutorService, class com.almasb.fxgl.io.FileSystemService, class com.almasb.fxgl.localization.LocalizationService, class com.almasb.fxgl.app.services.SystemBundleService, class com.almasb.fxgl.profile.SaveLoadService, class com.almasb.fxgl.ui.FXGLUIFactoryServiceProvider, class com.almasb.fxgl.ui.FXGLDialogFactoryServiceProvider, class com.almasb.fxgl.audio.AudioPlayer, class com.almasb.fxgl.notification.impl.NotificationServiceProvider, class com.almasb.fxgl.achievement.AchievementService, class com.almasb.fxgl.cutscene.CutsceneService, class com.almasb.fxgl.minigames.MiniGameService, class com.almasb.fxgl.net.NetService, class com.almasb.fxgl.app.services.UpdaterService, class com.almasb.fxgl.dev.DevService]
10:50:52.298 [FXGL Background Thread 3 ] DEBUG Engine               - fontGame: Abel-Regular.ttf
10:50:52.298 [FXGL Background Thread 3 ] DEBUG Engine               - fontMono: TerminalLandMono-Regular.otf
10:50:52.298 [FXGL Background Thread 3 ] DEBUG Engine               - fontText: Courier-Prime.ttf
10:50:52.298 [FXGL Background Thread 3 ] DEBUG Engine               - fontUI: VarelaRound-Regular.ttf
10:50:52.299 [FXGL Background Thread 3 ] DEBUG Engine               - fullScreen: BooleanProperty [value: false]
10:50:52.299 [FXGL Background Thread 3 ] DEBUG Engine               - gameDifficulty: MEDIUM
10:50:52.300 [FXGL Background Thread 3 ] DEBUG Engine               - gameDifficultyProperty: ObjectProperty [value: MEDIUM]
10:50:52.300 [FXGL Background Thread 3 ] DEBUG Engine               - globalMusicVolume: 0.5
10:50:52.301 [FXGL Background Thread 3 ] DEBUG Engine               - globalMusicVolumeProperty: DoubleProperty [value: 0.5]
10:50:52.301 [FXGL Background Thread 3 ] DEBUG Engine               - globalSoundVolume: 0.5
10:50:52.301 [FXGL Background Thread 3 ] DEBUG Engine               - globalSoundVolumeProperty: DoubleProperty [value: 0.5]
10:50:52.302 [FXGL Background Thread 3 ] DEBUG Engine               - height: 600
10:50:52.302 [FXGL Background Thread 3 ] DEBUG Engine               - is3D: false
10:50:52.302 [FXGL Background Thread 3 ] DEBUG Engine               - isAndroid: false
10:50:52.303 [FXGL Background Thread 3 ] DEBUG Engine               - isBrowser: false
10:50:52.303 [FXGL Background Thread 3 ] DEBUG Engine               - isClickFeedbackEnabled: false
10:50:52.303 [FXGL Background Thread 3 ] DEBUG Engine               - isCloseConfirmation: false
10:50:52.303 [FXGL Background Thread 3 ] DEBUG Engine               - isDesktop: true
10:50:52.304 [FXGL Background Thread 3 ] DEBUG Engine               - isDeveloperMenuEnabled: false
10:50:52.304 [FXGL Background Thread 3 ] DEBUG Engine               - isEmbedded: false
10:50:52.304 [FXGL Background Thread 3 ] DEBUG Engine               - isEntityPreloadEnabled: true
10:50:52.305 [FXGL Background Thread 3 ] DEBUG Engine               - isExperimentalTiledLargeMap: false
10:50:52.305 [FXGL Background Thread 3 ] DEBUG Engine               - isFileSystemWriteAllowed: true
10:50:52.306 [FXGL Background Thread 3 ] DEBUG Engine               - isFullScreenAllowed: false
10:50:52.306 [FXGL Background Thread 3 ] DEBUG Engine               - isFullScreenFromStart: false
10:50:52.306 [FXGL Background Thread 3 ] DEBUG Engine               - isGameMenuEnabled: true
10:50:52.306 [FXGL Background Thread 3 ] DEBUG Engine               - isIOS: false
10:50:52.306 [FXGL Background Thread 3 ] DEBUG Engine               - isIntroEnabled: false
10:50:52.306 [FXGL Background Thread 3 ] DEBUG Engine               - isLinux: false
10:50:52.306 [FXGL Background Thread 3 ] DEBUG Engine               - isMac: false
10:50:52.306 [FXGL Background Thread 3 ] DEBUG Engine               - isMainMenuEnabled: false
10:50:52.307 [FXGL Background Thread 3 ] DEBUG Engine               - isManualResizeEnabled: false
10:50:52.307 [FXGL Background Thread 3 ] DEBUG Engine               - isMobile: false
10:50:52.307 [FXGL Background Thread 3 ] DEBUG Engine               - isNative: false
10:50:52.307 [FXGL Background Thread 3 ] DEBUG Engine               - isPauseMusicWhenMinimized: true
10:50:52.307 [FXGL Background Thread 3 ] DEBUG Engine               - isPreserveResizeRatio: false
10:50:52.307 [FXGL Background Thread 3 ] DEBUG Engine               - isProfilingEnabled: false
10:50:52.308 [FXGL Background Thread 3 ] DEBUG Engine               - isScaleAffectedOnResize: true
10:50:52.308 [FXGL Background Thread 3 ] DEBUG Engine               - isSingleStep: false
10:50:52.308 [FXGL Background Thread 3 ] DEBUG Engine               - isUserProfileEnabled: false
10:50:52.308 [FXGL Background Thread 3 ] DEBUG Engine               - isWindows: true
10:50:52.308 [FXGL Background Thread 3 ] DEBUG Engine               - language: ObjectProperty [value: ENGLISH]
10:50:52.309 [FXGL Background Thread 3 ] DEBUG Engine               - menuKey: ESCAPE
10:50:52.309 [FXGL Background Thread 3 ] DEBUG Engine               - mouseSensitivity: 0.2
10:50:52.309 [FXGL Background Thread 3 ] DEBUG Engine               - notificationViewClass: class com.almasb.fxgl.notification.view.XboxNotificationView
10:50:52.309 [FXGL Background Thread 3 ] DEBUG Engine               - pixelsPerMeter: 50.0
10:50:52.310 [FXGL Background Thread 3 ] DEBUG Engine               - platform: WINDOWS
10:50:52.311 [FXGL Background Thread 3 ] DEBUG Engine               - prefHeightProperty: ReadOnlyDoubleProperty [value: 600.0]
10:50:52.311 [FXGL Background Thread 3 ] DEBUG Engine               - prefWidthProperty: ReadOnlyDoubleProperty [value: 800.0]
10:50:52.311 [FXGL Background Thread 3 ] DEBUG Engine               - profileDir: profiles/
10:50:52.311 [FXGL Background Thread 3 ] DEBUG Engine               - profileName: StringProperty [value: DEFAULT]
10:50:52.311 [FXGL Background Thread 3 ] DEBUG Engine               - randomSeed: -1
10:50:52.311 [FXGL Background Thread 3 ] DEBUG Engine               - runtimeInfo: RuntimeInfo(platform=WINDOWS, version=17.1, build=24.03.2022 17.34)
10:50:52.312 [FXGL Background Thread 3 ] DEBUG Engine               - saveFileExt: sav
10:50:52.312 [FXGL Background Thread 3 ] DEBUG Engine               - scaledHeightProp$fxgl: DoubleProperty [bound, value: 600.0]
10:50:52.312 [FXGL Background Thread 3 ] DEBUG Engine               - scaledWidthProp$fxgl: DoubleProperty [bound, value: 800.0]
10:50:52.312 [FXGL Background Thread 3 ] DEBUG Engine               - sceneFactory: com.almasb.fxgl.app.scene.SceneFactory@7eb7a2af
10:50:52.313 [FXGL Background Thread 3 ] DEBUG Engine               - secondsIn24h: 60
10:50:52.313 [FXGL Background Thread 3 ] DEBUG Engine               - soundMenuBack: menu/back.wav
10:50:52.313 [FXGL Background Thread 3 ] DEBUG Engine               - soundMenuPress: menu/press.wav
10:50:52.313 [FXGL Background Thread 3 ] DEBUG Engine               - soundMenuSelect: menu/select.wav
10:50:52.313 [FXGL Background Thread 3 ] DEBUG Engine               - soundNotification: core/notification.wav
10:50:52.314 [FXGL Background Thread 3 ] DEBUG Engine               - stageStyle: DECORATED
10:50:52.315 [FXGL Background Thread 3 ] DEBUG Engine               - supportedLanguages: [ENGLISH, FRENCH, GERMAN, HUNGARIAN, RUSSIAN]
10:50:52.315 [FXGL Background Thread 3 ] DEBUG Engine               - ticksPerSecond: -1
10:50:52.315 [FXGL Background Thread 3 ] DEBUG Engine               - title: Hsleiden Kombat
10:50:52.315 [FXGL Background Thread 3 ] DEBUG Engine               - urlGithub: https://github.com/AlmasB/FXGL
10:50:52.315 [FXGL Background Thread 3 ] DEBUG Engine               - urlLeaderboard: http://fxgl-top.herokuapp.com/
10:50:52.315 [FXGL Background Thread 3 ] DEBUG Engine               - urlPOM: https://raw.githubusercontent.com/AlmasB/FXGL/release/README.md
10:50:52.315 [FXGL Background Thread 3 ] DEBUG Engine               - userAppClass: class com.hsleidenKombat.Game
10:50:52.315 [FXGL Background Thread 3 ] DEBUG Engine               - version: 0.0
10:50:52.316 [FXGL Background Thread 3 ] DEBUG Engine               - versionCheckDays: 7
10:50:52.316 [FXGL Background Thread 3 ] DEBUG Engine               - width: 800
10:50:52.317 [FXGL Background Thread 3 ] DEBUG Engine               - Logging services
10:50:52.317 [FXGL Background Thread 3 ] DEBUG Engine               - class com.almasb.fxgl.app.services.FXGLAssetLoaderService
10:50:52.317 [FXGL Background Thread 3 ] DEBUG Engine               - class com.almasb.fxgl.app.FXGLApplication$GameApplicationService
10:50:52.317 [FXGL Background Thread 3 ] DEBUG Engine               - class com.almasb.fxgl.app.services.FXGLDialogService
10:50:52.317 [FXGL Background Thread 3 ] DEBUG Engine               - class com.almasb.fxgl.app.services.IOTaskExecutorService
10:50:52.317 [FXGL Background Thread 3 ] DEBUG Engine               - class com.almasb.fxgl.io.FileSystemService
10:50:52.318 [FXGL Background Thread 3 ] DEBUG Engine               - class com.almasb.fxgl.localization.LocalizationService
10:50:52.318 [FXGL Background Thread 3 ] DEBUG Engine               - class com.almasb.fxgl.app.services.SystemBundleService
10:50:52.318 [FXGL Background Thread 3 ] DEBUG Engine               - class com.almasb.fxgl.profile.SaveLoadService
10:50:52.318 [FXGL Background Thread 3 ] DEBUG Engine               - class com.almasb.fxgl.ui.FXGLUIFactoryServiceProvider
10:50:52.318 [FXGL Background Thread 3 ] DEBUG Engine               - class com.almasb.fxgl.ui.FXGLDialogFactoryServiceProvider
10:50:52.318 [FXGL Background Thread 3 ] DEBUG Engine               - class com.almasb.fxgl.audio.AudioPlayer
10:50:52.318 [FXGL Background Thread 3 ] DEBUG Engine               - class com.almasb.fxgl.notification.impl.NotificationServiceProvider
10:50:52.319 [FXGL Background Thread 3 ] DEBUG Engine               - class com.almasb.fxgl.achievement.AchievementService
10:50:52.319 [FXGL Background Thread 3 ] DEBUG Engine               - class com.almasb.fxgl.cutscene.CutsceneService
10:50:52.319 [FXGL Background Thread 3 ] DEBUG Engine               - class com.almasb.fxgl.minigames.MiniGameService
10:50:52.319 [FXGL Background Thread 3 ] DEBUG Engine               - class com.almasb.fxgl.net.NetService
10:50:52.319 [FXGL Background Thread 3 ] DEBUG Engine               - class com.almasb.fxgl.app.services.UpdaterService
10:50:52.319 [FXGL Background Thread 3 ] DEBUG Engine               - class com.almasb.fxgl.dev.DevService
10:50:54.111 [JavaFX Application Thread] DEBUG FXGLApplication      - Exiting FXGL
10:50:54.111 [JavaFX Application Thread] DEBUG LoopRunner           - Stopping loop
10:50:54.111 [JavaFX Application Thread] DEBUG SystemBundleService  - Saving FXGL system data
10:50:54.113 [JavaFX Application Thread] DEBUG FileSystemAccess     - Writing to: C:\Users\Hicham\IdeaProjects\Challengeweek\system\fxgl.bundle
10:50:54.116 [JavaFX Application Thread] DEBUG Async                - Shutting down background threads
10:50:54.116 [JavaFX Application Thread] DEBUG PrimaryStageWindow   - Closing main window
10:50:54.133 [JavaFX Application Thread] DEBUG Logger               - Closing Logger
