15:19:12.004 [main                     ] DEBUG Logger               - Configured Logger
15:19:12.025 [main                     ] DEBUG GameApplication      - Logging settings
Title: Hsleiden Kombat
Version: 0.0
Width: 800
Height: 600
Fullscreen: false
Intro: false
Profiling: false
Single step:false
App Mode: DEVELOPER
Menu Key: ESCAPE
Stage Style: DECORATED
Scene Factory: class com.almasb.fxgl.app.scene.SceneFactory

15:19:12.456 [JavaFX Application Thread] DEBUG FXGLApplication      - Initializing FXGL
15:19:12.460 [JavaFX Application Thread] INFO  Engine               - FXGL-17.1 (24.03.2022 17.34) on WINDOWS (J:19.0.1 FX:19-ea)
15:19:12.460 [JavaFX Application Thread] DEBUG Engine               - JRE Vendor Name: Oracle Corporation
15:19:12.460 [JavaFX Application Thread] DEBUG Engine               - Running on OS: Windows 10 version 10.0
15:19:12.461 [JavaFX Application Thread] DEBUG Engine               - Architecture: amd64
15:19:12.461 [JavaFX Application Thread] INFO  Engine               - Source code and latest versions at: https://github.com/AlmasB/FXGL
15:19:12.461 [JavaFX Application Thread] INFO  Engine               -       Ask questions and discuss at: https://github.com/AlmasB/FXGL/discussions
15:19:12.461 [JavaFX Application Thread] INFO  Engine               -              Join the FXGL chat at: https://gitter.im/AlmasB/FXGL
15:19:12.563 [JavaFX Application Thread] DEBUG PrimaryStageWindow   - Creating a JavaFX scene
15:19:12.607 [JavaFX Application Thread] DEBUG PrimaryStageWindow   - Target settings size: 800.0 x 600.0
15:19:12.607 [JavaFX Application Thread] DEBUG PrimaryStageWindow   - Scaled scene size:    800.0 x 600.0
15:19:12.607 [JavaFX Application Thread] DEBUG PrimaryStageWindow   - Scaled ratio: (1.0, 1.0)
15:19:12.608 [JavaFX Application Thread] DEBUG PrimaryStageWindow   - Set initial scene to FXGLStartupScene
15:19:12.618 [JavaFX Application Thread] DEBUG PrimaryStageWindow   - Opening main window
15:19:12.703 [JavaFX Application Thread] DEBUG PrimaryStageWindow   - Window border size: (14.4000244140625, 37.5999755859375)
15:19:12.703 [JavaFX Application Thread] DEBUG PrimaryStageWindow   - Scaled size: 800.0 x 600.0
15:19:12.704 [JavaFX Application Thread] DEBUG PrimaryStageWindow   - Scaled ratio: (1.0, 1.0)
15:19:12.704 [JavaFX Application Thread] DEBUG PrimaryStageWindow   - Scene size: 800.0 x 600.0
15:19:12.704 [JavaFX Application Thread] DEBUG PrimaryStageWindow   - Stage size: 814.4000244140625 x 637.5999755859375
15:19:12.715 [FXGL Background Thread 1 ] DEBUG Engine               - Initializing environment variables
15:19:12.765 [FXGL Background Thread 1 ] DEBUG FXGLAssetLoaderServi - User app class for loading assets: class com.hsleidenKombat.Game
15:19:12.765 [FXGL Background Thread 1 ] DEBUG GameApplicationServi - Applying CSS: fxgl_dark.css
15:19:12.766 [FXGL Background Thread 1 ] DEBUG FXGLAssetLoaderServi - Loading from file system: jar:file:/C:/Users/Hicham/.m2/repository/com/github/almasb/fxgl/17.1/fxgl-17.1.jar!/fxglassets/ui/css/fxgl_dark.css
15:19:12.810 [FXGL Background Thread 1 ] DEBUG GameApplicationServi - Initializing application scenes
15:19:12.851 [FXGL Background Thread 1 ] DEBUG GameWorld            - Game world initialized
15:19:12.912 [FXGL Background Thread 1 ] DEBUG PhysicsWorld         - Physics world initialized: appHeight=600, physics.ppm=50,0
15:19:12.912 [FXGL Background Thread 1 ] DEBUG PhysicsWorld         - Using strategy: BRUTE_FORCE
15:19:12.917 [FXGL Background Thread 1 ] DEBUG GameScene            - Game scene initialized: 800x600
15:19:12.927 [FXGL Background Thread 1 ] DEBUG FXGL.DefaultMenu     - createMenuBodyGameMenu()
15:19:12.940 [FXGL Background Thread 1 ] DEBUG FXGL.DefaultMenu     - createOptionsMenu()
15:19:12.955 [FXGL Background Thread 1 ] DEBUG FXGLAssetLoaderServi - Loading from file system: jar:file:/C:/Users/Hicham/.m2/repository/com/github/almasb/fxgl/17.1/fxgl-17.1.jar!/fxglassets/textures/particles/smoke.png
15:19:13.051 [FXGL Background Thread 1 ] DEBUG FXGLAssetLoaderServi - Loading from file system: jar:file:/C:/Users/Hicham/.m2/repository/com/github/almasb/fxgl/17.1/fxgl-17.1.jar!/fxglassets/textures/particles/trace_horizontal.png
15:19:13.080 [FXGL Background Thread 1 ] DEBUG GameApplicationServi - Application scenes initialized
15:19:13.095 [FXGL Background Thread 1 ] DEBUG SystemBundleService  - Loading FXGL system data
15:19:13.099 [FXGL Background Thread 1 ] DEBUG FileSystemAccess     - Reading from: C:\Users\Hicham\IdeaProjects\Challengeweek\system\fxgl.bundle
15:19:13.108 [FXGL Background Thread 1 ] DEBUG SystemBundleService  - Bundle FXGL: {}
15:19:13.108 [FXGL Background Thread 1 ] DEBUG UpdaterService       - Checking for updates
15:19:13.138 [FXGL Background Thread 4 ] DEBUG FXGLApplication      - Loading fonts
15:19:13.138 [FXGL Background Thread 4 ] DEBUG FXGLAssetLoaderServi - Loading from file system: jar:file:/C:/Users/Hicham/.m2/repository/com/github/almasb/fxgl/17.1/fxgl-17.1.jar!/fxglassets/ui/fonts/VarelaRound-Regular.ttf
15:19:13.138 [FXGL Background Thread 1 ] DEBUG FXGLApplication      - Loading default localization
15:19:13.139 [FXGL Background Thread 1 ] DEBUG FXGLAssetLoaderServi - Loading from file system: jar:file:/C:/Users/Hicham/.m2/repository/com/github/almasb/fxgl/17.1/fxgl-17.1.jar!/fxglassets/languages/english.lang
15:19:13.162 [FXGL Background Thread 1 ] INFO  FXGLApplication      - FXGL initialization took: 0,447 sec
15:19:13.163 [JavaFX Application Thread] DEBUG FXGLAssetLoaderServi - Loading from file system: jar:file:/C:/Users/Hicham/.m2/repository/com/github/almasb/fxgl/17.1/fxgl-17.1.jar!/fxglassets/textures/fxgl_icon.png
15:19:13.187 [JavaFX Application Thread] DEBUG FXGLAssetLoaderServi - Loading from file system: jar:file:/C:/Users/Hicham/.m2/repository/com/github/almasb/fxgl/17.1/fxgl-17.1.jar!/fxglassets/textures/fxgl_default_cursor.png
15:19:13.187 [FXGL Background Thread 4 ] DEBUG FXGLAssetLoaderServi - Loading from file system: jar:file:/C:/Users/Hicham/.m2/repository/com/github/almasb/fxgl/17.1/fxgl-17.1.jar!/fxglassets/ui/fonts/Abel-Regular.ttf
15:19:13.190 [FXGL Background Thread 4 ] DEBUG FXGLAssetLoaderServi - Loading from file system: jar:file:/C:/Users/Hicham/.m2/repository/com/github/almasb/fxgl/17.1/fxgl-17.1.jar!/fxglassets/ui/fonts/TerminalLandMono-Regular.otf
15:19:13.192 [FXGL Background Thread 4 ] DEBUG FXGLAssetLoaderServi - Loading from file system: jar:file:/C:/Users/Hicham/.m2/repository/com/github/almasb/fxgl/17.1/fxgl-17.1.jar!/fxglassets/ui/fonts/Courier-Prime.ttf
15:19:13.204 [JavaFX Application Thread] DEBUG Input                - Registered new binding: Screenshot - CTRL+8
15:19:13.204 [JavaFX Application Thread] DEBUG Input                - Registered new binding: Dev Options - 1
15:19:13.205 [JavaFX Application Thread] DEBUG Input                - Registered new binding: Dev Console - 2
15:19:13.205 [JavaFX Application Thread] DEBUG Input                - Registered new binding: System info dump - CTRL+9
15:19:13.206 [JavaFX Application Thread] DEBUG Input                - Registered new binding: Restart - CTRL+R
15:19:13.207 [JavaFX Application Thread] DEBUG Input                - Registered new binding: Toggle Debug Camera - CTRL+7
15:19:13.210 [JavaFX Application Thread] DEBUG LoopRunner           - Starting loop
15:19:13.234 [JavaFX Application Thread] DEBUG LoopRunner           - Initializing JavaFX AnimationTimerLoop
15:19:13.236 [JavaFX Application Thread] DEBUG GameApplicationServi - Starting new game
15:19:13.236 [JavaFX Application Thread] DEBUG Input                - Clearing active input actions
15:19:13.253 [JavaFX Application Thread] DEBUG GameApplicationServi - Removing overlay from FXGLStartupScene and adding to FXGLLoadingScene
15:19:13.256 [JavaFX Application Thread] DEBUG PrimaryStageWindow   - FXGLStartupScene -> FXGLLoadingScene
15:19:13.257 [JavaFX Application Thread] DEBUG GameApplicationServi - Clearing previous game
15:19:13.257 [JavaFX Application Thread] DEBUG GameScene            - Clearing game scene
15:19:13.257 [JavaFX Application Thread] DEBUG GameWorld            - Clearing game world
15:19:13.257 [JavaFX Application Thread] DEBUG PhysicsWorld         - Clearing physics world
15:19:13.258 [FXGL Background Thread 4 ] DEBUG FXGLApplication      - Initializing game
15:19:13.259 [JavaFX Application Thread] DEBUG FXGLApplication      - Registering font factories with UI factory
15:19:13.272 [FXGL Background Thread 4 ] DEBUG FXGLAssetLoaderServi - Loading from file system: file:/C:/Users/Hicham/IdeaProjects/Challengeweek/target/classes/assets/textures/spritesheet.png
15:19:13.282 [FXGL Background Thread 4 ] DEBUG FXGLAssetLoaderServi - Loading from file system: file:/C:/Users/Hicham/IdeaProjects/Challengeweek/target/classes/assets/textures/spritesheet-lopen.png
15:19:13.312 [FXGL Background Thread 4 ] DEBUG Input                - Registered new binding: Move Left - A
15:19:13.312 [FXGL Background Thread 4 ] DEBUG Input                - Registered new binding: Move Right - D
15:19:13.312 [FXGL Background Thread 4 ] DEBUG Input                - Registered new binding: Move Up - W
15:19:13.313 [FXGL Background Thread 4 ] DEBUG Input                - Registered new binding: Duck - S
15:19:13.313 [FXGL Background Thread 4 ] DEBUG Input                - Registered new binding: Move Left 2 - Left
15:19:13.313 [FXGL Background Thread 4 ] DEBUG Input                - Registered new binding: Move Right 2 - Right
15:19:13.313 [FXGL Background Thread 4 ] DEBUG Input                - Registered new binding: Move Up 2 - Up
15:19:13.313 [FXGL Background Thread 4 ] DEBUG Input                - Registered new binding: Duck2 - Down
15:19:13.313 [FXGL Background Thread 4 ] INFO  FXGLApplication      - Game initialization took: 0,055 sec
15:19:13.494 [FXGL Background Thread 2 ] INFO  UpdaterService       - Your current version:  17.1
15:19:13.495 [FXGL Background Thread 2 ] INFO  UpdaterService       - Latest stable version: 17.3
15:19:13.518 [JavaFX Application Thread] DEBUG Input                - Clearing active input actions
15:19:13.527 [JavaFX Application Thread] DEBUG GameApplicationServi - Removing overlay from FXGLLoadingScene and adding to GameScene
15:19:13.531 [JavaFX Application Thread] DEBUG PrimaryStageWindow   - FXGLLoadingScene -> GameScene
15:19:15.493 [JavaFX Application Thread] DEBUG FXGLApplication      - Exiting FXGL
15:19:15.494 [JavaFX Application Thread] DEBUG LoopRunner           - Stopping loop
15:19:15.494 [JavaFX Application Thread] DEBUG SystemBundleService  - Saving FXGL system data
15:19:15.498 [JavaFX Application Thread] DEBUG FileSystemAccess     - Writing to: C:\Users\Hicham\IdeaProjects\Challengeweek\system\fxgl.bundle
15:19:15.499 [JavaFX Application Thread] DEBUG Async                - Shutting down background threads
15:19:15.499 [JavaFX Application Thread] DEBUG PrimaryStageWindow   - Closing main window
15:19:15.517 [JavaFX Application Thread] DEBUG Logger               - Closing Logger
