09:17:32.246 [main                     ] DEBUG Logger               - Configured Logger
09:17:32.265 [main                     ] DEBUG GameApplication      - Logging settings
Title: Hsleiden Kombat
Version: 0.0
Width: 800
Height: 600
Fullscreen: true
Intro: false
Profiling: false
Single step:false
App Mode: DEVELOPER
Menu Key: ESCAPE
Stage Style: DECORATED
Scene Factory: class com.almasb.fxgl.app.scene.SceneFactory

09:17:32.629 [JavaFX Application Thread] DEBUG FXGLApplication      - Initializing FXGL
09:17:32.634 [JavaFX Application Thread] INFO  Engine               - FXGL-17.1 (24.03.2022 17.34) on WINDOWS (J:19.0.1 FX:19-ea)
09:17:32.634 [JavaFX Application Thread] DEBUG Engine               - JRE Vendor Name: Oracle Corporation
09:17:32.634 [JavaFX Application Thread] DEBUG Engine               - Running on OS: Windows 11 version 10.0
09:17:32.635 [JavaFX Application Thread] DEBUG Engine               - Architecture: amd64
09:17:32.635 [JavaFX Application Thread] INFO  Engine               - Source code and latest versions at: https://github.com/AlmasB/FXGL
09:17:32.635 [JavaFX Application Thread] INFO  Engine               -       Ask questions and discuss at: https://github.com/AlmasB/FXGL/discussions
09:17:32.635 [JavaFX Application Thread] INFO  Engine               -              Join the FXGL chat at: https://gitter.im/AlmasB/FXGL
09:17:32.753 [JavaFX Application Thread] DEBUG PrimaryStageWindow   - Creating a JavaFX scene
09:17:32.800 [JavaFX Application Thread] DEBUG PrimaryStageWindow   - Target settings size: 800.0 x 600.0
09:17:32.801 [JavaFX Application Thread] DEBUG PrimaryStageWindow   - Scaled scene size:    800.0 x 600.0
09:17:32.801 [JavaFX Application Thread] DEBUG PrimaryStageWindow   - Scaled ratio: (1.0, 1.0)
09:17:32.802 [JavaFX Application Thread] DEBUG PrimaryStageWindow   - Set initial scene to FXGLStartupScene
09:17:32.810 [JavaFX Application Thread] DEBUG PrimaryStageWindow   - Opening main window
09:17:32.887 [JavaFX Application Thread] DEBUG PrimaryStageWindow   - Window border size: (14.66668701171875, 37.33331298828125)
09:17:32.887 [JavaFX Application Thread] DEBUG PrimaryStageWindow   - Scaled size: 800.0 x 600.0
09:17:32.887 [JavaFX Application Thread] DEBUG PrimaryStageWindow   - Scaled ratio: (1.0, 1.0)
09:17:32.888 [JavaFX Application Thread] DEBUG PrimaryStageWindow   - Scene size: 800.0 x 600.0
09:17:32.888 [JavaFX Application Thread] DEBUG PrimaryStageWindow   - Stage size: 814.6666870117188 x 637.3333129882812
09:17:32.958 [JavaFX Application Thread] DEBUG PrimaryStageWindow   - Going fullscreen
09:17:32.969 [FXGL Background Thread 1 ] DEBUG Engine               - Initializing environment variables
09:17:33.016 [FXGL Background Thread 1 ] DEBUG FXGLAssetLoaderServi - User app class for loading assets: class com.hsleidenKombat.Game
09:17:33.016 [FXGL Background Thread 1 ] DEBUG GameApplicationServi - Applying CSS: fxgl_dark.css
09:17:33.018 [FXGL Background Thread 1 ] DEBUG FXGLAssetLoaderServi - Loading from file system: jar:file:/C:/Users/karos/.m2/repository/com/github/almasb/fxgl/17.1/fxgl-17.1.jar!/fxglassets/ui/css/fxgl_dark.css
09:17:33.052 [FXGL Background Thread 1 ] DEBUG GameApplicationServi - Initializing application scenes
09:17:33.080 [FXGL Background Thread 1 ] DEBUG GameWorld            - Game world initialized
09:17:33.125 [FXGL Background Thread 1 ] DEBUG PhysicsWorld         - Physics world initialized: appHeight=600, physics.ppm=50.0
09:17:33.125 [FXGL Background Thread 1 ] DEBUG PhysicsWorld         - Using strategy: BRUTE_FORCE
09:17:33.129 [FXGL Background Thread 1 ] DEBUG GameScene            - Game scene initialized: 800x600
09:17:33.138 [FXGL Background Thread 1 ] DEBUG FXGL.DefaultMenu     - createMenuBodyGameMenu()
09:17:33.150 [FXGL Background Thread 1 ] DEBUG FXGL.DefaultMenu     - createOptionsMenu()
09:17:33.160 [FXGL Background Thread 1 ] DEBUG FXGLAssetLoaderServi - Loading from file system: jar:file:/C:/Users/karos/.m2/repository/com/github/almasb/fxgl/17.1/fxgl-17.1.jar!/fxglassets/textures/particles/smoke.png
09:17:33.256 [FXGL Background Thread 1 ] DEBUG FXGLAssetLoaderServi - Loading from file system: jar:file:/C:/Users/karos/.m2/repository/com/github/almasb/fxgl/17.1/fxgl-17.1.jar!/fxglassets/textures/particles/trace_horizontal.png
09:17:33.288 [FXGL Background Thread 1 ] DEBUG GameApplicationServi - Application scenes initialized
09:17:33.297 [FXGL Background Thread 1 ] DEBUG SystemBundleService  - Loading FXGL system data
09:17:33.302 [FXGL Background Thread 1 ] DEBUG FileSystemAccess     - Reading from: C:\Users\karos\IdeaProjects\HS-Leiden-Kombat\system\fxgl.bundle
09:17:33.310 [FXGL Background Thread 1 ] DEBUG SystemBundleService  - Bundle FXGL: {}
09:17:33.310 [FXGL Background Thread 1 ] DEBUG UpdaterService       - Checking for updates
09:17:33.335 [FXGL Background Thread 4 ] DEBUG FXGLApplication      - Loading fonts
09:17:33.335 [FXGL Background Thread 4 ] DEBUG FXGLAssetLoaderServi - Loading from file system: jar:file:/C:/Users/karos/.m2/repository/com/github/almasb/fxgl/17.1/fxgl-17.1.jar!/fxglassets/ui/fonts/VarelaRound-Regular.ttf
09:17:33.336 [FXGL Background Thread 1 ] DEBUG FXGLApplication      - Loading default localization
09:17:33.336 [FXGL Background Thread 1 ] DEBUG FXGLAssetLoaderServi - Loading from file system: jar:file:/C:/Users/karos/.m2/repository/com/github/almasb/fxgl/17.1/fxgl-17.1.jar!/fxglassets/languages/english.lang
09:17:33.352 [FXGL Background Thread 1 ] INFO  FXGLApplication      - FXGL initialization took: 0.383 sec
09:17:33.353 [JavaFX Application Thread] DEBUG FXGLAssetLoaderServi - Loading from file system: jar:file:/C:/Users/karos/.m2/repository/com/github/almasb/fxgl/17.1/fxgl-17.1.jar!/fxglassets/textures/fxgl_icon.png
09:17:33.379 [JavaFX Application Thread] DEBUG FXGLAssetLoaderServi - Loading from file system: jar:file:/C:/Users/karos/.m2/repository/com/github/almasb/fxgl/17.1/fxgl-17.1.jar!/fxglassets/textures/fxgl_default_cursor.png
09:17:33.383 [FXGL Background Thread 4 ] DEBUG FXGLAssetLoaderServi - Loading from file system: jar:file:/C:/Users/karos/.m2/repository/com/github/almasb/fxgl/17.1/fxgl-17.1.jar!/fxglassets/ui/fonts/Abel-Regular.ttf
09:17:33.387 [FXGL Background Thread 4 ] DEBUG FXGLAssetLoaderServi - Loading from file system: jar:file:/C:/Users/karos/.m2/repository/com/github/almasb/fxgl/17.1/fxgl-17.1.jar!/fxglassets/ui/fonts/TerminalLandMono-Regular.otf
09:17:33.392 [FXGL Background Thread 4 ] DEBUG FXGLAssetLoaderServi - Loading from file system: jar:file:/C:/Users/karos/.m2/repository/com/github/almasb/fxgl/17.1/fxgl-17.1.jar!/fxglassets/ui/fonts/Courier-Prime.ttf
09:17:33.392 [JavaFX Application Thread] DEBUG Input                - Registered new binding: Screenshot - CTRL+8
09:17:33.393 [JavaFX Application Thread] DEBUG Input                - Registered new binding: Dev Options - 1
09:17:33.393 [JavaFX Application Thread] DEBUG Input                - Registered new binding: Dev Console - 2
09:17:33.394 [JavaFX Application Thread] DEBUG Input                - Registered new binding: System info dump - CTRL+9
09:17:33.394 [JavaFX Application Thread] DEBUG Input                - Registered new binding: Restart - CTRL+R
09:17:33.395 [JavaFX Application Thread] DEBUG Input                - Registered new binding: Toggle Debug Camera - CTRL+7
09:17:33.398 [JavaFX Application Thread] DEBUG LoopRunner           - Starting loop
09:17:33.412 [JavaFX Application Thread] DEBUG LoopRunner           - Initializing JavaFX AnimationTimerLoop
09:17:33.415 [JavaFX Application Thread] DEBUG GameApplicationServi - Starting new game
09:17:33.415 [JavaFX Application Thread] DEBUG Input                - Clearing active input actions
09:17:33.425 [JavaFX Application Thread] DEBUG GameApplicationServi - Removing overlay from FXGLStartupScene and adding to FXGLLoadingScene
09:17:33.429 [JavaFX Application Thread] DEBUG PrimaryStageWindow   - FXGLStartupScene -> FXGLLoadingScene
09:17:33.429 [JavaFX Application Thread] DEBUG GameApplicationServi - Clearing previous game
09:17:33.429 [JavaFX Application Thread] DEBUG GameScene            - Clearing game scene
09:17:33.429 [JavaFX Application Thread] DEBUG GameWorld            - Clearing game world
09:17:33.429 [JavaFX Application Thread] DEBUG PhysicsWorld         - Clearing physics world
09:17:33.430 [FXGL Background Thread 4 ] DEBUG FXGLApplication      - Initializing game
09:17:33.431 [JavaFX Application Thread] DEBUG FXGLApplication      - Registering font factories with UI factory
09:17:33.439 [FXGL Background Thread 4 ] DEBUG FXGLAssetLoaderServi - Loading from file system: file:/C:/Users/karos/IdeaProjects/HS-Leiden-Kombat/target/classes/assets/textures/login.jpeg
09:17:33.502 [FXGL Background Thread 4 ] DEBUG Input                - Registered new binding: Move Left - A
09:17:33.503 [FXGL Background Thread 4 ] DEBUG Input                - Registered new binding: Move Right - D
09:17:33.503 [FXGL Background Thread 4 ] DEBUG Input                - Registered new binding: Move Up - W
09:17:33.503 [FXGL Background Thread 4 ] DEBUG Input                - Registered new binding: Duck - S
09:17:33.503 [FXGL Background Thread 4 ] DEBUG Input                - Registered new binding: Move Left 2 - Left
09:17:33.503 [FXGL Background Thread 4 ] DEBUG Input                - Registered new binding: Move Right 2 - Right
09:17:33.503 [FXGL Background Thread 4 ] DEBUG Input                - Registered new binding: Move Up 2 - Up
09:17:33.503 [FXGL Background Thread 4 ] DEBUG Input                - Registered new binding: Duck2 - Down
09:17:33.504 [FXGL Background Thread 4 ] DEBUG Input                - Registered new binding: Punch - F
09:17:33.504 [FXGL Background Thread 4 ] DEBUG Input                - Registered new binding: Punch2 - L
09:17:33.505 [FXGL Background Thread 4 ] INFO  FXGLApplication      - Game initialization took: 0.075 sec
09:17:33.672 [JavaFX Application Thread] DEBUG Input                - Clearing active input actions
09:17:33.682 [JavaFX Application Thread] DEBUG GameApplicationServi - Removing overlay from FXGLLoadingScene and adding to GameScene
09:17:33.686 [JavaFX Application Thread] DEBUG PrimaryStageWindow   - FXGLLoadingScene -> GameScene
09:17:33.727 [FXGL Background Thread 2 ] INFO  UpdaterService       - Your current version:  17.1
09:17:33.728 [FXGL Background Thread 2 ] INFO  UpdaterService       - Latest stable version: 17.3
09:17:36.334 [FXGL Background Thread 3 ] DEBUG Engine               - Logging environment variables
09:17:36.334 [FXGL Background Thread 3 ] DEBUG Engine               - achievements: []
09:17:36.335 [FXGL Background Thread 3 ] DEBUG Engine               - actualHeight: 720.0
09:17:36.335 [FXGL Background Thread 3 ] DEBUG Engine               - actualHeightProperty: ReadOnlyDoubleProperty [value: 720.0]
09:17:36.335 [FXGL Background Thread 3 ] DEBUG Engine               - actualWidth: 1280.0
09:17:36.335 [FXGL Background Thread 3 ] DEBUG Engine               - actualWidthProperty: ReadOnlyDoubleProperty [value: 1280.0]
09:17:36.335 [FXGL Background Thread 3 ] DEBUG Engine               - appIcon: fxgl_icon.png
09:17:36.335 [FXGL Background Thread 3 ] DEBUG Engine               - applicationMode: DEVELOPER
09:17:36.335 [FXGL Background Thread 3 ] DEBUG Engine               - cSSList: [fxgl_dark.css]
09:17:36.335 [FXGL Background Thread 3 ] DEBUG Engine               - collisionDetectionStrategy: BRUTE_FORCE
09:17:36.335 [FXGL Background Thread 3 ] DEBUG Engine               - configClass: Optional.empty
09:17:36.335 [FXGL Background Thread 3 ] DEBUG Engine               - credits: []
09:17:36.335 [FXGL Background Thread 3 ] DEBUG Engine               - defaultCursor: CursorInfo(imageName=fxgl_default_cursor.png, hotspotX=7.0, hotspotY=6.0)
09:17:36.336 [FXGL Background Thread 3 ] DEBUG Engine               - devBBoxColorProperty: ObjectProperty [value: 0xff0000ff]
09:17:36.336 [FXGL Background Thread 3 ] DEBUG Engine               - devEnableDebugCameraProperty: BooleanProperty [value: false]
09:17:36.336 [FXGL Background Thread 3 ] DEBUG Engine               - devSensorColorProperty: ObjectProperty [value: 0xffff00ff]
09:17:36.336 [FXGL Background Thread 3 ] DEBUG Engine               - devShowBBoxProperty: BooleanProperty [value: false]
09:17:36.336 [FXGL Background Thread 3 ] DEBUG Engine               - devShowPositionProperty: BooleanProperty [value: false]
09:17:36.336 [FXGL Background Thread 3 ] DEBUG Engine               - enabledMenuItems: []
09:17:36.336 [FXGL Background Thread 3 ] DEBUG Engine               - engineServices: [class com.almasb.fxgl.app.services.FXGLAssetLoaderService, class com.almasb.fxgl.app.FXGLApplication$GameApplicationService, class com.almasb.fxgl.app.services.FXGLDialogService, class com.almasb.fxgl.app.services.IOTaskExecutorService, class com.almasb.fxgl.io.FileSystemService, class com.almasb.fxgl.localization.LocalizationService, class com.almasb.fxgl.app.services.SystemBundleService, class com.almasb.fxgl.profile.SaveLoadService, class com.almasb.fxgl.ui.FXGLUIFactoryServiceProvider, class com.almasb.fxgl.ui.FXGLDialogFactoryServiceProvider, class com.almasb.fxgl.audio.AudioPlayer, class com.almasb.fxgl.notification.impl.NotificationServiceProvider, class com.almasb.fxgl.achievement.AchievementService, class com.almasb.fxgl.cutscene.CutsceneService, class com.almasb.fxgl.minigames.MiniGameService, class com.almasb.fxgl.net.NetService, class com.almasb.fxgl.app.services.UpdaterService, class com.almasb.fxgl.dev.DevService]
09:17:36.336 [FXGL Background Thread 3 ] DEBUG Engine               - fontGame: Abel-Regular.ttf
09:17:36.336 [FXGL Background Thread 3 ] DEBUG Engine               - fontMono: TerminalLandMono-Regular.otf
09:17:36.336 [FXGL Background Thread 3 ] DEBUG Engine               - fontText: Courier-Prime.ttf
09:17:36.336 [FXGL Background Thread 3 ] DEBUG Engine               - fontUI: VarelaRound-Regular.ttf
09:17:36.336 [FXGL Background Thread 3 ] DEBUG Engine               - fullScreen: BooleanProperty [value: true]
09:17:36.337 [FXGL Background Thread 3 ] DEBUG Engine               - gameDifficulty: MEDIUM
09:17:36.337 [FXGL Background Thread 3 ] DEBUG Engine               - gameDifficultyProperty: ObjectProperty [value: MEDIUM]
09:17:36.337 [FXGL Background Thread 3 ] DEBUG Engine               - globalMusicVolume: 0.5
09:17:36.337 [FXGL Background Thread 3 ] DEBUG Engine               - globalMusicVolumeProperty: DoubleProperty [value: 0.5]
09:17:36.337 [FXGL Background Thread 3 ] DEBUG Engine               - globalSoundVolume: 0.5
09:17:36.337 [FXGL Background Thread 3 ] DEBUG Engine               - globalSoundVolumeProperty: DoubleProperty [value: 0.5]
09:17:36.337 [FXGL Background Thread 3 ] DEBUG Engine               - height: 600
09:17:36.337 [FXGL Background Thread 3 ] DEBUG Engine               - is3D: false
09:17:36.337 [FXGL Background Thread 3 ] DEBUG Engine               - isAndroid: false
09:17:36.337 [FXGL Background Thread 3 ] DEBUG Engine               - isBrowser: false
09:17:36.337 [FXGL Background Thread 3 ] DEBUG Engine               - isClickFeedbackEnabled: false
09:17:36.337 [FXGL Background Thread 3 ] DEBUG Engine               - isCloseConfirmation: false
09:17:36.337 [FXGL Background Thread 3 ] DEBUG Engine               - isDesktop: true
09:17:36.338 [FXGL Background Thread 3 ] DEBUG Engine               - isDeveloperMenuEnabled: true
09:17:36.338 [FXGL Background Thread 3 ] DEBUG Engine               - isEmbedded: false
09:17:36.338 [FXGL Background Thread 3 ] DEBUG Engine               - isEntityPreloadEnabled: true
09:17:36.338 [FXGL Background Thread 3 ] DEBUG Engine               - isExperimentalTiledLargeMap: false
09:17:36.338 [FXGL Background Thread 3 ] DEBUG Engine               - isFileSystemWriteAllowed: true
09:17:36.338 [FXGL Background Thread 3 ] DEBUG Engine               - isFullScreenAllowed: true
09:17:36.338 [FXGL Background Thread 3 ] DEBUG Engine               - isFullScreenFromStart: true
09:17:36.338 [FXGL Background Thread 3 ] DEBUG Engine               - isGameMenuEnabled: true
09:17:36.338 [FXGL Background Thread 3 ] DEBUG Engine               - isIOS: false
09:17:36.338 [FXGL Background Thread 3 ] DEBUG Engine               - isIntroEnabled: false
09:17:36.338 [FXGL Background Thread 3 ] DEBUG Engine               - isLinux: false
09:17:36.338 [FXGL Background Thread 3 ] DEBUG Engine               - isMac: false
09:17:36.338 [FXGL Background Thread 3 ] DEBUG Engine               - isMainMenuEnabled: false
09:17:36.338 [FXGL Background Thread 3 ] DEBUG Engine               - isManualResizeEnabled: false
09:17:36.338 [FXGL Background Thread 3 ] DEBUG Engine               - isMobile: false
09:17:36.338 [FXGL Background Thread 3 ] DEBUG Engine               - isNative: false
09:17:36.338 [FXGL Background Thread 3 ] DEBUG Engine               - isPauseMusicWhenMinimized: true
09:17:36.338 [FXGL Background Thread 3 ] DEBUG Engine               - isPreserveResizeRatio: false
09:17:36.338 [FXGL Background Thread 3 ] DEBUG Engine               - isProfilingEnabled: false
09:17:36.338 [FXGL Background Thread 3 ] DEBUG Engine               - isScaleAffectedOnResize: true
09:17:36.338 [FXGL Background Thread 3 ] DEBUG Engine               - isSingleStep: false
09:17:36.340 [FXGL Background Thread 3 ] DEBUG Engine               - isUserProfileEnabled: false
09:17:36.340 [FXGL Background Thread 3 ] DEBUG Engine               - isWindows: true
09:17:36.340 [FXGL Background Thread 3 ] DEBUG Engine               - language: ObjectProperty [value: ENGLISH]
09:17:36.340 [FXGL Background Thread 3 ] DEBUG Engine               - menuKey: ESCAPE
09:17:36.340 [FXGL Background Thread 3 ] DEBUG Engine               - mouseSensitivity: 0.2
09:17:36.340 [FXGL Background Thread 3 ] DEBUG Engine               - notificationViewClass: class com.almasb.fxgl.notification.view.XboxNotificationView
09:17:36.340 [FXGL Background Thread 3 ] DEBUG Engine               - pixelsPerMeter: 50.0
09:17:36.340 [FXGL Background Thread 3 ] DEBUG Engine               - platform: WINDOWS
09:17:36.340 [FXGL Background Thread 3 ] DEBUG Engine               - prefHeightProperty: ReadOnlyDoubleProperty [value: 600.0]
09:17:36.340 [FXGL Background Thread 3 ] DEBUG Engine               - prefWidthProperty: ReadOnlyDoubleProperty [value: 800.0]
09:17:36.340 [FXGL Background Thread 3 ] DEBUG Engine               - profileDir: profiles/
09:17:36.340 [FXGL Background Thread 3 ] DEBUG Engine               - profileName: StringProperty [value: DEFAULT]
09:17:36.340 [FXGL Background Thread 3 ] DEBUG Engine               - randomSeed: -1
09:17:36.341 [FXGL Background Thread 3 ] DEBUG Engine               - runtimeInfo: RuntimeInfo(platform=WINDOWS, version=17.1, build=24.03.2022 17.34)
09:17:36.341 [FXGL Background Thread 3 ] DEBUG Engine               - saveFileExt: sav
09:17:36.341 [FXGL Background Thread 3 ] DEBUG Engine               - scaledHeightProp$fxgl: DoubleProperty [bound, value: 720.0]
09:17:36.341 [FXGL Background Thread 3 ] DEBUG Engine               - scaledWidthProp$fxgl: DoubleProperty [bound, value: 1280.0]
09:17:36.341 [FXGL Background Thread 3 ] DEBUG Engine               - sceneFactory: com.almasb.fxgl.app.scene.SceneFactory@3a640ecd
09:17:36.341 [FXGL Background Thread 3 ] DEBUG Engine               - secondsIn24h: 60
09:17:36.341 [FXGL Background Thread 3 ] DEBUG Engine               - soundMenuBack: menu/back.wav
09:17:36.341 [FXGL Background Thread 3 ] DEBUG Engine               - soundMenuPress: menu/press.wav
09:17:36.341 [FXGL Background Thread 3 ] DEBUG Engine               - soundMenuSelect: menu/select.wav
09:17:36.341 [FXGL Background Thread 3 ] DEBUG Engine               - soundNotification: core/notification.wav
09:17:36.341 [FXGL Background Thread 3 ] DEBUG Engine               - stageStyle: DECORATED
09:17:36.342 [FXGL Background Thread 3 ] DEBUG Engine               - supportedLanguages: [ENGLISH, FRENCH, GERMAN, HUNGARIAN, RUSSIAN]
09:17:36.342 [FXGL Background Thread 3 ] DEBUG Engine               - ticksPerSecond: -1
09:17:36.342 [FXGL Background Thread 3 ] DEBUG Engine               - title: Hsleiden Kombat
09:17:36.342 [FXGL Background Thread 3 ] DEBUG Engine               - urlGithub: https://github.com/AlmasB/FXGL
09:17:36.342 [FXGL Background Thread 3 ] DEBUG Engine               - urlLeaderboard: http://fxgl-top.herokuapp.com/
09:17:36.342 [FXGL Background Thread 3 ] DEBUG Engine               - urlPOM: https://raw.githubusercontent.com/AlmasB/FXGL/release/README.md
09:17:36.342 [FXGL Background Thread 3 ] DEBUG Engine               - userAppClass: class com.hsleidenKombat.Game
09:17:36.342 [FXGL Background Thread 3 ] DEBUG Engine               - version: 0.0
09:17:36.342 [FXGL Background Thread 3 ] DEBUG Engine               - versionCheckDays: 7
09:17:36.342 [FXGL Background Thread 3 ] DEBUG Engine               - width: 800
09:17:36.342 [FXGL Background Thread 3 ] DEBUG Engine               - Logging services
09:17:36.342 [FXGL Background Thread 3 ] DEBUG Engine               - class com.almasb.fxgl.app.services.FXGLAssetLoaderService
09:17:36.342 [FXGL Background Thread 3 ] DEBUG Engine               - class com.almasb.fxgl.app.FXGLApplication$GameApplicationService
09:17:36.342 [FXGL Background Thread 3 ] DEBUG Engine               - class com.almasb.fxgl.app.services.FXGLDialogService
09:17:36.342 [FXGL Background Thread 3 ] DEBUG Engine               - class com.almasb.fxgl.app.services.IOTaskExecutorService
09:17:36.342 [FXGL Background Thread 3 ] DEBUG Engine               - class com.almasb.fxgl.io.FileSystemService
09:17:36.342 [FXGL Background Thread 3 ] DEBUG Engine               - class com.almasb.fxgl.localization.LocalizationService
09:17:36.342 [FXGL Background Thread 3 ] DEBUG Engine               - class com.almasb.fxgl.app.services.SystemBundleService
09:17:36.342 [FXGL Background Thread 3 ] DEBUG Engine               - class com.almasb.fxgl.profile.SaveLoadService
09:17:36.342 [FXGL Background Thread 3 ] DEBUG Engine               - class com.almasb.fxgl.ui.FXGLUIFactoryServiceProvider
09:17:36.343 [FXGL Background Thread 3 ] DEBUG Engine               - class com.almasb.fxgl.ui.FXGLDialogFactoryServiceProvider
09:17:36.343 [FXGL Background Thread 3 ] DEBUG Engine               - class com.almasb.fxgl.audio.AudioPlayer
09:17:36.343 [FXGL Background Thread 3 ] DEBUG Engine               - class com.almasb.fxgl.notification.impl.NotificationServiceProvider
09:17:36.343 [FXGL Background Thread 3 ] DEBUG Engine               - class com.almasb.fxgl.achievement.AchievementService
09:17:36.343 [FXGL Background Thread 3 ] DEBUG Engine               - class com.almasb.fxgl.cutscene.CutsceneService
09:17:36.343 [FXGL Background Thread 3 ] DEBUG Engine               - class com.almasb.fxgl.minigames.MiniGameService
09:17:36.343 [FXGL Background Thread 3 ] DEBUG Engine               - class com.almasb.fxgl.net.NetService
09:17:36.343 [FXGL Background Thread 3 ] DEBUG Engine               - class com.almasb.fxgl.app.services.UpdaterService
09:17:36.343 [FXGL Background Thread 3 ] DEBUG Engine               - class com.almasb.fxgl.dev.DevService
09:17:36.465 [JavaFX Application Thread] DEBUG FXGLAssetLoaderServi - Loading from file system: file:/C:/Users/karos/IdeaProjects/HS-Leiden-Kombat/target/classes/assets/textures/spritesheet.png
09:17:36.477 [JavaFX Application Thread] DEBUG FXGLAssetLoaderServi - Loading from file system: file:/C:/Users/karos/IdeaProjects/HS-Leiden-Kombat/target/classes/assets/textures/spritesheet-lopen.png
09:17:36.484 [JavaFX Application Thread] DEBUG FXGLAssetLoaderServi - Loading from file system: file:/C:/Users/karos/IdeaProjects/HS-Leiden-Kombat/target/classes/assets/textures/punch.png
09:17:36.517 [JavaFX Application Thread] DEBUG FXGLAssetLoaderServi - Loading from file system: file:/C:/Users/karos/IdeaProjects/HS-Leiden-Kombat/target/classes/assets/textures/background7.jpeg
09:18:06.513 [JavaFX Application Thread] DEBUG PrimaryStageWindow   - Push state: FXGLDefaultMenu
09:18:06.517 [JavaFX Application Thread] DEBUG Input                - Clearing active input actions
09:18:06.520 [JavaFX Application Thread] DEBUG GameApplicationServi - Removing overlay from GameScene and adding to FXGLDefaultMenu
09:18:06.522 [JavaFX Application Thread] DEBUG PrimaryStageWindow   - GameScene -> FXGLDefaultMenu
09:18:07.634 [JavaFX Application Thread] DEBUG Menu                 - fireExit()
09:18:07.636 [JavaFX Application Thread] DEBUG PrimaryStageWindow   - Push state: DialogSubScene
09:18:07.637 [JavaFX Application Thread] DEBUG Input                - Clearing active input actions
09:18:07.637 [JavaFX Application Thread] DEBUG GameApplicationServi - Removing overlay from FXGLDefaultMenu and adding to DialogSubScene
09:18:07.638 [JavaFX Application Thread] DEBUG PrimaryStageWindow   - FXGLDefaultMenu -> DialogSubScene
09:18:08.228 [JavaFX Application Thread] DEBUG PrimaryStageWindow   - Pop state: DialogSubScene
09:18:08.229 [JavaFX Application Thread] DEBUG Input                - Clearing active input actions
09:18:08.230 [JavaFX Application Thread] DEBUG GameApplicationServi - Removing overlay from DialogSubScene and adding to FXGLDefaultMenu
09:18:08.230 [JavaFX Application Thread] DEBUG PrimaryStageWindow   - FXGLDefaultMenu <- DialogSubScene
09:18:08.230 [JavaFX Application Thread] DEBUG FXGLApplication      - Exiting FXGL
09:18:08.230 [JavaFX Application Thread] DEBUG LoopRunner           - Stopping loop
09:18:08.230 [JavaFX Application Thread] DEBUG SystemBundleService  - Saving FXGL system data
09:18:08.232 [JavaFX Application Thread] DEBUG FileSystemAccess     - Writing to: C:\Users\karos\IdeaProjects\HS-Leiden-Kombat\system\fxgl.bundle
09:18:08.234 [JavaFX Application Thread] DEBUG Async                - Shutting down background threads
09:18:08.234 [JavaFX Application Thread] DEBUG PrimaryStageWindow   - Closing main window
09:18:08.257 [JavaFX Application Thread] DEBUG Logger               - Closing Logger
